8005
28886
5831
39615
11105
30976
39617
38573
39869
26010
11106
32708
3495
38576
5586
30441
31233
9022
35050
39621
23349
35051
37282
23603
30444
10068
21269
81
31237
26018
33758
33507
26019
30446
24903
84
28900
5593
34805
30197
39880
9029
9822
11372
38586
87
5596
33512
9032
11120
5597
89
9824
5849
39885
7737
35062
39886
33767
32723
28908
5852
7740
21276
20233
24914
21280
5602
30206
30458
34815
20235
30207
19192
37302
9834
34817
32730
20239
5608
30211
7747
9837
3521
4817
5861
14517
9046
31257
5612
34825
1943
12146
19959
1153
18916
22300
27053
35585
6892
17368
28637
15280
24642
22302
12150
1947
28641
17371
12151
17624
22304
1949
28642
22053
37031
17377
16587
17630
38330
28107
36459
15293
28649
8778
1958
18929
22314
14251
16591
16843
1169
6909
36469
13210
24659
19979
6659
24661
17388
28656
17640
28118
28660
22324
24665
1177
35609
19734
13218
14262
38347
17395
1180
3268
24668
28664
6667
32480
27081
16606
18946
35614
35866
1976
14267
35867
6673
32485
24673
22080
35077
27842
5329
1691
5075
32990
9555
10599
39364
109
35081
10603
18666
27846
5079
25507
24391
23096
10857
34294
29937
116
908
25511
9312
34548
35088
29687
10608
13991
22847
25764
1701
1703
9315
29943
911
35091
26811
27856
25516
25768
35092
33005
4549
34553
5090
32248
9318
19470
12954
23106
4299
33259
24403
4300
22856
9321
32253
10617
39129
7233
918
25522
5347
1712
12960
23112
24407
9576
10873
12961
38089
130
34562
28406
923
7238
9578
26823
10875
32259
39136
32008
11920
10625
5353
19482
28410
12966
25783
26828
23118
7242
928
29707
38095
25532
34316
39139
7244
32011
33021
34569
4565
28413
7246
35112
39395
25788
20783
33025
19489
35332
35330
1439
11644
16072
2737
24138
37819
16326
36200
12692
24141
11649
12695
17123
27598
12698
17127
18423
11655
15039
27604
14788
1453
37828
24149
662
2751
11659
24944
17134
39921
664
16341
8277
1458
37834
14795
670
1462
37840
6987
26571
11667
24951
12711
12712
31793
1466
35358
24955
1467
11671
16351
6992
15057
31796
17146
12718
12719
31799
21830
39935
24961
27337
12434
2482
13479
22334
22587
22335
19204
11392
20248
32010
29176
25253
23885
24677
33785
26297
20502
13481
24679
19206
38613
2488
18164
1193
22340
10101
26301
31521
27346
24682
8014
26303
18167
3787
12444
29184
405
9061
25261
30229
4041
409
6131
23894
10107
4836
8815
10108
38620
22349
38873
8813
19217
4046
32754
4047
10111
27355
29191
20266
38623
27357
19221
29445
3798
29195
29447
416
27359
16884
9073
10117
20521
4593
24696
4053
16886
8030
3804
25276
34062
12462
29454
29994
4599
34063
10124
29457
34065
22365
24706
31546
34067
4063
38891
16896
10380
38640
32520
29208
22368
2518
32521
37310
28131
21039
15819
31265
938
17911
15823
39656
27093
18956
28137
5874
14277
21046
17914
12190
14530
21047
13234
37572
14531
39407
15828
21301
13237
17917
15578
11150
12194
27099
15832
37326
15583
37327
23647
26059
13243
16629
954
18970
11158
26062
34846
6946
21058
21312
21060
31285
2253
23
18975
13251
37336
27
39425
18978
37338
37591
15595
15847
5896
965
35902
6958
2264
23663
18733
11173
23664
970
29715
11931
684
6676
33280
9843
8548
3528
12977
1982
33282
5619
19998
24175
6680
32276
28929
31017
692
20001
32277
7762
9850
17663
1987
28931
21838
17664
8305
35629
7765
24181
9854
3286
4330
26846
21843
22094
24182
1991
3288
28936
9604
1993
21844
33293
1994
6690
23394
8309
10901
29730
8310
28686
33295
4085
22100
29481
7773
24189
8313
34342
28690
8314
26854
22102
12995
21851
33299
29736
32292
26856
10909
17678
7778
8318
12998
29487
16383
32296
16384
10913
3553
4345
20022
8322
35646
29742
22110
7530
11958
31039
3556
8324
713
35648
13004
33308
9621
4349
31041
29494
32302
3559
8327
9875
26866
33564
27911
28958
29496
5648
7537
5649
17404
23920
37063
31806
436
31807
18452
20539
31808
11685
149
15069
23927
36491
20543
15072
10645
20797
15325
17415
31815
23931
14031
26596
18461
36821
446
39162
5379
5380
15332
11697
6173
23937
17421
1746
15335
36830
38918
37083
10660
23945
36509
16133
35394
31830
37626
1755
36835
460
14048
20564
14049
6186
462
30789
35400
11710
16138
5395
14054
15098
16139
31836
465
5398
31837
11426
26330
35114
15854
19239
21579
5903
10384
5904
32020
3565
7001
35118
27378
28421
11430
12726
7254
7794
10387
1480
22879
39944
7796
34077
33033
19497
9094
12730
37859
19500
3033
27635
7800
28428
3034
31562
32786
17163
22886
3576
39952
9352
25301
1490
3830
9355
32035
33043
34087
2789
28977
7270
17171
12491
25307
9108
27396
29231
33048
3585
22896
32039
15877
8065
28981
2794
27398
11450
29234
15878
27650
28983
33051
15879
25311
35140
19516
5137
12497
35142
11453
12750
31578
22902
7026
30535
1504
3844
39968
9116
11455
32804
11457
29241
5934
32806
12502
12754
23697
28990
5935
26363
36263
3599
18228
21612
8077
27409
3597
39973
37093
4858
39687
10132
20284
37096
16901
11177
4862
31302
38394
38645
13519
20035
37101
38649
24717
24718
26086
11181
38398
17951
4867
14567
24972
33830
10142
21338
20045
30269
37110
33835
14575
24728
10148
11193
20301
38409
5670
22642
26098
38412
5673
26101
37116
38414
33843
4884
21351
20308
10158
37122
39714
23442
15630
37125
4889
31329
39717
17976
10161
33850
22654
14843
26114
34896
26112
30289
21361
13549
22657
15350
1223
3058
2519
3060
1224
25828
18988
5400
7540
39437
7542
2522
28170
27127
7291
25831
18740
4612
15355
7292
18992
3317
21081
33574
37354
32529
18994
8842
2274
979
26878
21082
30010
18743
3068
9887
31057
7549
2529
4617
27133
4618
34623
4619
6723
7551
33580
28180
34625
2533
28720
33581
31062
25842
37363
21091
25844
8853
35673
39453
26889
2539
35926
5419
6731
34631
37368
12241
4629
32545
26893
4630
8858
4631
28731
3336
18761
3085
31072
33595
3338
16673
25854
36546
35683
16674
30031
18765
11997
30033
5430
23193
9910
26903
4639
2301
27156
21108
36553
39469
2302
18769
3094
21109
15385
8582
39184
25575
5147
15099
12759
14308
24460
25577
9629
10673
14309
20826
16399
32311
10674
5152
28460
17445
10679
22919
8592
33324
13020
13021
25585
6453
10682
24471
17451
24219
38152
22132
15112
24221
38153
32321
25590
6458
14070
29767
24475
9645
12777
10689
13031
14327
24479
9648
5169
31860
4377
13033
32328
16417
17461
34382
22142
22933
36291
5171
39209
17465
10697
4382
5174
22146
20851
24487
20852
28484
4385
36297
14337
31870
14087
6476
16427
25608
20856
17472
16428
10705
10418
35150
2555
33063
9375
4896
37888
38931
11715
34108
9377
20574
18235
25327
27668
7039
9380
16149
474
36848
29505
21874
33070
20578
38938
11471
36851
30550
25331
25010
2564
20580
11473
25009
1774
4907
30556
26632
2821
18245
2572
25014
482
30558
18246
25339
11731
21883
2032
736
26384
10436
2824
27680
11482
18501
4913
18502
16162
11481
30562
1783
35423
1784
2036
37907
4917
16165
29521
39997
2038
744
2831
18256
2582
2834
30570
38957
36870
26648
27692
7064
25029
18515
18261
7067
1793
18513
499
35183
1798
21900
18517
2841
11497
14881
22406
29246
35944
19276
17188
10169
29249
22409
16938
19277
14598
3855
31339
9127
30295
22412
9130
9128
37642
8086
20326
31343
37643
23711
33866
8088
14603
9133
12266
4654
10179
33868
10181
35958
12522
19039
19040
21632
12526
22426
22678
23722
38700
10188
31358
38701
6214
19298
39746
17210
21638
38702
12279
5965
39747
39748
23980
21640
5964
4669
37660
15917
8105
23732
3879
37663
39752
31364
3881
12536
13832
8109
6222
23986
19055
4676
31367
3885
12541
38426
37386
39472
3601
39474
17982
20071
4396
13556
17733
2311
4399
27419
4400
9924
33613
3609
29004
14353
24505
28213
34910
2315
11224
8884
38440
39484
17993
37398
39486
20082
7841
39487
1277
1278
24513
20085
17746
28222
4411
37403
26135
27432
20089
1533
29017
1283
3623
30063
4416
13576
1537
34924
30065
24774
25890
37410
15666
26141
8900
33631
20096
10989
14373
11243
3632
34932
2337
37416
29786
21904
30831
37131
2053
29788
23201
35693
5690
8622
19818
21907
11756
18776
32348
16689
19821
15393
12010
28749
3355
5444
16440
8629
12015
13309
15398
5447
16695
18783
19827
5701
4153
7589
2067
11765
16447
2068
16699
14109
27970
12022
33371
35711
30851
23052
3369
21132
21133
21925
16454
35714
14114
4162
6250
3372
19839
27976
23223
35716
18797
35717
21138
5463
31110
35468
6256
16460
8649
11781
35470
28774
16715
18803
4172
5721
16717
11785
37164
34142
25358
8366
20860
5977
15136
31876
25613
10709
25614
18522
34398
36560
34148
36561
10715
36887
17484
766
1017
3106
10718
34154
7335
1020
10467
29547
31636
10470
17238
6763
34159
38983
24007
27716
17241
6765
24260
34412
29553
775
31894
17494
36323
24013
36899
13861
6769
7345
15157
7346
10730
10731
15158
33122
29559
37947
33123
10732
31647
3912
34420
36905
20885
31901
26681
18545
26934
36906
15162
6775
8395
13075
3124
13076
37952
24272
31905
24022
29566
10487
3128
25646
25391
19596
6008
20893
6009
7357
32846
25034
5724
34936
21652
30329
25039
36631
36633
20613
4938
32097
35194
19318
1556
11507
34945
8125
13598
32101
1559
34946
8127
8128
15941
8130
20623
21415
25051
18282
1563
2861
37689
9430
25054
19331
36647
9432
3656
18288
20628
30348
3657
21673
2866
36649
11522
37695
32116
8140
11272
5208
13614
20633
21425
15953
25062
12823
21427
9186
9188
9440
21428
27476
12824
25064
19341
2873
11277
5214
11278
7102
34969
15959
32880
9192
3669
5757
11533
36661
37705
16718
26150
3383
29283
13335
16971
31119
26404
23740
506
1298
19061
12546
1299
23742
13338
16723
510
24790
18021
37425
31126
511
19067
33899
19068
37430
7872
33901
12553
18025
18027
1307
26415
10216
23752
18029
38728
26165
31133
38478
33654
28795
38479
27212
12560
33908
521
24802
14650
23758
18035
13354
16991
31140
26172
20376
14652
27217
26426
20378
7886
16742
13358
31395
276
12567
16744
26177
16997
18041
12570
6809
2619
38490
26431
17000
12573
31401
10234
26183
28811
538
16751
536
24817
35980
28238
4426
8907
20895
4679
24531
4428
35979
37168
4429
3133
8657
26946
20106
32599
30079
26948
28243
21154
13088
17768
2345
7616
28245
30081
22449
8662
20109
37174
30082
4434
15682
3140
8915
20903
1053
7620
8664
2349
8665
11005
13094
24542
20115
37178
30087
32607
15687
20908
10757
34697
36605
15688
23502
18823
5487
7626
26959
24547
36608
4697
21165
36609
23505
24551
8927
1063
12312
30096
23507
2360
1067
36000
28260
13105
36001
11018
22466
8679
34707
34708
34709
24556
37192
18834
30101
36006
20922
15450
10770
36619
7639
28268
3162
5501
15453
21178
5251
17796
36624
20929
33386
14378
33135
31912
25900
32130
32380
2090
36917
9702
18558
2882
32129
39258
7362
18559
27991
16219
39511
16472
19856
25653
17517
14387
25907
9708
33144
2889
2098
12841
14137
802
25658
23246
24291
12052
12843
37971
32391
7372
25661
19864
33401
807
30883
808
36932
35744
31929
14397
25917
38231
2900
28547
38232
18577
19873
39277
38234
24301
33411
39279
12064
28552
9473
12857
26718
30893
23262
25674
819
7387
14155
33416
23264
30897
17542
32158
37990
16499
33419
18587
7391
33168
39539
28560
38244
31944
33169
16248
826
36949
286
539
10491
8150
31659
11788
36664
31660
20392
21691
36342
8405
543
34182
14923
26443
35480
18308
22737
7113
20649
15177
8409
549
4182
20650
6271
7114
21947
22991
33936
10500
3931
33937
4977
14928
24036
33939
1847
21699
8415
2639
25084
35488
36351
20404
10505
36353
33941
7121
25086
6279
17276
2644
29336
6280
4986
1855
1856
17280
7129
18325
8174
33950
29598
15196
10517
6289
18329
10518
29347
3952
14947
27764
20420
22759
25100
15201
569
18333
10521
8433
27765
36693
20673
6294
22761
23014
34211
5000
22764
10524
20425
32882
35223
37708
13625
30365
36018
30366
8946
28278
10243
28279
15716
10245
39009
6018
13630
6019
35231
27490
38759
36024
37465
13885
32644
18064
13888
35236
24835
35239
31422
32899
9211
12343
36031
31423
31424
15726
8960
27500
11552
38767
26205
12345
28294
30381
38770
18071
35243
15731
24840
17027
28296
32652
24845
24841
37730
27506
24842
38775
1608
12351
11561
31433
17033
1609
10266
36042
28302
30390
11563
11566
28304
37485
35253
12357
8973
10269
11565
13905
26219
18083
37740
23807
8976
1616
27517
32917
9985
25934
19094
7899
1332
19347
12075
2125
29069
11286
3422
23525
7902
34974
24571
16760
20143
22483
4217
21440
14420
39548
24573
9993
11289
29073
19354
14422
21443
14423
7908
5769
16766
29078
17811
24579
14679
19108
20152
14428
10001
14429
3686
35778
12091
5777
16773
25954
19114
12095
28835
30131
24588
27252
35784
34992
11304
10010
2398
3441
19911
31179
12100
7924
2401
17826
10014
34998
19374
20167
4239
29095
22507
21463
4493
2154
14698
25966
10019
2158
19127
19921
30144
21217
29858
6818
13119
32415
16504
36952
34723
37206
23275
36956
16509
17553
26986
36958
23277
16511
30912
8449
26990
11042
22237
22238
28035
38512
38263
15475
11047
23288
11841
36968
30921
13390
22246
26999
15479
5528
27001
35533
29881
8463
16527
23295
9760
38273
30929
8466
29886
39322
11852
36981
13149
36982
8724
36984
22260
17581
30650
18842
2915
20678
32162
26727
20932
13911
28564
39041
24316
3962
32165
21978
28566
15210
17299
832
24068
16256
16257
28317
35265
10786
2922
17303
17306
35267
2924
19644
7404
25441
1880
26736
2925
39048
23029
36386
5267
39049
19395
23031
7155
16264
841
7159
32177
10793
14178
6582
10794
5271
23034
18859
7158
18608
18860
35275
3184
3976
24332
21992
7161
32181
5273
30669
26746
18862
3186
16269
34486
20700
36396
19657
30674
23042
36398
39063
24339
5280
21999
19660
20955
853
1645
3193
30676
11597
19409
17322
39066
35287
26756
18872
23048
26758
20710
5286
39070
10810
19415
19416
33204
17328
26761
19417
22009
6600
9517
18877
11605
14197
15241
24349
14954
26475
21723
575
37744
25108
578
37746
5005
11322
8190
24858
22770
9235
26479
7940
25112
25184
29360
29361
27525
8194
12622
12874
10534
35015
7943
8195
38003
5011
38004
27780
27781
36133
31705
25190
12626
14965
12627
12879
11333
12880
12881
38802
27534
35024
7952
36717
16018
27790
12635
38807
9251
30419
32940
21743
38809
17065
36146
37767
34238
3731
12639
599
30424
3734
30425
34243
31724
32950
34246
38818
21755
34248
21756
6333
11352
31729
8221
30433
6492
33962
19129
14703
38535
18088
18089
1118
13410
33967
3459
1120
38540
22520
16797
30153
330
2670
29110
23818
4759
18348
32676
33972
18097
18890
26234
13418
22526
8992
13420
38548
26236
23825
15761
38550
51
8995
33979
27283
14719
13676
52
23828
26241
3473
39849
20446
1134
10295
19151
15767
30168
13680
3478
32690
26245
10298
30171
13684
33988
18905
6073
10301
38562
13434
4779
10303
26252
2693
13689
38565
353
19161
39861
67
3487
30178
16823
34788
10309
20461
2445
30181
39865
16540
27016
16538
21221
5795
10023
28851
37239
4500
24604
38285
39582
10819
39583
11071
36055
21223
31196
24355
2164
7436
3210
34510
36060
10824
35810
29904
31200
34514
28863
10829
33727
27033
10831
8744
20194
37256
11086
4518
34523
10043
7451
10834
11087
12384
35820
35822
8751
10839
35823
37515
4524
14475
10048
20200
10049
5820
3230
39606
28878
34530
37267
20996
38313
31221
12141
20997
21250
34533
2191
34534
37271
7462
3235
12144
37272
10848
29928
28885
15528
10057
5830
8474
13154
862
20713
2951
5543
23054
17836
2953
4249
20717
36414
17586
1912
29647
25724
28604
1913
617
33465
870
17590
12910
33467
14208
873
622
23317
38042
29655
4260
13167
27820
624
17595
12916
27821
17850
27822
5558
1924
29659
2969
28076
16304
28078
22030
18646
12922
33479
23327
18649
23078
28082
28623
4271
20739
2976
888
13179
889
36436
1933
36438
38058
639
33487
36439
25999
5572
4277
641
9803
22045
23339
643
39359
33494
27839
4280
38065
28093
4281
37777
8222
6606
28350
28353
6607
13951
11612
28351
14996
24104
11864
11613
9525
36993
6091
4005
10321
8232
13957
37789
34262
6094
24111
28359
37000
28361
8240
39090
33223
8239
37796
15008
35313
5310
11878
4014
24118
37799
6103
6355
2719
8244
35315
39096
8245
33228
9541
37009
31501
35569
10338
31756
23873
34025
6630
24125
11634
31758
8251
34026
19699
6111
10591
21787
37808
33236
6112
23876
28377
6365
31761
28378
6634
7210
4027
30719
6116
35328
34285
2733
37021
39109
27302
25467
16034
1656
16035
1657
18124
19420
17872
2449
36088
32957
25217
3746
31949
25146
22806
25219
31952
17337
3750
36742
14745
22559
17880
36096
18132
12660
17341
17881
37537
20474
1415
38834
1668
14751
12413
7985
17094
22817
20479
22818
14755
7987
36104
3759
377
1420
21525
14757
17098
19438
36755
3764
14760
17893
32978
385
1680
36112
17105
20489
22577
16060
37553
25170
31974
12427
17899
8000
32984
2477
22580
14768
390
37557
31977
15816
22834
25174
2479
37558
1689
394
32989
21541
