ano
bgey
awic
awtc
bsvn
blxv
bjpo
aknz
biop
blxy
bior
bgfj
rkc
prt
nyj
rvy
xly
luk
bjqc
jpv
adym
nym
psa
bsuw
bipe
bodh
aifk
bjqh
amld
bsja
iso
aifn
isq
bsvd
nyv
amlh
ai
vik
amlj
luz
rla
lva
bjqt
aqsi
bjqu
viq
bick
ejr
afvd
ahsn
bnje
igf
abpo
euj
aqfg
atyz
atzb
kap
bftj
blnf
blng
aqgl
abpy
arqb
cgi
eut
acbz
cgj
bfts
uxm
bpzo
blnr
kbe
chb
adnu
acdl
aygx
xbw
bidp
adny
blny
kbn
bqly
xcd
bloe
yke
rx
sue
badx
jdr
nbv
brwf
jdt
nmj
ojx
qnx
ulj
avki
qzk
afkj
hvy
aptk
avwo
bmxq
ndf
wpu
kyj
bmxv
hwi
qol
avwu
rh
aflb
bfjp
avxc
bmyd
brld
aptz
qou
apub
bhrm
ajqy
bjeo
avxg
ajrb
arfs
aflk
hwv
bjde
bjes
avxk
bcpv
bmyn
adcg
bmyp
axjb
agwb
fip
xoe
dpb
itd
awup
dns
bmlh
awuq
amxt
dnt
acpb
wfb
agux
xyp
shr
bpng
xyr
shu
dyq
aqtb
bus
its
axig
bpcn
xnk
bced
doj
zrn
abfi
bmne
wfr
bcej
fib
iud
amyu
bpcy
xnw
apif
wfy
fik
acqe
acqf
bkqe
ucb
bswz
bkz
acqh
aeyp
axiz
xzp
amlt
bqmh
bgso
bkcy
iht
aemj
auyi
bqyi
bgsq
tpk
akpo
ptb
aumo
bqyn
auyo
aemr
aovm
npg
bdzh
tqr
ije
bgtd
bieq
ptk
aigs
bkdr
bqnd
ijn
agko
bdzq
kcs
agkp
aowb
aeng
aowc
alcj
azgb
msi
bifa
qej
aihe
kcx
tqk
pty
bked
akqs
birf
acfi
kdc
aytm
bsld
azn
bjqx
zgh
vth
adzk
alzw
yuw
vto
apuy
aspg
hxo
bgia
boqk
adzv
tfj
ambk
elt
boqm
abrp
hc
boqp
rlz
bskj
gpy
boeu
tfq
ema
hya
bskq
aspx
zhg
aspy
jrs
tfx
vuj
tga
ayth
eml
asfi
msu
phj
bpok
lvi
hmt
msx
bjfd
atom
apiv
bqao
ayhj
sup
ahjo
ahum
suq
ajrw
bqat
anxp
abgl
bqax
adoy
ahjt
eai
phy
ahjv
akef
bpqd
hnk
pib
gem
mtp
adpf
ahux
pid
eap
anyd
mtu
neh
ajso
aucm
eat
alpz
nel
bqcn
svq
bldr
lma
rcb
bqcr
abhj
avzc
mud
afne
hbd
rz
che
bnku
aowt
aflw
chj
se
adcq
vwa
zsm
bkqs
ftl
axuj
dpl
bnla
dpm
brmd
axun
wgs
hco
bnlg
yai
avmi
uyw
aldp
vwl
sr
argv
oxp
ztc
dpz
hbz
argy
yle
anmg
aezv
unw
anmi
aeh
afmw
aej
azht
aek
uoa
dqk
uoc
skc
ful
uzo
aksl
zje
mit
asqk
aytn
atdm
ryi
mhk
bcqe
ajfu
beaq
agwm
acqu
atdv
aity
brah
bguo
grd
bfkd
fjd
ivd
bpdz
bcfo
brak
bcqm
bosc
bral
dfi
ivg
aglw
ryx
mhy
bdqc
omb
lac
bexn
bkfi
anbe
bdqg
acri
rzd
bdqh
bgva
dfp
becj
grp
avbu
rzg
aiuo
aiup
anbj
ajgq
fjt
bgvf
gru
acrp
ivu
ateq
akse
rzm
grw
bgkl
bost
ates
aiuw
gry
aiuy
bosw
aome
bld
ywh
xol
trb
blm
jtc
ctm
auoe
aqum
bnmu
obk
exs
bai
jtl
pva
bqor
ampd
exy
blz
vld
yxd
eya
obs
jts
bqov
aols
aecw
akgb
bqoy
ampl
ampn
vaz
bjtu
bnoq
cul
aedh
aupf
aobe
aupg
auej
axvp
ahvq
bofp
lmi
xdw
artq
asfq
audb
afyk
nql
audc
gfk
lmo
cix
bifu
afnp
awlo
bflo
bfwm
axwb
bflp
ajtl
bofy
cjd
rcu
ikq
bemg
biga
rcv
bdey
rcw
bqdn
amcz
bcse
io
lmz
ahwk
amde
rdb
auds
axwm
afzd
fvm
bhum
iu
abtm
bems
enq
ghc
awmg
bfxg
bfxh
ilf
aijt
amdo
asgr
amdp
awml
axwv
rdo
bogv
lcb
bfxo
asgw
afzp
afos
axyc
bncu
nev
avzh
aes
tgk
adfc
alqo
ybl
svz
bmpq
apwj
bnaq
avzo
alqt
ancf
ebp
ybt
ebr
ybu
blqm
bmpy
tgx
uel
alrc
ajhu
bles
thb
ycb
abil
aplr
adqv
aqc
adfx
apxd
qsu
nfv
bnck
adgb
adqz
swv
adrb
blra
bsal
anoz
blfd
blrc
aplk
adrf
ozn
abix
ufc
andg
bmqu
bmq
ilr
atfb
ilt
avnk
why
awyv
dqv
hoj
bpfg
beym
atfi
atgm
bszc
kqs
mus
aivo
azto
bchd
drg
bhjf
bgwh
bpfq
alfx
iwt
awzk
aztr
bchj
bpfu
aztv
mvc
aqwl
bhjn
beog
hdp
ezo
bgwp
bhjp
awzr
xqt
krh
drs
awzu
aiwf
onz
azji
azuh
alfs
bcht
bktm
biun
dge
agxs
botc
tm
ock
aomj
qgl
sko
bkgi
bitj
aksv
xfr
ocs
blrw
oct
sah
kfh
acsn
skx
tsx
bitr
dgu
pwk
bkgs
bcv
tua
beds
bksv
ailb
xge
slf
xgf
bedx
bmel
mju
amfb
asuh
tun
aonq
biuk
qhr
ahxe
ghr
aqjt
ashd
eog
aedp
azus
cuv
bsca
adrs
bdrf
aqjz
bsnd
bdri
akgy
eoq
aqke
vmg
gie
ahxt
bqra
bdrp
jz
azvh
adsf
ahxw
gsx
aykz
bihw
auqg
edn
aefj
bqrh
wup
kf
aro
aywd
yzr
azvp
bajr
vmw
epg
git
awny
vmy
lzk
akhu
kn
aefs
vna
bijl
akhw
aqlb
bijm
asim
pls
bnwo
arwn
arvd
bnvd
agf
ckg
aobl
bjuf
anpm
pkl
jum
bjih
abuj
bjil
aues
apxz
bjuk
bfyc
vbq
auey
reh
arvq
bjuq
alsp
hra
agv
plb
abux
bnvy
agz
bnpt
bjuz
blgm
algz
bfyr
ahng
wkh
rpi
pax
rex
altd
vcm
bjvi
anqr
blgv
syn
pbd
abkn
aufv
snd
ajvz
wag
bnek
azjq
jid
ajir
vyt
aplu
arjf
byt
axyj
bctf
dhv
afpc
ajiw
bpsu
flz
brpg
bza
apmf
ajkc
apmg
acud
axmv
avpm
avep
uqk
hex
mwq
uqp
ahbg
brew
bzq
fxd
hfd
arkg
azkt
atsq
we
bzu
avfe
arkj
bneh
urd
biwa
bkja
aqxe
aozu
zvi
akif
afdb
bjvt
bjvw
apbc
qib
oed
qtp
le
mkt
lj
bgxv
agoz
akus
bfan
aned
zln
oqc
bivl
bmrx
apbu
sch
ugh
guq
athp
afdy
bmrz
mlh
qui
bcjg
amsp
ksy
amsq
scm
bphz
sco
bmsg
ugo
afei
begv
bcjn
aoqi
cnb
fbp
bdtz
bouq
xgy
aerc
tuz
cwj
vda
mab
bnqs
bqsg
bmfi
aerh
augj
axbq
auri
bmfk
kgs
bef
kgv
eqf
bepk
aurn
aqlw
acjg
aerq
cwv
gjx
aqmb
bqsv
beo
bqgy
bikp
xsr
agdk
mau
cmq
bgni
bdtr
ioh
aynf
asvw
xsm
aoqe
ayne
bhye
afql
ailt
urj
aegd
zal
ntl
bner
fxv
nto
bakm
tjp
uro
bdie
aegp
alud
nik
bhxi
nty
usa
zbd
pmq
bltw
lqc
aodv
bgai
nuf
pyg
balf
asjr
niv
tkj
ict
afrp
bdit
fyu
pyl
amgt
icw
pym
aycd
balm
jxb
bgaq
asjy
lqr
blip
hre
bfok
anqz
awdn
bpue
wvk
abkv
adtf
ugz
afes
bcuv
bpui
avqt
bnwz
anrg
bqa
wld
wvp
atum
fnq
azwq
bmsz
bpiq
arxf
wlh
atir
afgb
wvu
wvx
apob
bqj
avrf
anrt
arxl
qvn
wlo
azxb
ablq
arxo
atjb
adtz
cbe
hse
blie
lew
atjh
hsg
apon
foj
avrs
bmtw
bpjm
avrw
bkvc
pbi
adjp
mlx
yen
hfy
orc
bkvm
snq
bfct
hga
yer
qju
twu
aetc
ahcm
bmhd
bfcy
bckh
xtj
hgi
ahcp
mof
myb
zxn
adix
anfw
xtp
bgzq
adiy
qke
ahot
mns
aliq
bhmv
bgzv
hgu
txl
ahdf
akwy
yfo
sop
bkwn
ahpf
txp
mod
berw
awrk
ausm
amsz
zmg
arkt
vou
atr
awpz
tkw
acvh
ktn
sdb
vpc
mp
vpe
bkjq
amtn
bsqk
askt
wx
askv
arlj
bj
amts
kin
brgi
pzn
bm
aori
acwd
asxd
blvo
wbg
aeiq
amud
qag
xi
asli
autr
gwh
bklm
gwk
azbp
nm
aslp
sed
agfl
jap
aofy
agpw
egq
rsg
agdy
egs
gks
bgnw
aoep
amhf
bgny
awfd
aynl
ackj
amhg
nvb
biwl
blix
bgod
agqf
ofr
zce
oft
wyf
bsfl
lrf
bljd
aibv
lrg
mbu
bgcm
bduq
ipf
xiw
biwu
bdus
nvl
bgoq
ayod
aofh
nvp
ahqi
advo
bdve
jaf
ipv
bjyl
bdvj
aoft
bgdh
bljz
ipz
jyr
aujb
anty
jxg
aqmu
aryf
pcw
abxi
aryj
aryk
azxy
bpvx
bamc
bqhx
pdf
ajyd
spf
pdh
tau
yg
spi
dvs
auih
bnst
fzx
arnf
bjne
spr
bqin
arng
atwo
akd
antm
bamu
akf
arnj
aqny
adkw
bqiv
dwj
jyn
bang
rib
za
bhzs
alkq
cbq
wbt
cbr
myu
angq
myw
bcli
kuy
wbz
angt
lfn
dkw
ahds
qwo
njr
bhnr
bfej
jbd
bcwq
afsm
dle
jbe
wmu
ids
wmv
jms
dlg
ajnk
bclw
wcm
anhi
jbl
jbm
jmy
anhl
avib
acxr
afsz
avid
bfez
qxi
abnm
bfge
cdw
bhop
bhzn
bfrg
czd
bkls
bqvf
apoz
sel
azby
bixy
arbo
azcf
auvm
bjzf
biyf
azcj
tyh
uiy
oh
bmiv
bkmn
bmuw
czx
oht
bjzs
ujg
axfn
ajbw
axfp
axfq
xvk
abcn
bjzy
aevn
aiqh
vrq
iro
banh
nwh
moj
bdvs
znx
aeug
besf
bano
mon
aknt
asyc
acmd
abzf
bqjo
afty
etb
jzf
aeun
awrz
binh
mow
aujt
hiu
aipn
bnug
cpj
nxa
aeuv
aghi
kla
aipr
vrb
klb
aejy
bhcg
aukb
aghl
db
afuo
agho
bsty
de
xkv
bazj
bejs
gxs
hjg
afus
abzx
mpl
aght
mpn
vhb
bozc
vhd
kae
bonf
aofz
blkh
cej
bhzy
qyb
aogi
wzp
mdf
bpxq
nlf
ayek
aypi
amje
aogp
aprz
nli
blku
aypl
wzu
asmk
cev
apse
rja
ayer
zea
cey
blma
awhl
tnd
alxo
qyr
aidw
aqew
pqt
qyv
blmh
aohe
asmy
aief
tno
tnp
aqeu
tde
amb
huc
uvh
hvo
afir
abnx
adli
aevs
afis
afit
ey
azon
bdkw
bfrq
amc
bfrs
bsx
avtx
abog
gbc
dz
avub
ahrk
bhpj
bte
adwr
hur
woi
asbm
eg
afkc
ysm
bgeh
won
gmz
bhpt
hva
bgel
bhpv
ltg
wov
gnf
avur
bges
adxl
ytc
ascf
adxo
bgev
bid
akyt
sqi
anud
mpy
sfy
bkot
yhn
wdo
yho
bhdg
axgj
briy
sgd
almc
squ
aroj
jpb
ahfp
wdv
jog
sqy
mql
lhn
atbc
abo
qnb
anuw
zx
bcyo
bkod
ukp
lhq
anjq
bcyr
abf
belg
akzv
qni
axhe
qnk
axse
lhy
arpc
ahgj
ulb
qdc
axsi
bkos
joz
daq
pd
fes
bizj
auwr
auws
bmju
bcmw
bqwu
mel
fqi
auwv
bets
zey
daw
gyl
vsc
bizq
aiqu
vsd
auxc
aiqv
bcng
bdxq
oiu
agtn
ayqx
jcr
bmkh
auxh
dbi
kxa
fqx
beuj
avjm
bfhl
airj
bdyf
qd
dbu
bqxw
bgse
axu
fgv
bdyl
dnj
xya
mfo
areg
acoq
vtb
goy
bqya
aemb
aguk
