ASTT
CPHD
BJCV
DHPM
AAVE
COML
AMPF
ASEQ
AKOQ
BCYI
AHPD
CLHL
CRGN
DCDA
CFLF
CZWQ
BXPT
CVYO
BWFU
BUZZ
BDQP
DKMP
BYLZ
BZBI
AUJV
BLFK
AJAI
CTCB
ACXU
BMVA
CQCO
AWOT
CBUE
DDNP
AVHP
AMSU
ALGA
CUPC
BXQJ
DFYB
APSJ
BTKZ
CAEV
BOQK
BGEG
BTNV
CIIU
ARFO
AVHY
ARFJ
AGVJ
BTNZ
AGVK
BMQA
DIXV
BLGC
DKTA
CUAH
BFEH
BIFH
BCIZ
AMUR
AMUS
ADXM
DGIG
DJUJ
BWIK
AGXF
ARPO
AWRC
CBKB
APFI
CATM
BAEO
CKVF
AVJZ
AVZG
BGSY
CKAM
CSPK
AJEZ
CJXU
BMFQ
CKAO
BOSU
BCGW
DIIC
AGIK
CVJQ
DFIP
CQXJ
CCRR
AONR
CBCD
CYLZ
ASKU
AVZP
AEQG
BYRY
AMVM
BVDE
ADYH
COSU
ACLO
BFJK
ALIT
CIOG
CAHQ
BDWT
DILG
DHWA
ADGN
CUCW
CRDI
ANQT
CWZW
AUNG
BECM
AYND
CVKF
BAUS
CUSG
BVJE
BUSR
CCTT
BSIK
AHFI
DBVY
BQVR
AADG
AKHS
BJOA
DDYA
AEVD
BVQK
CYOG
AKNJ
BITJ
ADLF
BEWI
ABYN
BDYV
BGGK
AKVU
DDYG
APID
BQQL
BAZK
BQWA
CPYF
BLQJ
BQWD
BOGH
BQNV
AADV
CFES
BMQX
CIQU
BODT
BOAZ
CBZT
AFNU
BJOS
CITQ
AKFR
BUTN
DHGP
ANYQ
CDMQ
DHYQ
BDHL
CSSR
CVPW
CMOD
AKWL
BQRB
CYPK
AIVV
BMOM
BPZD
CHJX
BLTT
BILY
CAKO
BKHB
BXEE
ASOA
AUST
ADME
BMRL
CMTY
CEHV
ACRM
AZRT
CXYX
BQAX
DDLN
AMNV
BQDR
CFJS
ALGR
CCFW
CIMD
AKKQ
CCEV
ALGW
BBCC
ARFZ
DBEH
BLGP
BOVK
BGRP
AZJX
AQFU
AXZY
BWUQ
CFKC
BWRB
CRLB
BQEC
AUIL
ARVK
BYFG
CSXX
ALBQ
AXXI
ALBR
CIHB
CSDG
CCIB
CGZX
BQBR
ARSY
BZAI
CMWJ
BDPT
CANO
AWIC
BFFI
CYFI
DKJB
ARVV
CDXV
BCVC
BTJS
APTW
BCVE
BGVA
ACWY
BRUI
AZNK
CINE
BMAZ
AZUO
BVJJ
BLJC
ABOQ
CNNP
DARP
AGNL
BCKO
CMAX
CJBJ
CTAH
BZCM
CAXP
CMDU
CDZY
BSBU
BZFJ
ADOF
DEMF
CVFH
AXHX
BKJE
CXMW
CWUZ
BMEJ
CRQR
AYXP
BUYW
AIJB
BBIB
CEAJ
CYCY
CAYD
AGQY
AYDD
BKMK
BIWX
CQWQ
AKQY
BQPS
CBDW
BEQF
AQJE
AQLZ
CPMM
DGRR
AOWM
CRRH
DCFL
BQHP
AKRD
BIXE
CYLE
DGXI
BCGD
APGJ
CJDX
APZS
ACGO
BCZQ
CNDU
BJEH
AMBL
CDKN
CKTP
AZKZ
BCHT
AJIX
AJYC
AMZB
AHBJ
CMGL
BSWM
BKUB
AERE
AOJE
BJZK
AZXT
DCKG
BNTV
AKBG
AOME
APZA
DFPM
AZDF
CMGX
CMML
AFMI
BORP
BHSF
AJYS
CHIG
CUQK
BOXG
AHUA
CLPD
AGKC
BYBM
BOXJ
AARZ
ANUP
DHCQ
ANUR
AROZ
ASGZ
CSME
DBNI
BPXU
CTYX
BRFB
ADZZ
ATBV
ABSL
CWJC
AYLS
BHPV
AZDS
BHVL
BPMV
ASHD
CNKO
DADM
BYPT
CQLQ
AABU
BUSP
BRMH
BBPR
CGAI
APJG
BOTS
DDER
CPWN
AORH
AYNM
AAWT
AJLS
ADHC
CGPS
AMEJ
ATJH
BWJX
CCAR
CCSS
CUVO
AAWY
CIUR
AQHD
BLUN
DJGW
CRYW
ATYT
BKFB
CYAU
BAGE
BSKI
BBQE
AAAA
AORU
CSBU
AGMP
CQPB
AEXB
AIAA
BAAU
BHXS
DCNG
BIVH
CYAZ
AMEV
BWKJ
CTOU
CZQR
CQPI
DBAT
BLSH
BPUX
BZRC
AECQ
AAXP
BGLG
CBVX
DDFP
BJKX
BLVF
AJMP
DCQM
BEJK
DDIN
BTXV
CEGK
BLAP
ACCJ
DCSC
CDVM
DJRM
AMJR
BOBS
CNOY
DBIE
CEQJ
DGTG
ATLY
BNSC
CUYC
AWXY
CUGD
BWAF
AKZY
CMRQ
ANKG
CVDU
CSQS
DHHN
CIXJ
BTHS
AOZW
BHNS
BMAB
BNSJ
CVDX
AIWR
BKKN
COKD
BKNJ
DIZZ
DJJR
BLXK
BZTJ
DIUN
CUMB
AVTX
CHQL
AEZV
BHFS
CAOI
BQYI
AZOJ
CLFH
ALSK
DGPZ
CMAD
DFSM
AVUG
CSRK
COKQ
AFFS
BDIZ
CJAV
BVYL
DHFL
BNSZ
ALVM
BBBL
DEXZ
AVRS
CTRX
CCZE
