h/e
kgS
l>D
c`o
khx
j*v
h=Z
d!n
gC`
buY
dVP
lFr
h!Y
gLT
ktB
c|n
gpe
d0@
iR@
c!A
bA*
kdf
gl{
gK'
lQg
dlj
fD@
ky)
fZ0
g1b
l2R
f&e
j^b
l*V
bD[
gQ{
b.s
b>5
ek[
cPO
j==
lR9
cQt
kre
d)*
grP
gvD
kd[
l,i
dw+
dz?
fyW
kEv
c)j
i$8
kS_
j8X
ks6
kdn
lMz
c94
l,[
iq[
l%o
fV+
gvH
c0E
h,W
f&n
gbw
iB)
f-k
db]
dwe
hRF
kYM
biD
c}f
ig>
lBS
h+a
kBt
kSw
l*6
c1n
bH[
h%4
ktS
j/>
mi:
dFK
l1<
j/?
lU?
c&k
fF3
bHn
h)U
abV
kv:
dL5
l8g
l-a
d$U
bHq
fzO
fZ)
h.r
h%!
h=f
dpr
gr4
dw_
j%j
kom
c4G
g#i
dK[
ia-
icG
moG
kqT
l0K
i*y
h2E
f'l
bI,
hVI
lYh
gS)
lXC
bIc
c[S
kyx
d_x
f$a
bui
f<^
kay
gvY
gLd
g2h
afV
hWr
aV%
bBT
bdT
cG.
eA.
ad3
bhI
j4X
j@=
e8[
de>
j2u
l_A
k\%
cSP
fU>
lJg
h*g
fvF
aw}
hA`
eWY
h/V
lZG
fis
hS+
jUW
jF/
k^C
fH)
h_J
ntg
bwp
fR<
hUI
hLh
c{P
ay4
avV
nk1
aA_
a6"
fw|
a0T
jLB
a-_
ls\
j,#
m~)
a7R
f0M
jWo
fd7
ntl
e}u
eJT
fx+
e-}
lkO
aZ*
a`^
ls{
bx-
fu$
nc[
a?s
cO(
a>N
m[!
nwy
lx6
hS]
a7X
cD]
h*x
k{Y
nvV
fd$
a\E
bwB
cXB
fd%
lyN
hup
niH
cMR
lL3
f4I
nwD
a#~
lyP
m<^
ltd
lkW
a>T
fH_
fSa
f0W
lu3
fj`
lpM
aqx
cu$
ev!
eUP
lA.
m{.
e6<
lhQ
j!w
aB@
b^6
j`0
cKu
e[7
kh{
hSx
leK
lAg
cts
h$`
aEw
fT6
aM*
bbV
b~i
f2^
ctu
iaf
cUE
j58
fjy
fxs
e6n
fKI
fE_
nd~
hgJ
m>4
g[l
esB
j6g
ng2
amk
eu6
ew`
e!O
g7Y
hr7
hgc
i|$
au7
k2V
g*p
eFT
e&@
g?w
hd&
jrh
nj&
nq$
e&\
lay
m:|
aYk
e`e
ju}
am`
aa1
b}e
eu#
aTS
g\J
a8{
k|{
neG
ek8
m_B
nlE
eDw
jrn
aYn
cWL
e~&
kX`
eQL
g0!
lnS
hNM
k$g
e/T
ek"
b-g
b>y
hI,
jkt
b[I
b`,
k@U
aiI
jC-
i@E
ao2
a%Q
eVj
g3d
gSt
kR/
i_)
a4L
jBz
a-u
hwP
k@Y
cq'
cWT
k}g
g@`
g:X
acx
ba4
hNV
g}S
ji'
m}A
ek*
e3#
lt,
e_P
i_:
j-m
lf?
g*K
m~j
jf#
njq
b-t
as1
e\J
apT
a4W
k_B
e09
e2}
jq0
m:O
i@R
j9R
nu:
m($
eyc
ey.
lfp
ffI
hJ)
fnl
nbV
m-J
ng^
aDS
g^{
hM>
cCW
j9V
cua
e~|
m2A
dR_
jnp
mUp
b76
e&h
gBb
mx&
f*w
bT$
b<4
gv5
j_n
k0t
d2f
k(7
m$1
dZ(
k-B
k&F
ejh
e9&
j[D
j\>
k-$
i^[
dB+
dGN
i82
jcN
j\j
k"T
b8T
epC
iF`
iWs
l}A
mI!
b$o
i\4
mY-
i|d
i>(
kpm
g&K
k.Y
k'{
hg^
b:|
ga<
im8
gBp
f?R
i!v
kmj
mNL
bOS
b`i
kI1
kNu
l<~
krY
i^y
i{H
mI+
m*p
d5F
d}L
kHe
iY9
f,/
ecA
gs'
gy^
b+y
h{U
kS#
kK`
i4l
mh'
i\+
mI=
g0h
i90
kL)
i:/
kAn
mYF
i91
kVe
b<l
gw!
ib|
iTE
k"%
kbL
kr!
jc!
jhE
k+y
ee%
gw%
got
i4s
kLd
m$j
b,m
gBH
kP$
j,Y
f\*
b9p
i(a
mu5
jC~
j/z
bSn
dDw
dO=
h:6
nBk
dk!
fDP
l<c
e<)
dk"
h+w
i5O
i-R
d"F
kzP
d-q
d/U
d0V
d-r
j$S
bW:
h:!
f3.
fZq
j}/
mft
dh6
d0X
ebG
b5J
ef~
fEA
f^d
dLh
fQ#
c}I
fX!
iG'
ioo
c3+
da%
fTd
lP(
dq|
c}L
dXU
bLC
b3k
fLC
lV`
fF[
ijY
iG*
b0.
d!"
brs
duj
dS?
j2(
l+(
d]n
egh
gdq
l>U
c7$
dk:
mB+
nqQ
mgj
mxm
nld
fLH
iov
d#z
j2,
h\b
mlX
f:7
l^'
j+4
dl9
h`#
ds6
d<w
d@@
dnu
iNf
dP>
ea'
f'J
fGa
gYT
lP?
nvp
bD#
du}
fTq
iaI
da=
dWh
d]w
b3x
c:4
d&P
gm1
l#G
f1$
ig2
j/0
ds#
ghq
f'P
b0|
ipm
kzK
d6s
l[(
f9T
bQ^
mHG
iQx
lP{
f>>
b4j
dJa
gjZ
gTp
b1,
dOO
f,m
h:s
l[b
mr?
l'D
eKi
c0Z
jt(
jE2
lu&
eF=
m/*
ly5
eT.
eym
aJ(
j##
bJ9
h7h
ev/
e5O
a&V
nkl
ly7
fhe
lAt
h!}
h|=
bqF
c[4
hOY
iZA
j)o
a<K
e[.
c'\
eJd
h7\
aJ/
eQ,
hT}
bz9
c/9
jPX
lzR
fgD
lRA
dg[
dr'
eC>
j)P
a/i
c6?
ie?
c-G
hR"
h4g
axR
bi9
e]L
c_X
c.^
eT_
m>+
aM|
h,m
lZ<
btX
eSL
ivr
e,f
fP~
nyr
h?"
c2B
idK
lOy
eN,
m<U
l!'
jH[
cZv
nht
j7S
cHP
m/~
c+_
jRv
c2H
c!j
aaI
lT(
a&%
cHR
j)F
c0/
dah
iD,
ii[
no~
baA
bou
h)^
lu~
eQ{
eUg
a@Q
be_
ab`
a&)
e>n
c/=
c\3
buP
nj4
c(\
eY(
fi<
bU,
lPq
eS0
hZ6
bt$
e4r
lW^
m_^
a|x
in4
m.Z
j6.
bPK
jtE
lCe
bq6
m_p
a'2
di"
e@W
cES
lo[
k{D
lho
cw'
fs{
aQ"
lbH
cQU
e.}
ho]
aKV
a(-
i_~
auz
a)3
ew3
jb}
ep7
hMr
b^*
g[r
aRV
m(f
jn5
k,m
b(H
jBZ
a"9
d\9
ayq
e^@
jhP
eP~
e6x
hl[
k^%
aWt
ef6
h6I
g|t
agM
a%-
i>G
jFS
mQ-
hv~
eK4
jcg
hxZ
g=J
k92
koU
m]L
jc=
k8e
ebX
k'1
cs8
m/m
aK8
m=w
akF
jww
e"*
mXf
a^u
mMu
hl~
i-~
caj
g5+
k!N
k,y
mX<
a-6
m\#
b(V
hly
mXj
jwB
agW
eQn
eq3
i_O
g5:
hmf
k'!
m$J
a"<
hCE
a%_
aj9
m"h
eV3
m+J
hPV
g.!
hn8
lcN
abq
aQ|
aWL
auX
g"D
d=S
k{y
cPz
eQw
awk
aDh
k{z
awl
hAi
hg'
cPB
aq%
aw\
ngZ
hg)
m(I
heO
k>a
m}e
h>$
kp*
l`:
b)P
g}x
kLP
l[M
mj*
bW*
gVl
gT|
g-5
ku.
hp"
g4d
iKk
mgC
k7o
dC>
dJf
d@A
aP_
k2m
d#T
ea\
ipv
eks
l^p
b-I
g0t
iFU
mxI
bQx
b1h
d`U
a6u
l?Y
gBP
d:"
b1j
b/&
k59
kV~
bTJ
dxV
l4d
kT"
k2s
mQa
d*W
iYn
k7w
ejU
gt)
g/A
k~^
i7Q
d)a
h]?
enK
mvm
b_6
b<F
erz
g4`
g!I
gir
dhE
iZ(
coa
ih5
k.p
dY#
hdR
m&6
i7U
b7M
fls
gq(
dyK
i5}
m!w
dm,
epb
ekJ
b/>
d+M
gt>
g5c
ij~
d)j
k*(
k=j
ms\
b*h
d"o
mH7
g?:
iF$
b)E
d:j
gwv
l?)
l`&
bL/
mnX
g*-
i9_
cf5
b*]
gY^
b]S
g*:
iQ4
mZW
kF|
k_&
m4`
h/c
l?:
ec*
kU$
hL$
iu{
iNZ
b'j
gP"
kMt
gOn
iYL
