FZ2
HI8
MS3
SUV
D48
wJ7
nY4
E45
mw3
HU3
RW6
Z47
quF
sQ4
uK7
dpv
bk2
rN8
otZ
c9_
cfM
aR9
mGY
t80
XY_
DHL
gJ_
lQ7
fV0
zU1
mTV
wN0
kNW
lou
uV1
uS7
dN3
v69
aM_
mT0
eAL
atQ
R19
isF
iB_
czL
nzX
bu8
hQR
sQ6
xFT
bU3
emu
vOX
gq1
bgX
GNR
uLQ
uFN
yFY
xR0
dkM
cl0
E69
vCK
fpX
gnE
lwE
179
qK0
LP7
btz
qG2
dhP
hjG
qQ0
aow
QVW
hoC
ptW
pD8
ipK
TVX
bs_
RY9
egq
gTX
uz8
jsv
NY3
hE8
ktR
dg4
JNS
IMY
DJN
wJP
lTV
oV9
ADL
kr9
jk9
gin
OW_
qE5
dfK
rsv
PXZ
pNZ
gj5
etx
bY6
iIW
dt1
jqC
KMO
pV0
vwS
fpM
iT3
oAK
kq0
dwz
chm
bpu
OZ0
kwO
fiK
ads
aP0
e3_
SY4
pJT
xGU
HJV
BK_
oXY
dtS
A4_
BI9
lFS
hmC
zMO
wU8
fP0
eOX
lEQ
CGS
df8
IY5
ARV
gwR
JMV
LS1
cz3
ixU
clN
GNT
eV7
K69
tWZ
nJ1
bnw
tHO
zEK
bU0
qxP
npy
gFU
A13
adF
kvT
JO0
kxH
gmG
mG0
vI1
yK4
T70
aQ8
y49
pU5
sDS
vy8
oNQ
pwY
bmF
pq8
dHS
Y16
NST
jmG
CJX
TY1
J2_
lHJ
lK4
jY1
oA5
grQ
PY1
vHK
goE
bpH
ciD
etI
IQ4
mqy
mPQ
bsZ
460
sI7
mCF
ek5
kmn
V29
lxP
xM_
asz
BN4
gT6
245
fYZ
cF9
ceZ
uW0
cgS
hoU
kpt
jq6
GHL
oG1
kZ5
lr2
iT9
ps0
iV2
dEQ
aD8
OP4
goY
IRU
lKR
flv
aoG
BN3
cgo
AHZ
iG1
Z50
qDY
mtV
ktz
yQ9
LX2
GO9
k25
pvB
sJ6
hlp
I79
jlp
CLY
pPR
sHR
v2
fB1
fyS
hH2
vwx
ado
BZ8
W18
puK
nD3
mJ0
hp7
AER
dlD
gtX
apU
hlH
mwF
jkC
gJR
L47
jtL
aAI
B70
jpr
jU9
dM3
BX0
NP_
jnz
vKM
doy
uD_
K1_
inB
EH0
aK7
P48
ANW
oQR
ahB
hCF
mX0
guI
kOX
wB1
ew2
wB6
ksT
hT1
DU9
uD6
pL1
opz
lnF
dmU
gtO
pC8
ijR
PTW
elE
rz8
lnY
DGX
yA_
kTW
dh9
pJV
DMU
B80
oFY
nOX
DPU
iqT
wF_
ehR
dq_
ksW
aK4
lG6
ptG
fkE
BK9
bsC
xOR
dfu
C78
yE8
yGM
uxX
ekA
be_
gC3
zD5
bu3
hw8
ovL
rX5
pxZ
AN4
osx
ahp
dMT
kCO
fns
ekN
bP0
cs4
dfH
kDH
nEV
auZ
zP4
hiq
sDH
eZ8
oJU
hu1
do2
nsK
uxA
lmN
no8
CKV
IOW
yJR
PV3
A14
CZ5
xV1
P30
mnH
fI0
NP7
sAP
pQ4
cf5
GM7
uBJ
t40
abn
BGS
rw8
BS1
uwK
Z26
zQ0
iD7
czV
hJ6
noV
EV4
ehy
an8
VZ8
jG1
nIX
iyW
rM0
fgG
jzY
A60
R6_
vCU
fjn
nBZ
i35
aDR
sCL
af9
uGH
BL8
deA
es7
cgj
hiS
HX0
boL
duN
svT
YZ9
OR1
iN0
xF9
vEG
kt7
jn3
G48
BY6
vxQ
PTX
epx
dnq
vS5
yC1
hLQ
aHO
mrU
bt1
gzW
HT_
pz2
EJ7
HIJ
mQU
gU4
mKT
aX1
klr
HU0
nv9
eK6
mN2
esJ
uCX
fk3
uKY
kzD
Y35
xy8
ac8
duZ
pLO
mPZ
eG6
lpM
ku2
ayA
pRS
gH
sw3
aGO
stM
qOQ
bdV
dsY
aqR
DV6
EGL
LW6
AU9
uD1
dGL
sX1
dV_
mIQ
kRX
fWY
jT2
zCO
sAU
yGP
nr6
lKZ
AD3
qvW
eJK
uy7
DV9
rZ0
hk5
FK2
W79
vzZ
iBZ
qvH
aM8
AEY
b34
bqU
EKQ
jFP
U47
dAK
epv
nG9
AQX
dlu
dGK
fjl
fv0
hsN
bAZ
oDJ
lZ9
qB5
czN
DT5
efZ
BUZ
mH9
pM4
gJ0
ruQ
FLY
mv4
uAU
deW
iFL
nqQ
npz
gtJ
zC4
gMS
pwG
bMO
cqN
BTW
CIR
agL
fx3
axR
cfh
eA5
zF0
msA
XY4
wzQ
cC9
du0
FH8
rAQ
vAU
kxE
vAC
ak8
L0_
dA1
oU2
S90
az5
qG6
lns
atO
xOY
eIN
dmy
tKO
UZ8
yzK
hvE
mU0
rwN
oM1
sRU
rs_
G89
fW1
CDS
rBP
FPU
uGV
oA7
DH7
vEU
x49
aM5
bkF
xZ3
ijI
iB5
zBK
wLT
ezI
chY
bG_
hKZ
dGV
DJK
nz7
wS_
jlr
ksG
gio
HWY
uvR
br8
ho5
iEQ
C3_
y25
u49
bUZ
O30
HTU
tH0
xZ_
qtM
PX3
D19
cEI
jt2
rIZ
ft8
JOR
knr
pG1
uMO
bJ7
axC
HN2
oY8
quQ
oGM
jyQ
ET6
dw_
G10
APR
dPS
nIW
xAC
EGR
bE7
FU8
bdW
UX6
zD3
wY7
iDJ
FLT
GUY
bvz
gAG
cdH
wBR
rw9
fp4
d59
lS6
mIP
asv
LU3
J16
y70
quy
ty4
aDQ
irU
aY3
awI
ij2
PQZ
tGH
MQZ
uvY
GLR
qtN
wyA
rI6
rt3
zE5
EPQ
hDL
oKM
fh2
mqP
rKM
ov6
ev5
lo_
nH5
xyN
cdf
FK9
OW2
uw0
gFX
f27
HR
fxD
bMZ
fLW
itK
GM0
uQ0
pR1
dw1
DM4
bu4
cr5
ort
oqs
jux
GPT
jSW
gJK
ku6
hjS
tvC
rsJ
amC
bu9
LZ2
hrx
fjy
rI5
xES
fxF
apW
ayT
kRT
zAL
op4
nD9
IU7
buR
bG8
evx
GI9
BIO
deN
cly
kHV
nT7
pry
U16
cT7
FH3
uzC
rH2
fwD
tJ6
DN8
gJM
kBT
loO
RZ6
JMP
bwA
g90
oyV
M48
mKR
gzU
CW8
AF9
npw
18_
tS2
rFX
jCV
h7_
G0_
hv3
EP1
coI
jyR
EP3
bKO
go4
ikw
zMZ
uF1
wT_
cxB
rB4
oZ1
fmQ
yP_
OUX
vwU
n20
iE6
uyQ
gn1
opH
btE
gqS
INS
bZ_
gyE
bN6
NU8
DJ0
pAG
EQZ
prQ
tN9
hQ4
lmL
xG9
adS
lH2
df3
btK
qR_
sGK
tJ8
nR7
zEU
dhZ
HS_
alt
S35
cjp
GPZ
qzO
dhi
sR9
LV6
al4
ot2
zWZ
iQ_
bj5
HM_
szF
orF
isA
fwN
agv
nS9
cA0
msK
wW0
ef7
M10
y19
dN9
hOS
EFJ
uI3
cmF
ER1
bdv
bdU
sxH
xAV
bvF
ku5
fN8
dyz
M40
xI8
aju
bDZ
LMS
cgm
JT5
kr_
ewB
jtF
cJT
TZ1
moG
fR0
kxG
xBY
wW8
kHR
mIT
ajW
TUW
dC0
CY6
kXY
yEI
xIM
lyz
tV2
gEL
uyB
pq_
DNT
gMY
E59
mMU
fKV
mr8
nq3
aAT
arE
CWX
dK1
rNQ
uwy
uP_
H38
aux
q68
zBU
jLW
ozO
vQX
drV
sB0
gSX
uxG
nCE
AG1
F68
I68
MST
ajY
mrs
doM
iJL
qxN
dGZ
M17
hq_
MR3
bmL
wAD
duK
qC1
t2_
AQS
fo3
hZ4
ipv
vGY
eGP
COP
s0_
gF7
i0_
mwC
lt7
aP_
ADK
mDT
hBC
adP
cyL
AH7
KQ_
lFH
gtY
hv8
vET
qCT
lY6
A40
fh3
O35
bv3
knu
gBT
p67
orZ
cv5
JPU
KM_
NTW
bwV
mw7
bo4
sx7
yN2
cZ_
hu8
ceO
QYZ
KSW
guH
ovF
iTW
qD4
xX4
guF
yS5
ky4
KL1
drQ
ESZ
chE
glX
hLY
gn2
wO3
GQU
mBC
DYZ
eQ6
sPZ
jI6
ryP
iqR
jGH
oZ7
hA5
yPZ
qU9
yH4
fnV
nyE
pT8
sN1
ER8
etX
swV
H45
rvZ
M34
kp2
RUX
iwG
LNR
k1
fCG
tx4
lpN
nBR
sO4
ADH
klJ
ntA
fF8
joQ
tKZ
aCU
tzB
bT7
dpq
mGN
kUZ
uxQ
F45
uFM
pG4
sBQ
mpq
kQ7
mR_
hiT
wFQ
eTY
u47
qEX
arQ
nOR
fX0
xNP
diB
eiw
djH
nY9
189
beQ
oB4
xQ5
bq_
kpY
gl7
cgC
eEM
dU2
gPS
uPU
lW8
d4_
fs5
dL3
fmP
pqV
KS5
dyX
hX7
giV
PY7
noq
imZ
myX
bO_
ABO
349
lrI
JT4
eAE
doA
nMX
eD0
bBO
kAH
NYZ
jwJ
mU4
HJP
cPR
iL8
qxO
hw0
oLQ
qJQ
fMQ
bu2
oR4
yHP
zF_
qQ9
nQ_
bhZ
z38
aPV
yFZ
hG7
F89
uy0
wKN
kK0
iS6
dyR
AD9
rs8
cO3
gl9
fq
hP9
tK0
zNP
ajz
BRU
aAB
ac2
nr2
MT_
pW
QTY
fjK
eix
kA3
pL9
dB8
yGK
bq8
lD5
exD
u34
wz7
IV1
LOX
rxD
uL7
jFW
KNW
bwJ
nDZ
FJS
zG3
rJL
kP2
DSY
htX
nA1
dj1
nAM
cfU
tzA
fG0
a0_
LNV
wxJ
HM0
130
iHQ
qFS
rFV
juy
dtV
glT
AGS
duv
lRS
nxV
fqQ
cyU
qsL
y1_
dl2
gSW
ary
bHJ
qwI
jO0
efB
aAE
JMU
AW9
gHZ
uH3
M35
nPZ
j19
erA
v2_
yJK
nz_
pF6
HSW
fTU
ay2
xGQ
ky5
qB2
wQS
rDF
uw2
efX
kU3
kqL
BKR
abo
vF
rN9
bxz
yDM
uTW
IN5
BOT
AZ9
mAP
er8
jwI
eo_
biI
gxW
cuE
gpE
kHK
ip7
pN1
DM0
aDJ
CGO
qBZ
qJ9
det
iCL
zOR
wB2
K25
aeK
ek3
HUZ
dAE
jH3
agS
rRW
gh0
EHM
z36
R45
xCP
780
hEH
wGM
KP5
BJY
eE8
gpY
qY1
IU5
ce_
l45
agP
DE6
GRZ
bew
CP3
d14
kNR
kPV
rAT
hkm
qsK
tIM
ilF
uQ5
dMV
puI
eiD
iIL
BP0
pT7
U25
nyT
lR3
kz1
msY
FMP
rHM
jw0
gy6
hGJ
auA
M36
kFU
JKW
L3_
HL9
mMO
cuT
frC
jAU
jrG
jZ2
rxW
fOT
bnM
np2
ho0
iJW
bGS
C48
lx6
vz6
tOR
lp1
Q7_
pyU
HUW
zKQ
ozU
bgY
vIL
fKO
cpv
kKZ
tZ1
kBP
xJ1
oAL
pFT
zS9
uMN
Z36
dnS
av7
nI4
ilN
qIQ
IV7
ik1
csu
fu8
lIQ
lyR
bzJ
eoD
gZ6
KQT
eu3
kvC
KT0
M50
mzJ
cCM
hOX
ewF
KR5
nEW
B34
rv1
qLM
kFL
bBJ
yX7
ijk
tvZ
mDH
fu1
iRW
qwD
kAM
zMW
rZ1
356
qCM
lyN
tuX
tI5
kzW
gXY
wKM
DFH
pQS
sv5
ekq
gs9
uyX
kot
BKV
rMT
aC4
fJ5
DP9
yNZ
CT8
jt8
iqv
wGY
or2
mT9
cY9
qBG
atE
bp4
ceM
mzF
ruO
go3
fK1
xLT
l13
qSX
cp8
cix
vG9
zNZ
rYZ
mFJ
bzR
DEX
q2_
tG9
oFW
bW0
fAT
nK8
rt1
BCN
LP1
vFX
jkE
I28
nV5
e4
zU4
uvK
nwU
tG5
oU8
a68
iF4
KO
U78
kP0
V4_
sEL
gCZ
sw6
ER9
hAT
mU1
eg6
diF
eJ0
aor
eiu
rJS
zJ9
ds8
FJ8
ruY
JNU
dkY
biH
MUZ
NZ5
clw
rOX
kES
cu6
QW5
FN7
hpE
otC
wzI
dgq
fAY
eO5
tBV
w49
kvU
dUZ
kqN
grW
GJ3
cDM
wIP
zE3
dsQ
mM7
akH
xMU
fmZ
qI_
bcL
vS9
RY4
xY7
rx1
AX1
dBV
kCY
vMW
jsI
cl9
is1
ij5
iIO
my5
euP
qCL
BR7
lDR
ewy
tU7
pFJ
rFQ
io7
rvY
bhl
mG1
zJY
els
pJ5
do0
lw8
K9_
BJT
BDG
pH0
fmx
hkT
w12
bQ0
kV2
nGW
ilV
adh
ioS
eGZ
u19
aA6
mFH
jKT
EJU
zB1
vNO
lqu
egj
jwz
gyL
hw6
tP9
s16
ck3
nEF
o3_
kER
tBO
qsE
fqM
QXZ
uDF
RZ1
FN3
erN
qzU
KUW
a49
eE9
rDK
eip
cyF
OV1
wR7
dhH
GJP
tHT
fko
zNO
asW
vS0
ktC
qsX
oy1
rZ5
JW2
mN4
rTW
pB4
akE
yU3
gY2
CL3
DST
iHT
EN0
mwM
KN6
aox
aD1
EM5
su4
wEX
z80
aFI
CMT
kQT
C5_
t59
P34
WX5
lPU
QX6
yJ9
oHU
DJQ
ASX
p7_
APW
xX5
qMN
mpK
jB6
jor
eL8
wFH
xAQ
fL6
cnY
anP
pJP
FX1
fUY
sF9
ES9
CTZ
gR6
INO
nX5
cFX
M13
xHL
b38
EFG
cEJ
iuO
jPQ
kq7
jqI
ls2
qx2
w89
fpO
vRT
nvB
iw2
nQ3
dqS
aBX
gln
kr2
jJZ
tIW
iw9
jl9
cuO
fi7
gMW
nyZ
dJS
oT6
qDP
cpw
dJW
jY7
cx_
ivK
EMU
zB3
tVX
NS7
fuI
gm4
vUW
aO_
135
ixz
aB5
PY6
I34
bAS
lEF
QRZ
jB9
wPS
rDY
oOQ
X34
c3
QTV
COQ
n69
D39
sAH
tyD
pBU
jCZ
nwD
BNZ
dgB
glW
kn7
iq0
nAY
wH1
bij
kN2
oy4
goN
OZ3
JL0
zX4
tDX
wOQ
uU1
fgw
kqv
wP8
378
L20
mCO
duL
fFX
jJ2
BG_
iJP
CQ0
gyR
gtM
y48
CLO
dM8
hls
efi
hlu
qry
BU6
QR9
nDM
sL2
c19
hEN
dq5
vxP
rzD
dX0
uEU
yV8
alJ
fBY
nwB
knQ
wM8
bUX
MUY
GT1
eOQ
JV9
cv6
NPQ
bK9
blt
ez3
cfs
cK3
ABM
mBD
CP_
MR1
fH1
kpE
fnG
xz3
hGL
bD7
IX5
bzO
S5_
glK
aQ9
kl0
zY7
wyN
xA_
nA4
hW2
rLM
bCJ
gmt
sIX
pG6
gw9
tTY
nvz
eQ8
jC2
nt3
iN5
elB
zPS
Q9_
M59
tE1
AE6
kG5
in5
rP5
mn3
mB9
bEY
pw1
kBU
yB0
T47
oIP
jox
doK
KT_
iv7
MV6
ixN
dpQ
dX7
HJK
aiK
pV5
dfv
fyN
vJ9
b60
R79
xX8
wCR
otR
wIM
frM
tWY
yJ2
oU3
itM
G45
UY7
AEJ
lzR
qJM
jO8
fnE
vTU
kow
CP6
txF
kWX
xPX
sBR
koM
ntH
sG1
fg4
cCG
gz6
ktY
gAO
eqx
dmT
zP3
GMN
sKU
X89
oS1
SUY
wS9
ceN
yEO
TYZ
kF9
bl2
ek_
sC9
FHP
lCG
W69
RX7
yM6
bj4
MO4
FR4
iE_
ezU
M90
dxN
juY
yE9
muG
RT0
i48
cdI
bcp
fyQ
gx5
mwx
gqF
zU6
IS9
sH0
c36
vO_
ow7
gsW
CSZ
b0_
oR3
qF7
BQV
rJ
lMP
IWY
hEI
gwT
wDP
dtN
GNY
jkL
fE9
hj7
qL4
iEI
nCV
kWZ
K57
hnT
dzC
tA8
LR0
oGZ
jy5
irF
aOR
n78
tP6
GHT
aDG
DJ2
vTZ
ekl
nN_
MYZ
IK9
IJV
nHV
uU4
nM5
AY0
yJS
iDP
cjz
o30
oKN
g5_
u58
JK4
uHX
dzT
aW8
aDI
DH5
aIV
HXZ
wDE
amI
zY_
hpw
ksC
wAP
DGW
ag5
cPZ
qvL
fIS
vV8
czG
CY9
FUV
rEQ
bez
sy0
oyB
evH
hwF
mDS
syS
hrR
LO2
bjI
GHP
oyQ
KOV
SZ3
sMO
btJ
qCX
knY
ckI
BEH
rtR
dfD
m37
DZ2
kCX
gtN
qD2
cgD
eqW
x27
inz
eDV
CU0
mxI
qr7
xK7
cE3
yDT
wO0
JW8
JNQ
dv3
hj4
luX
RXY
iEV
KZ0
bkv
cAJ
st_
rs0
lst
nS5
jlL
auw
yzG
rT5
xIQ
CD3
O10
al7
eiU
KXY
oH5
IQV
nP_
hPS
bGL
CDY
BKQ
BHV
DFS
xP5
lG_
fu4
lUY
dU5
zX9
jo_
BMQ
IRV
biX
biF
LW8
pvC
tDM
wPR
EOX
hnG
PRV
dgJ
KR7
uA8
nOQ
pSV
tw9
BJ4
bnK
IK6
fW5
qxW
wCQ
xyB
ovQ
fU1
cjy
qAE
HPT
BG7
ctY
uyS
K3_
ekO
bLW
DZ9
vDG
CE8
zAT
wNV
sz0
wIL
f18
mVZ
afB
nDH
lEX
br2
swX
bW8
kn1
cpZ
GW6
gG3
bcu
nN3
w70
jP_
kGV
uBS
jot
pw4
aD6
qsu
vxS
pu9
jC6
r40
rv7
esI
xW7
aUV
hu4
rI0
IO2
su6
vX3
cgs
oSZ
zD2
gqI
tJO
duy
pzU
xRV
gF0
hIS
qv0
dl7
wB0
qW7
iyH
bF9
prM
aS2
bmM
yW3
O67
w2
STW
TW1
klN
ceY
dtL
bco
W5_
hiH
dL4
kVW
xZ6
mx7
tDG
iw3
dxK
my6
ijH
cqA
fjR
cQS
lH0
OS2
xW3
ejk
qvE
V67
np6
qB3
CY0
JOZ
B89
uv3
gi
nMZ
oFX
wz6
BLY
anL
dgX
lrN
fBH
eF8
bT9
fmu
jJ4
rCL
zDG
dv4
rAG
OR2
L4_
blz
cqK
qFZ
v3
iBU
oKZ
789
DEP
sD8
bAC
hip
noT
rBF
rvV
jP2
fGT
FQ9
tGQ
dr1
vRX
mrJ
IS7
dO3
BH9
u37
ei0
myC
kuz
fju
ab6
aoA
CO7
lBZ
JKU
bC3
fgN
mwJ
rGT
cW1
BL4
v1_
lCK
dS3
mnp
py_
nsG
dtQ
KMY
kpF
rI8
ikG
fvS
u67
hMP
rz3
AK6
GU8
h24
V27
mF8
iDN
oAV
BMY
wJ1
kDR
kMU
fj1
GLY
bzM
esU
gns
LU5
muF
yPU
CQ7
qrR
hs2
APS
iCN
jn5
FIQ
FL6
JR3
emQ
LPT
exN
IU6
jkx
TY9
lwT
bk0
yP4
czK
emp
pV3
AGP
HO_
NSZ
hv5
pE8
ak6
mT2
hmQ
del
biC
T24
qCP
ghK
vBN
ax3
fvG
iQ0
uNR
jH4
dhI
dE3
iDE
ES_
d60
dDP
F29
oqv
hrF
A1_
nvU
C25
cUX
hM0
pEG
nzC
mzL
gj7
mSU
pz_
elS
pJ8
NP5
mps
aI5
D9_
rA9
dq0
E89
lwN
fsS
wH9
mHS
bv7
I3_
nN8
ack
mn6
sO_
tJ5
uJ7
zQ9
qtB
AT6
IRX
sR3
ez4
jwH
L16
ov0
jqL
kGS
yLQ
pz0
dgK
CKQ
yC9
gkV
vI0
bly
gqV
cx1
cpH
wAV
gvY
nqE
yI2
LP8
rR4
fm3
CET
hrL
OPZ
exQ
AR7
oJ1
iK0
sHO
lps
mzS
eY3
rOT
pHY
AV9
gBO
irS
hoW
gwD
qEW
n38
iAW
au8
gmr
glm
jsA
npt
csZ
huy
hqM
jvY
gqK
pCE
zSZ
kD_
eg3
tIT
hqN
lJS
auU
mtX
tuA
EUZ
nB_
sGP
Z28
ovX
rtZ
pEZ
IKT
uK5
ciM
gG2
dho
jG9
nG2
qU2
qUY
ijp
wD0
mE4
koN
Y23
bsU
gAS
lI2
cv2
bfS
fit
fTX
efO
qQ2
cuF
iAS
eoA
tyE
tE7
svB
EJN
hBF
B49
fhm
zCY
vK
ltF
er0
exZ
pKQ
anM
jCG
EN5
dK3
uA3
xN2
dhG
mqA
wH5
nzW
tQ0
xRZ
vB6
nSX
stY
ar7
zOZ
oEI
IV3
QSY
jmB
rSX
xIL
cuz
KW0
etF
rCM
jnF
tyA
BNW
s1_
wyY
DE9
QZ_
NOU
iR4
yQ2
rRV
DHX
lnr
SZ0
dyL
jQT
cPY
pKU
d49
dgC
GKO
tSW
mJM
vyL
gAN
EJK
zB8
P0_
lBT
N40
zO3
V1
ek7
iyD
lC4
jzE
gz5
HP3
jp
auP
aD
ntP
dx6
fF1
wIV
lCQ
m3
ks_
qHV
fgT
st6
zRW
rs4
lU4
HK0
gip
L80
tY5
gRS
yET
mp_
zBC
qW5
dxG
dwJ
mX7
AW2
E34
bvD
ER2
GJ1
vGS
AEP
emG
sY
fkU
fr_
rzH
mF3
flS
qQ7
fg8
b37
sTY
rOY
MNU
prs
yY2
sP4
fhX
ACQ
hpZ
hwW
N56
GU6
kzT
LZ5
B0_
yAM
sR7
ctS
bOR
tz9
fjU
lTU
wJZ
tvx
zS8
br_
wJK
aru
ixy
aku
bvw
giy
pKO
fQX
sIK
dr3
jCM
FQ6
tz5
oBY
rwY
EU8
CST
pF5
hrA
qD9
AKX
qz_
GOX
jpu
fO0
itA
oLX
kHM
fpt
PTU
TV6
SUZ
tBJ
eiZ
hE0
uJL
fM9
uO7
kzO
bH2
GLQ
KU4
bMU
cjT
aOQ
rtP
afH
COV
aj8
fwR
fsZ
bHR
A49
m18
irt
wF2
x67
swT
hIT
pxD
y5_
jsW
mW5
tN4
oI5
EL4
cHM
JKY
lR0
GJQ
bcx
W28
pDP
x8_
vDH
fgp
lvO
rY3
APV
akC
mwK
wz9
iPQ
fk2
fkm
yz6
luJ
dT1
bjy
kvA
hxQ
X17
lPX
ksR
D89
ouU
cA9
f20
W12
jq4
eQ3
lp7
vVX
gX0
rsR
vMN
vGN
Z80
cu9
cfP
UY6
fjB
mr5
ny9
k59
cM7
fs8
swH
N79
kKU
