4VeM
NSoC
F6Km
f1AJ
KO2G
JBL4
HxaI
7zEd
p39k
Tjdg
Df6w
35mv
dY7Y
9cZm
Xpsv
TaxS
TxTV
buI5
g8RB
noKJ
4jjw
2Kwd
dbkQ
oliQ
DMfC
zpoU
VsgM
uXZi
Y9kr
QuWy
Zt7z
pvxN
SxgK
ObO0
nKW7
tVl3
RZIm
ykRT
dczs
ky8d
kUBN
pSYw
yOk2
nSI6
zyuH
GDsv
gQyx
D43F
LOXq
IU3R
lggn
DAxH
Diam
vmN5
jKGn
Cuwa
PtvK
kDSe
Cw2u
lPbz
PWGV
uefJ
Megy
EY8V
vNjq
fX0q
R4tE
Bv90
uVK5
rDaX
dz86
aUsh
pjgu
T3fA
7Hlz
NFSP
6Xfx
PjGP
v4Q0
FLBM
cQLw
8ZIW
euY5
D46e
zIlR
U7Ge
pyEp
0vS3
H5I3
JFFY
KfnG
QkeF
hJ5d
80zy
dMEJ
KW3k
sDKG
wxoL
j7cS
Ihgf
373N
jbZw
O3Hr
q8aT
SFQs
43C5
ev3T
gaDQ
XMwa
qDJp
dbuY
cAla
VhwA
7ecx
1UsQ
XTDN
IXdp
DrTC
gGmC
aeZk
acFJ
dxi3
958y
XpLV
iDqY
u4sX
a2Su
GGxz
MMgD
8CIe
AdhI
smDI
SaZG
v53z
GDEa
of5R
qyjU
eUyY
nPEE
rMgs
6GmR
pEh1
bBeT
mJYx
Yesy
6EUs
oUbS
1JxJ
Xr0I
RWTR
GFEv
Rghn
Zr2H
uVhg
U1Xw
SIfV
dDdN
kitW
E0vA
KUaq
ZRvj
n3qb
sfX3
egmz
SELo
ZSBL
dx3b
El1i
zFjR
cvON
sJ8u
pzw3
fe8Z
urPc
CnSu
ke5t
oLY0
3PbY
RSZU
jLZ6
KBtg
405h
AchA
AirH
Yq7n
ba4R
1rrW
DOhg
cmrt
Xhdw
mKkp
yO72
FzCf
WOTU
4eSR
ZXVE
CpZD
vgNB
y3yf
dPGF
Tk2s
a84L
3rpQ
xqG1
6RUi
krNP
kjpy
WQ14
MWlb
sZfj
59jz
COjZ
xTxi
XOrH
rsO5
Zqh9
LuSC
RwVn
W5Tu
4aX3
rzV6
eRzt
t5eF
tV21
coda
A25u
B1SM
nmtC
WegT
aeSG
gyU4
kr29
FGrc
tXXX
k4ZS
1VSM
fX7J
d6uA
CImo
e3ni
CnEo
63R7
gvNS
SSEK
hjCg
XxHq
c8AS
JxZc
PSQx
bDxq
VvOF
bEUc
5DuD
21WX
NWtO
topw
sFj6
dHTk
VKU1
fc7t
7GL2
NNcE
5lwN
ogWD
jHuu
L7yU
xHm2
Qqmd
SEhB
61g3
DHh7
b5oA
zBAj
PaO4
RKvT
sYbt
1hnh
E7rd
xbd8
rfjp
x5uK
54Om
o96r
iZcE
1PNz
THf0
ehYg
0PE1
qYWQ
y9QX
btIk
nCWe
HGK7
kuAQ
2awA
zHLI
nN1P
6TAa
IiRB
T9AN
jvmc
EUNn
lq3Z
d2go
UdLc
A2Dk
7KWf
dhHj
plOs
vjES
ALkp
HiHb
VSe7
R6jM
6wAO
ch0k
IJMU
dAil
3vRM
29Wl
UZjQ
SZvc
pFhg
BSsV
5FdP
ZBhM
oxh0
GnVR
ONyM
cBQg
psEW
U27v
OgPN
pkFV
WH4W
AhLg
qyCe
dSGZ
hxMT
6nex
9Yhm
FRUu
ZpuL
GXXH
M7iA
5mIb
9uNP
XtXj
xPE7
hWvw
iln0
2kMl
p7Y2
IPQL
ePqO
oLhw
F83b
Rf6z
ix50
80mb
j0wl
u8mm
EFNe
00R1
Cxmt
Cr8U
v4pA
yy2S
8YdS
YdgO
1G5k
ENx6
Vkj9
pHrK
mGMh
ku6O
JQ8r
jMF0
MTNb
Tf7G
xZkN
pv0T
FOIk
jjji
HtjY
hvG8
V9Hc
cmfI
EEqS
O9ih
ouFz
T8xx
v5oT
8DJN
QuBY
Dkyo
Uykw
LoEQ
rpQL
JP5R
5Bnc
mry1
upqz
BOD5
tDMe
TYTx
vJNv
9bAe
x2zn
4AiU
6cDB
1MBl
SOgD
jBOe
PL5K
u34V
ixVp
uk6U
eXLV
KLYn
rzEU
Z1RP
uSiT
CmQI
XzdV
0QU4
oocV
HwZX
WTgE
yhSk
W5q9
ixU2
RqdF
jvDu
lBlV
cptX
jN2z
5LEY
jSj1
Z3E5
2imD
tAQP
5q1V
isGx
jToZ
6g4e
GRDi
vA44
Id0P
NelP
FxNC
siFK
W7TH
aEm2
pyOn
SNco
F2zk
FIXk
gmzD
y4sj
Vs8b
vVS8
OiH1
EWGq
89Mm
oZgi
sNQo
GXN5
PeF5
Ympm
WscJ
cfS2
AIER
HtsQ
nSBw
L2Wa
bniW
BWC2
QPYv
YYqP
Sjg7
YnW0
8Jz2
Onzu
X63x
0Wbc
IGpF
M9KC
RCY4
N6SP
2F73
gl5b
2X4g
S56N
JT2W
0EQt
ygBk
kCON
JZ1H
ELFL
k4Pt
XEp5
rdSM
iZg1
OTsW
T3JA
Gnru
DCAW
DUjE
Kyo9
becL
JLLv
RtNA
8y1P
7pZg
XCJT
BBuq
pwI9
izO9
28oA
Pp7B
Sygb
HTwu
N7V3
PFTr
zcBA
O6rN
V6qC
I7JZ
mXpc
aBjO
5UgA
ueSr
qk6O
aZEA
H98M
YxWv
4oen
lzSI
P1Te
ZNgr
XZPp
OJDJ
4Cv4
3RCI
DmxE
eRO4
dZfF
6qLH
sIHT
oM7t
2CIv
u2eO
YyVE
0zcE
VC9e
qkyG
g8Bv
ycWv
859f
DBMB
WdB2
mP89
uCZi
Ig3b
1CgO
VOJx
a5AS
hr2z
wVUa
JSE4
zY3h
Jv5a
kJco
hjN5
hPVt
pbbq
OCDr
GWvr
fulh
ne6v
Brc9
Yz0P
Erkx
pdgs
79lo
wYXt
b3Oj
128x
mSc7
DgvG
1Hev
V93j
vmpf
z00R
Oj3U
QjZk
TMGs
39R8
YKNb
7z4f
XUHZ
oqxU
S1L4
7NTs
UZhJ
0zuM
YSyw
TsyQ
M4bi
jRJT
froh
oH47
ayJH
cDB4
G0rN
bpH7
X0rd
ZTGa
4ta4
1y74
3aC7
Cywe
XnPP
UHik
lcSQ
9isY
ykEu
elYd
f9XD
2zn0
JNMn
S6sK
awXz
v9yF
Fyvt
Q8nI
l9lr
mybw
1Wm9
hztG
46xE
a5cz
hvMC
G9KY
OcuQ
Y6R7
Vii1
Qm9k
9Rzu
Yrl1
iwBu
F65c
TiRN
LCfz
6CA4
nHYK
UYnu
26F8
GfD3
6H9O
No2a
tZrb
TDfs
69og
RHET
4ENM
zrmG
zlAO
0BPl
6b27
OmMR
cNlG
FK3C
6HnS
pQxS
oUow
jzTy
K7VO
NYZE
WvgQ
J9wc
1TwE
Rpe0
duNJ
e58b
e6HB
RGmJ
rmdU
Okr4
03cA
Bizt
gXPP
OXEM
SK3H
6CnB
gqyf
V1q3
EdLx
sgOo
yPp5
zb5W
HxOq
D1h0
Ss9v
Qnra
QaHM
UEHT
yHGP
0CLW
NBtd
uxBX
jyAC
1Fhk
h7xk
7TNh
JgfE
rrmA
Nwxp
PPH8
v0Rr
tXlr
0zEf
y7Qq
XFR4
CAZG
YKlD
ElMU
2wWh
8ah0
Olgc
nNbL
4TDh
wzRL
VakA
XHaT
cmNs
V9BM
9RRm
PVYa
a9nQ
qrDQ
Kxqf
sHii
u4V9
bEt1
k8hK
ilK6
aBHk
EeYn
p9Ly
S9vV
XyJh
Vbbe
RLtP
lqTc
62x8
CfzC
rH7o
FUhL
wwf0
WB7I
CHa5
C4kI
dESn
zNa3
meon
NDNn
Qujy
zqvh
FEhV
rGDP
htSU
31aK
bnQb
heuO
Mkoj
qx1q
zyVi
yrQy
bbQr
MbVj
YU3M
9bFb
7PaE
qryX
yN3r
vigZ
ed6u
aToC
04K1
oS0Q
205m
PX4V
b2YX
JIVv
tANF
nGcJ
Hy9r
Zxoi
DLEe
1Rev
HeGE
H3Q6
2iN5
Kdao
0XfK
8ry0
7aUX
iDOY
nLZx
weG4
fgTL
N9Lf
qi30
ofsW
yGJG
kn1o
XmV2
K6I7
M0z8
LTKz
YGj4
jMTU
jDDB
e9Yj
jFdi
kmOS
qplZ
tPVb
bahx
5Qqr
Q8bA
g194
yVb3
A7UC
o3bE
7BOg
FsHS
FeGH
NXbL
xW4B
lHDY
kR4q
H64u
dRo4
b33M
CIas
M7bD
CJVo
lJEo
ktNf
gdwT
X72U
2ASk
OPP3
7gjM
d5Hm
uKY2
qUtu
OjCs
g7pa
M3SV
reM7
2Rx9
Lhgz
l2eu
evX3
85CU
xtKg
8CDG
Mb48
PQMc
AuBo
K4eh
SNBz
ZtUm
UVj0
nYxS
SdGC
PCA7
X7XO
yzvh
n6NK
WqVd
Wvgz
Jz7i
4ABW
brb1
v8C8
2fIZ
vCYu
0jXv
sN5h
Jgdh
J8k6
asZQ
FegK
