uBO
eXO
ghw
bdH
sEc
sEd
eDd
ANh
oiV
bcZ
rbe
eDe
ghm
eDf
sEf
wej
oiX
rbf
oiY
rbg
eDg
ANk
cGc
yQg
bdc
wel
eDh
jwB
ANm
yQi
bde
wem
eDi
wen
jz
yQj
bdg
weo
rbk
ojc
jB
ANP
yQk
sEk
sEl
iHN
rbl
ANp
yQl
yQm
ojf
ANq
bdj
ANr
sEn
wes
bdk
yQo
wet
rbo
sEo
bdl
eDp
zkt
ANt
weu
oji
rbq
ANu
eDq
yQq
yQr
qHn
rbr
sEq
sEs
ANw
wew
DN
ojl
yQt
rbt
eDu
sEu
rbu
sEv
ANz
yQw
sEw
bds
weA
ojo
eDL
bdt
ojp
rbx
fsp
ANA
yQx
ojq
bdu
eDy
ojr
eDz
AND
weD
rbz
weE
rbA
yQA
bdw
rbL
eDA
iId
ojt
yQB
rbB
eDB
sEB
bdx
ANG
yQC
eDC
zkP
CKK
sEC
ANH
yQD
sED
bdz
ojv
rbD
eDD
ojE
sEE
sEL
weJ
rbE
yQF
ojx
eDF
cGB
ojy
rbG
sEG
oUn
iIn
rbH
weL
ojz
eDH
yQL
bdD
sEH
sEI
weM
Bhw
bdF
ojB
eDI
rbJ
bdG
Ed
eDJ
ka
yQK
sEK
xnc
Cqh
neh
fLZ
aIV
tMZ
aIW
nei
fMa
lMW
tNa
xnf
nej
hpb
Cqj
lMX
Cqk
hpc
hpd
Cql
nel
tNd
fMd
nem
pIC
xni
nen
fMe
fMf
aJb
tNe
neo
fMg
Cqp
aJc
tNg
xnl
fMh
hpg
hph
lNd
neq
ner
aJe
Cqr
fMj
aJf
hpj
fMk
aJg
nes
xno
hpl
lNh
xnp
net
neu
fMm
lNi
Cqu
xnq
tNm
lNj
Cqv
xnr
new
aJk
nex
fMo
hpo
xnt
fMp
lNm
ney
tNq
xnv
aJm
mtv
aJn
tNr
aJo
xnL
neA
fMs
aJp
CqB
xnx
fMt
hpt
CqC
aJq
hpG
tNu
xny
hpu
CqD
xnz
fMv
lNr
tNv
fMw
xnB
tNw
fMx
hpx
kgw
aJt
lNu
fMy
hpy
neG
aJu
lNv
hpz
xnE
tNz
neI
aJw
tNA
CqJ
xnF
neK
fMC
hpC
xnG
fMD
aJy
tND
CqL
neL
pJb
aJz
CqM
tNE
fME
lNA
CqN
tNF
hpE
neN
fMF
CqO
xnK
tNG
lsQ
ybU
sjY
duR
lXZ
eXR
zYZ
lsS
ska
zZa
clW
Dze
lsT
duT
lYb
eXT
Dzg
duV
lsV
eXW
zZd
cma
wzb
eXX
duX
lsX
zZf
Dzk
duY
skg
lYg
lsY
cmd
Dzl
zZh
duZ
lsZ
cme
lta
Dzm
dvb
ski
vKn
ltb
eYa
eYb
Dzn
Dzo
eYc
mto
Dzp
ltc
skk
ltd
skl
bSd
dve
lte
lYm
eYd
dvf
ltf
cmj
skn
eYf
zZn
Dzs
dvg
ltg
dvz
zZo
cml
lth
cmm
lti
ycm
Dzv
ycn
zZr
dvk
eYk
zZs
skt
eYl
zZt
Dzx
dvl
lYt
lYG
Dzy
sku
bSn
DzL
zZv
eYn
lYv
zZw
dvo
eYo
lYw
ltp
DzC
ltq
lYx
dvq
eYq
vKD
cmu
skz
dvr
lYz
cmv
dbn
lYA
ltz
eYs
zZz
cmw
zZA
dvt
skB
DzF
cmy
lYH
dvu
ltu
eYu
lYD
zZD
eYv
cmA
DzI
eYw
zZE
lYE
cmC
dvx
lty
skG
lYF
zZG
Vv
yvY
BhU
pot
yvZ
nyV
uVW
gUW
pou
ywa
nyW
uVX
jRn
ywb
BhX
neT
pow
ywc
neU
UQ
BhY
BhZ
uVZ
ywd
gUZ
UR
gVa
En
ywf
nzb
nzc
UU
Bic
poA
CLc
uWd
gVd
nzd
UV
ywh
neZ
nzE
UW
Bie
uWf
ywi
nfb
poD
nze
ywj
uWg
poE
nzg
Big
gVg
nzh
gVh
UZ
uWh
ywl
nzi
ywm
Va
Bij
uWj
ywn
Bik
uWk
nfg
nzk
uWl
poJ
ywo
Bil
nzl
Vd
Ve
uWm
ywq
nzm
Vf
ywr
nzn
Vw
poL
ywI
Vg
poM
yws
nzo
uWp
ywt
gVp
kFN
nzp
ywu
nfm
ien
nzq
uWr
Bis
Vj
uWs
yww
gVs
Bit
nfz
uWt
ywx
kFR
nzt
ywy
Biu
uim
oEr
kFS
gVv
nzu
Vm
ppc
gVE
nzv
ywA
Vn
poU
gVw
nzw
Biw
uWD
nft
Bix
nfA
Vp
poV
Vq
BiD
uWy
poW
kFW
Biz
jRP
nfv
oEn
nfw
oEs
kFX
poY
ivv
uWB
nfx
Vt
gVB
CLB
ppa
ywG
gVC
ivw
Vu
ber
wEA
eDM
zEV
nVM
fMJ
tsV
ggN
bdJ
ojF
eDN
bdK
jcu
ojG
klq
eDO
zEW
zEX
bdL
jcv
klr
tsW
ejM
tsX
lNG
bdM
weU
jcw
eDQ
zEY
tsY
lNI
weV
ejN
eDR
fMN
klt
lNJ
lNK
jcy
klu
eDS
fMO
weW
ojK
rvW
bdP
ojL
eDT
rvX
qHP
eDU
lNL
weY
zFc
fMQ
ttc
jcA
lNM
ggT
bdR
klx
zFd
fMR
bdS
eDW
ggV
ojO
wfa
jcC
zFe
bdT
zFf
fMS
eDX
fMT
tte
ttf
klz
wfc
klA
eDY
lNQ
ojQ
tth
ojR
klB
rwd
lNR
eEa
fMV
tti
jcG
fMW
ggZ
oUD
ojT
fMX
jcH
zFj
ttj
lNT
klD
fMY
gha
bdY
ojU
ttk
wfg
klE
ghd
wfh
rwh
lNW
ghe
jcK
klG
jcL
okn
zFn
beb
klH
rwi
rwj
jcM
ojX
lNX
wfk
eEg
zFo
fNc
wfl
ghg
bed
klJ
ttp
lOo
ojZ
ttq
rwm
wfm
oka
eEi
fNe
bef
zFq
lOa
okb
fNf
xIn
lOn
klL
zFr
lOb
zFs
tts
eEk
zFt
fNh
beh
eEl
lOc
lOd
oUN
jcS
okd
oke
klN
Eou
fNi
klO
zFv
ttD
klP
eEn
xIr
rwr
bej
fNj
xIs
klQ
zFw
fNk
lOf
bek
wfs
okg
okh
zFx
wEG
bel
klS
zFy
klX
tty
rwA
ghq
rwu
ghv
okj
klT
zFE
jcX
rwv
ghr
xIw
lOk
ttA
bep
wfx
okl
klV
eEt
eEu
zFC
fNp
fNq
ttB
xIx
ghu
uBQ
hpJ
sEM
vKN
lYJ
sEN
ivE
xnO
hpK
lYK
sEO
ANS
hpL
lYM
uBT
sEP
xnQ
sEQ
xnR
uBU
wTN
lYO
ANV
uBW
ANW
xnT
lYP
sET
sEU
xnU
ivF
uBY
sEV
uBZ
dPN
sEW
hpS
lYS
AOb
hpT
xnX
lYT
hpU
AOc
apM
dPR
xnZ
lYV
hpW
xoa
lYW
AOe
dPS
lYX
hpX
xob
lYY
lZr
AOf
AOg
xod
hpZ
dPW
xoe
sFe
sFf
hqs
dPX
lZc
AOk
sFg
AOz
xog
xoh
lZd
hqd
lZs
hqr
xov
lZe
AOm
sFj
hqf
xoj
lZf
AOn
AOo
hqg
sFk
xol
AOp
hqh
dQd
sFl
AOq
ioK
sFm
ivJ
hqj
xon
lZj
xoo
ivQ
hqk
xop
dQh
sFp
hql
AOt
xoq
AOu
sFv
DZh
hqm
dQi
lZn
dQj
lZo
AOw
xos
hqp
wUp
xot
sFt
mLt
lZq
AOy
dQm
BWN
gVF
eYB
rbN
kGd
yQN
CqS
jde
gVG
CqT
cmG
DzO
cmH
DzP
rbO
yQO
rbP
yQQ
eYC
CqU
jdg
DzQ
oEw
rbQ
skM
eYD
DzR
kGh
eYE
CqW
cmK
oEx
rbS
kGM
yQS
eYG
rbT
gVK
kGi
cmL
eYH
cno
DzT
kGj
jdk
gVM
yQU
eYI
cmM
jdl
wEQ
rbV
gVN
yQV
Cra
DzV
eYK
jdm
gVO
kGm
rbX
gVP
oED
jdn
DzX
skT
yQW
jdo
gVQ
eYL
rbY
eYM
jdp
DzY
eYN
DzZ
skV
cMq
Crd
rbZ
Cre
cmS
rca
skW
DAb
skX
eYO
rcb
rQT
gVT
oEH
jds
kGr
yRb
gVU
yRc
eYP
eYQ
rcc
kZM
oEI
BXd
kZN
skZ
oEJ
rcd
yRd
yRe
DAe
rce
sla
kGu
Crj
rcf
gVW
cmX
jdv
DAf
eYT
dbP
rcg
kGv
DAg
gVY
yRg
eYU
jdx
oEM
gVZ
rch
yRh
eYV
Crl
sld
Crm
jdy
rci
yRi
sle
eYW
Cry
slf
DAk
kGA
yRk
slg
DAl
slh
oER
cne
yRl
cnn
jdC
eZj
wEU
BXn
slj
yRm
yRn
slk
yRo
cng
jdL
DAo
vrk
oEU
oEV
kGL
jdF
yRp
rcp
yRq
eZe
Cru
DAq
rcq
slm
Crv
kGG
yRv
Dgn
eZf
jdI
DAr
kGI
Crw
cnk
yRw
eZg
slo
kGJ
cnl
DAt
yRt
cnm
DAu
rcu
slp
oFa
kGK
yRu
dvA
ltA
dvB
ttF
ltB
tNJ
uWF
wEW
ywK
dvD
ltC
ltD
ywL
ttH
uWH
ieD
zZM
dvE
tNM
ywN
tNN
uWJ
ltF
ttK
uWK
dvG
uWL
ltH
uXo
dvH
tNP
ttM
zZQ
EoM
ltI
zZR
dvJ
tNQ
EoN
ltJ
ttP
qrk
dvL
ywT
uWP
ltL
ywU
ttQ
zZU
tNT
ltM
zZV
tNU
ieN
ttR
uWR
dvN
ltN
dvO
ltO
byK
zZW
dvP
tNV
tNW
ttT
uWU
dvQ
uXn
ttU
tNY
ltQ
wEZ
uWV
ywZ
dvS
ltR
zZZ
ltS
ttW
Aaa
dvT
ltT
yxb
tOb
ltU
tOc
tOd
dvV
ttZ
Aad
ltW
hlO
Aae
dvX
ltX
tua
uXb
luk
Aaf
tOg
uXc
dvY
ltY
yxg
Aag
uXd
tOh
dvZ
jSu
tud
lua
dwa
dwb
Aaj
tOj
dwc
tug
dwd
tuh
hlQ
Aaq
tOl
dwe
Aam
dwf
yxm
uXj
Aan
dwg
lug
bzc
tOo
uXl
dwh
uXm
dwi
lui
Aap
eFe
BiF
nzF
sFx
zFF
BiG
nzG
xID
sFz
BiH
ppK
eEz
zFH
ghz
ppg
wfE
zFI
sFA
zFJ
ghA
BiJ
eEB
nzJ
pph
zFK
rwG
BiK
wfG
nzK
xIH
nzL
sFD
ghD
BiL
ppk
xII
BiM
ipc
rwI
nzM
xIJ
rwJ
ghE
ppl
sFF
ghF
ppm
wfK
eEG
rwK
BiP
ghG
wfL
zFP
nzP
zFQ
rwL
sFH
rwM
wfM
xIM
BiR
BiS
wfN
la
ghJ
wfO
zFS
rwO
BiT
wfP
nzT
pps
eEM
rwQ
ghM
xIR
rwR
nzV
sFN
wfS
sFO
ghN
mLP
xJj
nzX
nAo
ghP
rwT
BiY
ghQ
ppx
zFY
xIU
cMG
wfV
zGa
xIV
rwW
nzZ
nAa
sFR
eET
sFS
sFT
zGb
rwX
ghT
Bjb
wfX
ghU
eFf
wfY
zGd
nAd
eEV
sFV
ghV
Bjd
xJa
rxa
eEW
sFW
ghW
eEX
zGf
rxb
ekT
nAf
Bjf
rxc
hlX
ppE
nAn
ghY
ppL
wgc
rxd
Bjh
eEZ
zGh
nAh
sFZ
sGa
eFa
Bjj
ppG
wgf
rxf
gib
Bjk
xJk
zGk
qrv
Bjl
ipB
xJg
sGd
gic
wgi
eFd
zGm
xJi
sGe
gid
oko
klY
okp
cnp
beu
klZ
qIu
okq
kma
kmb
Vy
bev
nfD
oks
kmc
cns
okt
nfE
VB
kmd
nfF
VC
cnv
kme
nfG
okv
VD
kmf
nfH
yRE
cnX
okx
kmg
yRF
cnx
kmh
beB
oky
kmi
beC
cny
nfJ
nfK
beD
yRG
VG
okz
VH
okA
nfM
okB
DUN
DVi
yRJ
VJ
okC
nfO
cnC
nfP
yRK
okD
yRL
VL
AuM
yRM
beJ
okE
kmp
cnF
DUR
okF
kmq
okG
nfS
DUS
okH
VO
nfT
hmc
beL
okI
yRP
beM
qIM
beN
cnI
nfV
bfa
qIN
hmd
kmu
nfW
beO
DUW
nfX
cnL
DUX
yRT
nfY
VT
VU
