Mjz
Ej1
KA1
JWs
HHk
Bal
NqM
FBM
IDd
Ij4
BCW
IRu
BlE
FCX
KQ6
DPO
JOX
Jvw
HDO
JD7
EQP
MQp
LPo
BtG
HTo
CT0
Ash
Mj8
G4R
AcI
HWI
N1_
IAS
DDs
GRK
COs
Eu2
ClC
Jxk
Mgl
AH6
I5M
CGV
MIv
IvE
BLD
CIE
F05
AH7
AKy
Dkw
BVX
AlY
MX8
GFo
FQQ
KP8
BaY
KKY
MjH
CAI
Niz
Ap1
H8r
JMr
NB1
J0A
BnB
NdT
HlB
NTk
KcC
BCb
KVu
Geu
Cdm
CpN
EPW
E3E
Fxw
InO
EJe
FKG
BGG
ArP
M_H
HzZ
Fwq
Mjp
NnQ
IKR
Ldh
I0r
BQ1
KES
Kna
AJa
N8J
DuT
FGj
C32
A52
Ivt
Ixb
BA3
Ehb
Nou
EdC
HC4
ID4
MxI
LDD
M3m
C0c
NA5
A_E
E3N
KN5
DgF
J27
Bd7
HtP
C9r
J0s
F3j
M7T
MiT
D5j
JyK
Dwk
FVk
Kjl
Le4
LsM
I9c
MBu
FEE
DsN
H4d
GKN
FX5
Mhn
JYF
B8w
Ake
LIx
Cyf
ERY
Kvo
CBf
Bc7
LGg
Bv0
JmR
IGA
MB2
FUJ
CMB
DrK
Fyt
AEd
EIU
IEt
IXl
FUM
J1D
BS5
Mhv
KjW
EGE
NHe
BRX
GmO
F1G
Ixw
NLG
KGx
GZp
ER8
Ing
Lnp
MI0
DM_
ITR
Fv_
Ghh
CBS
Be0
F_r
MBa
MoU
JQt
DCt
H4V
LhD
D6E
Fu6
DNn
GNw
B_X
LmP
DIf
BwQ
BMZ
AsZ
EfR
KkJ
NVA
JY1
MD2
LDa
MiK
KzC
G6U
GSC
Hwb
KxU
C9Q
Hkg
KbD
Nad
JWM
CcN
