smooth_hood
nutty_semaphore
video_taped_computer
hungry_aims
defensive_grasps
shivering_realignments
modest_chambers
promising_kiloliters
mathematical_operators
disabled_contrast
feminist_content
easy_wardrooms
reliable_stator
sheer_coin
planned_strengths
real_fire
thin_chain
furious_hate
mixed_remedies
encouraging_screws
driving_overflow
splendid_stairs
resident_contents
sympathetic_exhibit
smooth_initiator
awkward_veterans
divine_frigates
wooden_resistance
long_term_nail
brave_discontinuations
strange_cars
mild_ranks
dynamic_scraps
narrow_stapler
personal_circuits
screeching_pronoun
cruel_extension
reasonable_splitter
adjacent_curvature
accessible_gloves
structural_terminologies
combative_personality
nasty_stems
impossible_anchor
smiling_lakes
magic_fines
dead_oxygens
blank_terminologies
fantastic_valley
odd_vibration
grateful_hand
pleasant_possessions
ready_blazes
inland_year
exact_lamps
gorgeous_submission
difficult_oscillators
moral_writings
sacred_automobile
deaf_bond
fat_dirt
breezy_safeguards
puzzled_radars
superior_skip
cooperative_signaler
wide_eyed_dispatcher
other_case
western_armor
light_prop
wide_compromise
cheap_sand
communist_dips
wet_crafts
established_typist
driving_aggravation
happy_punishments
renewed_tractor
muddy_manifests
sensible_firers
smooth_ensigns
wasteful_picture
dutch_fumes
exuberant_comforts
Sound_nozzles
canadian_registers
correct_transistor
independent_distress
mere_station
voiceless_wedding
minor_beings
crucial_rhythms
miserable_salvages
concerned_deviations
annual_chairman
broken_dive
purring_beginners
so_called_principals
warm_shores
maximum_toothpicks
magnificent_lenses
injured_breeze
unpleasant_sentences
greasy_pockets
retail_fountain
dramatic_horsepower
continuing_transformers
vast_fours
good_rumbles
fundamental_nines
ripe_proofs
medical_limitations
hungry_speech
naked_parenthesis
enormous_taxi
magnetic_wound
italian_icing
confused_carbons
fluffy_destination
operational_cements
miserable_consoles
wide_eyed_heading
annoyed_rheostat
empirical_mounts
distinct_flower
anxious_mediums
subtle_officers
western_macro
equal_stuff
imaginative_toothpick
steep_flake
russian_array
amused_jars
mixed_boils
open_zero
back_messages
japanese_lessons
jittery_pages
worthwhile_vessel
residential_boxcar
causal_caliber
parallel_drainers
standard_mercury
colorful_glue
lively_origin
prickly_sleeves
extensive_hums
disturbed_humans
determined_ranks
original_apparatuses
premier_circle
lesser_win
troubled_office
slippery_brakes
initial_amplitudes
juicy_cavity
satisfied_sockets
fast_spindle
handsome_shifts
shrill_engineer
skinny_aptitudes
unwilling_metals
universal_harnesses
sheer_rifles
bored_sheeting
interested_airfield
magenta_salutes
royal_interchange
compact_subprogram
australian_aids
cold_hose
unique_fists
added_station
bitter_boards
calm_altimeters
old_fashioned_painting
straight_retractors
mushy_wonder
regional_shame
imaginative_fractions
direct_difference
costly_stones
like_lock
added_collections
cuddly_plots
future_jumpers
balanced_radiators
respective_withdrawals
damp_electron
fiscal_gland
unusual_notes
open_hair
premier_interchange
weak_fuels
long_term_threats
kind_fuses
unfortunate_berries
married_stoves
breezy_flaps
happy_meats
unnecessary_flower
expected_love
retail_veteran
interior_rack
obnoxious_graphs
damp_tracker
pretty_courses
principal_motel
metropolitan_glands
resonant_entries
amused_cellar
absolute_radiuses
coming_map
lucky_laughs
russian_clericals
relaxed_restriction
thin_discrepancies
awkward_look
welcome_alias
secret_appropriation
specific_puncture
old_thickness
flat_centimeters
zany_danger
afraid_attraction
significant_peacetime
ordinary_chairman
content_polices
military_partner
wooden_president
supreme_warehouse
public_defect
brave_restrictions
existing_occasions
dangerous_west
motionless_insertions
extraordinary_travels
raspy_crop
clumsy_committee
crude_confession
nutritious_waterline
well_attachment
loose_talker
horizontal_affiants
part_time_convulsion
patient_crime
unknown_wish
passing_hardship
silent_incline
mysterious_jaws
little_slit
accepted_vent
rough_trackers
commercial_blueprint
global_difficulties
glad_disasters
relative_guides
exact_hashmark
upset_servants
compact_jumpers
universal_lubricants
absolute_doses
welcome_whirls
parallel_energizers
accepted_family
final_platforms
yellow_displacements
charming_chalks
indian_parcels
sporting_allotments
organisational_link
worried_space
remote_subject
confident_tactic
wet_greases
mighty_automobile
part_time_folders
skilled_engineers
worried_august
bewildered_laws
joyous_chaplains
broken_cent
wet_magazine
shrill_may
amateur_axis
distinct_hierarchies
busy_decks
creepy_feet
friendly_regret
aggressive_violations
official_swallows
preliminary_removals
imaginative_sides
thoughtful_difficulties
prior_safety
dreadful_wrenches
used_topside
secure_hammer
proposed_highlines
dear_techniques
firm_management
square_assembly
grim_scope
australian_formulas
anxious_acceptor
mental_requisitions
healthy_health
orange_reliabilities
historical_accesses
tame_servant
muddy_definitions
regular_functions
parental_memories
prior_language
forthcoming_revolution
wet_fifty
dramatic_ports
dangerous_misfit
nutritious_exhibit
urban_lees
miserable_outfit
suspicious_solenoids
obliged_jeopardies
liquid_salvages
superb_headset
lucky_hilltops
distinct_minute
aware_rug
collective_stem
notable_zeros
electric_direction
intermediate_exchanges
surviving_object
professional_tension
urban_publication
native_hiss
cold_arm
so_called_rumble
alleged_patrols
lengthy_hilltop
romantic_shed
striking_copies
closed_deposits
harsh_license
smooth_village
dirty_subordinate
entire_ambiguity
tiny_plexiglass
wonderful_milliliter
industrial_poke
breakable_welders
exclusive_protection
individual_ball
handsome_discriminations
low_dresses
grotesque_accessory
acceptable_intake
unusual_man
slim_bureau
forthcoming_kilometer
happy_submarining
simple_diamonds
regional_pond
fond_bonds
watery_accordance
warm_lighters
dusty_staple
yellow_candles
delighted_drifts
depressed_nights
evident_engineering
terrible_islands
pleasant_cuts
friendly_bean
remaining_texts
high_reaches
eligible_deed
special_rhythms
unknown_tower
marxist_skies
screeching_pound
reasonable_sponge
successful_piers
old_cakes
modern_women
civil_alternate
head_bay
excellent_rail
bloody_beam
helpful_windlasses
limited_whirl
delicious_interchanges
dreadful_missiles
respective_range
military_enclosure
estimated_hospitals
principal_troop
delightful_fatigue
wet_messages
irish_halyard
tragic_tactics
eager_gasoline
limited_seam
muddy_mounts
magnetic_splash
disgusted_parcels
modest_recognitions
lost_prism
double_teams
ugly_tastes
long_term_lifetimes
shared_post
selective_manifests
happy_brains
probable_machines
great_diode
marxist_specification
rough_outfits
fine_cotton
arrogant_college
squealing_draft
romantic_nations
powerful_parameter
unusual_inference
mixed_alternations
muddy_passes
premier_plow
wild_whisper
cautious_checkout
happy_margin
frequent_altimeter
adorable_hoses
tricky_eights
fascinating_weight
friendly_speeches
systematic_constitution
blue_thresholds
catholic_tendency
crooked_paces
distant_complements
encouraging_stretch
cultural_performance
distant_neglect
green_storms
panicky_dew
tall_trigger
judicial_surprise
annual_holes
willing_destroyers
nutritious_motel
rare_capstans
loud_powders
damaged_extras
insufficient_data
long_meridians
native_attesting
legislative_sewers
frightened_credit
flat_membranes
clever_forty
governing_thicknesses
prickly_core
rolling_device
brown_ounce
part_time_character
thorough_moon
excited_ladder
courageous_overcoat
easy_return
wandering_cones
clear_shame
american_designator
happy_complexes
certain_receptacles
concerned_efficiency
turkish_stare
remaining_banks
delicate_cheat
juicy_loss
premier_workbook
commercial_windlasses
colorful_destroyer
whispering_oscillation
slow_jack
poor_cliff
imperial_paper
musical_wastes
tough_honks
hilarious_parity
sharp_knee
alone_propose
boring_frames
major_indexes
skilled_taper
fat_quartermaster
fast_shields
historic_precaution
embarrassed_talkers
correct_sole
labour_periods
nervous_merchandise
nearby_voltages
future_computer
high_pitched_voids
vast_tip
definite_gangways
additional_fares
young_registers
heavy_commanders
smart_web
teenage_candles
voiceless_ribbon
technological_elements
sole_instruments
horrible_drift
wet_employee
early_tachometers
parallel_thyristors
successful_fastener
rural_seventies
running_locomotive
pure_type
balanced_manners
lonely_interview
everyday_muscles
incredible_remainders
loose_enclosures
shy_contamination
black_misalignment
inquisitive_elimination
vague_refurbishment
intense_stabilization
asian_shadows
scattered_signalmen
then_talk
autonomous_chips
shallow_skies
vulnerable_rims
developed_bailing
useful_orifices
misty_ideals
mixed_privates
common_linen
advanced_quiets
lucky_invoice
part_time_roads
jolly_sessions
fast_loss
misleading_logistics
only_freedom
lucky_minds
outdoor_whirl
fierce_violations
shallow_damages
fond_keyword
lengthy_prop
radical_sounds
straightforward_lifts
institutional_patter
unsightly_figures
intimate_customers
romantic_leaves
frantic_compensations
sharp_briefing
amateur_cart
determined_plays
welsh_basin
bitter_sharpeners
surprising_miners
naval_carbons
selective_flaps
genuine_feeders
fatal_month
smart_pine
content_nest
typical_annex
individual_comb
environmental_press
odd_cents
elderly_stair
nursing_railways
sticky_lift
mute_procurement
outdoor_offer
healthy_punishments
premier_dozen
inherent_advertisements
immense_option
instant_cashier
bumpy_cleanliness
hidden_pedal
desperate_arrangements
senior_member
british_identification
bumpy_doorstep
smoggy_models
swift_amplitude
original_guard
electric_union
realistic_passes
friendly_reduction
ultimate_memorandums
liable_clubs
psychological_shore
rival_procurements
cruel_twist
male_morning
pink_fuel
armed_thermometer
unhappy_sentry
everyday_rod
voluntary_merchandise
black_evaluation
chief_winds
drunk_vendors
supposed_stacks
korean_messes
lexical_fighting
marxist_drillers
delightful_depot
brown_bushings
rich_impedance
nasty_submarining
internal_marches
intimate_vision
arab_analysts
previous_training
remote_mints
depressed_camps
entire_island
flexible_stuffing
slight_component
absolute_servants
diplomatic_swims
dull_units
horrible_ground
correct_swims
glad_tailors
cooperative_investigator
distant_wonder
gorgeous_burglaries
liable_striker
relative_delegate
purple_lent
grim_suspect
known_pistol
bewildered_slinging
fast_stamps
relative_investigation
beneficial_torques
prepared_cup
adorable_acquisition
desirable_frames
evident_soil
shallow_decoder
wide_eyed_maintenance
charming_condensation
wide_ensign
crazy_squeaks
pleased_organizations
historical_encounters
artificial_policy
systematic_hills
brief_alignment
underlying_apprehension
sound_dollies
specific_entrapment
mere_schools
political_amperage
technological_divisions
purring_lines
complete_war
hilarious_daughter
compact_consoles
future_associate
unnecessary_durability
young_pockets
like_yield
conventional_investigations
electrical_sunday
fit_forecast
brief_clap
socialist_principle
dangerous_north
terrible_rattles
tiny_oils
palestinian_tug
colonial_submarining
better_work
sharp_balloon
concerned_radian
roasted_sod
western_till
profitable_handle
modern_comparisons
alert_menus
healthy_letterhead
structural_perfect
sparkling_accusations
exciting_tacks
familiar_crowds
interim_days
ok_uniform
inherent_indicators
steady_badge
melted_splicer
loud_citizen
fatal_meal
balanced_breast
controversial_efficiencies
british_configuration
popular_polishes
joyous_writing
medical_blasts
forward_sevens
embarrassing_dynamometers
collective_laser
fit_plan
invisible_trade
british_forehead
compulsory_cliffs
fashionable_privilege
feminist_navigations
fair_impulses
fundamental_kettle
minimum_winches
juicy_transfer
bright_subtotal
living_bones
geographical_ending
juicy_accruement
clumsy_tests
liberal_ounces
comfortable_enlistments
flying_splitter
burning_signal
married_compasses
poor_paints
wide_eyed_minority
personal_date
uncomfortable_appraisals
enthusiastic_diagnosis
lexical_malfunction
anxious_properties
splendid_fractions
striped_clerk
main_appropriations
extensive_junction
corporate_supermarkets
tremendous_flow
close_brace
reasonable_opinions
empty_position
spontaneous_grips
japanese_profile
hissing_synthetics
helpless_meat
immense_ships
golden_books
moaning_silence
living_suppression
gross_friends
gross_dare
kind_spear
deliberate_condensers
dull_stalls
brief_ticks
radical_tendencies
friendly_inclination
cuddly_master
broad_coast
adequate_programmer
cloudy_labors
persistent_starts
rigid_shovel
hushed_winters
urgent_glove
artificial_garages
helpless_conn
solid_improvements
rolling_swords
medical_foot
horizontal_ceremony
increasing_exterior
tart_north
stupid_detonations
cute_signalman
principal_barrels
colonial_guidelines
visiting_worm
eastern_error
cold_present
innovative_inventions
sporting_specialties
homeless_exhibits
homeless_dishes
parallel_conspiracies
spatial_brushes
desirable_ear
willing_eddy
stale_decrement
homeless_capabilities
insufficient_clicks
legitimate_jams
cold_secret
ltd_stresses
keen_publications
loose_curl
deaf_cracks
rude_detonation
additional_breast
thoughtless_switches
terrible_procedure
divine_nests
separate_lands
respective_rhythm
tropical_respirations
consistent_mists
reluctant_whistles
naval_manager
canadian_daytime
forward_gangways
spare_pad
tight_doors
official_echoes
compact_package
ill_leader
naughty_messenger
fat_hand
gothic_leather
evil_license
thirsty_increase
rainy_rainbow
light_reservoir
outrageous_link
evolutionary_chamber
diplomatic_spins
little_brooks
mysterious_obligations
appalling_spirals
secure_inclination
jittery_permission
slight_solvent
brave_stowage
strong_casualties
white_misleads
expected_resolution
strategic_accomplishment
criminal_sleds
repulsive_lights
cooing_puffs
evil_fog
old_fashioned_wagon
lucky_specifications
fashionable_implement
narrow_cautions
successful_days
frantic_maximum
wicked_decision
strategic_beam
reasonable_seals
balanced_sock
fine_alibis
nutritious_securities
male_struts
verbal_tapers
reluctant_integer
written_leathers
high_introduction
peculiar_rust
marked_surges
genuine_velocity
like_freeze
massive_dealers
peculiar_cough
disturbed_boxes
romantic_custody
rear_shore
marginal_giants
unwilling_points
sweet_carts
worried_reports
straightforward_hate
dying_adaptions
unemployed_strands
turkish_upside
passive_multiplex
determined_visibility
stupid_proportions
confused_tablespoon
fantastic_lard
financial_limitations
missing_coder
moral_colon
subsequent_sunday
brainy_pen
primitive_gallons
eager_blows
uptight_bubble
magnificent_cents
young_pointer
rough_lenders
spicy_mouth
international_tuesdays
overwhelming_clip
clever_staple
symbolic_class
agricultural_problems
faithful_definition
variable_assembly
tart_line
flat_arithmetic
controlled_deserts
standard_quantity
fresh_bigamies
historic_peas
accurate_ampere
spatial_difference
crooked_visibilities
wicked_gaskets
blue_liter
evil_calendar
silent_administrator
sticky_capacity
thoughtless_tracks
dry_professionals
unusual_mattresses
dying_run
cloudy_shipmate
blank_today
isolated_props
bloody_semiconductors
serious_thermocouple
emotional_office
fit_dishes
dizzy_affairs
unwilling_pans
wet_compensations
well_district
amazing_deflector
interim_waxes
ugliest_hyphen
joint_resource
protestant_sword
mechanical_fasteners
open_parities
stormy_flower
favourite_detail
foolish_interchanges
quick_sister
nearby_coordinates
statutory_presentation
huge_kettle
faithful_hatch
hidden_bushes
useful_lace
glamorous_scopes
happy_resolution
fierce_torque
post_war_admiralties
serious_hierarchies
jittery_features
democratic_flowchart
conventional_port
swift_orifices
limited_hitch
rare_mule
tall_catalog
constitutional_deposit
regulatory_intensities
spare_systems
developed_rowers
competitive_sweeper
autonomous_separation
integrated_clang
joyous_debt
junior_lees
lonely_varieties
unable_tracker
peaceful_powders
favourable_value
political_preparation
short_term_metrics
awkward_toss
faint_chatter
divine_struts
secret_escorts
legislative_dive
deafening_sides
japanese_pennant
long_overlays
helpless_automation
orthodox_windings
vulnerable_harpoon
soviet_batch
cloudy_stage
charming_bell
extreme_voltages
open_abrasions
eerie_burn
friendly_grids
damp_sets
foolish_numbers
constitutional_failures
linear_bushing
faint_capitals
qualified_partition
select_launchers
upset_dispatchers
naked_cupfuls
excess_fort
warm_outlet
weak_boat
cheap_selector
comprehensive_yields
renewed_entrapment
ugly_bonds
racial_humans
industrial_fellows
passive_villages
old_fashioned_scratches
urgent_compensations
generous_dependencies
shocked_eleven
agricultural_door
binding_scales
puzzled_observers
sticky_assistance
organisational_orifices
individual_passengers
rapid_seasoning
disturbed_meanings
revolutionary_distortions
loud_segment
net_swivels
evolutionary_tosses
magenta_sample
magnificent_eggs
endless_lubricant
junior_advertisement
many_walk
divine_verification
dirty_buy
spicy_jackboxes
alone_touches
influential_ability
faithful_cheeks
stupid_hickories
german_motor
rapid_leg
close_computers
irrelevant_hums
nasty_polices
extreme_makeup
advisory_pages
available_knock
handicapped_banks
mad_hate
occasional_educator
evil_straighteners
hon_telephones
ridiculous_spars
geographical_feeds
typical_music
willing_protest
bewildered_enemies
relieved_display
democratic_region
american_railway
warm_runners
slight_misalinements
uninterested_profits
capable_fillers
judicial_colons
lengthy_attachment
naval_breath
attractive_sponges
weekly_retailer
western_leap
likely_bunches
convincing_religion
odd_transformers
extended_scopes
deafening_jump
middle_class_conversion
judicial_highways
horizontal_discoveries
following_lent
roasted_substances
distinct_disasters
thick_flashes
realistic_registers
legitimate_hundreds
high_burn
quick_shafts
supporting_commander
meaningful_bureau
integrated_firings
crooked_profit
automatic_replenishments
diplomatic_missions
narrow_videos
related_reveille
financial_care
hot_charts
alternative_labor
cuddly_timers
handicapped_bracing
crude_carpets
profound_wrench
sensible_shadow
rainy_shields
bottom_platforms
worldwide_drain
fucking_sticks
zany_step
developed_laces
direct_boats
adjacent_oscillator
filthy_aggravation
depressed_milliliters
stuck_headers
magnificent_fathers
expected_crops
latin_paragraphs
feminist_ink
alleged_keys
cultural_drain
ancient_grip
grubby_loaf
foolish_workbook
confidential_appellate
crude_receipts
sunny_henry
empty_retractors
cold_modes
slow_pegs
meaningful_manner
payable_breads
dry_stomachs
eligible_blanket
wild_obligations
frantic_deserts
crucial_weldings
english_seams
coastal_analyzer
sticky_quarter
invisible_preliminaries
ugliest_soldiers
yellow_stock
willing_slings
arbitrary_tabulations
metropolitan_stuff
planned_security
testy_pull
whispering_transits
unknown_cure
mental_wheel
distinct_handles
hurt_purchaser
aesthetic_engine
high_integrity
loose_pins
wooden_infection
uninterested_bang
similar_kills
splendid_bang
statutory_multitask
quickest_privileges
watery_reductions
sudden_gallons
cultural_confidence
annual_increase
busy_locations
hissing_chalks
bright_fights
motionless_downgrade
uninterested_possibility
encouraging_horizons
yellow_area
visual_lane
silent_torque
big_pictures
italian_rakes
quick_tap
intact_guide
theoretical_race
practical_choke
sorry_use
rough_mop
juicy_beliefs
competitive_shadow
realistic_hems
brave_prints
traditional_handler
comparable_harmony
early_hydrometer
palestinian_labels
allied_lamp
smart_ideal
determined_lumber
golden_requests
reduced_permits
qualified_electrode
secondary_pads
collective_abettors
cruel_skew
fast_inlets
fundamental_cockpits
profitable_excuse
practical_stores
brilliant_sills
shallow_conducts
immediate_touches
poised_annex
blonde_preliminaries
swiss_crops
creepy_regulations
future_couple
sore_slash
quickest_lieutenant
hungry_manifest
smiling_journey
artificial_feed
hungry_bin
naval_handwriting
yellow_dissemination
tropical_country
vague_missions
due_meter
thick_cheaters
lazy_garage
isolated_battles
molecular_car
rising_erasers
blue_sheets
available_puddles
architectural_contract
unemployed_crusts
blind_courses
constitutional_takeoffs
just_pilots
wrong_deputies
magic_feet
tender_forearms
artistic_pine
divine_disk
flaky_escort
net_president
correct_safeguards
previous_square
stingy_pilots
coming_goal
major_total
ashamed_meters
dull_appeals
exuberant_hairpins
severe_intake
juicy_order
deep_house
real_end
divine_interruption
official_strings
western_camera
divine_pick
bad_route
cruel_excuse
ltd_weaves
evil_son
only_fact
diverse_problems
military_rowboat
inclined_needles
disappointed_axes
frozen_superintendent
lexical_bushel
classical_searches
scattered_lock
distant_supermarket
iraqi_mixes
violent_drawings
outside_conjectures
okay_fifths
devoted_seconds
aggregate_winch
driving_grease
open_ovens
increased_ventilation
eventual_light
narrow_jars
gothic_citizens
wet_periods
disciplinary_vicinity
high_fountains
collective_entry
definite_wrist
fat_call
deaf_partner
innovative_settlement
little_location
rolling_shelves
sexual_catalog
systematic_wages
melted_gangways
high_pitched_firers
loud_brushes
high_circuit
wrong_terminals
accurate_hope
foolish_strobes
reliable_trips
capable_chock
misleading_dots
square_throat
proud_auditors
registered_modes
due_sports
naked_allotments
marginal_cast
inc_note
easy_witnesses
classic_shaft
social_stretcher
whole_absences
pleasant_airport
salty_buffer
rich_thread
liquid_hauls
artistic_hate
artistic_sterilizer
powerful_mechanism
exciting_fluids
zany_seas
canadian_mechanism
hollow_keywords
accepted_tug
flexible_lap
presidential_smiles
raspy_recruits
extraordinary_backup
crazy_computation
random_sections
depressed_poison
imperial_flashlight
regulatory_frigates
close_thermometer
delicious_surges
helpless_dam
loud_thermocouples
zany_technicians
written_feature
related_temper
relevant_rags
smooth_quota
obliged_alibi
high_debt
interior_selves
ruling_budgets
armed_grease
assistant_standardizations
linguistic_butters
black_footings
necessary_misses
orange_sums
easy_injectors
left_hangars
delightful_nameplate
noisy_tracks
ordinary_reactance
critical_procedure
quick_combatant
geographical_season
musical_deletion
economic_grade
scottish_subtask
experimental_catalog
cognitive_fluid
horrible_shame
welsh_jumpers
outstanding_paint
inland_investigation
awkward_flares
odd_profession
miniature_substitute
allied_bus
semantic_money
useless_fires
total_difficulty
quiet_fashion
monthly_groan
relevant_ambiguity
anxious_superstructure
ambitious_laugh
burning_circuits
strange_kisses
individual_amperes
strange_instructor
friendly_surprises
beautiful_factories
mathematical_lubrication
marxist_liberties
thick_grains
probable_signalman
tired_retractor
part_time_defaults
relieved_applicant
available_canyon
gigantic_yarn
hot_procurements
quick_substitutes
efficient_spacer
efficient_deployment
balanced_dollars
proud_dolly
pregnant_dye
nursing_town
adverse_speakers
managing_streak
icy_runouts
rear_cellar
eldest_pick
quiet_disk
indian_lap
continuous_projects
other_defections
smiling_bodies
eventual_freeze
mad_application
legitimate_tumbles
