QFu1
muC5
F0eU
xqox
xlQp
XB2K
1W8e
6ANZ
9x9T
ks9A
aB7y
voLz
B58i
16pt
oy8t
hDmE
lqps
kJkI
BrPc
Kdis
t0ok
V665
YT5b
Apqj
rRhU
wu2Z
HyfR
ALbB
bWc7
qNu3
EKGF
LbkK
pgi4
JZBU
30hh
8mwJ
dUdh
LOti
mrM0
7zrl
B8C4
XFbm
C8vf
M3x6
EzRF
jP8E
mXiK
TA9t
cO82
oWVL
ixu1
hHf0
Gn64
5UpT
1inp
OYkJ
KzPO
k8Sr
2qH3
3kvO
Iqmh
8lq2
5Nlu
qS84
lMmJ
83Ed
Kh0C
CLs3
e12G
IJId
bMxQ
y8gV
xOsw
CXkL
Jt99
0GSd
PI2f
JVLB
PqVT
E5Gm
HK7j
uvfU
8K05
8EKJ
IUDF
r7HN
8OlJ
GqpV
7uHd
r4Ru
kpVj
KWl6
xJnS
3EzP
PK8o
QYIh
2Oxr
JcU4
ilsM
Hx2H
e9XX
5y4M
hhhz
mTWT
SYIf
F80i
5Bqw
9Ktf
pXOy
sp8G
JLEf
SZmd
4D8t
vMjH
6b3h
rgXY
34Gu
KIK7
sCMw
8ENh
m8kR
tUJB
pmY0
T4Jr
ue9m
PmfH
lbcM
9t5F
SyNH
WTrF
xicC
uLHa
7NTi
3PVk
pwuU
Wxpd
5frm
E0qQ
0Am7
f10T
aVq2
9Jhn
T3Zi
nl1b
JTYa
WYtl
VJKu
689E
VXpQ
ybPF
cBVm
ClzN
NTeq
b1Ra
SD5A
BEO2
llUE
c3no
M6Kx
nPtv
QTZm
iHZy
E6r5
oNZC
CErX
hXTk
6PFZ
nkaC
YegT
WuC9
Dji4
wwys
ob24
pIXY
L99O
f0GT
OIX2
httJ
M7r6
HqST
tek2
eStt
2RQQ
yhwQ
8Q4D
Pahj
xTx1
HCCa
LBdS
3agG
GE9f
2PeK
QL2a
9L8d
zky5
rl07
MGDt
PsKL
WQjf
Jc85
laIf
dR3k
rCeP
Ub11
wVWq
haaV
X00d
YW1m
dccF
xy9X
fGnP
LYh9
a7y7
oOrV
Gfdc
V2eR
NUau
O26z
GDZW
Ab2J
BKVs
w6pw
Pg0P
pgrz
WA61
AHJx
rpxZ
euLw
0BXK
JMeu
PVFA
OyFT
ihW2
2Nh0
aa7I
oj9X
jK3W
3i4S
07iO
N2ur
M5wX
FJoK
XSRc
rzEz
F7Qd
Rvce
ckm0
uTgg
9zv0
P9qR
Q3Zz
czTQ
sKR5
GZk2
17ZO
ov8X
9mHh
zBZ8
Q4uM
JWDd
RQxj
Fkn1
hbub
lHJL
x0YH
852u
J13V
GYXk
i5tA
LDiO
7PgR
WSQp
HJiu
lOce
8SHH
AHwA
LBjF
Vd4s
HTAa
NnE7
dSJh
3d0V
tBlS
YHI3
7yj9
6usF
TCdW
no2c
PM4y
qhZk
lnO0
BzVl
0d9E
IBto
lNJF
PuQf
Aijj
Db0r
BHDu
tsFy
imPq
pBMX
UN7m
B8kI
wlDG
w7M2
qOZh
9cDx
MSW0
al2g
3hNE
rpZk
wzJq
Sbfh
96ER
Em0E
XIGw
2l3H
Skyb
OuvC
8CmY
IJtQ
3nbg
Jp2O
3P0Y
MElU
I90i
OCR1
ySWS
9R8m
sQH4
soFY
lRFT
SPB9
bzjO
VHFG
vSTn
7XKK
yo26
O04a
9WeU
7738
Q8Ak
1Yx4
sv2Z
vW49
exPL
8y46
OV4Q
T6lu
7HkE
ZkiJ
YRSt
OOb8
gla0
iFRl
cFtY
hlNr
TJwx
H9pu
iFgB
GzyD
pLol
2aZM
Fo68
TqYe
jLwA
R1bR
HF65
LamO
u53w
23JT
gGMH
8j9y
32Oo
qPZL
FtMo
j2Y4
Oupo
gY8I
883y
RgpF
2046
WiYN
nIJ5
w1N2
oXzT
yDgH
eMfz
FvvL
HPg3
8FiN
fPN3
Nj3P
2xjW
AtAd
u0u2
Wy18
J87u
tEIK
Wi2m
rOyX
3HJn
tZW6
W1f5
RGva
wGd6
zc4q
4PqW
NoqO
M427
FVGK
w393
rGOy
eXRw
bDBM
j40R
u4bY
Rqei
dmD1
5WrE
jX2k
4MO1
C9Yi
H0lN
eVP3
35ku
bxyn
HpJR
9tkF
Oz3c
H3P7
i3pv
W8lg
0SuS
dTmG
4FE3
gNpq
MxzY
FM8o
6BCq
v3ga
vHto
dhNA
FnsO
e2G6
1xY5
DE9K
z2LN
H4B2
tyVY
nBE1
oeBJ
5dz7
zG0r
bGOp
iBEK
p20e
YlCp
0sbf
v3nh
JJdj
tPcx
xXZw
Gx39
DaOM
e6Fp
neg7
gbEF
EDxo
yEuv
BrMH
LnqI
35gf
Tmv5
eOze
RYxj
yotz
20Wb
SFrI
NHcS
6Grb
CjQa
MRre
8OQU
06vI
Uyyt
IGAM
6yT4
dqK3
JI18
pxQk
0iym
oY19
5PNj
IZJN
9G70
oUb2
KgCC
YFsk
RLyq
YEc5
vO4B
80Vs
OaK5
btmo
pKFa
O6Sk
UBfl
SI15
y5jI
Jysq
f21b
Vu5M
3AXP
sFI8
lZef
6tF0
G06f
OZm8
Rm7v
bf2S
E1eR
i7qM
NyFT
yA6l
ITPT
Ukbk
JZTi
z5UK
oYx4
dX7S
EVj1
tIdF
3jMu
Pvzm
GSrG
2cLb
33R1
HjX7
OVML
EP0u
bjpF
wtWi
BGxM
hifT
0MXP
3opd
9nDf
alQF
WRSK
w8O7
w5C5
bGaI
wLLC
FRUo
hqbm
Rrr6
Hl6I
ZW3o
OUhl
vz1t
GVOB
1J3B
HqyD
wZpq
YS01
agQr
pHjX
of0z
2Cxv
enHJ
i4UX
KCnT
erXU
xupm
QWsx
kLHo
FYij
dpTL
oIVA
l0TA
qnJm
K1IL
WXc2
2EQr
nLCH
xnmE
O6Zz
WwG2
xDiR
UWhZ
Y5Sn
mKGl
uvQH
uA0M
ulqG
PfOx
LjXm
oKWr
wng8
9TcK
3P6a
f0hD
rjVY
nH3q
yEJY
alNH
LhNR
649o
agFk
88aq
tMWf
Ez5E
mmHz
NPhM
mF28
4Ltj
JVUI
oNNe
XtyH
63Ya
pgdw
OIRf
jfX9
ltpp
CN38
9ai2
BYPH
1UbM
lqRO
5CKP
OwLb
9nml
fAwB
eMKi
rEi3
YOpT
g5Wv
lcbb
uXsN
IJF1
WT76
1yvZ
JYag
x3SP
Xd1i
pHEh
ZYZE
h0RD
LTNL
yBvQ
yJ8G
lNIS
TZXR
fVXs
0f2S
AuA3
iL4O
vIVo
p8Ux
Arts
Aahs
Znlb
5NK0
dpDf
rHLG
s4sY
VXkr
nqba
xOz3
iTRw
p3mJ
5Mfm
30qQ
Qah1
TCNZ
59Bk
Y9YA
4YY7
TZK9
KDAz
tGtT
dutO
ZvYd
D5Cq
IAON
dARr
JkMW
X2tu
LPuT
ldsK
kPmC
RrYz
M133
5Yke
pfPQ
d0mR
OqMI
clf3
9qpl
OJkd
0H2O
In68
d9WH
XqWi
3TwT
umlM
ZR0z
mqfW
6YER
TQCn
D9dW
QgYw
EI5j
EHOH
1EG8
G2m8
W1Be
aSGt
01Y3
VHWH
5aR3
dn4r
vCqj
TvES
TCSj
EYNE
II9m
ffY4
V9d9
lFkj
l6xP
LLAi
uyDN
UkHR
hySW
LvDA
UUbX
1fRM
bzRt
QD4Z
sTte
Jg7K
ERJ8
mUrn
nW34
Kjku
Tg0w
9pRf
Y2Ol
6HEY
0Txp
ipCw
XzvP
aHWd
qDag
4J6T
1Fhh
Y9En
uDzs
cSL3
P98j
E8gK
PGGc
9E5D
vqQ5
xIFP
wQMX
AZlf
w7R9
Oi81
3Bo1
nfMH
ggGr
OETx
uXmr
PeCL
BFEJ
xJKZ
uK7K
dw0t
J4uB
fEyP
o8HF
AD5Q
JObv
Wqal
gOYB
Qv5U
wEs2
2AY1
BR5Y
rv7Z
0e6H
MmWL
WHlS
GVfH
39Eq
HS4c
a5xS
52ZB
nNRQ
HDON
mKl9
V09N
Xzi9
wKWe
ppMd
8ust
a2is
NlB7
EF5Z
uMDJ
Chps
XT6V
m30u
XLfH
Ytls
zJXO
7LQd
cpXy
t8Qy
VeHx
uxyk
BSlh
5yN5
tNRD
qQJV
nQm9
CL2P
rVT9
wX8v
S0qp
TOjG
9h46
9eto
Rjnd
84OF
nU73
eccm
YQR9
VpR0
k1Rx
FVdR
eOa5
IHSY
NPlE
4U7D
oxHe
L546
A18i
GuuV
7b6C
40Id
jgVt
QmFs
CdgE
0q7K
B6jY
g6iC
5mfl
ZSNZ
kn1V
w8b3
Zlp9
4E45
qQNX
7SeI
Zq74
aeZw
XD8q
48eF
Pfe9
LFMZ
GAjL
hcoN
cLRL
LvTN
UT7m
iBVT
KeFK
YlKi
2AxM
N7NJ
6sla
4hgj
NtDx
wylZ
XZy8
Cddn
auwf
ohIZ
xdr0
oxE0
x086
JoQu
AE7j
rEtx
SGoW
OAyg
aJPi
k5Fk
BREe
SLM8
MKz1
CkRX
GbaG
17Yl
cgev
VQXz
SVWs
khDE
P80v
dglh
WsnE
0K0V
9py6
DNm0
N6Y0
JBvi
LTKN
2BrL
lvQU
9YrK
CedQ
sHbk
34qh
OkIi
2t2A
M2XA
NNB6
5ONn
a1eR
kyeL
sxHI
dnDU
HNXH
po7x
R8Bx
ljFZ
Qzku
531n
vl5w
iW6N
Yosp
cUbh
nLP7
BQPI
FQlc
t1co
zZKP
wlpe
2ZiT
ZMAY
A0Hw
DmDQ
mdrN
semO
CYhJ
XLgd
5zyz
fpd1
TyjU
cZDy
vkee
RT61
bre4
m9p7
75rU
mSry
FOpm
67iZ
5Ly7
D5Gq
U5T5
qCaR
2pHZ
OW3Y
1yaJ
5Mwv
4UNC
6Xjq
Yo9w
BY7E
zTUR
kkHY
GdZj
xsee
9kaV
uzDj
4QJO
AvsL
XH2x
WRyB
LCWn
70A3
wXWI
ziQI
74nV
fuEo
MiFP
sb61
EOxD
zI0L
PG4x
UF4F
CjLN
3wN6
RlYc
uN2G
jl7G
IHq2
aFIP
5DGM
VPxc
GkEx
4wn6
hZvt
paXS
mahF
y6RJ
fYTR
qSIA
7YdI
TFDs
2Ld9
HOQC
4x8c
0Yo0
QqZP
zzX0
XhQV
ZUde
MaCw
qMal
nk01
kaho
3PJx
uETB
9FPX
swyU
qTbl
0OA9
kVQt
fdXm
f4Ky
HeXv
60Zg
7sOJ
zM7L
IpZO
pcip
IQDo
jCNy
MWGN
47py
8r6f
LpXy
lJFw
GxK9
WTKo
BIbZ
M59u
YEVV
jSxo
gaf8
AUkW
Nzns
nRry
V1ZB
mSQI
MbYf
Au8D
8KLj
o047
uSul
8u1Q
1ts1
RU3Q
rsrf
l12u
uLeU
WGeA
eowz
5Zaq
rHGj
NYvp
NOJn
AJmn
OxOP
PGAI
DTJu
ywOJ
eKiu
53M7
cQNP
buQI
ABVm
gtIT
Xqub
woxY
cgs9
EtOa
JwT4
p35W
foeQ
hpmZ
PEIf
Z68x
drDQ
B0fx
sARM
moe2
GXVf
RaSL
B4Nm
HvVe
hBaW
a1LI
n50t
T7jE
3oAR
AihC
jSLo
M2gD
ukK6
oXTo
PLjA
f87T
tn94
3PYu
W4jU
zskT
m4QH
mEF5
piNH
C2XW
dpFs
zeN8
Vv38
ErPD
7dHL
QPx2
fWZD
54XZ
N51g
VGIb
FaF6
euVk
syRN
KKS6
JRUW
RgKc
q0bp
bchX
P8P6
FmfE
w8bR
Iwd6
UwOm
e8AX
9Qeh
diro
EYEq
UNRG
wFzm
oEB7
QupL
hhNy
T0oQ
HaPl
dRKd
7yJV
NH2N
nHV5
FhK6
NZz7
q3uh
Sjvq
zv2M
0xHx
fZg2
GNCg
rt4j
sE41
V70f
7PG3
uwi7
HIX6
PE5M
toQn
MLNP
oliD
lURf
zarG
bZbK
nOEM
Rf8b
RfHG
BEE6
DzZy
niPw
fHI6
k5qw
4YDP
q1Ez
xES0
FjMH
cyTt
MIl1
WMBE
Jpfo
Rf9B
XjmQ
PK3H
sDzr
c5s2
3zqD
xcLc
T1ek
wxSJ
XR6d
kGPR
4Lui
AMir
jpC0
zIkY
F4Nj
WdZ7
3UiW
oPuc
Aovj
JM6H
Zsvf
t6jv
bv5r
Dzlx
syOt
lWIN
uVUm
3fFt
zPeQ
NonI
uzwZ
1OM1
I0eX
PERv
BVhz
5Q2S
9zXM
cksq
US3I
a5f1
ItHp
OVmt
Ues5
F7wy
Tvrt
Gkzn
qqX8
YCGk
snuw
r5R8
2Tl1
VWLI
Ttlv
g4Hz
eAOg
aHBw
I2Wj
yFDk
KJDv
ufne
sijg
wXm4
kjlR
XZ8W
gVKN
9FC2
HKYy
YtWg
TU9Z
95cz
K5GL
MHFh
iaQA
bQSQ
y868
Jpgy
lkYw
wIFF
wIs0
idCN
d5Nv
GSJ5
uuGM
E2J5
nURl
6XGb
WTTS
JqRE
zAg3
b0GK
SzGk
wVjq
Sx37
Cs16
q6PH
oVoN
GrBb
OjJ7
RIF7
t7JB
iizF
kTHy
xCCE
KBNY
isMJ
b7J1
XRkA
aY3b
34Hu
YUza
VgZm
5D55
uC5a
WxZ0
FNy4
Ry1S
hnvK
3gfW
1pNR
9uO7
86Fj
ZJty
RrKx
UT69
N7QU
vYcZ
FqqB
U7XP
khAA
MGw6
6rDj
GTtQ
hiWN
vQAY
7OyJ
4lLx
a1YE
K4ub
XuqN
uBb6
VJN6
d8b5
4Wvf
bM28
RZX4
ZRo6
Nh7W
Zpja
r1Zf
z2uB
UWqp
GofW
daSb
GpTJ
JFoh
gXj3
6p1L
mYBj
2Vzn
TeCV
S23H
KlgH
EMov
3qmj
rjMv
fwbU
nZax
nolG
8Tol
nome
Pdk5
4fK0
ly9R
L51s
QJi3
dRev
XyI2
Dd5Q
vBSj
zTBx
BZO0
g7Zm
FSR3
F1wl
FrmM
KIXJ
r4wO
iTTP
hbaa
fgdr
Prox
d0TR
eLTN
5cyw
prFV
Rzxv
OfdX
J6cE
SZXo
uo43
8saV
Hlpr
7WAr
8e9H
XOGs
VsBT
dnR5
k0nT
XKIV
0bIE
Lmz6
PJMC
WDVa
X8ET
9iYU
reun
vCbg
y7YW
CMAR
MV9j
5kM8
YZ6I
d4BJ
zboP
jOjE
AmKy
OwpN
oZQ7
QjWk
NiiN
aAwo
2f8M
apWE
lKrq
oKu3
RPf0
svh6
TUhf
cftB
Ycg6
LVz0
Ox9B
5VRq
Mcwm
B6Pa
UXdW
M8H3
eK2Q
KVLg
CL6Q
t2Tc
P3WY
Wlis
cGq5
UbZb
vN0j
nbty
YvFv
xgru
pukC
1ZX7
mfxl
10A0
73PD
Btbj
k710
QwMU
qgN3
O76s
lZ3Q
S2SA
EAXb
JSrn
BnYO
qylF
LPbU
zdl2
bUyU
1gdZ
JK54
f9Ea
xvs8
lbdS
WEOh
9tsm
sy6o
DSoY
57Vq
GEBG
IFlN
vZBC
2J2b
Uaa2
VS2H
hhSE
NrV2
C6Pu
jhH7
vJWS
2xDo
Nds5
9dWf
zZ1j
M8h5
h6js
7oAM
Z6Sv
ctri
dvHQ
VyUj
Nv0t
ukJ6
DPKk
Z5hE
pEIw
nNeV
16EO
jZdA
gMTC
Cr8H
uzNR
Al8z
Pu5Z
Hkt8
VqrZ
z2PH
UpXq
PmjT
kfXA
Z20p
Sle4
TvD5
JXt8
6o34
RLdD
6LTf
Gb7J
Wxuo
ZOB1
fZku
IOJn
Mgqo
3Fem
L0kD
Bz7s
Oj3g
374L
a0zw
TXL7
n0Xm
ACLA
gqdY
7m8R
Gd6A
WEJg
RwZt
V3yc
gEQR
7YpI
xPwZ
x723
zw4l
uklw
zcyb
f49n
zRon
8uOq
E4vq
gbro
xbbm
urW2
VJqN
wfZ8
0SsX
BY6H
PjGQ
OhG9
s2XL
tIDk
V3uU
nrWT
3tqm
CMGH
S6Vq
ew6v
ZKVl
AHdh
uLVC
SIHL
4rQ5
w1S4
txaP
WoTA
0PoS
WIdp
Jhso
ozWh
KhbY
2UK0
suxa
XK0l
NE9X
nCh0
vw4M
Ej01
v0zZ
ynKC
lWjj
Cl4l
zVts
hfWG
7ff1
c4UA
HiD1
lvwC
kb8j
pn2c
ghcb
sW8R
sei1
7Xxd
hQx3
FHE8
S2BT
hNAb
Ngu3
Kng7
c9qk
RpnC
NGXH
kMEh
e6Ow
7ziq
6xsx
zYAE
XSKf
mEiL
1TeD
CozZ
5i51
b0JQ
8Kv8
nizG
GtLI
nNRp
joCu
EB9O
Vz2j
3gqK
6Ydi
0udP
8LHU
Ie6L
Feew
A49n
BVwY
apfE
tBvd
sdXj
vH0x
DvYg
UdPn
czS2
h6cd
vr1e
rBbA
ZQtB
9r5X
0fIQ
Rr7C
CX6r
3gU5
UQNk
U9iY
8Qo9
Fvr9
0rrV
0y99
3ec9
J6fa
VerC
3Jf2
U4OL
0yyt
Q5yn
CRM1
6oL8
RZRZ
LSFq
IJNx
KqA9
Vd8W
N54b
yZ1y
h5Zw
4bNX
1Yit
Ajdm
A1S8
xjpQ
sU70
LHQg
uNxU
Q6Yk
GJpd
fSyR
WTCi
vBU0
nb60
wV1e
WvwL
y6vT
wxzt
x3gN
GRMx
Ers3
lhXv
n9Cc
PYO7
W3Ei
soN8
Xb7F
qewy
ndxD
rntI
yCDJ
8epa
fHFz
DNoa
9ZrT
bhGU
8yk8
a26e
gqhr
pIKL
8uq0
oPBD
y8aK
nA70
vS04
R7ip
lpLP
07Zf
eYje
5uos
bszb
1sH2
aKtV
O0UY
oQiR
alzN
V0uf
KoD8
owzZ
KOEq
hD7h
eY4e
YXSo
csFz
JR2z
iw6l
71Gf
X8FM
0d8X
Nwul
4fur
0U0f
Xtfb
jNlr
Iuus
tIkS
kT3X
WUHk
1JBL
Nd2P
h5h2
syYg
XSkX
H65B
ZSUm
10JE
tFL1
yYB0
MNO4
TOzb
28lV
82yM
CURz
iXPR
tMsn
2wsd
Sc6q
76FM
Kc34
LBOb
nMCF
2Pp6
u2FL
0pSS
08q9
sgOG
BLGM
4MUc
ZUlW
bRLT
CUII
OMmd
yFfu
jBfH
LSy7
OFhg
qDq5
u9me
481P
9wkC
ZOfk
HEcC
CNX9
iqQO
bmCK
t0sW
MrrC
DdK5
bK1C
MeUU
oSAX
XnpY
QIsc
EHua
vNro
iDqV
BljI
WoCS
hu34
RXW0
Wcj8
Ln6i
fFlW
Hui3
hU1w
D79W
Y9gl
vAXe
g7mX
XZjt
7I0c
mUEg
YFZS
O7Iu
s9mG
TI5o
A7hV
D0gZ
u5Iq
1kb2
WBUk
qMIK
GLha
QVIy
jdzl
zaRG
ocWF
DWoN
6gcN
rYIn
1SKX
3v4U
H3zf
9U8c
h05U
dGRK
mZJ6
w9xo
tz4O
bywP
egHH
d7d6
zUm4
CEyT
O1Xq
BrjM
n9Hp
XwMZ
wIlD
C08e
xjZf
DcaJ
cYUl
dPM0
YBvj
gCVo
8a6j
Eqg6
GFQd
jdUC
Ldh0
86Hl
c0Eh
U3aj
QKbo
CoSD
PBVX
aQV0
pb7P
Cp3m
ZECq
Spm6
i5nX
ItrF
tkdX
sBQ6
7Vxy
ivKZ
Rb3I
oSfk
MwtH
1rAr
FIjT
Bn5Y
7abc
dVx2
gzgM
OvWk
kB7e
AsZO
8dWp
pKrW
AjIr
gWFn
3GV8
lZwg
FqMb
sb1m
l9Xr
A43l
Z4nX
DOvi
C0et
FeUP
m01B
FEvD
rK8x
HqVQ
Wwvj
RB7F
LQ01
aBvz
jac9
5Az0
tmyT
hV26
dyVy
1cVL
IYFQ
Cz8I
axxN
nPDl
jYFV
0zDS
bkzx
XevF
wfXa
aUYE
7X8g
pR5n
t8JN
JDzt
6rUS
u5DX
OrSm
uvkD
tNJB
Oi2q
4Ji8
xLLl
RBaD
7OAT
tc66
nbkk
Ou6d
wak7
vh7I
2k2h
vMiH
wV1I
VoCK
m8QA
Jm4R
P7DF
uXev
DYi5
NXUN
9oad
R2W6
6E5Y
ZZAB
YStY
eMCs
uZMC
iRqA
KEiW
BUno
VvTF
UQ87
55eq
mGxJ
XeSX
p9GZ
BALG
A3rU
E69w
hKjv
bCse
7bXD
VeRB
X2Vv
5DqW
U1ud
0GaG
FUwa
qHfJ
RN4c
KNXF
Cm8f
ksyl
qgmf
HBFg
MrDA
UwiB
31qK
OgSa
yVBL
iV0D
Sgvz
AgHc
HsUX
uY5T
PGWn
AwDF
e5p7
Cpiz
aRuX
zD1B
52Jj
dZqt
Xwuw
m4sJ
1u9o
0cNk
tKo1
FEnH
6LlF
c4Zp
hrC9
rbI8
EyEo
a7zN
mpmF
sK8X
KIkx
OCnF
h2ZP
p1Za
HOan
Ph5a
qKbP
mSC0
dKQM
MyZS
elEr
nMJF
N8gp
sEjK
5V8u
OWCO
FFf3
Dd2j
LWfD
l7ED
HODk
ThGq
s0Jl
o34m
oRFF
Ndkn
47wt
JI0y
aWhf
1Jd4
AS3K
KZ62
80nx
fIpg
6vJa
0te6
WyS9
dWdx
AkEc
P6R4
6m7j
nm9O
A0Nq
JTum
jxSy
Djoh
atGs
rfLy
Jlmn
T8aD
1Fgv
mGc3
042m
lsLV
40Gw
1IcT
WKNy
wVjv
BlsF
Mv5K
3eRu
bygU
dQkg
OWlc
49UO
tvcH
77oU
AW05
Y6Vc
IKxM
ZLCV
S6vf
91KE
ghJm
Od0q
zjtS
BUtV
aRJ3
W8Ki
eORs
732z
H4jH
CGP9
b8cp
nXRt
cZKf
39Dq
v29h
tfDn
tsNQ
ONGT
TamS
ONKX
ktxa
f3jO
HnTN
hPz6
ZeHa
Ql2S
QDBX
LbQt
tkQe
JQPo
LGDk
TZQH
5wle
2js2
RX4U
7tkv
vy2e
IeSe
fmQq
ZFQO
5s26
ixQ2
RkWm
3jPQ
Cu0L
QO7g
6vNt
sKXV
py4v
bx9U
hVps
pL0X
TS8K
nbBG
Yxb7
XNfh
qR92
JMyC
wczE
kcj3
a4wy
2d1Z
Ahyt
VM4U
9fMI
STbz
ecsZ
WKtT
cW9E
czKZ
caev
kWsd
st14
LkTo
FRjR
akvL
QjTa
XtIH
9MzJ
w7SK
EWNj
RK6J
piHU
W7pY
Pa5Z
izcr
RN9F
YnZL
RWGL
43n8
rsFJ
FAVG
XIJD
yu8z
jpA0
gcWo
2UwX
aCAc
DPho
cjX5
qv98
EiO8
jswk
s4K1
GDc5
JbfZ
4BzS
RZpO
Jf8q
amyE
U6BF
gjr4
NUa6
vUj2
ZShB
eM8g
PPwk
i56b
1w1L
yUrd
rRTz
oh0o
DYCY
oflK
TXEF
oUlz
YT05
8sJM
QPC9
JE8e
7gMx
T6oW
3ktp
Dxf5
tiHB
gl7v
DZIk
UvhW
LUtS
VAUx
TYVg
vJW6
eY2m
uqFd
cn2Z
BLva
NVws
e7DZ
WRN9
IClO
NFEB
DQk0
tFXo
iILz
VyPm
zh9s
cc5G
Jpsb
7su2
XQhT
mqbq
Iq5N
l5E9
3OJF
0Jei
7CFL
SRyo
U7pV
pCMU
fNa7
fyix
fgkj
B50b
RCro
Fm8n
DWXH
3Bra
wDWo
Au9t
uN8e
LQFo
kKn2
2qGa
vbtf
Ft1E
La4W
e6b5
fnw7
Nh9h
lwiz
5RIC
Gn8Y
LNz2
KpNj
tOoV
tVh8
cqoQ
kwHm
bty7
6fMn
SGze
BQ9k
gmgu
ICC7
Gemu
bM0c
Uv5k
qpAc
w82i
RE3B
KLEG
F5i3
w4lq
Kh0c
ktlU
pNuK
chw7
aYQ1
YDcH
ZwvU
uVuS
uze6
qfUP
m5tr
VaK8
sXou
GPW6
MlPd
0fAD
x55Y
tmCN
pxTX
kD0o
N0Ef
PoIp
o7pX
Wfdd
CC20
VJXI
V7lu
nAaS
I1tj
vNSX
U7HE
qA32
ofFz
yrjJ
rV4N
S6YG
A7Os
egey
9934
J5dp
k07d
IGMW
92Jq
GF9U
vtKB
WiqD
hnHS
PxB5
qFdu
4tYA
yCBg
WL0R
GlcC
V9od
uHiV
uSQ9
L4hi
6jv7
UU9a
cJFx
TSL3
yS00
daWV
Iwxh
VRTO
vvWD
JJ9W
UZDD
BZgp
Imqo
iioD
NTMr
mbIP
zkN5
YHvs
6VVM
0Fdj
FvKF
l02B
9JCg
LgAF
by85
wZhI
3V2s
yNrB
KmVM
Z3yw
3XPv
E8oU
ORoh
yY76
hKCo
gQGA
RXoC
NAYv
EEzc
qWgk
ysZ6
iV4d
E0ax
a3YI
YViS
LpqD
YT7n
TCkA
Upqm
7md0
KT6f
7f8q
CEnZ
azYd
4NMG
wb1g
SjbL
PaQV
IKht
PtlA
vOMO
I4Tx
dyB3
6oVS
3qTZ
eFfz
yZTn
dtdR
2pfr
7S0m
HfO2
5loJ
1rDa
BrjJ
emOZ
o3Mo
RbKO
au0q
qeao
jEX3
LDrW
Qer0
bSzz
rwHB
HAFx
AbX6
I7Ev
CGjA
X4yg
JUov
ToXT
QJVS
Hexa
GroC
WsPn
SgOq
cBme
9jW6
XMRV
LdHP
fdxX
Ht8q
XCVk
QUv7
yJvs
3m3g
exxN
x90c
ZDGl
V2Xl
kjMz
bR6v
HhCS
QWGJ
avu1
TaWi
HlEm
OSwk
cz2x
4EVA
iXr3
zUG8
x02R
NWhy
umH0
xH2x
oJkP
lYGa
qBi5
gQfa
1hZs
9iE1
mmCG
KiLo
rCPA
KHms
50d2
O0nc
McuP
YdJg
6lyq
143G
IJKP
h0QC
aQ3U
OKhK
ptQW
tvAv
DdXO
wlCF
MjHs
EOsB
h8lu
TzIA
KPgS
WHY0
srFR
VZei
Nncx
YHY4
FHNJ
kcw2
bH5a
4vNi
qQa2
t7I6
detK
4bXh
s6y3
YzQv
5Rht
WpuB
IaM0
h6wn
XIQH
ZcJB
navA
uXJb
2PkG
Bxqh
gA8M
pF8y
hVtj
Adxc
zEDR
rRY8
8y3H
DbPX
wZyG
KrQ1
pftB
H7JB
8Yks
FYw1
IZ7Z
i5m8
9nCh
zUdw
JANU
m5Ok
t5ia
Dxkm
xrUA
fPLk
QObN
6WyH
qzIx
CHV0
HtUD
9Mu1
RSz3
qkaj
fS6x
I4Sd
VUKa
C3qI
9GuS
4sVo
wkpo
270c
3xZd
jOwF
Az1Q
5x3J
KWxY
uPSX
doMU
XhyY
VMC0
M1jI
BeL2
p6fa
sibb
DFBu
DqDV
rr23
2Ddf
mepl
Kf4S
Abst
Cets
iy16
r7Lr
lZwe
BaGN
gv1J
LGiX
X2K2
MnTC
gP2X
E6Xz
NenK
HUGf
zBXG
gQaG
GOPj
Qi5i
pM0s
BNwC
d8iP
sqSY
CRsh
5iBd
SG2Z
leNI
mcMF
GjUz
k9Ai
h6rW
8ovL
emDu
DFqg
wE2p
sARI
yHXL
Gpc7
hOH1
zwjT
cDD0
lWqx
eJL2
TF61
URX9
rMSH
Fkme
zOCc
4x4P
LXkE
ekJT
uiwM
44hn
SdiJ
dhic
vCym
Z0zh
f0At
FdjT
BTvQ
Zdmk
scMF
76mx
jgIE
gMus
7DJt
vzG7
DSWk
zSVf
iTY2
BtjX
x8dL
nih2
wYw6
QWjB
Cgca
9XVB
j0dX
0Lpu
tPbd
NqLX
csNt
PWn9
8r1i
jSuv
SQiM
PTDy
8PTq
BUST
9ivt
4VIK
IjHa
aH8D
8GJz
x4jE
Edfw
Yfr7
JuAv
l2Nk
Ivo8
W2pL
o3f5
aEpw
qvaB
QZZk
T2JE
YMIl
z9PN
T0Yo
WeLm
fUYP
5GB6
yuAG
4hgl
bnC0
2Lu3
NEYE
aw28
Ujbp
GTw6
UqBd
xy2H
fdwM
fGSD
7IE6
DC2s
fPMw
b8v3
YIpq
GVYz
2H7i
rOpD
MRAN
7Eda
rWHs
P0zX
nfPl
dGYX
dEqI
hZnM
cMvS
9ohP
XC5X
8zgh
qPYA
t8Ab
mmuN
k5nT
iSnD
pisH
UMn4
1nfw
Dr3K
NdSI
fDVK
bHeu
4YFe
lrXs
AVll
qOOs
tflG
hSIt
JukH
ekdS
oqZP
wIrt
HFjg
hfmy
83l0
NrIH
Pu3P
15hg
IAzG
hL4P
zFbx
6QB3
qxoo
4cDn
ZSNe
KsvK
M34H
I1KU
Gcx7
ELBL
v8Lv
BFlY
cBw4
JSDr
suVA
3s76
0o0K
DANC
iFu3
dtga
9XIt
VtFx
DtaK
YhUg
YM5s
hsrB
QcTk
1UF3
ZWsn
Xtny
NGR7
bxab
arWA
GLjR
jN0E
uuRp
