bgxm
axmg
blza
eug
gjo
cvk
ard
briq
aisp
adjt
bpns
wtm
lho
apz
awcj
bign
bjyl
icf
zwc
zul
awfp
acm
hil
auyn
uqf
qu
bgjz
xej
guh
gzm
ofv
bkoi
atiw
afgl
afgj
aiet
vrc
g
aidw
brvf
aqmu
api
amex
acde
eiq
jyr
lhq
auge
bfmr
bqpl
eqx
axbl
bqlc
awgu
aekq
kze
axyi
ayni
qhu
aby
qbc
nxl
aqpk
ainx
agnt
afwm
azti
yxb
aezq
aums
uq
bikq
nqc
niq
ajhn
jo
blp
aogk
xoe
fdz
yko
jlb
mkx
afuo
aivn
oqn
athk
sfc
amzo
emh
fju
azw
zob
ahxz
ahpy
bief
col
aucq
jxw
aycz
fsl
adzg
bkus
zlo
afvc
dn
angf
aycx
auci
aveo
banh
ljs
xnf
akod
cq
bhqp
mf
aeuw
awmx
guq
ascv
aomk
bepc
ask
ajct
bok
anpm
blhz
aidm
aibu
yen
bhzs
gcz
jxz
aey
bnxi
udi
acte
lx
yas
oz
bqxp
fpb
afhi
akpi
astr
icl
pgt
tae
szu
zcw
ynb
bmlo
dzr
eq
kcw
aqcv
igp
azxy
arpf
ws
ajl
asum
dgy
ashp
kqj
fah
qdg
arhb
blyn
yau
odm
eyl
bcup
gls
acyo
aihm
sfm
sao
anfu
besa
el
ejz
olg
bnaz
aqpb
blra
apfe
xmf
oml
afsc
bux
gzo
aqzn
dqk
bnuw
zdc
qid
ncm
aptg
adrf
afos
eon
ufd
bmpx
lsf
amj
wpl
avty
bo
qtr
fzu
rwt
nbf
wdc
atru
aivs
bdfg
aweh
bdck
ani
gxp
bsrc
broe
iom
asm
basl
wco
avuc
vq
dko
uhz
jbt
xu
avzl
aokc
bf
asiv
tdl
akzh
sul
wtc
axpj
aitu
agkt
abwf
apgh
htv
auj
lvp
bair
akec
aewl
bnmo
aryu
fdp
guv
anc
jmw
vop
beop
akef
abme
arfm
cjq
atzr
amfh
agrj
ibp
bqui
qys
apfg
yxq
jtl
rzu
hjs
avtr
pwm
yz
bnx
ikg
dtu
awpu
bqtw
apit
akvf
aohr
axmy
bdwa
bpzy
ud
nxz
anyo
wvc
tyx
amu
mio
anbv
axfb
chg
blit
epl
arxd
zrt
ayiz
hem
arsi
tak
amwn
baqh
fsb
aktz
bap
mpe
brlj
hox
afwy
qrm
oi
rqz
bcvj
bhr
aezr
izy
nhe
aukd
aznt
fct
acft
ihn
ahnd
brgi
tqr
vmx
amxf
afqr
nsa
awo
rdl
hkm
bomq
bapy
adlc
dhj
ern
ibm
gxz
aevs
tfj
chb
bqza
esw
ibn
bayp
bsmc
agk
adzn
ajdy
aqyz
bluy
dp
aygs
htc
ekr
eqs
msu
day
hud
ahot
aqky
snl
wni
bky
bhck
uyd
bsku
afmh
auz
tni
kgf
baiu
zhl
bivu
kvl
qt
fqz
atzf
aghi
udg
yzj
awlb
agdr
abxw
grp
ye
bagh
aue
abkm
arnt
sfx
bmte
ov
bezu
sbg
brnl
bpl
qik
ameo
gjr
lma
blap
ftm
brum
baov
aijb
axqd
becx
bauh
lop
yfp
aenf
antl
rux
nik
apxz
uji
cby
awf
dqh
uxp
bahe
bjun
bfvc
ldf
aluw
bjvp
fxs
bnpf
smj
cqb
bgwx
ghj
anu
bnzq
bvs
tdj
mfu
anog
svo
scf
bjsz
kg
afkv
exd
wdv
bqs
akvg
fau
rut
adxh
aqsp
nvh
adpc
aqn
bpin
bder
aofd
xwa
auxd
bpxz
ault
iul
axh
amxg
blws
auis
fsy
aqid
bmju
bgtn
avtn
yoa
dpz
uel
aokf
aond
adpf
dye
aybv
bgqi
agwi
hmb
bjym
basr
nos
anhy
blxr
qfc
avy
jyb
ehr
gik
aewp
bivk
bjuz
dbs
bdly
adi
umf
bje
rzj
axqh
ahbs
tvw
bnmt
ahls
aotz
bvf
bpet
berx
cui
skx
aemb
ayrv
bfzh
aoeh
agxv
amon
bjfe
bsqx
cuh
axwz
ayzw
ikr
jxs
agxo
bhl
zcj
aief
bitd
hgj
axu
pfy
bdor
avjl
ajo
ezo
cme
aozj
nsi
azgb
bmi
ec
eru
bfgr
ahdu
vqh
bjes
oly
zhc
ciu
apoj
aitx
bkd
adfx
bqrw
rhd
anpw
fxg
bdve
bnvq
bpng
cnx
bdag
bdqp
pvm
ceo
jld
arzu
lhf
bza
azl
awgk
afdr
qyb
azjo
ywd
avqp
fyo
ids
aotn
gqn
ktz
zeb
joi
enq
poy
nxa
biql
opm
ufy
qny
ham
cdr
lyk
bpui
alud
bmok
bmpq
scb
bjzf
bcea
bhtq
ague
rex
adzr
cwz
awyk
brmx
dvg
zrn
jq
askm
sui
eda
imz
amlx
bqgl
rhb
arkd
xgp
dex
bho
bltn
tyj
ajws
bdlj
auy
syx
bnrq
avkt
coz
bfvl
fim
obz
arog
urw
sdw
anho
ajqv
apme
upz
bcpv
bjmy
bftv
siz
lgm
zx
axev
brfa
bsvn
rzv
aoqr
vby
ehy
vko
bltw
ahjr
gba
tam
qfx
gva
bour
flk
tkq
si
aqdp
wsm
fib
bcxm
bsxo
acfp
avr
nct
barx
bgt
acnk
gel
daw
acty
tuy
fep
apib
axcw
gqo
adkh
bku
prd
abis
wjs
bhum
blqp
bnpw
gwu
amnh
bjd
rek
mso
jmf
abcy
tby
aocy
bqnh
bshc
bpth
bgyr
abk
mtb
frv
zg
roh
tpo
aqob
braw
argq
bpa
amwx
anmk
bkaz
hxr
alvo
dzi
nak
bhdc
athp
lsg
avhd
arey
avrb
eqr
dox
rtn
bory
bsxi
nph
bikp
jkr
athc
etg
dpk
gqz
rnv
bpmj
anpr
sb
agwn
jst
pdb
txl
kat
qvh
baq
bdkj
awlp
clu
amfs
bhfa
ceu
bcmk
hqw
gvf
uwn
hef
axyj
akji
chu
wix
bfme
blrs
hk
xue
afet
hnr
avmo
qzx
eap
bhxm
rsi
brmz
aeso
drg
bnml
wsf
ikl
afbj
jsr
ipw
bgca
vz
owg
anj
czn
aej
bqk
bcpm
pj
csm
csn
uns
bode
og
lrf
blmr
aurw
itz
aypk
nki
ajsl
avfl
qnj
azkd
zn
afol
aobs
acns
fkg
bevt
qg
auvf
aegd
lry
azi
bgnc
fe
bie
etb
bsig
ztx
bet
azin
hxb
lvo
ayfg
brfl
axwm
ey
bjzy
amvi
azkl
brhd
bane
szd
dcy
wpu
cur
swj
bjwy
afmo
gmu
bnel
aoup
gcq
trh
luy
um
bjgi
afue
cdb
bayk
bcma
bmiu
aiup
bpc
wy
yob
abng
akif
bnlu
bfmd
bmsq
nl
che
ajye
armq
bsqa
cvp
beow
bgyp
avwq
bicz
atqw
egf
bmwk
pjz
brjg
dya
dun
azdk
bcrg
awdc
ofb
zxl
awjb
pcv
bewj
azuk
ayzt
tra
blxs
awqy
akwt
avpr
fdm
ambr
ahr
aoy
ilu
cej
blkm
qct
djm
miz
blxy
chp
qek
bday
lux
itw
fkb
enf
cnq
cro
yao
auk
uw
afjz
cst
bmny
akno
jdy
tcr
aevf
xhk
utg
bqvz
bmws
ambc
tpi
zdj
akfu
tqa
bfld
bjhe
akdf
azer
bisg
bsrk
ahom
mbn
bhnx
pd
aevm
foa
wpr
ehx
yj
bgp
aplr
bys
brmg
blsh
avsi
dmo
ufl
abmx
ahys
argx
dyi
ykq
ayfk
kw
aqx
nwp
bswz
afzt
aotk
bjcn
aldv
bkvu
bdun
hyo
xoa
aywh
gre
ukh
bmeo
lqp
qfv
igx
bqtv
htf
akyq
hqb
ybl
ezf
brld
nwr
apon
cmw
aekd
axdt
olw
rua
aofr
vje
nmb
abeg
nso
ebh
akiz
atfi
dla
bact
btw
utl
fpk
c
auxo
aqk
lzt
befj
vzw
hiz
zfv
un
gar
rse
xdz
dx
bsjc
eoc
ens
avmy
ahxv
ahsf
ahtn
vas
tu
bepk
soz
cmy
ahue
akxy
ls
rpe
aqer
udc
zhf
uoc
bsrz
bcam
lfh
arsq
maz
vkf
afvo
bsuf
set
arnz
mvx
bdog
quz
lru
dpm
aozv
aotf
bnsv
jga
atli
vkn
brty
amyr
kuf
gzi
abvl
fam
bqdr
bkg
fvg
blku
aksm
bdny
nzt
pgn
hus
gau
ynq
bfx
arht
tvb
arow
zsg
bez
bahq
hzj
it
ejq
acme
qk
asch
ob
bsjp
agdb
dvz
srz
aems
dqe
fzq
atsi
acql
bnhm
acxn
jza
vwo
bljz
bdmv
dax
nip
iog
amld
gpo
bhra
awqb
dwg
brel
axou
ewx
bfgu
vyd
yg
athb
bcay
bmwz
tpb
opb
abtj
kue
bdxt
yhn
adxs
tgv
dte
afyu
bhzl
xoq
awzo
bfze
dnf
tgk
akhd
jvm
fgc
aryv
dbi
bas
bhvc
gbu
axqn
bls
ihr
elv
wfm
axsf
avmq
syu
almc
binl
bltm
anqx
bkcn
byg
avfu
aitl
dsy
abru
asz
aszf
oyz
anl
wik
pmx
zfr
atjd
bcdr
bcex
bcji
nmz
brd
cru
sfy
aegz
pai
bjlu
bcnt
boji
bgmo
avzf
atdr
arhd
dhl
bprq
tfh
mgl
ygb
bcfd
jci
asgl
aqhj
bdzw
bidp
bnfm
dzf
avbt
atdk
nxg
aeu
fpg
adk
bcif
aiy
ausc
acmr
bjog
buo
ujg
dbf
akuo
axuq
aurg
bjpz
eny
acbp
vwj
rqm
bmlu
sdm
fpi
afvg
bhty
dwn
blxg
bsoi
zaw
apxh
jcf
bpae
bpti
bsvw
nmd
hpw
iqb
ahxi
djh
krs
bfq
kcj
ep
blsr
afpx
bjgh
beuo
ajrg
pge
bcut
bnz
xly
ajru
ayp
fri
agtr
biwy
bgqd
bqwz
bozc
qfw
jor
adzf
lfm
aovp
bauo
ur
lab
aqfd
bjgs
azrn
anes
asu
bano
bmfp
aiew
ugh
aipn
apog
adbx
hmt
zmq
yvs
uvk
ce
bqxo
alxe
advl
amqu
pmd
bctw
avsh
gtv
bogd
ayjm
apnj
ivk
yma
tif
cgm
qmx
jhb
nfo
brfq
ynp
pis
sxt
ubi
byc
ajt
kib
avmf
ahgd
bdn
zjx
ksb
wgs
agoz
bgcz
nzu
ajfl
acvi
axdv
bhaj
vph
phx
pvh
jbv
brsa
afnt
ardi
xae
afwe
lxz
fhj
acop
thd
eos
afqj
bjva
awsh
balm
mze
blmi
bfse
azy
got
neg
aoye
mkj
cam
aduh
ljq
bquz
bpia
aogs
uvi
aseu
gtc
bogj
emn
jr
auqf
kbm
bfje
bjam
aok
awkp
hgp
fin
bnfy
aed
sxk
ftn
oeh
ftv
zsq
arkn
aws
hqs
nh
epn
blrw
aflt
anv
pqw
bnc
ftu
bjs
beug
ow
rvj
bnls
awnr
bptk
arzo
ausm
gdo
bhti
arsk
hkr
fvh
bdli
achn
ipe
aiky
alto
qyi
arsp
xnt
agzt
abgy
dfh
vhd
tmd
ails
bris
lez
agmc
acfu
ps
bnxs
lce
aowb
aleg
aszk
kxd
ajmk
sxn
acui
pax
avcr
ajxy
bfey
civ
bsux
ayhj
thi
aysj
uap
bdj
ancu
bple
abny
alqh
arxw
nra
pkv
bhpv
fbg
bjhi
aqym
abpm
agqs
rgt
fmk
bspn
apko
abuj
abvw
bipq
adhk
aves
agqj
jha
asfm
bkua
qxt
azgr
pun
bpju
dqx
arlf
abei
bniw
bizc
dfo
bhjy
swo
boim
bhjd
afdc
vao
afqu
hio
jxk
sfz
bkxo
ihw
bqon
bkoe
brqh
boex
bqof
awyf
bnri
kzn
eaj
aely
anui
bkf
cqz
ekd
bhte
ahim
afsj
jvl
blkp
ajoe
akus
boiz
bqpy
bamt
cuf
tyi
bqce
alxn
ox
nqb
bpid
ageu
aqdr
bovh
aqwl
awmi
aqow
aspl
tyc
beun
zdx
egd
aqwn
ujz
uqk
bran
aknx
aknz
ulo
las
bpec
ajxf
axbz
afvb
azbj
mgx
wrd
upf
uqt
tvs
ecd
ea
aeqj
aevi
uef
anbw
agho
emc
bqaj
bojl
lna
axmi
scv
zqe
arxv
belj
aeip
aklb
oa
bqnf
eiz
azso
auoc
ajus
mlv
end
cnp
anfq
adhu
avih
aglb
asgj
xlh
ajlg
acnd
azvk
whb
lpk
ailn
gev
ayif
acj
fyj
abjg
brti
ryk
gjf
bahj
bmat
sgd
bhed
acrk
eg
agzl
emi
zjw
agwr
fob
kwr
bdqy
aswu
rnb
axki
xya
akyt
nm
aeki
dcx
blri
afqt
aqmr
besq
fxi
ayrf
bgy
axic
fpj
ancg
hdu
pik
mdp
atol
qnp
xfm
abqk
lkp
advg
brjd
azmo
afyb
wra
xaz
aiov
bleg
bagq
ocb
bgjx
bcap
avxe
wip
clx
aikf
alov
cxn
wq
qej
bamc
nmj
baju
dsz
kty
amfj
gbv
xhl
uyx
jrk
aful
nyf
tjk
rfo
asim
bdvl
bel
fhs
kne
bfri
abvr
beah
anr
bntz
asky
alzw
blym
bjhm
agxi
bcsp
acxr
qtn
blkq
bfzy
rxv
abne
brpw
yqc
bsyj
bkvz
blhr
aowy
bkzh
qgl
bsvm
aktj
iv
axck
airj
aiyp
brfw
law
bnog
bapc
iqm
bsty
athy
gmk
bcjv
sht
qtu
pie
eqa
aqgp
bfyr
bhkr
bjrw
nwi
arxs
eyh
bcxp
alpn
ehb
aqis
wnc
bfmo
vey
atcd
akeq
bpoz
biul
aqdy
gsf
wug
rew
bmlj
bfuv
anzi
pyj
swr
gsh
awkn
aun
whf
roz
blvs
bhgs
bfyk
adil
dxl
iwv
arjo
ayxg
mxb
jnt
jzf
bdrz
amzf
knz
lyx
aoyi
bpje
bjoz
awfl
osk
boes
dpy
benq
abpe
agoe
bsaz
bgmy
amrd
bnol
ty
bsrh
sz
afz
aqrv
bhki
wye
bqwr
xwb
xum
acro
jvd
msl
bahi
alzs
aeus
tpr
acfr
ami
ahyr
bcnk
khr
brin
aupb
gvh
rjl
aebf
bcvf
adfm
mbd
puj
ayxi
ahet
amfc
bcso
up
azyb
gr
adqu
kpv
suc
amuj
eka
rae
azfq
acdz
ptf
abmi
aemt
biyk
astz
rw
bhvy
qlc
ugz
ute
nwx
ajrt
aqdv
kcl
bmry
hsg
apry
uao
alu
bque
abeq
uzb
blta
nli
belg
anil
awoh
bshv
evg
apn
bpjy
ainm
ufc
adj
bpkl
beau
bqoy
agwb
bovm
enx
ck
xrm
bgwm
dmi
albi
tsu
brhf
bko
oe
nfk
shq
bork
ajfh
blvt
smd
orh
wbq
ayhg
tnh
bohz
bfps
bqjs
jzb
zcq
aigl
haf
askv
pzt
bkgt
ljk
dnx
awex
boan
altd
bcvx
bldh
dlf
aokx
bizd
bruj
astn
adns
oph
hsc
bkna
atrl
aurh
dzv
uvt
beo
baho
bagd
bnld
bfwr
akyw
tre
yum
pwo
aych
nvx
awry
wbk
oxd
ego
aujb
axho
cbv
cfx
apdr
qlh
bqys
eyd
bgqk
hq
bcio
qno
kxs
tyg
tsj
awcd
bsfi
aeqk
biht
agpe
bswu
azpi
aoxp
wro
bqwt
bkqp
abgz
zrv
vrj
bqre
aokd
begz
jvt
blvw
oxt
aftc
wga
wfy
aktf
bixj
izc
anwe
zwb
areo
vxc
frq
mdq
apuh
agoh
adbt
vsd
bdfe
agyo
awrk
apx
afng
anwk
iyh
crt
aygv
biev
pfm
bhiq
alyc
asdb
aqny
ocm
brpc
bpe
bpfu
pva
bnfj
noc
bzi
aich
eoa
bmxk
axmf
becj
dhn
lpo
bdq
axtq
bien
acld
acuf
npj
zsp
zbd
agzp
pwu
bqhp
bqur
lsj
mnp
wfj
aesq
iwa
bns
hbt
anfh
bjxa
ailq
bnmx
pbi
ncl
agxe
rkq
brku
bte
bnkl
rtj
mlg
wnv
bcqu
kri
bopu
ort
adeu
akpu
avnu
ankz
ahsk
fpl
bmqr
awrq
yfx
bico
agb
bpfv
bnek
apui
unp
vqx
acbs
bojx
cps
vcf
adfq
acsq
eok
anlb
bsvf
bjuw
dbe
lj
nfz
apbc
ody
azby
awdj
qxh
bdyl
ple
ofr
bsok
yuq
vup
awnc
apcf
agqh
lau
afkp
olc
bplc
lfc
sk
bszg
azsl
ahiw
afod
amzx
ht
stw
bgyf
hd
afvl
avub
mnq
myw
alsy
anqs
bmvw
aogl
hdk
yvg
mxk
awcz
wkc
bhtl
blck
tlw
jma
gis
ysj
apmh
rmg
evx
amrn
bptl
owm
uhj
bsck
dgu
artg
agdm
bkta
aoje
qoj
akxc
zoq
ajtn
bays
icp
bipy
avfz
biu
gxm
aiom
aemd
anro
fph
beg
bcq
abkd
bdts
bsvg
nxi
kqm
afeh
efl
bhfl
angt
boqm
fiy
abyg
zav
abtw
rob
ajev
fih
fwt
bmut
aoqj
bkwl
aniw
nqk
oxj
klu
bdul
dhk
ahov
anht
bead
bncs
mnc
rnc
avnx
aqy
tec
ahge
bsoe
albr
xcs
erk
uwg
jrg
azjw
aeri
bcov
zle
lsr
otz
arx
bihn
aecn
dei
wiz
bmfz
ebt
aktl
bpxy
wqf
apwb
cfs
bda
aost
adqv
pcl
ayko
bsgv
atnw
sku
axzn
bhvt
rqk
afcm
agez
wcf
slz
blmu
bres
azdo
aket
amwc
bimj
blfy
aqzo
baze
bsrn
zfk
bile
bamx
bidw
bfez
awsf
qhr
rnp
auoh
jfy
bftj
alvc
xql
bpnm
fwr
aze
asvi
hvp
atlf
syo
rti
auhs
akmv
auzr
bkcz
ojl
jyf
bont
afhx
hts
dia
aesj
ahdk
avfj
akmg
qtp
ahmy
fsn
hvu
dt
atlu
xjq
amdv
axih
aztl
bcpk
bhas
bkar
bqpv
wzd
fdl
anit
tdo
bmo
aroc
xvp
baed
agvf
awzk
aptk
wji
bkgs
qml
eyi
ady
vhf
jbc
bqle
pnq
tws
bmjy
bdct
oaf
bcsh
itp
kyw
aufq
bnyw
gbs
xcy
admf
atso
bmui
cqm
miu
adsy
alb
bjfd
bner
augj
bijx
yog
bgzm
tir
bagt
lra
bqav
bqim
rcw
lov
bdio
fzg
agtk
oyn
hvy
asvj
kul
ayox
ahwb
adlf
arqj
egw
spz
mwa
gzt
aye
bjxr
afpg
zuk
ltf
alpd
shn
acig
alyq
nmr
lwf
adtz
aplc
bnrg
ohq
uva
ivq
aqvd
meq
agud
ajfd
ahqw
cev
blqk
biwd
bkpq
brlu
bsve
kyv
atej
ateq
bdvh
pjb
alfx
igr
bjlo
bcws
xlm
bpcn
bcxn
rjy
asbe
bduq
pay
hgk
odq
tno
blei
hac
aytn
adwp
fba
wzp
aqlo
brcf
ahb
rhj
apxi
atpu
due
bkh
bgpv
avpi
afpi
dh
bofx
nvq
bckf
beco
jmy
aefp
awnl
gtf
inp
bgnq
bpgo
ikj
bgxn
cpf
abtq
bsyv
oha
bjmk
afmw
grw
fit
lut
sje
dza
xov
abuf
aflk
wne
aund
uoh
brot
aqwp
gdl
bloy
blqf
aepw
biwt
xdw
rqt
bmfl
zyl
anir
ayuw
aelu
axmz
abyz
ij
auns
ekf
mci
aclj
bkqo
ayqj
cgn
brpt
bptj
ahoz
wur
fvr
bxh
exy
bfja
fyg
bmhw
ds
oar
nrj
gvs
uhp
tco
arbo
bmj
bejg
awuv
njd
asdj
bpum
klp
arvo
bmiw
bacp
bkqx
ohy
aoce
dpj
aoty
axrd
uky
aptf
bknu
bkhg
bijc
uek
akfp
clt
xou
acyf
beig
bhqc
bxq
aipf
ixp
tnv
bltj
bahf
bgnz
bmxr
bpvq
czh
bdik
aqzj
hci
jwc
avlf
axze
awgy
ejw
aknb
qtx
brwz
bphs
aoj
auey
mtq
bnxg
qsb
bsmn
pto
txo
aus
bjeo
adfc
aksn
nho
blfg
dpb
amcl
aqdc
amdp
axvn
pde
afco
anvu
bdac
aqse
bswi
bgam
awi
bqkt
axnd
dnp
agwx
ahsm
atly
bhto
advz
agdl
aset
avct
lwq
bjwx
ktq
besf
wis
bjlz
jyd
ajtu
bftn
ftd
dgq
abuy
bjqw
fnq
mwv
vye
umc
ufj
jok
wlj
akjx
asyw
bped
bdsh
blrg
aofh
bpfz
hjf
tsg
arky
behu
agzx
aylw
kag
afnp
ahjk
blgw
acgp
opx
bmrh
bplv
anjv
fci
udj
bqvf
bgkr
ayxf
ovw
arej
awls
ujy
gos
azie
xym
cvi
vmy
rdo
apnm
bdhi
ahic
bdhf
brx
ntz
uft
bqnz
xqd
bdjf
jhq
kgn
azrk
guy
atop
wql
thu
lva
avht
spm
rvm
bhvu
blpc
aph
ajes
jus
plj
jtf
bjre
amcg
bdnh
befv
agfc
qgn
bmqn
beln
vig
ngz
awxs
ayvc
aoq
daf
nhk
axry
aolf
gsl
bnak
cnj
mos
abri
bkvh
amdb
uag
qti
stx
bgdi
awbj
bmji
aqtf
arvi
bltr
qe
awpr
asiu
ukw
zsa
qdx
atqz
aeqs
bqia
ayqe
dwr
adro
uwr
sec
twi
ozu
neq
aidu
yvt
asbh
npg
quf
bqyo
dkq
agtz
bswl
spx
erw
uot
abqi
dfy
bfyg
hvr
bohx
otw
dcj
afyj
kcu
aheq
myl
aloy
amsw
biov
sjm
hao
aqli
egq
bkpc
boxz
aboy
akmb
ayei
qxa
asqx
afsm
ydm
dri
apjm
ahlp
lie
abiq
acwz
bqoz
kie
baem
acew
aunb
bisc
bokr
ajcw
wpq
blpg
bedh
arot
aoiq
bqin
jfz
biqm
adwv
inh
ycx
xdv
abpq
aekf
dao
adop
aigs
mkc
ajov
bplu
bmel
pwb
pct
mat
bqsv
sco
bqod
ahul
bsaw
ivt
brxs
xaf
bsag
bnta
hjg
kro
awur
bptf
anuo
isu
bmq
amtq
bdhk
tpk
bdsc
aghl
icd
avre
azki
abzp
ajbh
bawo
pol
edt
afsz
blex
aies
bljr
uwz
biwx
pjt
atsx
bgah
bqzd
bonu
bams
aitq
abig
loq
rtp
bftl
armi
awbx
ahvj
aguv
acen
awzd
qgt
aflb
muz
kfq
bry
ksi
wpe
boqr
bgcr
alo
bknl
efg
ayr
kug
bsfe
brwj
axus
awmo
brof
ahcn
arob
ateb
bszl
ayoj
yjv
bhql
aemx
vrz
bozn
aow
amxt
pjg
athf
qlo
bcwh
nzm
axtr
alcn
amw
fex
avgq
ejf
nay
vnw
aehp
bafs
apxm
aycs
aytv
sdt
ascy
apsq
ayup
anpz
algo
dge
ardz
vqf
wxg
anwd
bsnq
blvo
bfjl
abdp
bqpj
mrp
aufg
bdea
bovn
irv
bkos
olv
wjp
aber
mjq
apvq
bgop
emp
asjp
abuw
uvg
abzx
se
vwx
xyp
fbj
altx
aqlk
pyl
bmwp
jbk
bkz
abzt
amgs
ywx
ashr
bsmf
ekc
qbp
awxk
jul
scy
