AHWX
AXLF
ANIM
AXCS
CKUM
BNCK
BSBB
BDFR
BXKI
ABMK
AOML
DAVE
CYYI
CXMX
CEKZ
BDYM
CSOR
AVTH
AUYQ
BWBQ
CHDX
CFWT
BVWH
DKEP
AQUS
BWUR
BTUX
AXGQ
BMLT
BUEA
BGWD
CBVI
BMFS
BHDU
BGHE
BOHX
BNWH
CGNJ
AYPN
DFHH
BCBX
DEMK
DJMO
DASV
CIOH
DDUL
AVSM
BVQM
AXDN
BZWD
AWQO
ACOF
CETG
CMJS
BGWP
AICJ
AEZF
BJUO
AHSL
BRLL
BWIZ
DGZV
CFTE
CXWL
CCGV
CRGC
BFWN
BDXW
AZMF
AQGZ
BQYN
AJVZ
BERX
CHUC
AKRE
DGHD
APVG
DCBI
CEOT
ATXI
BTBG
BELM
BZMT
AVVA
AIVD
ADJF
AEHE
BUHM
BYHT
BECB
BYCR
AFOQ
BPMI
BWAP
CTOA
AVVO
CXMF
BOUJ
BBEI
AHQO
COAN
CQSD
AQBR
AQJQ
BBGG
ADFG
BBFN
BJZN
DANH
AAGF
CCKP
BMUW
CXTZ
AGFH
BVET
BLAH
CYYY
CQQC
DAUQ
CZIC
DHMZ
CLDL
DBSQ
CKLO
AHRB
DKKY
DDIQ
BMJK
BAVD
APMM
CZKW
CCBX
BEML
DDVW
BGSC
BAUE
AEDP
BSBZ
CTTW
DEMI
CJIZ
AJPG
AYMI
AZIC
CFAA
ACIY
ARHE
CHTH
AYAN
AVME
CJQE
DBJK
COQJ
DHME
BIVM
ALVB
BZTR
CBAB
AVEG
BDMW
CQCZ
DIMH
AEPQ
CLTF
DAZW
BGJT
CGNS
AESJ
DCML
AWAH
BSQP
CFJX
BNXL
AGJA
BQXG
CBKO
AFII
BQPQ
CDJU
DGFW
AOLR
CRTA
BWMM
AKHT
ABFP
CZBO
DJAT
CKIJ
DAHH
BHOB
DFRG
AGOE
COOG
BPFY
CKFU
AQKT
CEBD
AFVG
BDEG
CATS
DBDL
BBAD
AETA
AGWP
AOVB
APWX
CSPP
BNKQ
BFOJ
DFHI
AEIK
DKAX
DBZI
CBHQ
CNGN
BHML
BROP
BLVV
CNHO
CLHX
CZCN
CWWR
ATTZ
BDKU
BLOF
AOKT
CPMN
BUQS
BGNH
CAYF
APEY
DAJJ
CSWG
CYED
BTYD
BIVO
CSMS
AEZB
ADSL
BJJM
BDEV
AWCW
AYRK
DCFZ
CURK
AREK
DEQC
BLFG
DDMI
BSOX
BOPN
ACNJ
BPFS
CLGT
DCXC
AIXA
CZSX
CUIN
CNZU
DGGT
CTBA
AYDZ
CGYH
CFXO
ABXN
DHTR
DBZZ
CCXU
AJIG
AKQA
ANRV
BHUV
AWXC
AKEC
BGUZ
CWXE
CNBP
AWJT
BZBX
ASUV
BCSL
DBQM
DCLA
BZLB
CXYM
CPGU
BDTH
BGNE
CTDV
BQFY
AQLY
CUAM
CGZH
BLUO
BHZA
CVWH
DGKU
AVCK
DAYI
CRND
BFQL
BGIX
APXC
BBGR
COAG
DGFE
APCV
CLGX
ASPI
CODW
BEQY
BDJR
AEAN
BZUJ
BDPP
AUNW
BYMR
AEZQ
AJIR
BDVW
CWDE
DJIA
AXPR
BJVO
BZQH
DCOD
BVKY
BOHW
BEHF
ARGP
AFYZ
DFLW
CYOI
CWHG
CCOX
CGNX
BITD
BEJR
CZQX
AXAJ
AHXN
BILK
CFZD
ANXS
ANTV
CSOO
BSMG
CUJI
BZJQ
CKCW
BNZU
DKOQ
DGJU
DJCM
BZHQ
CALZ
BYPE
DEDB
ABAM
ALRB
CIPX
ARLB
CUDL
AOXB
CMZX
DACU
CZFQ
BBAP
ACBP
BCRX
COIR
AKGH
CKSC
AHQM
BCGQ
BDXM
AACL
CKVI
AFKY
DBKV
CTZQ
BJMM
CMZU
DGVB
CUOT
BQOE
DBTL
DJRW
BXAZ
DILW
BGGC
DATZ
AUHS
AFUD
CMKG
BASJ
DEYG
BLGR
AGFB
AGIU
DKPE
BTCF
COTT
BULQ
BLOH
CRNI
CBMC
CEBX
ALQT
AKLT
BYWO
AZCM
BVKE
BPYP
BVVH
ANXK
DHMI
BPRU
CVDB
BJXV
DHRS
BXBC
CCNR
CLNI
CAZM
CTEQ
BWCQ
BKPO
BREJ
BOVQ
BIGY
CGWW
AZQZ
BPIB
CJBX
DGTO
CMVW
AMAA
DKOW
BAVK
AZJT
ACCN
AZVG
CNAH
CYVI
CKGM
CYXH
AMSR
AQXH
AMDF
DCTO
AOZG
ADVD
CFRX
CBWQ
CMKF
AWBO
BNAJ
AUJS
BIGP
AFCT
BSSM
CZWO
DALF
CYJZ
AIIU
BYVS
BYSQ
AUWO
AZYA
APSG
DJAC
COEF
ASVF
CXRO
CAIS
CSXE
DHTT
DGSO
BDCF
AOJR
BBWB
BCNM
ACDU
AXTQ
DEUA
BAWT
DCXE
AKYB
AWFZ
CLXK
BBYL
AGZF
CAAY
BAQD
DBJC
BCLC
AIZW
AHZB
DJYE
BBOF
BROE
BAYD
CHER
AZIR
CXGY
BQYV
DJAI
AKLO
BCHE
BIMA
DIXC
CSGU
DETS
BUGY
DHRA
AHLW
BKPW
CWHZ
CFHB
CFSV
DCHR
CZQD
CLUW
BNDM
CIOR
BBPF
AMNI
BCIR
AVLE
CMUW
ABLL
CYVN
CDAV
AWMY
AAVV
CSVX
BSXG
CXAL
ARJQ
DJDS
DECX
BICP
DBNR
BDGY
BQWW
CNZY
BBWG
AYJR
BPCY
DBPY
APNZ
BMTX
CEMR
DIMJ
CEAQ
ACRU
BTJI
CMXA
BSBD
CBDL
DAJM
AZXV
CCWB
DHRJ
BWBE
AJKM
AYUG
CSSB
BVEU
AUVO
BYCO
BIUP
AZVV
DDPY
AKVW
DBYP
CIIO
BNOR
CQVQ
AJUM
BQMV
AKVV
AOGL
CJUE
BODD
CGHJ
DIVX
AUZX
BEUI
BBYF
CNAN
BCYO
BSYO
CJIC
AHZP
BKKS
AQEG
BSIS
BEWJ
DAJO
BJLX
BALU
AUGR
BJBM
AXBD
ABXD
CLLH
AXMB
DBJU
CCNE
BZYR
AXKC
ABTV
CWFQ
BNBU
AOIW
BUON
AIDI
DAQL
AYYT
CMGD
AANT
