37441
14235
26625
25540
20797
14911
39146
22503
30156
36886
32880
34031
39996
4923
10826
16343
27471
38281
27549
4655
25287
32068
23319
35543
37759
27557
19401
22855
34702
15598
22774
23275
1428
2540
27923
37626
30671
15410
8317
35568
24473
26857
11440
1414
34983
23888
26692
12768
14040
9006
659
17321
14826
39912
24288
1435
8535
39499
37686
2291
25767
15600
13389
7921
18995
25712
650
39621
35197
11333
31353
38616
24381
35128
9682
8807
6580
34480
8276
32319
17554
26255
20679
19085
39820
32165
17912
13570
38589
21928
22375
9677
7087
30582
19882
26551
15453
11490
29349
24581
15738
22749
9664
39880
7810
15213
19357
14990
19082
7512
21558
1137
26912
1026
345
37724
20715
26750
7307
13207
34666
15794
20523
212
32916
31386
18364
34626
20952
8655
12388
28876
36966
8133
17356
11075
18660
8629
20072
39159
4404
24679
6890
30952
3262
8090
8653
12924
36604
38368
19917
5455
17744
5687
11727
24212
12725
9296
32038
3939
6005
26996
22427
35924
13883
1286
24083
29204
23419
16054
31670
32824
25379
11578
20991
10836
28654
3519
26279
27207
9755
29813
6913
30420
11804
19648
36061
29633
14744
29358
25911
4979
28264
2871
31247
639
14945
26696
28139
766
13690
20119
33460
29522
9728
32550
3579
267
18934
3790
29321
5650
28536
6202
33856
7160
34153
9443
23972
1866
12002
307
5282
2129
7709
35772
10012
12163
36653
19105
16295
9058
16337
22204
9946
34365
29355
34440
12629
29631
5904
1946
917
21722
1798
1963
693
24445
8079
19826
24368
32470
14857
20355
21791
12391
14476
35512
27462
39821
8963
33963
17946
38206
365
32649
27304
14257
35336
26089
8960
35531
7658
25057
17513
19305
15514
5494
19057
10160
33896
27996
10234
1769
14394
5918
26590
15615
2697
25044
19605
22953
33026
38282
29046
29620
29639
23905
30456
33799
33989
8823
13833
32839
10683
14881
24049
22463
38658
17565
22996
38508
7956
35286
2345
30876
31868
5900
24349
30205
31482
16828
33976
27389
36241
26787
36940
31960
27463
29339
8617
21022
7820
6592
15383
18288
3033
28351
39875
30490
15825
33171
21303
23622
32266
26966
36602
27762
32337
38635
6859
26131
24966
39705
9713
19608
8806
21838
18927
35236
27049
36208
35362
29500
28710
37443
26536
29945
27392
1517
18250
6004
17732
1949
4742
34615
1152
19872
29585
1936
11304
23563
4736
6679
7350
34529
30485
21544
25744
13220
32542
25640
33158
11048
8406
32342
14030
4037
38961
32534
14627
34991
5090
10840
19514
500
3472
11928
16925
24773
22014
15956
7029
9843
2123
14708
17826
23020
17052
20625
8999
8360
33019
13763
7422
36705
18084
10518
9944
18859
27052
27827
27853
35089
15582
30846
9870
2904
25552
26003
33595
13333
13818
19623
36152
29135
8834
11056
32442
19904
35757
6302
36570
23323
14060
25133
23344
30468
23006
39081
11396
24735
14071
4051
22705
1002
26519
30787
33349
31516
2247
8933
39121
16425
30413
38963
31939
1308
19053
13193
38514
10554
33838
36442
295
1582
0
38523
13777
36946
11781
16601
18604
24414
37240
16998
5087
8724
8452
10043
37162
2981
34254
3333
5161
31786
35726
20460
30693
26212
37155
7321
18715
34136
30911
38374
33803
37864
37029
17427
7288
20934
16012
6724
29065
14087
18410
3543
31309
7925
32902
38067
35541
17480
22347
38049
9315
20906
11335
21710
36273
26467
1245
36843
17652
28296
11364
1745
17250
19264
4718
35732
28151
19783
25059
13724
16333
32686
31431
24503
26328
11801
30743
2118
38719
27387
32763
13816
2045
26627
31093
20677
24705
2705
5269
4452
7980
20352
39608
12971
34006
13294
19677
4922
23480
9480
12772
21046
15269
36655
38192
33569
17462
3700
38304
9309
37811
31206
21144
39781
11368
11680
13019
29964
31027
24590
1129
8185
1914
26948
20595
19172
24831
32746
5033
19928
6673
15140
7905
25941
38180
28892
13688
1837
30239
39661
15068
13483
6628
39135
18985
35455
16450
21087
20354
6947
7071
1623
593
34075
19652
31336
27709
31978
26875
37374
35613
22270
36632
10428
15491
30251
22641
2258
17936
23082
26782
3954
3886
20467
4521
13185
13246
28023
19906
187
29792
27535
38527
3753
25953
30220
37750
17164
34378
27373
26659
23850
36883
11989
7986
4900
12059
32755
27663
31510
29236
5505
6816
9983
19565
22419
37069
14852
30276
14669
7167
36175
39532
33271
11201
8450
21537
29784
9160
37433
25707
8717
26555
32218
28537
1590
28038
29143
3228
30811
17224
38250
25060
14788
21491
1890
34939
22015
5630
13471
38619
12006
32664
32209
12956
33273
30473
29729
2159
26767
11728
35731
5485
8883
13801
7791
6020
874
32078
32750
3825
8188
14954
10924
439
16455
7233
12192
7121
2164
23539
11509
31179
23469
27087
137
23290
23324
36720
30190
28698
16780
35527
13319
21798
27451
2355
6548
38114
26483
13166
31478
37038
9816
16872
3478
15487
28485
15630
6216
3038
7091
4237
22110
15843
23054
16762
16783
11479
4221
9336
29961
17685
5403
15388
31958
9584
16252
14461
35435
5043
26749
9553
10500
26707
18467
10876
30385
38210
36371
19026
6392
29541
25388
1427
30771
33404
244
15072
23143
28443
6846
13593
24903
17909
37150
24268
1031
20031
32563
21892
17865
29535
32517
34045
36922
20298
31562
23910
32964
17329
23777
2925
20748
25067
34408
6250
11031
26686
11824
18232
36174
29006
28340
14574
23890
30577
10798
37515
392
335
21839
23794
22622
27056
25775
19596
38792
5856
35370
23085
29943
38117
32279
10134
1650
18825
16192
27162
1859
31992
2616
26820
3747
2225
16930
9200
30054
33834
22164
30829
12180
11588
22847
10908
21450
33320
10226
18340
31529
28106
29377
17157
37651
20849
15911
4050
23077
36092
23966
14929
6664
12876
18301
16885
17776
14475
36509
12055
24111
22275
15868
28911
25302
36326
24713
1611
32014
13767
36221
20835
12698
14426
34786
2300
36647
32077
15255
1836
29083
20516
21117
37203
12802
4516
15961
37271
32836
31809
29218
34171
31202
35271
12892
13895
14577
11390
38327
21468
17591
27110
11323
4544
11360
7450
19178
896
5803
17401
4424
18870
18
28499
2427
38485
38069
37701
20708
2493
35882
98
36934
15651
11672
5673
10733
39884
30012
22490
24060
18782
36606
30725
27987
2576
30039
15766
19843
9285
32144
37331
23110
26851
4003
31953
22652
14714
18051
8756
13098
39360
19841
3672
30373
32707
37355
17192
692
6571
5514
11752
13144
26283
14866
39444
6488
19440
12490
26598
5628
22155
34039
33206
27311
20716
1701
16774
33274
8743
8248
38405
12497
28907
34208
23859
25873
37708
2194
24677
28389
16542
26968
39049
2867
20301
22150
12929
16421
31355
8026
26960
32508
30112
30754
17773
92
9650
39892
39692
30454
32496
553
27566
2128
25893
16607
16664
4210
9879
11061
6212
3088
19160
27708
36652
37677
3829
14832
1768
3367
37031
20080
32952
33731
25904
23748
7686
26978
30119
29379
39196
38581
36444
7621
29717
31746
14289
36930
32788
12655
16595
12907
25279
1304
11568
25020
412
11988
13453
34567
26884
22320
10469
24732
38059
31241
6223
3555
39671
31440
16165
27428
5571
8544
12560
5460
30520
7639
4534
13430
12455
5086
36259
31538
38700
23354
16575
33020
9025
20152
5097
9356
31085
21045
37760
16162
21440
25505
33577
29680
24358
26311
10847
20632
34594
17216
517
38608
37684
27771
26042
28107
25661
37807
27312
25721
18260
24793
6651
16311
10252
14996
12400
3728
18442
6845
12334
12397
9117
27355
33672
28985
20913
23379
2019
27561
9607
35111
29069
2940
24982
9363
39233
14286
6473
35268
10956
15056
28754
3177
29814
22921
25592
29472
35905
10988
14398
2660
19243
30684
39961
17327
14805
14534
17928
13563
36486
8773
4244
23192
17511
10954
27363
9355
34595
33968
29863
26611
3392
37879
29105
34349
5707
31763
19011
31988
37243
20717
18652
20605
31567
37988
39462
18842
38656
2986
19909
30090
1688
12062
30429
6814
12361
23682
11322
21486
28095
6140
16029
20280
19138
2563
18651
29510
17260
15516
36610
20441
33930
36679
37278
4795
9814
34129
10359
9294
19463
27684
36204
23690
29808
7136
24472
18803
13780
17892
21570
20111
9619
35454
31090
38175
11716
33184
12086
26804
4025
8522
30115
23244
28181
17125
34639
1001
8937
26298
34687
31803
31873
22220
36445
4231
39844
30440
22539
29389
5626
23111
24664
37600
30396
29252
36681
18186
17973
25619
7137
21492
28148
148
26564
19687
39626
16588
27720
25629
19416
11035
25618
2594
35196
18438
27228
14292
20840
15568
18931
8816
31453
25654
38093
30095
11558
25589
31208
19023
29276
34434
10817
6894
5753
35710
5265
10659
3768
34122
30509
1634
38877
39239
27872
24956
3429
39152
5139
7342
7715
14819
16092
31426
16218
3463
665
4480
19581
8342
26151
2208
35645
19394
8175
27
26597
13428
26584
1806
15606
8511
27515
25363
2215
5901
28154
38659
4550
7051
1884
36237
8209
32045
7894
22288
25068
20529
1805
282
33937
27811
37487
15218
17346
17666
16429
20200
27956
39810
10633
23567
33174
37592
24018
22923
10219
23317
29755
11157
39154
26259
31841
15544
2538
5179
13435
6533
16145
39323
12578
3699
14051
29711
26577
17647
39881
6641
39227
30775
487
15408
7302
32441
5668
35694
14250
8641
4339
12414
3080
29665
13549
3264
7041
9469
8048
10410
718
30690
1597
22066
26080
26126
34515
2238
13556
25450
13081
127
15010
34435
3866
30881
20587
13069
20660
18587
34050
32628
35497
13943
29381
22778
12890
35081
8776
35152
27852
8123
18263
9869
14118
26705
34261
11814
31278
23041
28303
8227
33389
4363
18307
35749
9845
3105
22025
20243
38682
29211
10588
37841
20100
34952
30799
11397
20754
21108
39470
3002
19525
11305
38010
5360
18206
20819
7262
9833
18738
39637
22068
962
1151
37171
22431
4619
31697
32764
17067
24699
18832
15992
23104
22899
19358
22441
1265
11854
5335
10274
14277
28436
14066
19321
35238
30394
15705
27977
18878
36783
37614
3710
18513
8620
10320
13989
32013
37869
31192
18497
37097
23280
32653
4536
27925
34773
34627
10397
11240
24139
2352
31364
30314
34814
29041
6668
10193
14971
29151
15167
20813
3229
15790
5362
31684
458
28705
20584
19828
11186
14870
6645
16700
32160
20940
4588
10273
23382
2181
35875
22640
39341
9980
3528
38186
16383
31313
29094
20286
32541
26951
34205
3635
1279
9884
2245
27898
2824
11816
36469
5581
15977
7466
77
31701
35984
20433
36588
21872
27591
19508
20924
9446
34659
4426
11951
27897
15431
20259
13451
9239
27210
27733
13075
21988
16965
3762
30776
30780
29249
29685
1305
25757
20132
11008
23812
31588
20334
38861
9201
1687
22157
12784
6572
15087
29327
13249
38308
15747
23937
9474
17116
5094
31180
32376
700
9590
38624
22909
30894
8913
21748
35516
12874
12249
28583
16307
15859
30629
38445
21157
15797
18297
3683
897
36507
19395
30751
20442
37591
4000
22194
39952
10677
22481
36666
9110
29955
8771
6257
15772
31886
10560
39281
4364
27756
34455
39300
35948
39593
30377
8837
39898
7643
23702
29388
5827
32502
36690
14061
6607
7847
23670
3239
7617
16117
7851
9712
27317
2501
26593
5524
20890
26445
11532
30017
140
26562
3956
26882
35562
14584
681
3335
1084
37479
38381
12752
27118
38389
24750
11036
38457
29055
20633
5206
14711
31474
16775
28482
27493
9866
38931
16368
39005
17337
32666
28744
38472
7289
6820
11907
29109
36794
13866
31534
30234
16873
29588
33497
942
4056
2572
11498
11495
38628
8689
32931
19519
5379
22991
14799
7423
13581
24300
18229
26501
14879
2610
19000
17540
23516
1417
18996
28456
37901
36212
29400
26284
3174
11561
32285
21754
15670
30792
23183
35059
11827
36019
35045
10386
6456
19881
23416
38422
2226
7494
39616
33486
39900
38278
34274
11843
8051
37244
451
1395
35150
26222
33534
27523
36276
4034
23249
1359
35303
36741
21593
1402
1342
5377
18536
29617
32668
29811
11161
21363
2346
14
11066
19502
23200
37977
38905
33548
1326
32913
20190
589
18912
21941
14697
29434
25574
27292
9305
3026
19116
14240
39564
19024
5258
20785
32064
29664
22779
17432
5858
22553
35446
36293
4261
24281
20800
27397
39153
31334
12895
25587
17226
15941
5757
3041
39685
22512
1410
20986
37229
28329
38303
31333
7599
37248
26937
25733
21036
37210
33692
426
11646
14803
39734
38025
20451
14242
37090
17172
14960
18370
17374
34304
25568
36932
38983
21387
37659
24774
21590
36353
6263
25492
10863
30388
36239
38897
30010
4350
25165
3040
34676
31707
3687
36123
23693
9193
18416
6084
18876
3667
22615
34686
27147
14207
29724
16631
5177
12315
35781
21150
25755
28953
39209
16613
31315
14639
26327
13730
30474
16465
37495
12658
22665
13503
17371
973
27565
29859
23348
3136
34870
38243
18328
30941
28447
19891
29836
22935
13554
21652
18266
9388
9128
39361
16133
14433
6091
32805
37303
780
22212
20272
17100
27400
11891
13826
37976
34100
30692
17349
18644
19117
24930
23092
14189
31611
24137
32804
574
14152
14717
18781
35618
20740
6538
3398
13015
32742
16674
4628
10007
16630
22252
39920
22594
7719
3881
32514
18613
402
33231
19402
27803
31261
16777
23666
25396
5790
5921
17507
15464
7577
8827
37347
19680
1685
4116
31935
22578
29306
27738
9594
30099
5965
39501
28316
5195
36725
17768
1119
26510
34036
419
968
23172
26458
5156
38026
15755
28290
36836
28872
13230
22574
22771
687
10561
13536
10993
11209
18148
25905
33639
19515
32603
8506
7495
4988
35208
32580
30722
15881
12958
12820
1828
19661
22710
31104
6065
4135
30539
39262
10304
9858
2449
36131
26074
3992
31016
7243
130
5612
37762
19336
25546
16276
34355
3402
2289
30951
14063
33301
12960
22400
18220
12368
25853
18094
14313
33156
3801
21
2621
10888
6482
19014
17387
30363
2338
10369
14753
33023
15116
19212
22927
38079
36898
39571
34846
34650
6038
30914
9578
30657
17994
21180
26072
11123
18763
6341
27092
32904
12970
4569
9107
34201
18916
38876
38998
31469
6842
13508
1940
9207
18631
26685
839
29071
13084
35735
11517
37980
8012
28235
19767
39391
5720
2743
16928
20947
14665
12935
25653
32230
4699
5538
29483
25282
37202
2391
25291
10775
35969
29101
17101
5570
21844
34839
33543
38646
12273
5832
21752
7530
26313
29918
1591
8597
21043
24656
32511
31163
416
25161
14022
4402
30562
9067
24467
37382
8463
16921
17688
12492
29768
22643
13052
28657
23969
29324
31274
39463
3641
37294
36166
28768
6060
28186
9655
35760
28157
23493
22600
3808
31528
25789
14428
22302
30184
9020
17594
37199
707
511
37959
13723
5405
1880
17464
9287
8120
6431
28250
29384
16751
642
478
30241
23932
2251
28796
13429
13719
5529
20429
34866
39646
36582
9865
27410
29448
16401
12159
19662
4095
24824
19861
23505
15003
1559
15223
34961
23063
24340
4648
24496
17009
3414
19505
37348
37224
35918
19642
1388
25837
27077
1374
35324
33164
34647
14626
14408
30750
29687
333
27042
33646
4674
23177
33380
39690
15682
25280
15647
3149
29980
30068
16769
29209
2784
9248
1396
12219
37477
35069
13985
36933
33823
39252
27889
33064
22544
12973
13239
11260
21390
37449
12467
17297
28554
3885
33440
13779
1926
22806
18170
6777
14423
13605
27944
18864
39964
4602
21277
1186
13795
37505
33563
21467
19101
18014
9458
29089
10522
14713
32309
22086
30157
4893
8043
9428
4287
6184
13523
8171
8114
15033
22668
11163
12033
31541
8769
34721
37910
27487
36074
37937
35363
22410
155
33276
28552
14269
36829
9222
5042
31533
33704
26364
27918
16089
8610
38247
10212
23678
15877
35758
20794
15345
10327
17987
39832
38944
10191
10816
37522
23697
12702
38052
10809
17225
18970
21749
13611
23152
13996
10647
8668
13986
31506
14515
18244
33386
33201
34565
5005
29215
37427
11338
32657
25626
15114
35633
25101
8932
24477
28929
2389
34560
15588
35788
27008
26423
5396
11423
21861
3922
30208
12054
9520
26699
13810
38481
27260
33441
24838
25632
14178
20703
8236
18023
15903
27447
15872
31847
5558
36318
6153
29072
30655
29812
26871
6635
13529
13161
1306
29096
31066
21027
134
3788
19417
15004
24818
6519
5050
10284
5629
18030
11772
30824
32358
36919
38493
27539
1199
11029
9101
2964
10286
29877
686
27176
18011
23268
18310
32190
17070
34195
1445
17233
27432
6590
1128
23049
23099
9834
715
27448
30144
8441
29791
28509
3927
11658
34324
4567
21219
15161
28396
3086
5493
14332
508
1290
11584
3468
8148
8852
9091
22718
18187
21237
3363
8539
33651
16905
1765
5522
12270
14949
11475
27120
8063
15634
8160
30375
11859
15067
25501
12663
16209
28993
7929
32785
27736
9456
34130
39523
13264
26709
25925
33700
17127
16377
18398
25190
7383
17967
24481
22060
4832
10761
704
5908
26075
18835
39882
1671
27569
35160
16273
266
4915
20474
5746
6675
2365
6524
9068
38177
9826
11145
34692
33564
38312
23178
17202
5805
33686
8949
34224
2570
18099
11242
9127
26760
20070
30482
7431
30180
18056
35310
34547
33424
35995
2971
18775
17197
29821
836
32202
16968
24987
19823
27781
23316
16753
11454
36613
30084
21545
15482
32234
36317
31193
9942
34115
14076
7720
8778
32010
7227
36789
39939
24603
33786
21740
25734
20160
8889
2328
29166
38226
30133
3688
4353
38431
36400
10368
37415
23228
12125
14185
3577
16772
18649
37987
29380
21179
25496
20145
8766
17500
9787
15117
17442
29817
30513
24621
1513
28128
29900
5708
25187
4436
32647
13665
28208
31256
20533
27667
30818
12576
29989
5869
27873
16835
4303
12317
13682
7081
25914
18527
13635
20618
6273
11736
7035
22907
39083
37076
9883
34519
15202
19236
8869
27607
39973
12297
32261
34638
36931
36115
39255
22176
36658
1586
17460
13583
21487
20760
6735
30145
26340
27864
3050
33246
614
12074
26605
6959
19066
28963
38354
32053
28306
24203
29294
744
25238
24442
31602
28014
26753
28775
37934
9781
21779
26509
14511
21336
22997
7769
24602
23405
5748
33877
27414
16243
26655
6461
17182
29975
28955
6364
20058
16313
8774
15398
29569
13064
14839
37819
16408
246
21940
23495
31067
18352
27443
1434
26663
16219
28037
37641
38267
8712
20521
27104
37124
30237
32139
31756
26054
7919
35652
28950
12726
1793
31582
26868
8672
29095
9982
33414
13191
39975
6484
20264
4572
16009
9142
17088
13424
3336
690
24497
31185
6875
12507
7846
6483
11496
875
21769
18280
32867
16248
25982
32623
23957
35051
23938
32892
8818
31217
10089
17440
36368
36659
21393
12155
29745
18371
13336
35580
25889
19527
20675
22251
20733
382
35848
5368
37480
17134
28927
3612
10740
10584
3288
8968
38214
36134
7351
34026
32023
30840
12793
16616
27916
17538
22587
10249
10754
4317
39586
32171
29557
26309
1436
10466
21971
21842
32336
35709
17799
6506
25972
28852
11755
9863
101
27937
1346
9630
3451
38432
13591
33756
21897
764
27615
7414
1408
14328
9053
8341
39914
20194
35637
16302
28455
21719
19356
24134
30333
2651
13477
29343
34437
1903
35187
17719
8802
27854
25898
26565
3032
6527
36538
2163
19663
30287
9638
472
15147
32997
36967
16651
21524
25071
23841
35718
25641
29589
14759
24731
4019
23848
21986
15406
5204
32345
20481
4356
2376
2436
25983
15156
12382
9872
34077
13200
21457
20478
17403
35879
7843
32434
27793
28891
9079
16554
33871
23987
19497
14529
37840
22911
18664
34747
39503
9564
18585
11486
36862
31568
32777
24509
15360
8190
23299
2497
17552
3656
17135
10355
19647
9515
39464
26761
25547
12130
28516
18942
25286
9556
6470
34827
18757
27824
18941
7993
5118
15748
36847
13370
23855
18286
15896
11691
22889
27930
21698
5148
19241
33559
36971
674
13007
23572
7663
36286
38037
32051
38510
38592
19580
8373
36534
4924
879
22619
19127
9890
33619
8078
14263
7131
2434
12937
19490
39890
8652
39413
23059
12356
4179
2440
4755
20750
13303
9956
37747
23011
13130
9774
6141
23165
7952
32293
18174
3848
6035
11094
37635
4693
27544
10403
31855
29721
34596
33337
27078
5276
10322
15838
24892
11590
11011
4752
31766
27501
39580
26711
14280
35484
22352
21109
9760
15458
18802
7451
5678
38916
18045
33103
32975
17739
26144
11424
18676
18396
22796
30798
29444
13531
24068
21378
2897
2185
2820
11810
27072
1221
18730
15042
26853
9288
2841
37573
4985
39423
11387
37631
4789
37974
27584
23067
36347
26326
17131
38890
17856
11771
27646
2591
7062
26330
5473
35917
15943
5037
38889
13298
23163
28571
8962
4993
6837
30986
23601
13979
19634
33650
26303
22617
11286
29363
13910
26393
29138
14631
24285
24
35523
30551
11379
28446
20635
12223
13170
3140
18002
748
9647
18106
36517
14460
18947
34812
36148
12198
35507
15511
9138
37299
10797
11258
8700
5065
16656
37662
34468
19176
3251
16609
28243
23504
24230
927
5868
21309
35480
6319
455
33138
15098
7110
34369
34458
11633
1163
26430
25324
5419
16201
3380
3706
11504
28987
8440
33089
20528
8767
12194
339
37336
33546
31799
4032
6255
26173
33222
27132
14382
13571
5439
4647
19950
25236
7317
15565
29800
28360
6690
23898
14772
9395
24663
26490
6670
21489
8257
7581
38662
35928
4676
24370
38397
31737
5961
22712
14504
31565
4643
16071
20858
14601
23831
7886
1219
28120
18181
17965
28481
22286
38094
29295
11381
7888
27245
27503
22098
25528
30498
34873
15535
36465
39056
25768
2628
23220
12701
29469
9096
13675
2329
12822
14820
21420
14919
24874
38657
9462
10482
16349
22857
39195
20391
5102
17857
6393
20139
19213
23720
31962
17002
28617
25234
28743
7108
6106
9180
2063
29490
29178
6584
3568
32972
24757
9086
27333
36814
18680
1343
38634
23872
8386
30554
4059
19530
9050
12537
25607
32925
11979
39389
26367
3249
38580
118
1777
8480
3561
5142
25164
11995
2996
10942
28259
38667
36962
37630
11648
23640
16734
37221
9839
32605
39989
36172
1294
29727
6617
12650
22863
16063
39046
12143
12053
6990
4216
5345
13572
4944
34694
20327
18451
14353
11266
18890
1239
20361
21113
17741
2478
35581
7427
35869
12856
36730
12867
33991
10481
39331
12714
5523
8594
35409
26903
23149
10307
9114
30848
33029
23673
20768
30037
4407
3779
5759
19154
11787
2320
15699
28960
38708
24361
34966
27498
531
279
12706
26524
12870
26567
2246
17645
7693
32111
38923
24123
29570
17841
10182
36443
37999
34489
36574
31288
26316
1663
110
35032
33008
36393
32938
14530
21134
18145
8338
4941
36303
11985
10031
2023
14285
33297
37629
17490
13847
24724
18714
26032
30496
11642
29398
23462
34405
10587
7347
37557
20335
1619
20140
22146
13213
6299
25758
33479
5940
6122
25033
16850
22219
27589
12014
33352
12095
35873
11644
8189
25430
20393
26790
28057
17383
25832
34411
35547
20697
33452
20003
28078
10201
32680
30900
2811
39746
10439
3164
9530
34722
28399
3119
29049
7286
10878
31636
39999
8513
3065
21302
32793
28256
28196
28651
28752
11363
12600
33079
21644
9662
28451
2605
13855
16866
25332
3218
20032
25838
9762
32562
776
11823
31578
33718
23607
8445
24971
26112
7966
24645
35627
18448
38714
31828
3724
32423
24282
1886
13927
4083
30229
23655
6113
33114
39383
25209
37676
34601
29471
20607
27384
8173
2125
37280
17807
18637
4088
509
13671
8721
32286
31195
824
13918
30216
25102
37494
21506
8183
9224
20629
14703
5724
5915
24028
5425
10731
24383
24790
2984
3271
13955
7673
16257
6497
10980
14657
27258
25813
39204
32437
20652
14783
29107
17750
19338
17536
22916
14931
32522
26919
19694
22149
18646
30920
4636
32204
8168
4374
68
13481
4441
34441
21482
4601
13251
39967
20763
23017
28514
26766
18377
8038
27446
28653
39749
30698
28863
15232
28903
1609
36837
4764
5266
24433
3304
27114
18565
38917
13
6030
25130
22883
19761
1575
11038
13324
5256
9358
3226
32771
37681
19382
7752
16215
21577
26040
25509
33289
18978
25180
32154
26197
23181
25766
23232
4236
16926
30027
23620
29925
19510
278
33431
10744
13995
19954
2900
9217
12308
6220
6969
12886
4010
36065
26497
25751
11081
37539
10062
12274
16163
17474
16541
18851
23708
30504
22047
15804
37839
2132
21298
2615
14258
18508
31314
34417
32888
26741
23356
12546
35335
9104
798
10990
27435
11552
