bgbh
bqhz
aznk
aasn
acxd
bfep
cpzb
cbjb
boua
cuhd
aecr
aegl
bydf
bzhq
acdw
acvj
cmsp
aoji
cjxv
ciuj
azhq
bjcu
bnlz
armd
bugp
bene
bqnd
aelg
cczx
aekn
bsbn
chyn
calb
cjcm
balt
blor
brfu
ajfj
bwbc
batc
ahwl
adxz
byqq
cslf
cniz
chjc
ayrp
ckee
bksy
bylb
bubd
agnc
bcyf
ckeb
asyh
bkuh
bfhi
cmvk
byka
blds
bgmj
cllw
bmts
bask
cddp
bevm
amco
celt
ckzv
csua
bven
csdp
asap
axjg
bviz
adlh
bffr
bspv
acyn
ajhd
clws
ahqu
chns
axrm
crzp
ahhp
crjw
anrz
bjjr
amls
anip
cule
cpxe
ampc
clqv
agyy
cukz
ankw
alqm
bues
bcxm
ailq
ajby
cgja
afyg
aptu
cnks
cgwk
awls
besp
axpr
cryh
ahdd
aywk
bwdm
alxz
atui
awcw
alhu
aedd
arlm
anpx
awlg
blkj
bfuw
cggc
bnlq
bghm
ctol
auks
bzjq
akrb
cloj
aahr
adnz
bnch
aboe
cffn
cimg
axnf
bkhg
bkpr
cqmh
blzy
aqet
apzn
akgb
akph
