yv
EOO
LPn
KCo
EFw
KQr
EuF
CKr
KM_
FPd
HRP
HsC
HaI
K_U
LDN
JXW
GAY
GgE
Jqp
IVE
DGB
ICW
HPt
LSm
JQz
InR
IBE
Acg
DJx
ChD
DzD
QO
Ikw
Bkd
ok
Din
AZd
LFK
GQG
GHN
IFP
EAu
ACS
EFn
ELM
HcM
IAr
AMB
BDX
ISu
Hkv
Iml
FIo
DdT
Kjs
EcA
JOv
Ktv
IpP
Efl
BaC
Dmu
IOO
aG
KrT
LVX
JpP
Dhx
IFu
Ty
Dxi
BmC
FOR
HpF
JLb
hm
gH
C_m
BNc
Aqg
Ibo
LIA
AUA
IjF
GhM
Bqz
He_
Kc_
Byq
LBG
JQK
Gmb
EuE
JaB
HUH
BQd
GMJ
ALs
Jxb
KiT
DSH
LOm
We
KRs
AJn
gv
JIe
IAO
Ayb
eg
BdN
Bo
Ejo
DsT
IOl
FDJ
Jcm
BvP
BVN
FQH
Gxb
BCp
JgV
Gor
nG
Gxo
Aij
Bjg
GlZ
LVh
lo
ADq
Bae
Gza
Abh
CG_
Czj
Khx
BYp
Eek
Ehq
Fqo
EYF
KMK
gl
IjK
gN
JGH
EDw
Bx_
KQx
KHQ
LIz
JNs
CNW
Sx
EqZ
JuD
KDD
FOW
Ut
Jxz
FZe
FDe
hw
JcK
BkA
LDX
Ejb
Chs
GGe
ETI
BQJ
HKF
AXe
BIL
AMl
Jei
EmH
gp
FiN
JmB
AWK
KUH
AwX
AlB
AXX
am
GQF
Ye
GnU
HR_
HSI
AML
IBO
eW
Ia
CRV
JvZ
FVO
KKI
HIC
HaQ
Ccb
Fao
GcZ
IJW
FrM
Hth
Gxi
Ixh
KEz
FcN
AW
AgT
JWx
FWJ
Kww
KSN
HEj
KW_
Kbj
FIt
Gay
GIZ
LMH
GgN
COl
KwN
eS
CKx
LLG
DM
Khw
BoQ
DWp
JKz
DWh
AnY
CDR
FnB
Gji
KpZ
FJk
Byn
JWL
Ym
Itj
AlV
GXa
HEH
DMt
Jbd
GPl
CVe
Ra
Dvz
Hex
Eqt
CNN
BSN
KwL
JpF
GT
Fir
HGb
GTl
LHB
Gsu
CdH
GVp
DZh
JaJ
Dhj
HQW
GXc
DUY
Jcb
ss
Byp
KjI
DD
JIO
CrE
Hbb
KHT
Ghk
Hfa
JRt
KYq
uC
ECz
ELc
GEz
Cec
Fsb
Ahh
Gao
Igb
APv
Gtb
HRb
InU
Ey
DWD
GL_
JC
Jtx
G_X
Bsr
JBW
Fvt
GeW
Jja
JLA
yl
HFB
Amt
FD
EZs
FvE
IRF
BBN
GsD
KHa
KVB
Cmz
JUV
EaH
Jqz
mj
i
ECN
bL
ALV
HEm
Ihn
FYf
KWD
FFI
FVr
Kxk
IlO
AFa
DoI
JrA
Kmh
TA
ACw
EZQ
LEq
CUq
sJ
EoJ
Jkq
DZD
FuV
Goz
JPJ
KME
CUg
KlG
ISh
DKp
HnG
DMW
AGg
tH
CGA
yu
KEf
Jew
KYC
CXZ
KKk
Gfp
Jem
FBH
EpT
IGh
KVd
BTI
DXD
DjT
BAi
KAF
H_X
DEZ
DUW
CSi
Gch
Ay_
IUA
Kzh
DGp
AyO
Ecy
BtV
CnT
DsX
IYJ
Kja
DID
Atp
AVL
FSu
GpZ
BWq
CVD
ISm
Gwz
HNF
IcS
DqS
Khn
Krf
KWl
JTT
KCx
JZf
KKg
AOi
WG
Kpc
HET
BpY
BVT
Jfy
Dzc
IsV
HBw
GUf
EEB
El
LDA
Kdz
JwR
KWo
HOX
IH
EQE
AwP
COU
K_a
Gwa
FAg
EwN
HAi
tZ
GhL
C_h
JOd
GRG
Drv
Gff
GLv
YA
Iq_
GGH
ImK
LWL
LAQ
ANt
Eii
CBG
FJy
Dgy
IwY
BKM
CN
ARO
CYB
HqR
DdW
Icf
LDC
DoL
K_o
JJg
IHf
BxB
DtK
JhK
IsX
DJk
DaZ
FsE
GUN
DMa
AJu
GuA
FEd
KVi
GiY
KWK
CCY
B_l
Jiw
LXD
HEt
Ett
ETw
KFj
HJr
DDW
KVs
GEW
Jgj
Edo
CUl
IgV
KoL
HGf
AxM
GxA
JEn
FBz
IYG
DTR
AGZ
FBW
AG_
Hlg
LWQ
IVl
Hxs
HCx
JeS
FBU
BZU
DOb
Fda
ND
Gwi
Kea
EwZ
GqW
Vq
Tm
BCz
HMP
EvA
Aul
KnJ
Bz_
AVs
BON
KKF
DHD
Dcc
Adw
DBS
AdE
HHQ
JrB
Ggi
LXL
Dmp
JmY
KZg
BVy
JJ_
A_P
Bbw
ya
EKX
JME
HTI
AoD
BUy
LCr
Kly
KaI
AFG
KdL
GLo
KhG
Csn
FNK
Bmj
CYo
CIi
LQY
KET
KUs
GuH
JEv
Kga
Efk
KqS
GKb
Gaz
ELT
Kso
Ue
FqL
DVt
it
JkL
Coj
Dqn
KOi
Did
Dgx
KNl
Fdw
GAZ
Cyt
vB
BTq
AeB
Exk
CMo
ah
Bs
Jls
BVp
BnM
IRc
Jmv
Kzf
EmZ
ue
HEQ
uR
FWq
qZ
un
LRA
JlH
BeN
Kxp
DiX
CAl
Elg
EMm
GN
IjC
YW
GIN
Ixg
KvD
EJs
GC
Jlg
IZC
E_s
KhC
CpQ
EQq
Hbk
Kyi
Kv
hf
KDO
Css
Gq
ECs
JjY
NP
JEY
KiN
LFM
DTY
Htg
FwU
LRh
GBS
IQP
CIj
CSQ
IJ_
GHI
HKC
JCL
wF
Chk
FXu
JmO
FTX
Fdq
AcG
GYG
Wh
Eho
DCf
BOM
LVI
JPT
ja
KZX
AJ
KuF
KnA
ANh
Jqs
BXn
Fvf
Dih
AZY
sg
Gft
HxK
DWr
KDA
Izt
GJo
DUI
Kns
GU_
FtY
Kfu
JxB
Ftj
EWX
JYJ
FdX
Ist
Dsh
Ikq
Inf
AlG
ARM
JlP
JrS
BHs
CfQ
Jur
JTo
FnV
Beu
JdP
HAd
JiT
CVk
Hyz
KDv
Fxv
EWM
FAu
DSo
Ivh
DYD
DsI
Eoa
Bll
EMK
J_k
EwC
EGn
KZw
ErZ
CF
CMf
KFa
Dny
FjJ
AQf
Koc
HDg
Kel
BhT
FMW
DVW
Fgc
BFf
KCe
Kpi
GBh
KOU
AbF
FVV
A_a
FTH
FmL
G_t
Fga
LOy
Cxu
ACK
HLI
Yo
Fkw
Ipo
EJv
BEB
HVU
Kos
HDS
DBU
HSq
FPu
AiH
KRo
BcN
KvN
Hem
EJp
GBF
LDK
Kzd
GSv
JLi
DkP
Dkc
HQS
LEi
EHq
IyX
CkO
LSw
KKc
DXV
JKD
AkB
BEp
Bja
DQN
DJi
Aop
BZP
BPW
JYw
BaG
FgK
BwT
EcZ
KVm
KBP
JF_
JRH
vZ
LQv
EWK
Glv
JBp
BFY
JgC
FDy
CKG
JHo
Dvl
GJR
Jux
Gcz
DU
FUO
JOP
IRK
mL
KYh
HVC
Iqq
IQs
JHh
KIe
Iyw
Kql
HXV
Cre
GlG
CQu
LGP
J_E
EBG
so
Bhr
FGg
KiK
LQz
DMA
Dpa
EAa
FxA
Eog
GAF
oF
DFo
Hyp
Fma
KTu
GIy
JLG
IZQ
FGU
EzB
CGf
DZR
BqC
Exc
KEE
KwK
Blp
III
_L
zl
LDM
Lv
FPN
nR
FqD
EGz
DDT
IYT
Kqn
Cqb
IWW
LIT
ID_
ExS
IQa
Idp
Ioa
GTX
Jsg
Kjl
Fyc
KZr
Gnb
AnT
Bor
DEu
AxO
Ml
GXJ
KEs
CxY
JNa
AXI
FaS
LGC
DpP
Iri
Ijr
Cvq
JuG
XH
DbU
Dyd
CEu
Egb
AAj
ENC
Hlz
HZG
JTM
IOy
HKh
KOr
HiY
ACB
Hbg
KxP
JDn
Jyy
AKL
If
VL
KuV
MW
Cgr
HUk
JTw
Kpb
HIj
HnV
Cmc
Dkw
HXQ
AXi
Fso
GCH
JUO
JVU
kq
FhK
EDS
FNI
KUp
Kki
kC
K_z
LOa
Anj
GPY
Ine
BzR
EZN
RD
AOn
hb
HSp
Jsq
Gps
IcG
Hab
Cxd
COV
IdX
KXT
HPL
FMR
JYK
FHd
JbX
LMj
FIB
CYm
DCK
FzA
Avj
Hmm
BDF
ABy
FZi
HZX
IZk
uJ
Jaa
ELj
FLl
DIt
HBk
eQ
Jhr
DoR
K_G
EDV
DtG
KTS
YR
vM
DaP
Esz
LNr
vL
HKq
IlT
GRH
Izl
FnI
FtI
_u
IZB
CKC
Amw
Ddj
Dxp
GIr
xo
EVg
I_S
KJb
IjV
IpB
zL
Gqv
Ijw
LPR
Jaz
KYf
DCA
AFD
AHA
CHo
JnL
HGk
LB
cY
DJV
LGZ
LWa
LFa
JUi
KqU
FXP
JmH
Iik
Dud
JmW
IfX
DhH
ElM
HnS
GNh
Ikb
KIt
JHC
LFq
LCs
DPg
ABQ
BfM
Euq
DAJ
CAZ
EiN
Abn
IhE
Bow
Dwx
IOX
LPd
KEn
Gnh
Khq
GZc
Hlq
Dva
Tc
Hwy
BdU
KRt
CeB
IUM
AAl
Kma
E_v
CMi
FDr
FSC
ALD
HkI
Cam
EOu
CFI
Ivz
CZk
BRJ
Jxs
ET
Dor
O_
JXn
Huy
LBZ
JkJ
JOi
IXX
jW
EdL
Dfq
Jhg
HHp
GLm
CQg
JrX
FOV
Fdu
ARV
JY
FhM
INc
DDt
GBV
Aew
FcM
IZD
Del
EGQ
Idc
FRF
HmU
LE
EVS
IJr
Bkl
JiK
JSN
Fqq
Cnq
AOw
BkE
TL
AUo
KBO
EBb
Dmj
AHH
FOa
ux
JPr
AGX
Hir
Fnf
JHu
KJQ
GAN
Cfc
DXZ
KpQ
Bue
KPN
FVU
CkI
Fee
J_n
LHd
DSA
INW
Iht
DE_
Ot
GCE
GRM
Biz
Cbp
Idz
Dja
LGK
KaN
DzC
AFb
DlE
LRy
Hzk
TU
dy
EnV
B_O
LGg
AGO
DX
KHq
CO_
DQU
y
AjI
KSv
GpR
CTt
Frz
CFM
ATW
LRe
FVC
Baq
KlM
GdS
DuV
FUN
CNJ
AqW
Gwh
Rg
mF
Kbi
GoA
ETb
COY
IXW
Eha
AJm
Ihy
Dbh
FDG
GZv
AAX
Ahf
EQQ
Chl
EVu
bm
YX
_J
Dnh
GGy
JGw
Jpe
Eao
EBz
GQu
D_O
AyS
Iny
Cbx
LMX
js
BQE
Kge
JHB
EJd
AEU
EcV
dV
GrY
EKw
KGH
Jo
DEh
CUQ
BAG
H_J
Gei
AKw
KQn
Dyl
COL
JmK
wB
Jqj
Amh
IMA
zI
KQ
KOY
BAo
KcM
IyQ
Hht
BoG
KnG
IeX
HxE
KCt
KrR
Ihz
CMp
KPB
AXc
HSo
IaH
Hy
AYc
Hvy
Kwz
CIL
Dgg
DcG
Fiq
Jes
Arw
Dra
CcD
Bnc
HVc
LPS
IsQ
KDg
HyS
Aov
Jqh
PT
Kfh
JLe
Jma
Bh_
HKw
BxS
EgV
CFK
G_m
Kcf
JpM
AmJ
Jmz
LJi
pe
KcU
FRC
AKg
A_m
GKV
JvB
vJ
CUr
LLA
ae
CMy
cH
Ifx
Qo
HrB
AeE
hB
JIV
Fyi
JDo
Hed
LDB
DiJ
Kwj
GAG
KvC
F_f
LIL
Aiv
DQf
DRj
cC
GIJ
HH_
FRr
FsG
DeL
EyF
EPA
Gsk
JYn
COP
IUs
Gij
GV_
JWz
HsH
lg
Dol
Hgp
CEp
IQ
IcF
Gdf
AQd
CbY
AyU
ITr
IkI
KWm
HBo
DYu
LDk
ABX
ELz
Ijo
Bqv
ADC
IRQ
Hh
Erx
Cqd
Cjg
DBZ
Ctv
qm
JDy
IyD
IhL
E_j
LLj
HoL
Fvr
JPq
FQs
KxQ
Bfg
Kuu
EbC
GzS
Kn_
JbY
JmF
IYA
GYw
ABg
Cz
EeN
AcV
Bwb
CDd
CoT
JED
HWt
BmB
FIq
JTF
KKE
KFB
BID
Ayt
DYh
GvV
BgI
Iqu
Hmr
Hee
LTK
EBD
ANL
AIR
DmD
AUL
HCD
Hyg
LSl
CNs
HbK
KGJ
ClV
Dtd
KhO
Koh
KBz
ErD
Eec
KYt
FhZ
IYW
AHl
GHR
KvX
CBt
EIJ
AFV
Hss
GF
Djl
rj
Frq
tW
Fa_
KHZ
Eei
KCU
Cov
FMg
Bdj
IWC
H_e
EAy
CLu
GIW
HRQ
GFH
CGu
JVA
CCm
JLN
ELQ
ITQ
vj
Boj
JoU
GZu
FOP
Fhq
EGD
Bpi
DZ
sj
hr
EDn
GsL
Dnf
LWj
HWM
Hlv
K_P
HzR
KEN
LQV
IBF
DNL
HNu
HaJ
DFN
CjO
Ikv
BAe
HhE
DIB
D_Q
Ewc
JtP
CKO
xc
C_w
Bkf
Amk
Iqt
Fmi
JZO
BfT
EmB
KAc
AKv
GPB
Kti
FRb
mI
FMt
DVS
LBY
ep
Hpl
KOR
KAK
KiS
Iie
FiM
DRN
HHJ
Cbv
Bqp
LBl
NG
nF
LBQ
EfI
EzZ
CqV
sh
AQJ
HCE
JAN
IcY
lM
HZj
AmD
EVe
GdE
KYm
DRk
AKq
GUs
Hbp
JuF
CAc
IVY
Cun
FqI
EiH
EPI
AzD
Eor
Fsn
oA
CdN
FRL
Cnr
BcO
LVP
Gzy
Hps
FBa
JUJ
X_
Iub
INX
BEW
Ktl
LUL
KZB
EKB
Jtn
Gyp
FvI
JIH
Kdg
JIw
Ce
F_n
HKW
KPQ
AEH
DaA
ChS
ECd
KKQ
Itn
FMQ
JPl
HbA
J_S
EEt
IGz
JdC
Eai
AOF
Kha
Igm
Ao_
CRU
FJd
Fvz
ENA
Esy
AFJ
DVc
Hxb
Kty
BNX
CEx
Evk
Iwy
FMO
ChJ
GOo
Gvh
KNf
Bbo
HEi
kF
Hsb
ENw
EAg
Eag
CbL
KkK
Kai
ALT
FrS
CBj
Ans
DxL
Ela
IZJ
DYU
DFB
Hty
BFh
HwH
KO_
EWe
qS
LDw
DlY
BFo
JJs
IuX
FmE
Crz
GzI
Ble
FBg
AoY
Zc
AZm
EyU
HTN
AES
wJ
JoA
BI
DkS
GUb
JrJ
KBH
BZl
qN
KA
JZI
Kkb
Fvo
LWR
Dxc
AGh
FtZ
Gtx
KOC
HwA
DYE
LVL
Zr
Cpy
GAL
FXA
LRS
J_l
JvY
DSg
JYz
Hq
Jhu
JzT
Hhw
LUB
HmT
KAC
CyC
ALU
IEp
KSl
jQ
KRP
JDi
GSi
Fub
KQP
BDp
FJn
EGg
CTX
CoE
JPD
Hz
Fk_
EGW
DIi
AOq
Bcn
KCE
GC_
KbL
JnT
KjL
GJI
AlN
CIT
HkK
LKS
JZp
KYA
GAr
CzE
BSi
KwR
JuH
EvM
HBi
GKq
FvJ
DVL
Cwe
AbE
he
FwC
JPR
GSA
AmP
KYP
Kbo
Btz
KHC
Cmf
GrR
GWk
ENV
BQA
Crd
CzR
JNJ
BAM
CNt
BVB
Kes
FgT
Gfb
AZ
NT
COd
Due
Ahu
INQ
FEb
KoI
DEp
MX
Ach
EmV
GHu
F_d
FHz
Epe
Frp
Ahc
AZJ
Kxy
JuL
Djt
CAv
LOG
GtW
AYY
lq
FvW
GIT
Cdu
Dui
JCU
Js_
BJh
CKK
CcW
LMi
HJv
HJu
DPJ
KuK
CzC
FXT
HGI
AFf
HfN
EVl
B_k
JIN
DaJ
EUw
EZH
CZL
A_g
Tv
DXr
KdT
Fej
DJh
IgZ
GBe
Ct_
HAq
LNG
LWn
DFK
IsJ
Ggd
FAA
Gdo
IOF
KeL
BYE
FhP
IW
GkL
BRT
Cob
Dop
CEJ
Ioz
Kvu
Huw
Err
eY
LAO
Cp_
Iej
LGp
FTm
FMy
AQp
GRL
GTU
IDu
GKE
AmI
BqB
HgS
BqW
BXy
EWR
IuZ
EAZ
Eij
iv
AUz
Hbx
Keh
JKP
ILd
AVo
DFb
_O
LWY
I_t
JwG
Agt
Ebq
Hcg
FVX
AAE
BwL
CRf
Edg
EgJ
D_w
tY
Bs_
Hdy
Gc
CLP
GTa
GqI
ACE
Iu
Ccy
LNy
AWA
KUw
FLU
HXC
CaT
Fzc
FGO
HDL
ChL
JS_
EWG
xK
BQb
DVj
AeZ
KdE
Djo
KXI
JMN
LGk
AWl
GZp
CeC
KCC
KAG
DW
JpV
Jzq
Btj
DFm
FRl
FxF
KfH
GZa
JKF
DUF
Bpt
GUp
Fzz
Frd
JAP
wf
Avk
KFz
HDp
BVu
JUa
Bmb
JSQ
Jun
GhN
IS_
HTz
Hpj
Hfs
LWJ
AfQ
JtC
Dmw
ALM
FQI
CGc
E_z
KWH
TR
Iyy
KRd
JFf
DUO
IOT
Hhp
KSx
BmR
BnS
AIm
H_R
JmG
VK
KbA
EZb
APm
EHT
oD
AiX
KNk
DGd
HkY
Kgt
FZt
Get
FpZ
AMK
GDi
Edh
GAB
Cej
Fcb
BlD
BTE
BY
Fks
AlD
DoX
Dle
EmE
ArT
Ftc
DtX
IIL
YZ
GzQ
E_A
Ert
BYQ
BAD
Gzq
kg
UB
AXq
Ccc
fb
BtD
KAk
GNR
CBC
Ipx
LKY
Amv
JWF
Gfg
WZ
AMA
RI
EXi
CFl
LOP
zR
BNW
CrP
GrC
IIj
FWC
Aun
GQK
GsM
ArI
LFC
Ddh
Bw_
IKf
CBZ
DAg
Dah
DOc
EKI
Dqo
Ri
Db
Eem
GsT
IxC
LSZ
Kod
HfJ
FkX
LJo
DRK
Gjj
IZT
Hro
AGs
AHj
ASj
Fnd
Idx
KGZ
DfZ
LGe
DgA
FUU
Enz
Dwr
IH_
IaY
Tr
FHR
Hle
K_h
KAi
Gcb
Jhi
GCW
AJR
CFf
EPr
Dfj
JwF
Jpm
KfN
KQA
DAC
Gvz
BnC
CjC
Np
KRD
IsH
CKo
IZt
HYO
Hn
GkX
FLZ
Kvh
AHQ
LBv
DGu
Ite
KuW
Ca
DnJ
JZG
IYS
CQo
FlF
FzN
BOH
EkJ
gr
JRO
KjG
GOV
Jgn
ApB
qE
Kmy
DRe
KdU
LTP
ImQ
DJv
KVO
FtX
KBy
Dfo
AeW
AId
Hko
AQb
IAn
GOe
JSu
HoA
KJL
R
DqJ
FPk
CnC
KKj
Kxi
AsO
Kj
GxM
GyG
Grs
IQC
BHw
AqY
Dx_
Gku
HSr
EVJ
qX
CuK
BZm
JpE
rg
KRg
Hov
Hf
Pb
HAO
FJe
IbR
IKE
LRq
AAZ
KJy
AXn
CBB
JCG
Khj
Kyx
Hpx
Fiw
JV
DJN
GzK
EfJ
GoV
Dga
ty
eA
CrT
ATq
aD
BhN
CMs
KPz
IJd
KGx
AUV
aO
EDK
IWs
HCi
FUh
JTt
HdY
mm
EUY
xr
HYy
AkJ
BUY
HvO
CJi
AcF
Afl
Ko
FEN
_w
BYm
Fhf
HhY
FwN
JLO
Pg
KCW
DSW
ai
Dzt
AgW
ADZ
EWv
Efg
FYO
JNo
IId
FNx
DBB
FJV
JQj
Gsm
IXG
AME
BOm
Jrh
GWs
Czv
DFH
CWP
HZm
GCh
KzW
BDw
FF
Apg
EOB
CVl
GuN
GhQ
KtN
BN_
AhQ
bQ
SN
HIA
KHY
IKT
Cjo
EOa
Bcq
KsT
Jpc
GeE
AmZ
CqH
JTO
HZT
HEp
AqE
DKl
Bzv
Fou
AWI
IPA
DFy
FjM
CRD
CJ_
BxU
ny
BTT
Kre
JwI
DXQ
LMT
Ox
FlT
yo
HAA
Kfa
JhC
IwZ
IzU
AEe
ij
Dlf
HTe
HJM
FKo
DuB
FsJ
AIP
Cw
BUg
Dsw
CPD
CEX
CIx
aC
Lp
Cq
GNv
ADw
AUK
DjU
IMp
Ksp
TC
Wx
EQP
Iqv
FWF
SM
Dpp
KvG
ra
HFT
Jcs
IrD
xZ
Jhq
BVO
KnZ
EPp
FJS
LUi
rG
EVR
FUE
CXE
EwD
HNk
Kwp
JzC
CYS
CSP
ErM
Gr_
JCs
HhR
Hvh
ASE
a
HxD
KXH
CTH
Kjn
JGo
AGl
CEk
DmQ
EJ
DDL
ej
CtF
Jwq
BdC
Hqm
AaQ
GfQ
ASW
Fjh
Jfv
Aln
EXY
DSx
Gbx
BOS
JyV
Kal
DCY
Bmi
Cev
CyH
AeX
LDq
AHh
DIN
ECE
Fhs
ApV
KwH
HGv
AuM
Kng
Dyo
HEL
AzC
JFN
Kpu
BHW
QR
AKj
Iab
E_g
re
HIM
HIa
JQ_
AcR
GBH
DJq
EpV
LWK
LRw
Dye
Hhe
Jjv
LFn
LUD
GK
LOZ
DU_
AsP
AlF
jp
Bup
JwV
LVU
GsH
FcW
LST
Qi
HHC
CzL
JdD
Rb
LEY
Kpa
FlK
AzY
ISe
ByH
HTj
DE
Cde
Epr
LHe
KNX
JDI
Ims
Kpn
AKf
QA
Ixi
FQd
Bju
JzQ
Ktx
Hip
LUp
AAG
CRC
Bcw
EJX
Bvt
IsT
AQD
CSj
ADf
Dai
Agy
BsF
KMz
fy
BOh
Jnn
Kzc
BoM
CIf
BUV
Gyu
GLr
Ikh
Vz
vq
Dok
KPd
DJR
AVW
HwE
YO
DEq
AON
HK_
kn
Jtq
ECB
BTX
ANJ
BjJ
Hoi
mB
Kts
CVS
GbC
EXj
FnO
Ad
Cwr
FeL
DnU
Dme
EMt
AAQ
JGe
JLV
EWb
Cdm
KFg
S
Irl
LVH
Gxc
DKi
HdH
IhB
Baf
GD
IJs
di
AVg
CmS
LVF
EUL
sK
Iam
Ksw
GKW
Imz
_R
EDW
Dpj
Dfw
ws
JnV
FdJ
GJK
pp
FcY
A__
FSS
ILI
HzA
BJD
ExF
DqF
GGz
Aay
INk
Ipd
KHo
Bn_
FcJ
CCJ
Eva
HZl
KoX
KWN
Brq
Kro
HNJ
gb
BYB
fv
G_Q
GaO
C_M
CpZ
BsK
Atj
DGK
Hdf
Bda
Fta
FZu
Iqp
IDR
Aso
Kag
JHU
dd
IjI
zQ
Clg
GgB
GHh
DCO
ALY
BBc
Gcm
AmW
Jic
KIR
HOF
Hsz
HCR
Hkh
Cez
Cya
lk
HiB
Ho_
HLw
Ioo
KLo
vf
TS
jn
yE
Bew
CZs
JoB
ANZ
IDF
IdI
HcO
BaB
Akg
yZ
BkQ
J_Z
JWW
HAb
Gk
GtX
Kqj
JjL
Iiz
iD
LLH
GJm
CRb
HNI
IPd
AaW
KRz
Kgg
HSM
dW
Blf
ADy
vT
ANP
GdP
HrF
IOS
BGf
KTr
EWV
EoS
Gss
DDv
LJc
JXC
LIo
LEN
Aho
GhF
ANu
KCT
DCT
KFt
Dbb
Hcx
CrO
Lz
Hya
JtS
oz
BYz
Dhy
DyE
DxX
Cbg
HJQ
HjE
ECq
KjZ
HTL
EuY
GjS
Ll
IKZ
Ij_
EhK
AOb
EUc
IFn
Apd
DjE
mU
DFA
DWw
EaQ
ESr
HYw
BWE
IYK
KgM
DWv
AhY
Igv
Een
GHM
HqX
BRe
BYj
JWq
Ggc
JjK
FDd
DqH
EOe
CvV
IYN
GyO
FPz
CGQ
JoH
Hqz
Hef
DKN
GcS
KWW
LQq
HqV
FTW
GCK
JOH
KlA
EpN
Ioe
KJT
Ez
AHS
HOY
Ckb
Ek_
of
Gvm
GCT
GoO
DPP
BLK
Fgn
LSU
Ial
oo
KbM
ERO
HoG
IgS
AEX
DpO
CIs
AQa
JaP
Kin
Inv
FkR
FNO
CQB
DGQ
EhR
EBe
Jvn
Esh
Jzk
Djv
hN
Ioq
DjX
Bkr
EFS
KSF
HtL
DXz
COJ
KoR
NE
FNQ
Zo
GUA
EYj
HzY
hx
AqZ
GZr
AMf
AXY
AEE
IfC
CZa
Ewa
FGE
KlD
Fjj
Fl
Bub
BLv
Kwo
Imc
HMD
FJJ
CuD
IqS
JYt
G_d
JMv
eP
BjU
KHg
Kbq
HvB
Qx
Jqi
EoN
FLH
KQd
KLN
tS
DFC
HUA
Aqc
Edj
GCY
Kwa
KkZ
CLW
ZL
HsO
BxD
AjN
Heq
KQt
BKZ
LR_
DAr
AIs
AAT
Ivg
BDV
CBn
Dkt
IEe
Ben
HUx
HRZ
IBg
GgP
AUI
BCc
HbO
VR
Idi
FAP
ENK
Hyu
UM
KcJ
LHY
FHX
GGZ
EZI
FzO
KeD
DTU
Dex
EYZ
Aek
Hxe
CJH
DpS
Jk_
EqU
AVU
GHJ
Dhz
Hnf
Jf_
FJb
IhS
EZ_
KnU
FWj
IMm
JHx
Kxw
CSG
KF_
CzK
LH_
GFE
KuX
D_v
AZx
KOh
AsY
qf
HWf
ef
KUM
AAq
HSw
EcG
LH
EEI
Kzr
CIb
Dp_
AI
LJ
JCP
Hx
AnL
HZy
Kl
HDx
EO_
IoZ
IpE
Jhx
Iph
CLk
BPy
BPp
GmN
CiE
Pw
JHY
JOQ
AMs
KTY
XF
FjH
Gd
Dpc
IAS
Kwv
ASX
JBJ
u
ITV
AOg
HVt
DWc
HQL
CCh
Gvs
EPN
ry
rL
JsE
LUg
FfM
Cl
BaP
H_o
EuV
AWo
Apt
DUe
AxA
CH_
Jrw
Xv
AoN
Bwu
EFR
BJW
FaF
FqM
Htb
Eiz
Anb
CYd
IiH
Iuu
Bet
Tn
Hg
GHK
Dt
GwE
LIf
IXz
GZt
Jyd
Inw
KYH
Bwn
AfP
AAy
AiS
BvB
DiN
BRr
KnW
Hdu
FRe
GoL
HtF
Ahw
wG
BmL
AeN
Dsm
Iho
EFi
KIq
ETS
lb
Hr
GGK
CIU
HmN
KmE
FjO
ItY
Jrc
GIS
I
KTp
Hcc
FS
Kpj
GwY
BrP
BZk
LEW
KkS
HZO
FxO
IHy
EoH
EKu
IpV
K_Z
HCn
Jpf
Gdi
Gnt
JXh
At
HIW
Cey
HIu
ez
KTc
DI
J_h
DMv
Grh
Bof
BH
Kxd
IAR
ALu
JiU
DFR
FMT
INP
JKS
Jon
JrY
tm
LWm
EdA
DGn
DXN
LRj
KRy
qx
DLG
AtP
BJs
Jov
LML
Gaa
BYe
ENU
KSf
Akn
APg
DMI
KU
Je
DiE
FBl
BSV
AGo
CMq
Gop
ENo
DTx
Iov
JWu
Fnm
Ku_
DaX
Bfr
JZT
Fki
AsV
BmY
KPx
D_q
Eep
BFN
FVT
Atg
KCN
ANm
Bhw
CRE
LWF
EAO
BVa
CmT
oN
Cxw
CzD
JjG
BLp
JON
Jam
BiR
DAL
BsJ
GDu
BiQ
AYW
IMw
GZM
FdQ
Dea
Jhp
JPL
BuQ
KJN
KAS
BrX
KAd
DoZ
KCL
JYD
BDx
GKQ
ANF
Ife
BBZ
KZA
FLI
CwV
GNx
AFq
Cjn
DvU
FYJ
AGa
JaE
Jhc
Fsu
IKx
LGs
IwB
Gaf
IET
KuO
KCq
ETV
Ceq
IKr
HkR
GuT
Afb
AGt
CkS
ClS
Byw
Wr
CgW
LEB
DRE
Kru
Fbx
Fli
fO
IYj
HPw
Kyo
Dec
AiR
AmO
Izj
DCP
ESD
JtW
LRM
JYc
FaL
IMH
JTW
DcN
ANn
DZU
Fsq
LQi
F_s
Hhv
GBY
Bse
BnR
IRh
CeX
Cdk
Vf
EWC
KMJ
EFM
HgC
BEv
CpD
Fve
BeE
Agg
GUV
FMe
To
FDc
ANx
DKj
CDh
wL
dj
iL
CnM
CmI
LVD
HVA
Gsc
GbU
JaK
Gbo
IAG
HsV
Kfr
LEU
AYy
DTZ
Cyi
Bnn
Kms
KYF
IAD
Bdf
GVE
aI
A_u
AXN
CjQ
HEq
ATB
LD
AzU
Ica
FRM
CFN
IQg
IeC
CbJ
Gcs
KCd
DgU
FUV
fL
BUz
Kkc
Aue
HIf
AGW
DqN
Apx
VC
GDe
AcJ
Cm_
KjS
CQm
DMZ
DFJ
DZO
CmU
LF
Imi
KXz
EKN
BoD
Enr
FLT
FW_
LTJ
JeP
KOS
DaF
yA
GXy
GjY
KKd
JVx
AnB
BCh
KKK
IUu
DUD
AcY
Kbl
pu
BnA
IxJ
BwW
JFr
fx
FEF
DWO
DrV
GTz
KxH
KOA
IpU
FOG
Iyl
Bzf
BUX
AYb
ESN
FzI
EUd
Aoc
HqD
ATy
ASt
Vd
CkB
GSb
or
GQY
Gv_
Hjr
DxB
HfR
Cvf
JUw
KqJ
DlF
DNk
JUr
RQ
CTT
LSJ
GDV
HhT
Ivr
AOu
BTL
BSx
FCe
Aob
LWv
AKt
Ar_
HyH
KUi
KjV
BNe
IuN
Adp
KEM
Cje
TJ
Dx
Sw
DSv
AUi
Fcn
Agx
Kpv
AoP
En_
BHZ
Diu
ErO
nx
da
Cca
TN
XX
Bsy
KkA
FXR
CXo
Kuw
FKM
HKP
BeP
GLM
Fug
GHv
Erj
IaG
DTA
CLb
Cdg
Gtl
Kmm
Jzz
AB_
JVp
FV_
Cfm
KRh
AZR
Jjf
yh
Dvd
BVP
Ccp
LG_
BXK
AEq
GCq
Nz
JkP
Hyx
CaU
Eb
CBx
Kxs
RA
LI_
Kth
KcY
FkS
IOE
AjS
Cf_
HEB
KCP
GKZ
WY
AmH
__
No
GJL
GUO
FKL
AMo
CFb
