jXG
h!\
d=@
hD)
hMs
eMF
no)
c-P
nxR
csF
j.'
fbg
g,a
iF3
gu$
iX%
a<a
gf9
gG0
h)D
mFz
i+.
j{9
h/&
iZ1
k58
f}N
b3!
lOK
grb
jtO
j&*
h6m
g5G
h~~
iI3
hVL
g}+
ac[
bBa
buD
g6n
l^c
b*/
bpf
j._
bN8
mU6
eeb
m-2
i3d
hUR
csj
j26
h=?
g4I
nea
gC*
i)N
i'<
a\K
dnV
l=i
dGW
m0h
l'2
lU+
k84
irf
jpK
naN
i}j
hY)
aBx
aY<
gx8
j]>
cCS
nAw
cPo
dv`
j~Z
l1=
cDd
hsT
jK|
mQ/
lsR
k,K
ieb
iI-
e85
m3k
nxc
d{4
cQ>
cZ~
j$8
bjP
ccQ
f5V
c"H
bBX
gNz
fB3
mGq
dd:
a:V
m(a
mbs
b2~
c)r
gY@
do^
a<e
aSw
js.
cf\
g2?
d[K
cD/
bn`
cS>
maX
c7i
cS"
edk
f)o
ig6
el@
gC]
igk
fc1
b@/
h"F
nn}
ex8
d3b
e%Q
lYN
m%q
b/d
li4
bA?
cl5
jMi
f3G
k^e
aU|
l%]
b&F
i+s
iOB
c21
g*P
a<N
f7"
njU
k#0
c^v
nA^
a+o
g9.
fBv
gA#
lJc
b)A
hz_
gOI
dB-
l_0
iQ)
aKY
crq
f@N
eUA
b~<
eS<
luE
jgz
enO
lys
eCA
j1c
lM}
d.,
cVL
g46
dpo
mkg
kgU
d@W
mts
lbd
e'm
gZi
d:G
a6:
mWF
h'9
dh`
idD
g[k
gu}
aqv
et~
h`A
ciJ
iRK
lY9
c%2
m"?
m~T
g/&
fzn
m&m
dxC
hQ'
a%W
c73
cu5
ic\
l*N
aGF
bC\
f[/
d'k
j)y
dp?
a(=
d4$
cWP
a!5
kD5
c<<
cwr
gNJ
i*U
i'0
mw)
ec(
b7S
bzN
kmX
a6B
i@@
nyv
m3d
ln{
bGt
f?_
l2W
l0\
mQ$
b#E
g*u
b0)
fqU
fw}
k#g
g[$
br@
iS3
j`p
d^y
j{6
gnB
e0$
lC9
d(M
g.n
ecP
a^9
dO&
ltI
bZX
dSM
g|C
lx1
c"e
aL"
fEv
h\s
bG3
f^z
h-~
fez
gpg
myz
fQ]
dCw
g0>
a(<
gKX
iS+
lCP
kC8
l}1
mUL
cu-
jjj
e9g
c+(
eG*
g|(
a)x
bGG
anW
b{j
k![
m/{
nun
dqE
et_
g|J
atv
nzr
gin
i3<
djr
b~=
b0e
djB
ad{
h8D
k66
caU
hy:
aB^
e,<
j^D
g}v
ne:
f|[
dA*
i6@
afs
eFi
ks-
gM-
mz6
nco
dk9
jb(
cI>
k2+
ebj
a!u
f.V
bTB
nmJ
kTm
c`r
dWZ
di[
exP
bS&
ldt
b~^
iG|
lYr
jrY
i"9
gj1
g*2
dzD
d$/
cfl
l]d
b]9
g/c
a0:
ibj
e]m
f:S
bSg
gPK
kVS
dZ@
f'S
l8s
al"
egC
k+U
j)-
elO
eBg
mv5
i>*
a9:
m09
d%Y
c]T
a.V
lx'
b).
m_9
g^8
la<
jN(
mpL
l4P
aGW
mqD
d3f
kA]
f.,
a{Y
c~q
beR
htt
gkL
iT@
a6c
a|s
d6)
etY
ln^
m@"
c>Y
cNi
hli
b7g
c,W
b`R
cR|
bD:
j!`
dl2
k,3
gW8
l!I
ej*
inm
mT@
apA
cJ^
iu-
f_#
bpl
j`@
giB
gBY
fXp
a"Y
c?)
he$
leE
b?m
ioH
eJ_
fqM
h#U
f)\
g[c
cCr
e+p
kns
bbZ
jOQ
m1$
b$C
hx#
cX(
mXg
lBJ
av-
m@r
cEe
fH7
j%1
ehp
mUe
mLy
c/E
elk
kV=
biC
jPj
bf@
fr+
e{Q
bYr
mVH
jVj
i`m
c{Z
b*z
c#c
aCU
jV7
eEh
e$\
c^(
etk
d}$
c6k
i~^
jPD
cnZ
a|}
mAK
aVP
j#f
e-!
k9p
kbX
jrv
iz"
a/a
gy>
lJN
mYV
l)i
a\i
i=C
aM~
iUv
hs/
hCh
js-
aU6
h\&
j%4
cUw
du!
bTa
hNm
m&V
cLG
btr
ed5
a@)
h{,
gdk
jr5
fU/
iZK
m->
aF&
jl^
lGf
l19
iUp
g2q
az"
ia$
gRx
cN#
mr}
bg/
kn<
f_g
dS`
cr5
aZB
b_f
kl5
bsc
i_A
jCK
l:O
cQV
iV=
m1t
kce
mcS
ghH
m|p
kvK
bH7
gI)
db3
k@(
mPO
ea[
c!z
cu%
l*#
l<W
h(g
m&v
iC<
m<8
bOz
ep~
gsZ
h}O
cnE
f?M
a`(
m/}
lc@
j|7
bmh
nq3
lSF
lCR
cDp
dnn
fLL
l[B
c[P
c%V
f4"
jL[
aee
nvg
mQQ
cl|
h6R
kw>
lUu
aWI
j-g
jhj
dw~
g*z
j5B
m6q
a5?
d"U
bW5
ee,
fW%
h&(
epZ
aW?
bUJ
b'B
l2u
l*r
aO9
cRA
bAv
g+^
l:*
lHC
fZO
l'p
eJS
iN+
m'C
c0~
a~C
lYi
mVs
k63
miO
e%A
b}-
h=%
c9|
hi8
k8r
hqL
fXb
f70
iM_
gN*
nry
ax>
a&E
gQR
j4^
gpZ
anP
cL\
j%u
m[1
kDQ
b69
i<=
g=\
eDE
e\j
h_M
bkj
mlu
gPH
lZh
e))
iXl
aDq
cdp
l(X
lO-
ln*
i4c
fI[
kQI
ayW
fZz
i12
e)x
gFu
l*X
eW]
g8s
l{n
h&v
agQ
a<!
j)Z
kb(
lK6
b60
aj)
hxO
iJT
jRi
jsN
d(j
m/$
ag(
bbe
l_Y
eO_
ey7
bzm
goX
g1)
jnc
d9J
hXL
eRg
i3\
fp$
dGT
jei
nh{
mJu
i?*
j/j
kFc
cs5
bXc
ioZ
lw}
c&n
j8u
dOt
a<:
j83
f/9
aZM
coU
aiR
j",
k#d
myD
lf*
eyw
bxQ
ikp
h*V
edy
noG
mIb
l/e
iP)
bW7
iwR
b^y
bQ_
fA*
ia5
cdD
f!n
i{c
a][
iFY
i+Q
k^a
d9Q
fMl
i'X
jCq
h+Z
fkv
jy\
l1F
hu%
j?y
mgO
bO|
dVh
b&j
i`5
i{=
juC
h7:
k?>
laW
ia4
luJ
e"b
nd|
a9S
fU.
f+k
c4*
di_
abd
jBM
e''
k$=
m$k
jyC
eXl
gFS
hR*
eUt
bD\
bb\
lv2
c@w
bnD
crj
b&&
ng$
j?:
l?L
e_S
lU'
fqS
mAx
j%K
cN$
arD
b7t
eXA
fqv
kk~
iGp
iD(
nsm
dq2
j1[
an-
g`1
i=N
cAP
dBQ
aYt
boH
k-j
miM
eBo
jVG
hCI
i?:
lB!
e:X
lh}
lRR
iJO
c)4
jwF
iAW
j$2
c^r
m|8
l?a
d9u
gdi
d+B
gxq
mY.
g"6
fyH
d&m
cU8
gMM
avP
f0h
lok
m,#
dD1
e\8
m]Z
d)!
e,g
h2Z
gg7
h^O
cKS
j{)
alY
m([
fyI
gJ~
g1p
l&Z
a=C
m~'
ek&
j+w
a/1
l,{
c"t
e5A
m{B
l)B
e|,
mkj
fGx
mCn
j~v
f=<
g>S
kGw
g<A
j3x
hM?
l\D
m&A
f[j
mz<
lec
e&6
bC5
f,C
mhO
m,$
f:[
kdV
m?n
hv|
k7=
j%J
g^r
a5#
iUM
iw1
a^$
lrP
llC
fFm
d[x
dTr
b27
k{o
ibl
neV
k(:
e&P
jy:
mfT
j%.
hh4
hE-
bb)
lc>
fiz
dO|
ku+
i)T
md'
h!7
e6a
c$j
dme
mwY
df^
h6h
l$v
a@u
afD
eA:
m8A
bEM
h+$
cM0
d\,
eBA
lI8
a!h
a,w
i7x
f77
bA'
gmS
hJo
l2/
h%%
b[.
jVm
eek
kjm
c9)
m<`
m!_
ctm
l5|
m"`
blO
m/j
iu]
eG+
j$K
jil
i*N
cWB
am<
mMT
j*u
f31
j-A
c/H
i-j
k"i
d>_
cUV
gx^
eE2
cZD
ba3
lZ3
lW\
lv*
csV
cH*
lYc
fbj
cf.
gN>
k)"
aX}
iD]
m*Y
d]h
d$c
kC#
fBm
kuv
de{
k~L
i$h
m%\
jGQ
jv~
jy8
f%c
ep)
fD#
fxA
eCg
c#L
l<u
l-D
e3u
fD]
m5n
bPB
hQH
j>K
f[{
egs
mQ[
k!M
aWD
jFD
fF{
aXL
hx"
k}s
j"P
auK
h=N
i9G
b1F
bg'
mDw
c\I
lo>
cf9
f)>
man
gZW
kL8
fN,
g>,
e*Y
jyK
dDc
hI(
biW
f]&
lEC
a]T
gKn
lR7
do`
gy:
d8o
lW]
gz~
abR
cM@
i5q
hF}
e\7
i<+
i.]
eaP
i|1
jUa
e.V
iy<
cxF
jQl
klB
cN@
k~d
eb-
ds/
bs|
iT+
g5(
gM2
dcR
cI-
ey{
lzW
iIb
c.i
aUx
c)\
k5z
hyb
bK_
kPi
k9S
b.{
hyK
kh=
a+a
h?g
fhh
k[i
m8I
muE
doF
hC]
bmb
hd8
cb*
dTg
aRN
l_d
kGH
h)*
kMy
lVW
iDF
dmt
lf_
e*N
fbQ
dzg
k11
e\h
i%e
imR
g-X
d]i
iZ|
g7_
b5E
c'L
krm
jA2
l@M
b2=
iV,
kL4
k1V
e~^
hv<
f"g
mZM
lPs
cAc
lwo
kZi
gF`
c(B
kZ'
d2W
ld$
aJ6
dO]
b)M
g+7
gzl
g{p
jp{
m:!
aPa
l%T
k4W
d0I
l8=
l+c
mXZ
kfS
a~H
h!&
kUk
dzO
e0f
j(D
g%6
bFW
l8x
dF`
fcq
e@'
bCW
d+9
dGh
g8O
a+n
l+3
cB6
j,E
jgI
js!
kmx
dH`
loy
im:
i"d
it8
jz5
a8P
c>$
l`y
bAF
m]D
kj^
gL*
h{s
g=R
l#5
l!Q
i^#
ez8
gaG
btg
mk3
l}w
kFZ
dBX
nuG
a%.
bfP
d>S
kGd
cB.
hp|
bg_
noC
ncg
kz2
iI5
b]d
iJl
k%n
d/|
h`q
ksm
faR
el|
a[P
b@R
i9!
m`4
d6M
eX-
ft(
kn}
myM
iQ`
h<m
c6t
g+/
eov
ma%
fol
kw9
m{p
j7|
gS!
bQ5
l&p
jaQ
cj)
lB9
f3i
a2M
c8~
kKe
eMx
i{~
hDg
a2)
f<:
dR:
l'Y
hg@
gAW
h2F
dk-
iLo
a"2
ivy
jt_
mBw
b,7
m:Q
a?|
j0p
hY}
gF'
k}U
f,^
g7s
l<9
a*Y
kI/
k!k
g<|
acD
et.
dzm
cH4
c"<
hrs
hkD
mKX
iDb
g2_
fMD
myd
c5t
eoo
g/_
dIg
h\[
aR2
kNB
e&N
i|W
f3B
efu
dVQ
iG"
e8(
gwW
fbO
bq?
irc
e\L
h+v
e8)
bLx
bX{
hSb
cI<
i6X
jmM
h7X
e6"
fWd
fn<
ed)
df3
ky}
kf9
a":
a3#
gb2
b9)
jP]
ij}
inp
cdB
me[
ho$
c)A
k9v
lI"
jFe
dIA
d]b
kb"
et=
mbY
gV|
mkL
d$A
g:+
i+3
li&
aUc
d],
j`3
m7-
m)n
i3:
lTQ
iu<
hS:
lr*
lWi
m='
j!<
m-?
lSc
lu-
bBC
k7O
h&)
i^(
koa
l&$
aqs
kfK
dc.
e*s
dSY
b~&
ghV
mih
j0g
asR
e/5
iH`
geu
mM]
f[g
de3
eul
g"c
dFg
ew!
jOK
l4(
g6k
iU*
dk`
m4t
azU
h}(
dC2
bfA
gNy
d|@
g'=
ib0
aYG
ar5
at<
d1?
fp/
aVC
g'1
h}u
ko:
iOY
c%p
be9
lCX
nua
i@n
j1T
kBr
mS{
b}i
hCi
a""
fkf
m'w
iz1
i],
hd.
dvy
idu
g>?
jb2
bQ-
dKL
jT~
j93
cr.
fsH
aYf
m&L
bxi
edf
bpE
j}P
fIB
fmN
ec=
md5
f8d
iFE
mqn
bBr
nuh
l]y
m|}
iFC
mT+
gWb
f%f
miI
db>
i^g
fy|
fXP
bv8
f*r
cFe
a}5
j$?
k6M
hk~
j<_
i&P
bDc
fVV
ise
a!S
e?O
a[[
d7"
k9g
g:0
e~.
kj4
dY4
my0
ag}
j0+
ahL
a*"
dZ=
m\6
bni
a}m
kv3
fw%
bhy
a4{
jU3
d?I
dgJ
by:
j5l
m$W
j|P
eLZ
l7p
jkP
c|c
b:4
ke\
m-O
h{:
epS
gH.
j'm
b/6
mse
e+/
iwI
dUD
jX}
i9\
cy.
a?.
iDx
iNl
f'!
g4s
ib_
k+t
e2>
d_C
j)^
nBe
aQb
cHs
j5%
d3q
di`
b@S
aPf
cn)
dt{
e[l
dP7
cVW
h+]
h3k
gO,
l]+
nA'
ici
hW.
ikN
m$9
hD-
f%~
h[Q
lUk
cZn
f5[
nr?
hz~
iwJ
iib
f#P
kw.
i3!
k~{
hUi
mU,
id]
l(p
ig}
e},
ggO
ggC
c]k
e@j
aT:
mNJ
eWU
hZ(
i$1
eSp
jvz
aC1
cus
l->
jA_
b]Y
hPf
m+#
k|x
f-E
jX@
bts
g/3
lvg
lh4
jtu
hM`
i*T
d=N
c%/
h\K
kNt
ep3
a!P
iR9
i^q
esw
iQ#
c`Y
f~f
jo-
ef8
a&e
mB~
fMT
jH,
i,}
fi0
i{M
bPX
fso
l\R
gZ}
b5[
g}6
ezW
mw.
beN
g=[
a"e
nj%
f~4
bvv
a7t
f4u
g*V
bq*
cu6
ge9
nAC
l+P
a-?
c>h
iF(
k_z
d5P
eo'
a`8
i.+
k2f
aE&
i)%
dCJ
lpg
aaL
c?W
m_u
jVr
eu~
d%a
cPG
aE{
d:u
k99
l{r
j)r
cV\
m*+
ffT
i+w
f[.
ir)
dTl
j}R
jX>
lzU
e.2
jwR
m~v
g4&
g{3
hl>
f\y
mdY
kiB
cI_
ap~
kCT
cUU
c'|
j&~
i~T
hNE
j]b
ezq
h_/
hcS
bsa
cS^
mO~
iDN
d\w
mXy
i-,
kq=
j<m
f.?
ffa
cEq
eXp
ej0
jdo
amw
g!J
eF?
m:o
dJh
bE.
b,[
e-~
db9
k8/
gu1
kPd
l%+
nmH
h.,
ltZ
e't
bR7
jid
k>^
f#l
cw>
k,\
j<#
np?
cxW
k:h
c~U
fZK
b?u
mRY
lXi
l$I
l{'
lMZ
d#V
kT,
ea1
gpI
kd}
h6$
neu
kge
eB(
lj%
c/s
h-s
e{d
k8]
m!5
jK<
e/*
ia(
g@+
fb$
b6'
hKy
e9=
i@b
c*]
ez[
ld}
l?"
fUl
j8-
d6j
m_)
f\W
cPl
aD&
mm0
kXz
iAA
h9L
igR
fH|
b4S
m*k
l2$
bvP
hD_
e`\
id.
hA)
hF3
g*a
ia:
b*?
b9H
m-$
e3b
g#Q
f^y
k<+
aV]
geZ
k"y
a{'
kmb
jd,
hMO
eOV
h9l
kZ.
b20
eO-
kid
cJl
gH/
joz
ex$
dCT
m0Y
fNY
nhX
mk<
gPM
aZH
c7X
dx"
jd@
lPG
b>N
eC8
iuR
l@V
a#{
lxy
g^m
l%c
dnA
a8h
i3U
iMs
l,a
a'1
e*,
c>X
j7N
h1o
fR2
ffj
jG&
b3-
evZ
f%^
mD9
fqw
a`m
nr0
a_=
d<q
bSw
k7s
hVV
g0X
b=+
j09
j!a
htM
dJ*
cNB
fRs
eKe
cw9
c\p
ipc
drd
c4[
l<T
bHI
f)[
g#n
jsF
cID
eCU
bu3
heQ
goU
hYl
i6x
mi\
as-
hdY
cj~
c#f
a4H
c]|
my7
fHi
e58
dH)
ev+
f0F
h_k
d)Q
k-E
k\8
h0>
h2N
lHj
j16
aD'
b`{
lqX
bhW
asM
kKa
iYp
kL'
a$&
j~G
i4~
ds4
b*T
hhO
l7E
nuY
gkF
ebZ
m%=
ezc
cdy
e~J
g>G
eTT
j><
e&n
j&8
d6:
lY>
djo
h)\
j%0
b}.
a(|
ksU
gMZ
j3a
kn-
jh5
lXO
e!<
c:U
cTA
m>@
hC,
a`1
a${
c~{
lJX
k]_
aZ1
cp@
lk8
k#[
k.%
hbc
gNo
by<
d(+
l8$
bNk
eW3
mh0
e#W
ajP
dq-
aGt
hIF
kN!
i}S
gX\
h!|
gVh
ccD
iu}
fdh
lBG
j?9
g#-
m<d
fIm
bdd
i(O
f?5
m,a
kX<
hsE
f9_
kS3
f+?
i^S
j'/
i+B
lG"
bly
b0Y
l}x
b?k
g.c
b'P
m:"
d{u
a!#
kKo
lQ[
dbC
a$]
e|5
a\x
c#>
hre
fF$
bH,
ch"
e@5
k]?
d-]
g(0
dAH
lxv
aDd
cS]
cr[
fYK
c4w
k$`
aWg
bFq
dTc
dD4
kR4
brK
e4'
dK:
cI:
h#e
fZ+
ix%
j7.
ak}
g+y
l6f
cNY
aud
lBR
gW+
gh&
dj!
l!b
g?}
lqK
gsO
a,b
iHi
eS2
l6u
b}^
k<j
lj2
iR!
f,n
jz}
mPU
b0_
l5H
m,b
k`E
g>(
hjA
nyy
lm4
l.5
ex}
cEp
eZ@
c)1
hU1
mFR
bid
k!/
lyL
fj/
dyN
b"J
d~"
gyV
cuN
mV?
mEd
dXI
a/%
lz6
en/
l&^
iue
e\Q
hx'
gcg
k*K
mZJ
g*U
e(q
mC*
m9S
e3,
jjU
b>S
kqI
e<j
m^`
cD&
iAY
g>|
fqp
j_*
k^o
hrx
b<]
i#e
aU$
c$0
bZ?
c[]
glF
kM1
eDI
jCo
dJW
l?&
h`3
aad
fnj
fIS
aWz
cwt
k~T
fe=
e0L
d#/
g/u
bJW
b4x
g]'
cK{
gh(
mEv
bg|
mT8
eEK
njs
mot
jR|
i,X
i[u
c-p
my>
nq8
bmt
g/}
aCA
e9?
ed[
dn.
l-=
c+b
fa@
cyC
kcy
kr6
evq
jv}
l{1
iwE
mVN
dMY
gT{
k]{
i@l
jVK
dU4
mr#
g+K
nA\
kM]
h0S
gW*
cc\
mt_
hl!
d(b
a!w
dSh
i3F
ad9
hi7
htu
iiQ
afk
eEd
lp6
l\[
j?D
cIR
c/x
aA@
e?T
ahF
b[E
b>6
i%6
e4w
aZS
grf
f)j
kw?
m:(
l[<
i5S
cj8
kQ2
cjm
l_N
g#,
a|V
iI#
m}I
e95
fS"
gp2
h0X
l>k
mP_
k5Z
eAq
g$E
l'`
h.A
bCD
jUZ
jS4
a^C
d~y
h1Y
cU3
hEQ
gT"
fa%
dhy
m1W
hA1
i(L
kV<
m_\
l`B
bZ^
d<_
gPn
mM.
e0]
a"E
chz
f_Q
jyk
krH
bYk
c8c
kKI
bx&
cPE
j)z
j%t
fr=
bfG
lV,
l3*
m@1
l??
bB}
gIk
bl@
c>N
ir<
nl9
mLc
mvP
gBg
dzx
b4V
dy,
ndw
d6B
c)>
jR{
aF0
iYC
m3$
l9S
hJ,
h](
iWo
b>'
m)]
hoU
h<-
dpz
e9A
j8Z
kcG
khY
bfF
g3Y
eY7
gcs
hZ5
jt5
a:E
e6/
i>c
gee
d)q
gZV
dSv
cp`
a*/
d\x
d`&
c'b
e&!
i:I
mJx
kuO
f_J
i:i
a-C
lr#
iIo
l*Z
jL:
l^U
fxU
a_g
ivY
k1I
h4Q
ebA
kL<
bvq
bnj
l?J
a^X
k2E
k8y
i7H
l@w
a94
j?p
m<x
g_l
jlf
jMf
fU\
dDb
hB4
bJC
aEt
kCx
lNx
a\6
jM{
i*9
mkq
d?R
l=#
c>s
hH0
iUk
d8A
aA?
flt
h%W
iTj
dME
mg{
kvQ
cz(
j|l
h!A
av$
jj~
ixv
lpE
jsE
gyu
d!#
cS[
j4R
me%
jfi
hWm
mJy
htB
cQ+
jH]
hw=
dxe
j5r
j"x
nj\
m+Y
dH,
cna
ey1
kY!
k(k
kLI
eWB
kU%
m5%
e:\
bod
cos
bq9
h4W
gl9
feH
kZ!
f=Q
a[`
j6!
cjZ
fdw
kFk
j)d
an<
m"A
euN
d?:
gbt
e4T
jD&
cPp
afw
ctn
ja8
f^.
c(9
c64
c|Z
eLl
l{A
jKF
b!A
e`u
b`)
g!k
e<a
jfv
iC{
i?g
c%f
bTn
c:O
i{-
h)@
fJ~
lt)
edW
gFF
bu"
gE]
d!5
e?_
bE_
d#M
aH9
g)w
h:&
ce3
hYa
c*:
k>}
bVJ
hSA
naM
llI
l`V
kqA
bXZ
f+=
j1D
gV4
e_z
c<U
fE{
kg|
mb,
guW
jlQ
g(L
c`w
b+T
b8k
k5J
eD]
dX_
k4[
fzu
gDh
i:t
l%.
d0T
mU:
b^r
ima
jjH
gNg
mV&
lVt
mv*
gnj
l*!
kFb
ns`
a/H
hV\
g7i
j(M
b{g
kRV
gv_
e-@
l]t
f!p
cSg
f}|
c](
cvi
m\p
iWr
j:?
e*a
mP\
lwD
iJb
e^<
d}B
eD6
cAT
bO-
i',
hmX
cyP
bpN
fGA
c&L
g?S
hn/
k:6
m`6
dtG
k\y
gB*
jxi
buu
fzD
h=!
kIZ
cUi
l'v
i2'
g>}
c%I
dH(
nl1
i#_
i\a
bWy
dI<
b\7
hB"
c'A
du`
hdu
g`9
cA|
caG
aR6
ka&
i^Z
lUM
m4F
j{5
mI6
dZ0
aL2
dFL
f1R
d"'
d1h
l3)
c.Y
k7Z
gy0
iX'
kx$
aPN
dQB
cs#
eKl
bh>
d?-
dO?
f~T
joG
k+}
lKy
bk!
h=^
h|l
dP%
gQ4
j\+
ju:
gi,
dE%
gAb
kSF
d,T
gN0
gCE
a/G
jmU
am!
j~%
j\"
fM@
cQL
mxc
a,D
dGm
a+B
e&`
ff6
c%0
giY
k#z
e[5
bC[
i](
fPo
h)d
i)u
mzu
kfN
dwK
l<p
cKb
ne(
b%A
e/m
lqr
ntw
cik
exA
h*~
hjB
h6u
i'H
kf*
np`
c@2
dpj
kD!
kJu
gx.
ccZ
fnz
jgJ
h|9
m41
bA=
egi
j"I
k{<
iPr
gCV
nnp
ejS
g{w
k/e
m&^
dQ"
i.N
aVg
mj<
m@a
ja>
h.H
eWl
cB\
mVv
h5.
al(
gn[
do7
fAE
a!7
hqA
iY5
d1%
iU1
dM6
a1V
dC:
e~?
le$
dk^
kob
e+k
h<o
jEw
a`n
gFW
c$m
kUY
gLF
i>0
bNi
jI%
j$r
izn
hp%
j1|
nd4
a'f
gZ@
h/W
eWJ
bUc
kGt
aaF
f4X
b`4
a9,
kSj
dOV
leQ
gTo
d}x
ehi
lET
dM2
hbY
k":
d]9
b&.
a:I
m\M
l6i
bWt
g\7
a$f
b%N
j*f
ivj
m}8
is!
m8G
d.#
k"l
k&(
b{2
kCr
mZ9
diR
k8S
g2H
iA(
lS&
eCK
gt{
g.f
chT
m#L
b^G
kfA
iM`
l6d
c3a
i&2
mD_
jPS
f~+
jq@
bA&
aIN
jy"
dPP
a,`
dhh
c7f
h_x
lg"
eUz
kpu
mJ_
d%`
ky=
e{?
aFf
g1U
gJc
l#{
b%P
l\G
b#|
h$@
c6R
jq9
e,E
bK@
g,n
i\[
ac&
cO}
ddN
j6Q
e1N
dT2
cp1
lm-
ir\
msh
h7j
g19
gp@
hmA
a47
hf$
f6[
bdQ
h~g
lX}
c+g
g_+
jiA
id"
ey[
brL
mgS
f8^
b0a
gHn
ijQ
ejF
bN/
jxc
bbL
m%*
fdA
l\b
d7j
eNy
iK9
d,'
gz"
b4u
fWm
npA
fOO
i/l
i2)
ge&
cd(
mvw
go5
iCB
fcV
dY?
j<=
gsT
fTi
d+1
i&f
eKD
h/Y
f'E
k:b
e@s
mE8
cjx
g>+
mWI
e#/
eYT
m_D
iA4
boc
lYy
c_a
d@:
d7a
nxU
ng4
bQ|
ezj
k3w
ec@
fPB
hU0
ep-
aGl
b^/
c=^
h^,
lej
lqL
a?:
cAb
j[h
f8=
aFO
e#Z
lm\
ffi
fPI
d~J
b=T
ak<
hHG
m*z
dGX
f="
d$l
f,h
f4i
l6|
e\N
a-4
kw!
jnL
ady
kjr
bP[
e3K
fV1
c>|
h}>
cZ4
e:8
cBB
i|`
a:q
ho=
e_}
m,f
aX?
e1{
a0[
h5K
h)1
k(?
i~R
cv~
m<$
h[&
ehD
hMp
cdX
mYh
g")
g]Y
bQ,
h]d
lPJ
l<J
bRR
cA&
h6n
fB%
l"-
gHs
i/D
gVv
jjo
ed-
lJ<
b_D
kg(
lZ'
chW
jXW
k_V
e0^
ii4
b"%
bic
ag'
cK8
a9y
k{\
m)"
ku@
dsy
la*
eFG
bUI
hL'
dA`
e+%
m'n
ilM
d%=
b-|
kac
e3>
nr6
e?A
cJ(
a3N
kOW
gqU
m_X
g-j
dSX
c.Z
jA-
e91
k})
h>@
d[/
c$q
mB.
g0*
ci$
fd@
bKQ
f{^
h1B
kZY
bs8
i@Z
czP
b~h
cb.
d5u
ga[
c"g
gvR
fOV
m!6
eV[
jm0
k[!
cC7
bZ9
a[{
h|_
gB:
a=k
gv7
bzG
a[O
h_[
a'r
eUv
eAh
ml'
g6X
bQr
hpJ
aSa
d)Z
h%P
fC\
g+%
eh{
f<8
a:&
c/L
fwL
jO-
nrv
jOy
jP"
kRv
fz@
hWo
mB|
i={
c*j
fD>
b*M
eG"
jA.
dya
iM-
k!y
lY1
l_y
l#%
f>r
i6l
aJJ
m^v
d/y
cwi
bx/
k$]
iQ2
g"'
d>b
i{)
i&s
ijv
bh,
ea3
kHH
mH%
d"\
agp
elX
eE"
jPE
a'/
h[,
e,s
f(L
aiy
cV|
hp,
g,U
gR1
mt9
m?.
joS
g0\
cUF
k~x
hwm
b+|
cYt
cO$
igg
c|P
bDM
j{v
e<l
m}[
k>@
mb0
nz,
cuG
ieJ
iQz
md^
cxt
f[,
c[Q
dd?
gqo
akN
mQ}
hpV
hGe
hiB
l<M
eG/
bGU
iQd
emg
b.O
h1m
fR6
ep"
jK1
iPT
ek`
e47
aA^
mul
d04
m4~
j5{
lFy
jq?
b[v
d}A
hpW
gm]
mDk
e3J
fM:
d`5
kb*
mz)
g7m
j2=
aT\
f]U
fDU
num
bt2
msl
mTy
f*e
j9k
gP.
f@M
b7I
c6D
dCC
jYB
eI=
eZ7
i"H
kCs
d-2
d_4
j4D
fX-
hq]
fn#
kl'
foO
ll_
j(`
gL_
a|f
a`!
eM"
j~>
ct+
jf3
gP}
e,>
eDn
jD(
k~]
eI6
biO
a7+
e2=
lms
j/.
no1
b"Y
l\'
c00
lSs
aIE
kJ"
lSA
c@o
m^*
m8Y
g|`
e^}
d'2
fXK
bOW
iA[
hm7
mU"
dUV
e>?
k#Z
f8J
lOv
g@,
h'a
c:N
kA7
eZS
gHm
k=3
f0]
hr4
aqA
fKb
i5E
lC>
mt(
j{F
dRS
e.X
hn2
hD>
i\E
lf(
fjZ
f[v
hTT
e6R
j5v
hku
msQ
l#^
hfs
gZ^
b`W
b$`
jmk
lqm
c8M
bC{
kFw
hm_
j^`
ir-
gmT
eCl
iRd
a"^
iu2
i6L
lzb
eNA
cY3
l,f
b]z
a<Z
hTx
aOu
lM_
jds
i-}
ifK
a3+
m1'
b:#
lK%
eiM
cuh
jhX
cpW
k]b
e?b
a)"
l#H
bz,
fa>
j`j
k-K
mxp
b$&
e{4
l\s
dBC
d7c
mvV
e>!
goy
k[3
j)j
kZ3
byN
dU)
ePR
f3N
iF#
d|8
l8Q
fi"
aO]
