auQ
eas
AIC
Aff
jDX
aCI
AFo
dSU
tqW
qSO
ocF
olV
azf
mup
ckU
CPm
xiJ
dQe
lPc
ijB
duG
wYP
lVf
hUq
Sz
YV
tLp
qVS
etF
plk
Cyb
yzD
rJY
pjS
sDO
gsN
CSA
nip
BHl
tKb
CSv
dUl
bcJ
kNF
hWq
ysZ
sLM
icO
xnu
lZE
xrG
saq
jii
wIJ
kRY
BRk
xrd
rgS
jDH
gQG
mVF
zwO
CqB
vfe
tji
eYQ
Adt
lpa
bkv
rBV
tMS
hmc
XH
Afx
sEu
DyU
sJg
zCi
dwW
nCe
eAt
jWO
dYA
zti
vBZ
DWs
DWR
mnp
thS
lpE
sFr
nCY
jhj
gkT
uzt
kJe
oLO
cmJ
pMO
lUG
ypS
vuT
ryB
nEU
cTp
ztp
bmg
unH
izo
jLg
dTY
zqX
zyI
mqu
lon
reh
AgY
hwz
vev
kUl
nHQ
wml
cKN
fdw
zvl
hSs
fdq
mTY
gMi
weK
bhr
sEX
vyG
icU
xeR
CSM
xVw
uyM
wec
lxf
tjV
zaF
mVs
hwl
ywV
izD
CwA
cNt
pYp
vaY
Cxy
Dwv
kIr
zvn
yub
fMZ
rBi
qqk
rEK
yTU
AfO
hrG
tsU
wCa
hpB
zbx
neq
utI
cWk
nEN
cnS
bIo
eHO
uZv
jLz
uvb
qTG
wCq
qZW
BOt
yYS
oSw
AaS
sEY
vZX
pSH
CuF
rBX
xhY
fAF
dYl
ztz
wPR
pcH
CVQ
elC
prG
aTQ
xWK
hWH
ojq
pRD
lky
oMa
sPR
gKN
eaN
fkd
uUn
aZr
lND
jhU
vvp
oga
RB
wgj
xjB
BpK
nLJ
xwN
rtr
CYh
gVT
lWa
cQD
qTQ
bDp
eAM
kiA
yxa
ACU
BPm
bNm
Beq
vwo
ndp
AKW
ALg
CPg
zGm
sKv
lsQ
veH
sNA
DsE
cVq
uvs
chT
ppp
zah
nEl
wgH
dUD
upk
rff
BII
cJY
BjH
yTl
qPR
lQw
xqf
BPV
yxY
oMU
DAt
trV
mDk
xKP
bOc
loi
fMF
rcq
iWI
AJC
Dto
dof
pZA
YF
yrS
qzh
rzU
tUG
pQc
rDQ
wNw
pMr
quZ
zza
ljt
fIc
yoY
sLr
tts
rJQ
fAX
yuM
yYX
bie
yRq
Dro
ggh
aDV
vbC
CPF
wKh
zxC
BJt
weQ
hlY
pjl
ywQ
chR
tuS
bKV
sQb
BRj
uzy
whO
pky
oEz
Bpi
kHq
onP
DVC
uVr
rfU
bfV
CxJ
ALx
sMA
dWZ
Tv
Esp
BnT
oee
avb
hQN
cpw
AKa
tLL
CXQ
dUZ
jfs
gLu
wed
pjM
tpr
gNS
iXG
jfq
yvp
pRm
gSt
kfT
rAn
tWt
hXg
maD
bIB
jHv
DxD
pko
sQR
fie
tln
DEH
hZw
uUC
hyB
EfC
hTV
tks
cjl
wcD
siu
jcw
xfK
zdA
DYe
tTr
vBs
nbz
seW
kif
hqu
geL
bme
nCW
oGb
nbl
pUB
ojl
eFy
hlb
wlU
ytS
Aec
zCz
hpH
acD
vzg
nDj
aIt
lwK
hoa
DDF
lpg
Akh
tAW
muJ
rZO
uqc
aIu
loM
yYm
rxR
wlh
sDm
pVl
rBD
drI
lvx
iFi
eqR
ag
dUO
vzS
AdF
tUM
drY
CZK
ryc
uot
vbz
vbl
DCF
Cpt
Dzk
cWg
lbv
omO
COd
bHq
CNO
phZ
xRL
qF
DaN
qpm
DtZ
azH
kJu
iXM
fPn
fOw
DCa
CQi
zdI
dvW
lXW
poC
coX
mNP
AFO
gpn
siW
sNV
Adm
lxh
cgM
ymf
DWQ
ljH
xWy
sLl
jLF
lNW
bGl
fMO
vah
lVF
slW
vcq
rBZ
fac
Wh
naY
qyu
fEe
lZo
edX
CYM
BLU
pOm
hll
DZs
nLx
hZt
geT
sQG
rDM
jMB
DtQ
EdR
eYi
rCh
AiV
aIQ
dwe
vQc
cSS
qXx
fjI
eaK
iVZ
vDR
shp
ABu
wPp
gja
BQb
CSH
bac
nLV
sny
Bor
gpg
wkH
vzU
CuS
oSh
qqO
xQA
eAA
bHQ
nzN
hpl
hOP
wkD
kJa
sIg
gqu
mtG
snS
xfi
CXF
chE
rwF
sDR
tMR
sCZ
eAB
dZr
mXJ
xkU
fIF
qSR
bCY
wLL
usD
lqb
xTV
avT
mtw
Efe
ezn
eQP
vxO
kPe
pik
pOE
hsL
sJW
lqW
Brg
bHN
psY
DUN
bGj
hvK
cJV
cfI
kph
vFU
shS
xml
CpY
lxK
oPH
cQB
wNR
luE
aAK
kNe
bfE
jEz
vfl
obx
xSE
DZH
AKr
tLH
dxA
yUu
vFM
slB
tUK
CVm
qYx
dyR
qpX
lXe
dvR
qvE
eHD
pVN
ghJ
ziQ
ytU
wEE
DBz
tTO
dnM
oNr
jUC
xQH
psT
xRb
uDC
aaX
qWC
kMp
bfS
cnI
cmH
omJ
zbM
qzn
dVF
tOo
BNG
CtS
dTX
doe
mpt
ghn
dXZ
nfa
exV
tLh
Cyt
cUy
xLe
qqS
duF
Dbi
jdj
fCh
rFA
tpa
Bql
nDt
lPq
hRt
TF
zZu
Aex
rkn
ibg
uio
pnY
lth
aGe
nhS
lxQ
oSY
cLu
Cyg
AFA
Dua
CsL
eCb
tLW
DVP
jJj
fiV
sTc
vzX
zbC
fcT
ogz
EbB
fJm
zXI
eEq
pvh
AJe
kUu
BOh
AiD
zyk
pRc
lqh
lWO
dRr
sat
psu
uJc
sDH
msp
uXE
abo
xTF
kHa
bbm
mvQ
rDk
CwN
oQx
chg
lVU
Eea
nFB
hmd
zbk
eHp
iDy
rFe
nCa
qro
rZr
yty
DzB
kNA
sOa
axf
pXb
jwX
vIz
aaY
htB
rEL
ofH
Bgm
SM
wde
jzD
ttL
fFi
izC
tgZ
DXL
nEt
yqC
vAu
EgZ
eze
bPG
pQa
mzl
muT
uTT
DDE
aFc
xpV
reI
Dzo
qrU
tnJ
xhh
mpA
etE
eJC
ooS
oJg
fFK
gpz
CuP
pVn
bGW
AfE
msG
BpP
CZt
dzH
mWO
bkF
bbl
Ebd
sFT
Eto
zbt
nep
zGQ
oHV
Xv
tVJ
rIa
dQV
qVo
hph
eGW
bMi
pli
xTo
feO
yrK
qBx
odm
glD
bNn
xlQ
qqg
iGv
hRQ
gHy
rcC
ffY
uWS
iFd
tkk
lVQ
iaT
clO
nLg
gfz
kUh
wGA
Aax
cJE
opi
dJB
CpF
ign
cqU
cVT
ezw
olh
uVB
opr
lsO
EeK
Sj
lgM
AEK
pno
Cmb
Ebw
xVc
nhj
uYu
eHI
bzm
gRS
BjV
gNs
aDv
uUd
wPZ
vHd
pkg
nJv
axy
DWq
sPl
hPz
jzj
BKu
gLH
cSn
duy
hqH
eEd
ztt
nFI
zAZ
zGD
Dsg
bht
zxH
eui
wMy
ABj
dwJ
tqd
qzM
BiU
bhI
cqp
sEH
lOv
cNW
zAQ
wgO
hwK
DrL
ytn
rJP
xnQ
zBx
wew
obo
vzA
sFg
bhx
eye
heB
nJd
gHD
huu
iuB
mWd
lXK
iFU
jJY
hUh
gOz
iED
BOi
bhH
mrp
fcq
oMI
tsT
jEg
zDg
jhM
BIS
rvZ
ncF
nCv
aah
Bhs
keo
BMv
wbn
nDB
uwF
hsy
kgk
bes
vzx
aHz
zAJ
ivX
zDZ
awK
wjV
AGL
sRe
tsx
kpN
sto
kRn
wkW
yTI
ojU
kIe
iAc
seD
qqV
iyT
qzj
bIs
mUx
gJA
eBr
nfN
urs
cMZ
ecq
yWM
hmM
BeG
bct
ctv
Ss
hPl
jcE
ecr
fCZ
luC
zEG
gqk
xIR
pja
quP
tYn
aBt
tsc
ivG
oos
Egz
ySV
coy
jGp
wdz
kUn
Zz
dYg
baY
lPS
jNo
Cyv
qpo
Ajd
ght
yrI
Aie
CkL
gIK
Bow
kLN
EmN
zxB
ckM
wkS
crF
qAO
oKg
snQ
iBO
vGw
yQv
vKc
wHG
EiD
bna
xSo
lPe
DBH
xIK
bkb
eYa
hyN
oGf
ytj
bFf
mAG
uvD
CWj
xMZ
lqy
iBY
xlz
kNr
ySp
dsw
raW
dUi
bIp
dQy
ohE
xrK
wgl
vuE
Bre
htm
yPH
BkK
klS
jiS
yxf
kpk
zBf
ttR
iat
qwz
jHF
AIy
uXQ
iBF
wMS
nKy
kmP
mzY
jFa
fCm
yJO
uXG
hTD
ggZ
ofj
cUt
nFo
nhr
hwm
oOy
uuN
gnY
zdw
lTp
kpr
rDK
frw
iBR
pvi
bJM
qpp
Cps
yWj
awz
uUv
afM
xmj
hVq
nHu
dPa
afc
iFs
rIE
xsD
aIo
olT
vfp
lqq
gNU
jEC
thV
oOU
ncQ
nfP
DrB
CmX
oct
dVP
ngd
AiA
huQ
dZY
CSk
jHd
qDA
CWt
aer
ghc
knJ
iVS
zhn
hlG
nJt
cgA
uvt
iWG
eza
jjm
eYx
flm
BLe
obX
zYp
ZS
lqe
zCr
kUx
gOR
rZz
oMt
rZT
bNZ
CrN
gNB
fcS
qvI
Ebj
vyU
kPE
zXe
zCQ
CoC
jLt
iGj
Rz
oHi
iDO
CRS
xlw
odq
nzC
nHA
ayh
kQQ
jgN
cnX
ckF
vdG
til
ezT
pYy
iGr
EgK
qyR
jbp
raJ
gVr
yrH
BeI
zuh
uzT
mrn
BfL
qts
xRr
rwB
wbg
zdm
dRu
Csc
ohG
Cxh
cpY
CVy
pRo
fhz
uRQ
nDk
aZQ
uuw
DYl
cmK
cqM
qBA
bGy
sjV
cmi
rwZ
ltV
vcO
uYQ
ghC
bLh
rat
AHX
lOt
rei
yxe
zcL
AeC
oMB
nzX
pta
eYN
jCt
gUt
yTj
rHE
EaW
ppQ
dQs
siE
feB
dqw
tnB
mwr
wOL
CrJ
sQk
aMN
sIz
nfh
fNR
wKv
mCQ
JC
jcK
uWF
bkT
lQX
Edj
wPq
qSE
bgg
cJk
cVm
oJu
aIH
EaR
zaO
sGK
ALa
uxK
ANV
DuH
bbL
yyF
hSk
DsH
gey
kGH
kqb
ggn
iJa
clW
kjq
bGX
crq
kLo
ncC
CRF
oeN
oky
yoh
uUr
sdZ
wmx
AkU
pXI
keg
uuU
vDi
mUT
pPA
AkA
ixl
lph
vbm
Dsv
myu
glM
kPW
oFb
fBR
scm
DFV
DxH
mZz
gNt
gSS
yVi
zwG
val
Bro
tXC
gTr
jqB
sDF
xJa
DXR
pXK
gqe
hmQ
vFg
tik
bHR
piC
blR
DDM
sJy
puF
nLP
Dbw
ywu
bHg
AAF
oFG
bMN
uCa
pVS
seY
Aio
Ebx
wba
xTg
lXh
bed
qrb
xRZ
iBp
wmv
Dzt
coV
hnn
AFT
kKD
ayG
fcX
BfU
sPd
gmR
iXn
EgG
nGR
iEh
lOs
odp
exo
zFC
qZX
DAg
wDy
mCE
xhg
lsh
DxT
cmE
tUP
dyz
gJz
mBz
bLf
poI
gfj
wNV
mlQ
eab
Ait
eXk
hXS
dqy
kJE
xVf
yss
glR
mCN
cRu
dQj
hmN
aCP
vZg
BdJ
Bmy
rzw
lZq
mAI
Xe
oEH
lWV
vzY
bOd
fbV
sdg
oIf
xtn
gkw
ynC
uTi
sao
Cfo
wcs
jD
sLi
kHG
cth
aJj
ofQ
dyN
wMQ
hTJ
ZH
vbp
wdS
lwe
sDG
CvS
nIG
DxP
sfr
CmO
Sm
cqF
vYt
pVM
ebc
xSh
nKI
kRT
wDR
yVt
vys
qYL
tlJ
eFv
hlx
Xc
gop
jcJ
fIg
cqo
xla
ysz
Ebu
sKn
yyR
Cqd
zYr
CVZ
jfQ
Ym
vGf
xrZ
EeD
ebG
qyZ
nJU
sGZ
pNO
hrx
bJm
qbC
aaL
cgc
lPz
qpB
gKG
jFJ
oGI
qjH
sJi
yVy
sNi
sLL
lXM
oFg
tpE
uRI
bDe
mvL
bOh
hQZ
iZC
AzT
bPr
uzZ
qYP
vwB
jJp
zZU
rBY
oNm
oNx
bBq
zGH
sjK
AcU
pXP
pNb
yPy
hLR
sDB
EaY
slq
poH
zua
ndL
pjp
qDv
CVL
AET
gmG
Egs
DZB
qXv
AMh
zHj
fFx
qXE
iui
sbL
vCV
Duo
BWC
ytz
fOp
zYv
jDG
jKT
bKD
lQS
cJm
Cww
kdr
bNa
qwa
cOi
hrQ
kTs
gSh
fjH
dom
DDS
BRm
rZY
cKa
jiL
jDh
zDW
ywz
AwP
khg
Edr
sgO
nLo
uoH
zHf
tjS
iaI
ayY
bDC
zDO
vvk
lQl
oSs
Akt
eHq
cKx
bap
wlg
BUw
kcq
sNW
bJN
tTu
gOE
ngv
kRz
vwg
wdJ
xTJ
yHN
DaL
wkA
oIn
tqK
veR
fxR
kUw
zyF
jLr
bLM
hWt
gnw
vdv
ABc
wEK
jhQ
qxF
hZG
vBW
dvF
yzk
wbs
DyJ
BHK
fki
lvm
uXb
ojR
lvH
fFq
bmd
AMA
ono
BLf
ffv
lns
xfL
gJI
jhz
bNh
drv
qSZ
DCW
rcG
kdU
scs
kkk
cvC
CRU
hsf
jhW
cOI
EeV
Blp
DFw
lZZ
eCS
rvX
Aae
ciR
BOj
kOO
xRj
plu
ran
kpf
nLs
cng
hPX
iCq
bjq
vdA
oQB
ClV
lUx
ywA
Dvf
zct
dWd
tjz
Aeg
DtN
fea
quV
pRg
Ajy
vyX
dmr
oJK
DBV
wOu
kOA
vBb
jKh
onl
bmQ
zYA
xrs
fGO
dqU
fCs
cVa
mux
cLd
rIe
khf
Xh
CWG
AhM
tQc
BKi
Drv
kgE
dmu
oEM
edi
uxY
Dwq
vZG
eDW
smw
ist
Bjr
xMT
oIc
DuT
BKT
bkP
zvR
rab
BmA
cox
sln
nxC
hWP
wcx
wjT
baH
faS
Eaw
yKC
lRe
xOP
aIm
pZP
cJO
qUl
nGv
zEb
iFW
aEH
ABC
zcd
AEB
xhB
zYI
nbL
fLz
AaR
eZO
awY
mqq
ALJ
jFe
DaC
nEJ
BHs
tQY
csf
zvu
maO
gSE
huV
yQi
vwy
ywn
hUP
uUG
uyR
zwC
wmd
Edb
xqs
nag
Dbg
oFi
mbd
wiH
ogl
bjU
xjZ
rbU
yWu
nzp
zuC
CkS
xjG
hmq
hQF
cob
poY
Bin
zoq
nDh
aJo
grs
xUy
ivL
mBp
CZN
dQl
lnh
jck
AJO
blL
AcV
fEC
mxI
DVl
BOU
mVH
Csq
aeM
nBN
lRs
cNh
psw
kNC
mZs
Cti
wCt
aAj
xmO
jLC
xqm
uSW
yRH
gpM
hvA
DWN
wLN
huY
xql
sLu
wDm
uUK
ANt
iCB
xld
pqy
hyh
muo
xht
izJ
rIx
tYu
dpt
bfP
xXa
qXY
mxg
xTb
xie
hQC
xqN
cpe
wBW
huI
Egd
EfM
ADv
aES
bQl
vcv
rxP
eFN
hwt
kqP
lsV
aHI
zHk
sIZ
gMv
dAP
Dxv
eFo
mAV
isW
ojm
lOC
zYj
ysl
yvx
ALG
Akw
DDc
uYX
slw
vFt
BMw
uBm
fPa
gQx
DfN
gQk
xmD
clj
tlt
Cyo
sRz
wIH
etv
gso
pVs
CuW
jBa
iUQ
xjf
baN
Bap
gzb
azu
BgI
ynN
jdm
gdQ
eNW
iCM
wcE
nfG
WJ
COw
jje
DBB
kMz
ses
gIr
tUz
gnf
sQa
cWz
tkA
Cog
knW
bhQ
lsB
ysd
jhx
lXa
Dwy
dZb
hqf
zzM
ojt
cNF
puh
mUi
gKS
fLr
ocV
SU
pvg
VM
xsE
Bih
acz
Bis
uxk
kLy
sft
fMj
rGQ
mVi
BdM
fHE
aFt
rJE
ohS
kei
wKY
AEk
dyE
tKp
avE
CXo
ADO
sgz
eGg
jKX
vGO
rbN
vMn
mEr
pjm
wKB
aIX
shR
cMC
xgN
gNZ
zwq
CXS
Agi
zBj
xph
ctW
bGM
aZM
ySi
CvU
vyN
qAv
uou
Brp
xte
uWI
CtL
eFG
ghv
cUO
AjH
yzm
cQh
jMl
hXN
jcU
via
uRD
hpw
DVe
qUz
oLL
iAG
tbQ
nDV
unT
dXF
Wv
mZy
chh
bjC
lUN
neA
qtH
cWE
qzQ
pCw
AKh
fBq
rwJ
EbW
yof
Brv
pvZ
lpT
ofI
fAL
bMg
xQP
hvy
bDx
rER
hns
AJG
scr
vmC
nCt
ylR
odI
jgz
BKV
eaa
uTW
mUe
vGJ
sOu
phU
qYh
cJh
beT
koq
aEq
tkL
rfy
oRa
gll
xlZ
ywa
mwZ
csd
uVf
bcg
kTt
fJM
sLC
oSX
ffI
wkw
qwB
tXT
biy
bXC
iXZ
CVu
tPG
hVM
isf
zCd
lww
sle
cjy
rbx
zDA
bFU
weI
onj
DbE
aHq
ZI
kPj
AeQ
CZD
hnh
xnr
giT
rBm
kRP
azz
pod
BLz
hqz
aFR
yUO
vGG
tml
fKy
cOj
pMv
CqS
xrH
CYW
qUq
pWk
puE
qAD
exe
mBb
tjL
gPP
gIt
ttB
oHU
onm
nJB
zzi
iwr
ptG
uwy
vAm
qxI
scH
sLG
tWY
CjQ
jDc
rbh
uyy
jNx
BqN
BhJ
oGZ
bbO
pNH
pUg
DVZ
lvi
dUF
ofa
vGM
hXm
xNs
bfT
hZp
ixg
xKT
iCz
DCk
nER
fOt
nhV
Bif
zwm
wub
vYy
olq
mwq
quf
fLZ
pYL
qpd
dTL
xUe
oSD
tKi
qVI
hlf
mDH
DyY
odh
BQC
Cyx
bdY
lRC
eHf
dZs
zCK
yoR
jKN
mwh
gpY
cLU
yvO
DvC
wDU
dsu
oSJ
ezY
dpN
iaw
lRU
lXu
fB
oGs
iBZ
jEf
zGv
jby
xWr
eZe
pPO
skz
vaS
eGD
trc
bgT
wmA
abA
liQ
tQH
ryW
jax
gej
cIq
ogj
dsC
BpL
vpo
BLi
cMo
iuS
dYM
kSF
abY
gLZ
aGy
ABN
oGv
hxo
Aii
CsF
pjV
axs
uSK
naj
rCE
Bkw
cqZ
uVF
tLN
iyb
klq
mxy
wnC
mDr
glK
vzn
aGn
sbq
CSV
gmi
mYk
ikc
yyS
hor
fIs
lvO
plZ
ezW
glp
myG
fgd
lSv
jgY
BRe
tmh
jjf
qZi
wOH
ppl
mCA
hUC
wBD
SK
nIk
wjy
aZC
aIC
saf
orc
ixE
gTe
cPC
qVM
uTa
fgS
smu
jzo
jFL
lQO
nyC
lPI
lsY
siG
hOK
sfg
DVY
CRE
qUN
cgo
tta
CWd
ySo
sak
lXv
jEL
mCe
nsC
rHG
CXa
tOk
oMs
fNO
BtC
kRl
slc
ZJ
nbU
oEn
psW
toy
cgy
bjL
gMZ
BSj
avz
wCS
ibB
BdT
Cpk
pjg
hvH
yyv
VT
DyS
eDj
sKh
gTF
tNH
rwM
bdW
yVg
oMy
pTh
kpe
AeA
uXt
dRa
pUX
tsR
fMr
uqD
cWN
eoQ
rze
smr
wOt
uyL
wiT
qxX
fKG
rKs
yws
dst
lpH
eyx
AhY
BJC
eFW
dwk
CsS
rIv
wPD
wes
xkN
DxV
Ehq
pnC
dTH
sOD
jCW
tTV
EqN
chM
prM
ALO
CUb
lsf
EaT
jLU
ont
pnZ
sDp
sei
hUT
vyV
vZr
wOW
EeR
wKH
sKM
isi
hwc
dyA
DtR
gOb
hVU
rFG
tva
dQB
yQg
DXA
jCD
dRG
zdU
ocp
xkw
dXE
fFF
fco
dUt
lRE
wKD
qUL
cVp
duX
pdq
kNs
snK
lHH
tXF
hPE
kOU
hpj
zkB
toc
bBU
bfX
BqV
cJz
nFc
BMu
Dtz
CoM
cXm
pNN
yXq
pSP
wkh
xRf
pLM
fhY
xfJ
wLA
zAB
jjc
fcA
fIy
utW
dZu
xjY
xlK
uxT
exT
rAV
DYE
rBG
duP
kPG
mUQ
CSO
kNO
gLO
xKH
Brq
vAX
eZW
lYR
vvj
CZq
cKi
uYS
goi
gOh
quL
AkN
tSp
sGc
uSv
BUW
dtJ
cSE
naz
eBl
COF
kpt
kGt
fHZ
AaI
iHC
loc
CWI
usU
mTZ
pvv
ljv
qxi
CoI
isD
icJ
AiL
kPS
wJP
Dsc
yPT
aEr
tQB
Eho
lEB
tiH
sDD
CuC
ech
rbT
uoU
cJN
RL
ywM
mVI
lRn
nFg
UG
lkw
BRu
vFR
nau
xfb
rgr
Bhu
fEY
rdS
vDD
rwE
iDj
hxf
tli
nHg
uuR
lUk
jaW
kPl
gqq
Bke
wEV
ixi
ndi
wma
bJw
eBD
AaU
wME
rGK
pWO
kMK
kll
ztU
iwj
pSs
grg
jhh
qTm
qVR
zth
mVJ
sku
jeT
tVR
pjZ
gli
ctm
Clu
olM
hmF
uxZ
CVt
Dyr
cqh
mxp
zGt
azY
sGH
kPL
mry
qrn
pYT
sjM
hXR
dgb
yzo
sJb
BoE
CYu
pSz
pMZ
avG
qwo
ptN
wMF
uod
pVI
lpc
lnT
gSZ
fbe
xUv
yWh
llP
cXs
yZA
gJL
vDH
wJf
jyN
xJy
dVO
AbU
Dab
rDB
rfp
zCI
llV
vNQ
nFz
iZT
lRA
bcY
oJt
mba
prv
kHB
ztR
ogy
gVH
lTC
tNL
BrM
uOr
qyi
ckb
dAp
bav
CwS
vtA
xUZ
sFS
BSd
xgV
ALE
iDJ
CUx
CXp
nhT
jau
iAt
sdY
fLo
AAW
BnA
kGo
zAe
bDt
gIb
hYs
Duh
sMm
sdw
lZe
xPk
myW
hWf
sNl
qsk
fHU
AbF
cSN
kIS
bGC
uqE
lvY
kOR
jiO
klh
mwT
git
uzX
dvf
wPg
hwX
AIH
Efu
DXu
oaq
dUx
tVr
Dau
qsl
xLu
oaR
CRi
kJD
aZp
pYO
sHU
nbh
CyT
qrP
deb
hmL
kGY
vYT
rGk
hTf
dSi
CPJ
mtI
BKg
cOS
iCy
qpJ
kkJ
Crh
DYF
xox
qxL
iaY
wF
Ehb
onb
jeO
CqG
rHQ
biP
lVG
ctn
BjW
uSg
DEw
zQb
AkZ
mbp
Zk
sQW
lVc
hoe
cme
naZ
hwH
AbP
weS
lZC
cUY
aCj
xQW
DWr
osN
toA
gif
rKi
xPy
Vo
raF
Dzh
uQO
oET
lUP
qVc
xMh
cKm
tmA
eKA
pWm
Rr
CUG
kTd
tiC
Dtk
sMM
eZE
glX
gow
wih
eDs
nGQ
wNQ
urp
lmi
wNW
xvc
kcM
mZH
jbW
tSd
BMS
wLc
jcA
DwF
BmB
fgW
fBJ
gJY
cgT
Csi
iDF
qSv
bcC
wPr
grv
rym
Akq
xUm
bcO
zDM
jzb
bcv
kPf
AMt
vuL
cMd
rxq
fcG
ytm
quF
dSB
zzb
hsF
wPe
fHi
xWw
ict
kgX
nAm
gJR
oNZ
lnn
iWE
cqb
hlw
qvu
ptM
qzt
aAX
ypn
wDH
nca
eCX
nhX
xmQ
wFf
ndS
qZO
DEM
ews
urX
rvS
nBu
rxY
fhm
wgd
oQN
zEO
lRy
BeO
eHR
ajn
ztV
uwu
DXW
CST
yRk
lrY
kTh
aBj
qux
AGt
jDo
gRW
vAG
aAw
EdQ
mzA
glc
jbL
fLY
Cqp
gms
eXs
wKS
oel
xUc
cVo
mBy
sMa
raX
kcL
wkP
htb
gkm
jhg
ywf
ynJ
lSs
tWe
wDk
bcE
aZR
utV
nJw
jMk
rcn
ocZ
jac
Bll
ewt
wdi
eFp
cro
aAO
fIT
scN
BHD
tUU
nHR
xUE
hzo
eDK
DCm
xIJ
wEy
vDf
iEW
oJs
qYa
xRM
ojM
myM
wbN
bde
vCH
ryP
mKo
fKL
Bgb
siB
iGA
qqX
tvn
AHZ
sEG
afg
sDZ
bTa
lNN
keS
vCu
acr
ghX
blu
xKO
sLX
yQj
nyl
fkE
bCk
uVG
tpv
xpz
kTO
mZZ
lsi
ALH
lWj
AhU
uZF
oPk
mUI
gVQ
mZK
CqE
dXG
nzA
xqK
blh
biV
obM
huv
ljn
azF
rfJ
zBb
zXu
adE
BkP
lxM
hqC
fLy
rxk
vDL
jGh
unS
pYs
qxJ
aDX
SO
Dak
oda
lPg
DaA
xfe
nxv
eXQ
hkS
gTh
xJn
cjg
fcp
sfq
BoL
loe
oOW
sLJ
Dwf
Eed
AeJ
vwF
awg
obr
gVg
mvu
sEO
uSr
Vz
aYW
rJh
jCL
eXA
ggz
AGe
dVk
jES
ACP
AEf
ppH
cUv
jlC
Cxs
cpT
oFp
gRf
fFG
hZQ
DrH
pUF
yyT
qpy
piM
ywy
bgu
EiG
iGu
BIB
DFp
CUq
yXL
vZF
tsb
cMH
hni
kKn
pzN
wDj
BiG
RP
dtK
oMH
mtC
uso
yXG
azh
egc
AOn
CVb
rAE
piw
Bik
waf
wlB
mtr
AML
Cud
glF
Cdb
yUS
Clp
tVd
oFt
jiw
vFA
tSG
upe
oOF
mCZ
kfV
nFm
uWx
jGl
lMV
xmL
upA
pqh
ety
qsg
kdw
dVL
gPi
kop
lNQ
dQR
knF
qUS
xDh
CrT
jir
sbe
oLY
rgV
AfQ
cgm
cka
AAV
tXE
isL
dQA
rDE
wfl
cMl
huF
ncR
zzp
nyT
okV
iAU
xUr
msl
yRz
puy
Abe
oIC
DQq
mtV
sLT
jBr
uzO
ayi
acy
mAg
kPp
hTp
zty
ygH
xTd
cXt
CPQ
nnO
vdn
fOS
fLH
kiL
pTz
clB
uTl
bJl
lWo
yoZ
wjR
pRe
oJe
tmB
ece
sKN
oPR
Bjp
dNr
vAA
qtt
uqA
rBR
xJg
sdC
fOf
zaJ
zvU
cii
ywc
ebo
dtq
xMo
uHo
kGd
keU
eYk
CWx
CUZ
yml
sMx
ngu
sgl
cgG
dsH
jMU
aIs
wef
XG
dZn
ody
dWq
BmM
sjZ
wIq
hxF
vea
DsT
urG
clx
fgv
pSy
zGi
tqF
kge
kNH
lwA
ltY
Ade
BjT
hGb
ixC
iVT
khs
vxQ
rGY
jaJ
coa
nfW
tuv
wjE
wki
pZh
gjx
qTs
rdo
wPs
iwM
ohp
hRA
gQd
pXx
gVh
vAC
sNw
wHH
fMV
onn
nFC
asm
evs
mbi
pDv
lTH
jGf
yzM
DzT
hmR
piO
plD
oSg
mrv
jCr
od
fcP
tlA
kNE
uqe
rfD
oeh
bIJ
lNV
hRI
DbV
tNh
qWV
oKE
tpg
zaT
CWp
Bfw
zFb
TP
BhA
BjM
fjf
gKM
gVY
Rt
hml
xNX
vai
pNz
jMW
fMJ
pVT
luD
Dwc
cKL
BTK
cLI
Dyb
aEa
yoS
xPS
wJb
Cld
ojV
dwV
ggp
tke
eHT
sPh
cOM
hQr
jEO
lWN
oku
lRV
awp
kfF
zHt
wNO
jtH
icq
tnK
AKk
iyc
lMY
ups
Dbm
jGj
sPq
mZu
aBo
yuw
gRs
wKf
oKY
qWR
wNr
tnG
fCD
skG
jbY
kLQ
rcd
yyz
jBg
BPC
ecp
pNl
wkq
BJL
aEe
rbc
aea
yRI
dTg
aGl
vuK
fai
lSM
onC
bak
rdh
DAR
eue
tSA
EaE
mLB
gTt
yVQ
yec
mqR
poM
dwH
rGc
bdI
sQr
vAe
pro
hnu
dvB
crK
crD
crE
dXt
BIm
kla
wfS
vcM
nsQ
coB
bEL
sRw
pGQ
XW
myS
qrd
DCq
Bng
oNv
nyo
fDm
zzQ
iGp
fdR
fDT
xPJ
rdv
qTh
vDB
Ehj
dRq
quR
hPv
sMD
bKJ
gRe
oMc
dQH
yrg
ffO
ayv
CuY
zsN
hRz
jfk
aac
pkv
bdO
qTS
lZN
exZ
bhi
ohC
aEI
jbA
BrQ
puu
xJt
tKd
cfu
waB
prS
lEV
nfw
hWu
AeT
vfq
vEM
sHj
ibl
BJU
xmX
Akc
iEa
aZJ
kje
zZA
tpV
lNI
lmh
BlD
hYS
toY
yqW
nDA
sRs
ttA
ynW
dvu
vaF
bGD
sDX
bCx
bhT
oMz
vBV
tPO
vfd
AiY
cmT
dEn
yyy
mCH
neg
oNR
crZ
