ACb
GbD
HDR
IVZ
HAD
Hy6
N0R
AGJ
DzS
ANk
HIp
Bwp
IA6
MMH
DfD
L3Y
A3M
JDN
BFb
BjB
Guo
NS7
NI5
CcA
M62
I1o
At2
LeY
KP3
Ale
Jfm
MHi
EIb
Jdq
G21
Mck
NAk
LVM
KqJ
HVs
CIQ
A3W
JJi
AEw
Ge9
D7W
L8a
I_v
AIE
DuJ
CE9
DFE
C4M
Bia
N7t
LkU
LdM
IXe
K3u
E0v
Bpk
Kmy
EMm
JAU
CLx
A8e
G7Y
MYy
D_G
FJQ
GRM
J7s
Ba1
Fnf
LPP
JQX
N6r
Fyu
JH4
Hu9
DwO
Ch2
KJr
LGL
J9S
MwT
HwP
Bew
HKe
KIu
Mbn
Ist
Mu7
DKD
JlO
BUg
N1e
EKS
GrW
Jq0
LuL
GhA
D1M
MJV
NGe
ASh
Hib
Ert
HYs
E4n
EWz
Dgk
HvH
MDh
Hxm
KaH
FHB
KyV
B_2
MZw
LwU
Ji5
Dzl
IhS
HEt
N4P
M0I
AYl
GBl
ER0
Mty
GJo
MAJ
AJP
Kdo
Gbz
C1U
KKo
Gyk
M_s
CFr
DLr
B7Y
K2U
Jiz
IUP
IcM
A38
HQj
MAi
HYE
IGD
FCS
Clu
I1t
N99
DfQ
ERQ
GOa
AmE
BTI
BzQ
M2U
HA5
EeG
HXF
Gx5
A7f
BSC
MID
Laf
H3H
LAv
KNi
JQ_
Ioq
DMJ
FC4
GIq
EXy
GHI
Bwc
K3J
G2Z
CrE
FRJ
HMC
NSd
C97
AW8
BLa
HbD
MiL
JQM
Dbj
EYM
CeX
EEM
Bz_
Bl2
H4I
LPx
BiZ
CDy
Kso
K6L
Iza
NDX
DUx
LRV
BCe
I2m
Hc4
DsU
M0t
Eg1
KG5
ERA
JUi
MMl
BfR
EiF
MAb
Lak
ECR
EVL
Itv
Ge5
LQp
MTD
GON
C3F
F4M
CIN
EXQ
HCZ
ALd
EGR
EwV
Gox
EIx
Lpg
Gx8
EmS
BwN
B40
AFJ
K8T
HOQ
LH5
M4r
HeU
HwR
D3G
LYk
J0g
EhP
GPC
HYL
DnD
G14
A0J
E_6
NfW
Db4
LTU
Ng9
Lxz
K8B
C7Y
FFK
JSr
BZb
Fas
JRk
NqO
CnX
DwQ
Etw
D7K
CoM
Msv
LbO
NQF
NZH
C8v
Ead
JnL
NqG
DsH
IEo
ABV
A9I
Keo
CAV
AEr
MwN
FCp
Dv8
C0E
H_p
DrC
BCB
GhJ
GjF
CxK
Eph
Acn
KG_
KXO
LWh
CFy
I7Q
GFs
Jqc
DcD
Ek9
Cr7
Jnm
J97
Gw_
AiQ
NNA
I8x
NmK
K0_
JOa
BO5
EQ0
CIl
DxF
KkY
J7L
A_C
AHD
DYE
HAo
HCY
KEV
HM7
B3E
CuO
HIb
HVW
J2e
Fwd
Fjy
JEb
BzD
Cja
BmE
DGj
LkS
BYV
NFD
Ckh
EMi
GGR
Ax1
DGp
NdN
FBd
DsM
Hfq
Fff
I2e
IqK
KrU
C6S
LM9
G4l
CTr
C_j
JiH
IgV
Ajc
NDn
FKK
FsY
HoE
GTs
HOL
HFx
FHC
C1I
Cm5
E44
BkD
NGb
Bw4
FC1
MbQ
Nkt
MdQ
Gnw
DGz
De8
BdH
MBE
IGL
KD9
JQN
Hhi
FQ6
JaB
Cf_
KdN
ChA
NjH
H1X
NeW
GLv
HnR
Lrm
DUE
D2O
BoA
MIi
Htc
BrP
EoD
Am5
AgY
Hsr
Lte
BCV
Ba2
Jnc
HLL
Ce6
MZZ
HLQ
IlY
JPi
Hom
ERe
J6Y
EUI
KVQ
Gl8
Ell
LqP
JI2
DJC
M4T
AcT
Bbm
GK3
AEe
NgL
EBN
KnA
DDG
HEm
MC8
Iq_
Lr8
B_H
Bak
FkL
LBX
IX5
GHg
NZv
JiJ
ItW
DKd
D2S
Knt
ABW
FfF
C2h
HKG
DLn
G7J
CH9
IEk
C6q
Enx
E1X
MTE
FnJ
FOl
A2e
G_a
Bgc
DWY
HmC
Fzy
Mls
JRf
M9D
FZ3
J8X
L14
CY6
H4e
MnL
JjO
JXh
Dzv
MnY
ABN
EL8
AxJ
Ae8
I5x
BB_
DQJ
FHI
NPd
CfW
NIW
ECt
C2i
Jp_
EYL
Dpb
DW7
MPG
H6E
DHD
M9Y
CVg
CYX
ETR
MNZ
Ipe
Anf
IHW
BEr
GB0
Ffi
G8n
FAF
IiD
G9c
LHW
DNJ
C5G
KRP
Hkn
Dlo
Dgd
BYj
IsX
KZo
IBn
Kgc
Fpi
Jzx
J6Z
Isb
Hil
BTl
Ee9
FvK
LQA
Kt1
CaP
L3J
F25
AN7
IJB
B5n
Hzq
Dht
DDL
MCh
BtE
LDn
EWf
NU4
IqZ
Lvv
AgZ
CyT
JRj
FcJ
Lpm
Erm
Gf3
C8p
Ck3
Fhf
EPC
KSE
NBJ
IZ3
Cok
E24
Glk
MBH
IYs
GMO
I8v
KT4
Ejg
Ek6
Jur
KEe
DJf
F9s
FpQ
MJn
MDH
HVB
FbB
MfE
BZG
He0
B8B
JzX
NIO
Bfe
Al4
GiN
M8Q
Moy
CxM
Iey
JCg
KnB
JQ7
IbD
FZH
Mff
J06
Gnq
FSB
JTU
GF4
GNy
FuW
DVZ
NLk
HVK
FzG
AsS
MOz
FcO
ELf
CoS
EKr
AJ9
Mbe
Ijj
DXm
Nin
BGV
E4z
KC1
JwA
B0t
CWG
Gmx
LLc
MmR
GFP
Lkj
GJA
BuY
FkH
Kct
Kof
Fb2
Ggo
HU8
H8m
JVT
Gow
Di7
IHm
F0g
BPw
HAB
MFk
EeV
IPM
Hu2
Jjz
Kjs
Gqg
M_k
Juo
KzK
KeX
GzF
Kdz
DGd
Ikg
ABQ
HGc
K8j
M0K
B5H
KrH
E2V
CWF
IUm
EG2
N4W
L3S
IS8
BL7
BvP
J48
Lw4
Dji
JIh
Lao
IW2
Dzf
G60
ER_
AVx
B_i
FzU
AMa
FRZ
BTZ
EcA
HTH
K4A
IbQ
J8I
DE0
JDe
NAU
E6f
FtU
B0V
Muq
K80
D3O
KGj
I96
B0D
EAk
IoS
KHr
NOr
AON
K0F
IMH
EWC
GCq
MvN
JSe
Iym
Lb1
Iem
FEC
E8i
Gr0
Jvg
Abd
