cTX
zX4
hlB
yI2
aOR
GJZ
kqX
LX2
g60
crX
RSX
mKY
OQ0
jLW
AOT
E15
CHM
eK6
tW5
m0_
50
yJW
qzU
dV_
c34
hI_
XZ1
cIY
B79
mps
diB
dS0
pwY
jAT
mxD
cfA
sL2
lHJ
boI
uCZ
RZ8
beQ
qsP
nR7
tOR
pw1
dH1
D
AMY
qt6
msG
jn3
gk0
z47
u56
vO
xO1
fuY
GK3
puI
zY8
GOR
uwT
HP4
lA3
xyO
bu_
cW4
nL0
yCY
GW6
YZ9
cmG
cG8
frR
ovJ
jH3
zNP
cfK
IN5
UZ7
cvU
HIY
jsW
rHM
fQV
glW
AR7
dNY
bZ8
eoK
pS9
biV
bF1
rI6
be2
imZ
ftz
eB2
JT4
s8_
xK7
g40
iNV
gH5
uBL
hjs
buC
LZ5
J
fwR
iCM
yHR
atN
zOZ
nsK
e89
uLQ
vH0
hlD
IRV
OW6
q70
tPZ
hvC
tDX
iKR
gM0
bi3
xIN
bwS
rF0
NT4
K3_
dmt
etw
ijU
uxz
kzA
NUY
uU2
AO_
fyz
kns
wHR
eI0
pst
jEI
CU_
auP
aE4
kvG
kQT
xAM
rsQ
b34
mqK
f18
vz8
jpU
zL8
ckI
cCU
hrR
ku_
O12
jG9
CF5
mG3
dHI
duV
hUX
LP2
dgu
oB_
vG_
abo
GU9
CHI
swH
yFY
ceY
OZ9
hv3
tzV
sJQ
cyZ
nC2
bny
gjB
itO
mP2
cHI
yOT
MOY
JO0
CX0
fx3
bvX
knS
pT8
jsO
ewF
hiv
bi_
fW5
iI2
qOQ
qGP
rvV
dS1
gpZ
pE8
CL8
CT8
rzU
CG1
gpM
ciJ
iB2
gC_
ciN
cK
W89
xFL
irs
lY8
hs4
syK
DY0
gEL
cJ7
qD3
EF1
yEX
rDO
uOS
lrt
eX3
rL1
ajW
mOR
dx2
bNR
fhK
E70
aH3
fi7
msX
F90
iC0
DN6
xD1
pxE
ci6
GHX
nI3
oN2
fvA
dwP
rDI
10
oTZ
hS9
bL0
tIX
isZ
ad0
dfH
aNW
loC
eg6
cAY
F29
ad6
gzP
ls
imW
esJ
otC
lB3
iT1
AHX
bDE
ilF
xP7
enW
u67
tuw
sJ6
AN4
dmT
gh5
W12
jC7
oEI
asu
hoC
JLR
knr
iku
uCI
mP6
yN9
jAK
ctD
GL6
AF9
R3
rE5
fYZ
kGQ
EFO
grP
BTX
enE
iF5
vFK
lzQ
prN
qCM
aMS
AX4
bW5
IR1
JKV
ry5
tx1
RS6
cM9
rD5
tV0
ajY
mBD
DGP
rN8
tGK
bhV
lqD
cGM
eJ
xQT
ijo
uy7
J30
bzQ
JO5
dl7
tJO
sEJ
NY2
gpE
ySV
fS6
hp8
xOP
aCD
bEY
esy
A1_
gq8
sRZ
kLU
oEP
cox
OS1
PQZ
I3_
nN7
eq4
BGH
gIR
jN5
kqB
bgY
DFX
fvC
mv8
uvK
CI7
RXY
jz9
mrX
HO0
bLW
nPZ
lZ8
mnM
mz2
CY5
tuV
kuz
dmx
bU7
iHJ
lp1
aru
IW9
iKX
LS7
fwA
nT7
hZ9
acB
pY0
for
ad_
GPZ
rtZ
tCY
dDJ
CP6
fqB
kK5
alu
pt3
hLM
T57
G3_
bm5
GQU
bEK
M40
dzJ
Q7_
A60
ILP
iyF
dlp
rV5
sBL
KW6
ayA
KMZ
hoL
coG
env
GS2
pT5
rT5
iwG
EK7
bcH
gFJ
rTW
JL6
DOP
lU7
C5_
eZ5
fEO
hw0
bjs
mM1
rDZ
pP2
aKL
eUZ
bm4
lEL
jwI
rR8
bw8
kFI
JUV
eD
jyQ
DM0
cJ2
jqU
u0_
nr1
fi1
cuJ
ALT
BMY
ikq
fuI
iuD
oZ2
jU_
mS8
VX6
muF
zXY
rtK
lwP
qGQ
aC7
cdZ
CK2
c2
hjR
mEJ
dDQ
asT
vD9
vxH
gkZ
az5
GJP
osA
cnB
FJ8
mE6
zD7
hmC
bhL
BN7
yR5
nI4
izZ
bzM
dP0
bdv
fg8
P26
bKW
juY
KY_
kn9
fgl
sN1
aHS
iRT
fX0
fZ6
zKT
abI
hjQ
lsM
ev5
kwO
ru9
HJK
zIU
Q13
lsy
rw9
wT_
aAT
KRS
yGI
qJ2
boZ
p1_
FG5
iGP
lyG
vBV
FZ_
i68
asW
wBZ
y20
zOT
e23
dH2
inB
yzB
ijp
lT0
oM3
yV8
rKN
qtW
jkQ
lLY
yEO
PZ0
aOQ
gM1
ew6
mDS
ruA
r68
AU9
jEY
AMT
iRS
qzQ
MNT
fEG
hZ4
V27
dKP
xAC
oxV
Q79
aiT
ozH
iE3
dhG
bgA
g59
hQ5
nY6
uDG
ST3
tZ1
gq1
kDO
yMS
dr8
mFZ
zRU
uST
hxL
il8
aB4
bXZ
aLW
xQ5
acW
xF9
fX5
bzO
L4_
dS7
u7_
qW2
lEW
BKL
fiR
pO0
bPW
JW4
a29
VW3
EP2
hxA
xWX
kF_
cI7
lDT
iU_
mNZ
sP1
rtM
hn8
fPY
cJU
ay2
AKX
IX_
evF
kCN
gFV
hqO
xH5
gzU
iu0
eOV
AZ8
oW1
fjl
zIY
jG1
aj2
st_
iD7
coH
wH9
hzH
gnx
tC
wB1
pvD
R79
jK8
r6_
bHU
mR4
J60
huy
uRZ
hC3
eyY
iy6
yPU
qH6
P50
pR_
tx4
lQ4
HMQ
yS5
nAK
kD1
vH5
BY8
iIL
mwI
mq9
oW2
eQ4
giL
yWY
oBY
rJV
imK
z80
bly
N68
cjI
jsv
cru
uEK
zIX
gy0
wxW
hGV
aB3
MUV
gEK
lnJ
hLY
HI3
zBU
oZ1
dnT
xRV
fFX
kmG
dpK
bq_
nz1
cdo
cdx
kv5
fEZ
jnF
syI
CF2
DF2
cl0
d78
nU6
sC4
fJX
dk4
CGO
mR9
uwS
jN7
OS2
bqU
vU7
aj3
c27
lK4
aBY
o24
hJ6
x15
jl9
pAI
iJ6
qG6
agK
kp2
hlp
bKO
ltF
oz
egW
biH
oX9
vAC
SW8
yQ2
J2_
lux
TX1
nV5
kQ0
RX3
ehR
L50
iqT
ps0
EHZ
BK9
bgW
nH_
luI
cM3
A14
DUY
bk0
sv7
jms
wS4
gJR
EXY
wGY
efY
S7_
eix
dL_
mIQ
suU
iGZ
ceN
TZ
HSU
lpS
kvF
alT
IOW
fB3
bB2
rHV
jST
OU8
lsz
pT4
DLS
eV5
rFQ
mBC
oO6
MS3
fr9
rEQ
pvO
etW
krQ
vCO
qNW
ewz
mtX
gXY
awP
ipY
yEW
Z50
gJL
bv3
qCK
fmp
ftu
ty4
KY2
M5
DL9
qxE
gm4
bpR
rBL
zA2
lEN
lLU
as
hs2
x27
HI8
qCI
tvx
bF9
cFX
dR8
DZ4
aeK
FN7
cgm
uF3
kLP
eW4
BR
kpt
qKN
CY9
bTV
sxX
oF3
xM6
brI
npG
dG5
dxO
aGQ
grD
aEO
fE6
BGS
imq
H2_
eHN
euH
ep0
rt1
nzX
m37
mGM
vAU
pN_
uH3
iHN
BYZ
wyA
cO9
QUW
y49
GZ1
fH6
KNR
fqQ
egL
vMS
hQW
bKN
amM
NY3
pvC
IX3
ALQ
atQ
ehW
bu8
cIO
AT1
dPW
OUX
NVX
CD7
JR8
hM0
gB5
HN2
ejy
eyB
dq0
fR5
kCM
bU3
rE9
dK1
QUY
QUV
cLO
coz
kpN
sO4
clw
zW1
wCR
EIW
wLT
D89
DOW
ixN
xI4
cA0
bMO
GKO
btL
nzQ
SX8
jS3
fkD
fJR
zDS
iDW
owU
kU3
AX1
uJ7
sU5
txG
iCN
N20
tIM
cmF
moG
qwH
dg4
pt9
OQT
fiK
AJ8
klw
kGM
sMT
din
dpQ
EY5
d4_
f80
czL
EPQ
q48
ipM
bgm
qxN
IQX
qxG
exN
AP7
moL
gDN
F9_
beW
GJ3
COV
U80
gpY
rzI
W8_
qST
gmq
DG2
W5_
q30
gkL
yK8
vUW
KMY
lrX
bAS
qy6
uF1
doW
uwZ
dm_
AY9
mnD
xLX
ny4
vJT
msz
jo_
eC5
WZ_
dir
nE3
br7
GIT
luJ
DHK
zT1
ex3
dV4
DSY
kI4
oKM
qL0
zN7
vL7
uW8
xy7
hjn
ah4
tS6
iJV
zBC
hV0
suT
vK6
rsV
tCW
no8
lsV
BH4
pV0
IR6
NT7
mD5
aW8
swS
tF_
NSW
FJ5
hpP
pyU
vHV
O6
cMY
DKL
DIM
FGY
ijT
lZ3
vAO
vCU
gEP
emA
kBY
iwV
ER1
TZ5
uHS
fA_
pqY
xV1
cnp
cdf
qD4
uvL
iGH
gCN
qrs
mxO
ANW
bwA
fzA
pqI
alP
bo4
fxD
arx
bOR
cuX
AI
yX0
yAM
gJM
uA3
UW4
hvH
FR4
249
aFH
dW5
doK
AE3
cmE
eD3
JOZ
dGM
G5_
eFZ
jJQ
vwS
jU9
ouB
IW6
hu4
mB9
uxG
rtD
cz3
xW5
hX7
aU6
BX3
qMS
dmS
dQ6
stA
bL3
oN5
uW0
qU_
epr
r48
y70
vLV
iv7
nG2
uK7
adS
eOQ
mGP
gGI
AZ6
lvJ
giI
vwR
CTU
W_
jkP
GUW
asz
ilU
lou
bkv
jRX
ho2
jzV
nG7
yC8
lq
LOQ
glT
jmp
qxP
uHJ
DQS
dzF
ktw
qQ9
bDZ
ou7
sWX
fsu
cv6
aU5
eLQ
kZ7
hiZ
ip8
wDE
fj5
cgq
sxH
gpD
iwy
HT_
hsv
eFY
ltZ
DHL
uDO
QX0
f37
hj4
ktO
ruX
mx_
cAU
KX1
mqY
EM7
nIY
gK7
qsw
ow5
kGV
V46
uLT
fiS
DQV
GRZ
pKN
z35
jBI
ko6
cPW
ER6
AX9
doy
tyD
BJ_
aCK
cV_
dAW
qJ6
xT0
grv
fjq
yK_
hEH
CJ5
IK9
bQ5
mx6
gJ0
JW1
xIZ
dgY
iH_
lL5
kV2
mNR
M35
cpN
sw6
r27
ktC
kl_
aXY
QS_
emt
kN2
koV
UZ6
vEK
aIL
lDI
jAU
ay5
sN7
jzC
yDH
n38
ezC
bjV
dgJ
hwE
NV6
ehH
DPU
in7
tyZ
LN2
kKN
DW5
jEQ
bCJ
egI
x8_
jS9
780
pV5
ATZ
elx
A2
huI
kNQ
qFJ
tKL
gDO
wJ7
uL2
vBT
inz
fO8
AK3
hmQ
yI5
ijH
tF4
jzY
dT1
klz
tBJ
EVZ
zF_
abd
dhA
cTU
ps3
ahU
rGT
cvK
iGT
vV7
apL
bcE
tvB
asP
mIT
dtS
rU2
o1_
cx1
PSU
c19
cQ9
qx5
fh2
567
K69
NR1
jwM
mY9
hrx
bvD
o57
mKL
A40
au4
uyX
UY_
ckK
wU3
ae7
kpP
jpu
LZ3
qKL
Z28
myW
vG4
M45
i56
G4
fO6
tLN
IV4
TZ7
mAG
LX6
wNP
uv0
X49
qE0
kBW
zCG
HL9
bM3
gzC
zA9
abg
acd
qSX
pA1
CX3
ep_
fGK
RVW
clZ
kR6
C18
cY9
qV7
wH5
aqJ
hnA
dE5
pqw
oEL
bO2
ovQ
ajV
kS9
duM
eor
p60
LU5
nsW
oIR
d49
xLN
g90
mnI
rwY
cP7
eL0
E34
FH5
rBQ
qMW
gkD
ce_
cOW
12_
mTZ
v1_
qS3
hkq
bT7
CJM
aM5
asG
jnu
bO0
fko
RW_
vVX
abZ
GTV
EFJ
CL5
gjT
xz_
sC9
iDH
Y70
dy5
gzW
GU8
ipG
rtP
msF
lpM
xz3
hyE
iuJ
CEH
BKV
460
bJ9
dGL
RW6
V38
aqR
qPW
jq4
pP5
uRX
auC
ntA
qwC
bdy
pzC
lUV
dwR
fvL
O28
Z5_
eGP
svT
txF
kU9
bq8
pG2
aT0
lK1
lp_
koM
AFW
BFQ
mzW
lmw
pJT
tyA
oEO
tY0
ouD
QYZ
svx
swT
pEZ
I68
bJ5
mHS
qFK
eA5
eT6
EZ9
br2
ly9
tE2
zJ2
HP3
qyO
nDM
E5
s90
npY
vA6
nGH
eBD
JZ7
ei0
aeo
ftA
a17
mtu
V29
xFT
C50
nwM
D39
orZ
aoG
yW9
hsN
jow
HO_
fvZ
qF5
Q46
otN
FLV
lrP
NYZ
R8_
CRS
iC9
fxB
FUV
lX3
lpR
svB
qB2
bls
zD2
X60
fJ0
QZ_
npV
eO5
r20
BI0
GJ4
xW8
mAL
hxU
ky1
gqF
sIV
eJT
rZ5
ls4
kWZ
cKR
ij2
nzK
j23
iT_
fY_
irA
dpw
EHV
R5
bJ7
iqK
OW1
bOZ
qrB
hPS
V67
CZ0
sMR
ms2
cjY
JS2
vz6
m17
iI8
rEL
vMW
dyz
T89
aJV
jL4
FK2
dmU
BEU
RUX
g47
irt
yEI
HW9
lAO
KZ3
glX
rDQ
dHL
hJ1
AJ9
uZ3
xWZ
gn1
biU
fj2
wBV
aE_
ix6
UZ4
cfM
g78
sw8
sQ4
cPY
kWY
bY0
qyL
ioN
cGT
wy4
ehI
eX9
cpZ
aC9
lGM
puK
fEK
sBP
wDW
qtN
RS7
sQ1
ptH
cQ
quB
tKO
hH5
aD1
frC
S38
ejB
oOS
jwL
rEP
bCW
klN
isQ
lC_
bZ_
giy
nP_
oP6
aq5
hoW
ilo
wxJ
dl2
mMU
q13
GMO
ckw
MT2
i80
oY6
iOU
fmZ
b40
vNO
ceO
hVX
hp7
yJX
emu
wx4
hK6
puJ
ao1
jz2
swE
qt2
lKZ
aeE
mX0
IMU
af6
NR5
sIO
rI0
U12
lqO
vD3
pO3
mv9
IZ9
ago
TVX
hoO
R20
rHX
oOT
wLQ
lIM
yGP
erT
hB1
nF5
hHW
dBY
HR8
hl2
r67
GO5
czB
yP4
QT6
vPS
I79
YZ
bxY
qyQ
IV6
iwx
gN5
eCJ
ew5
F57
kL6
kyU
kY4
pNR
uMU
gtz
cwX
frM
Y47
p49
lGH
czN
oAP
DEX
ftF
dlK
R6_
gzB
PSY
lmr
EGZ
pY9
pxF
jI4
vL8
cN0
lxy
qU2
dP5
dU2
TU3
eW3
ejr
hQS
eAS
gu8
fu8
tO2
iS6
mN2
asA
ijR
wx8
DV7
mRV
eB4
QTV
dAH
sC1
bU5
wAM
u27
fJ3
dtX
jpI
itz
ci8
mn6
vAP
sR7
gw9
koy
ntv
qRT
fvP
ef6
x3_
jD8
dgC
ij5
fx4
iy2
FLP
mx7
ghn
zBK
EYZ
ct4
rAT
mnC
hDL
gxA
TY1
ayL
uEF
ewB
xQ1
kwI
d67
nqQ
qCL
xFK
ES9
dkY
egR
gZ0
hrV
R67
h47
qQ7
bkn
mKR
BH_
iZ1
ghE
aFI
n20
lnw
nEK
IR8
cu2
KMO
alJ
goF
rIR
dBF
wL1
fgR
buR
bd8
DOS
zP0
hGR
eG6
bpO
dY0
bcJ
xFV
AHZ
rH2
FZ0
jln
hqM
nCE
wR7
U78
MSW
nI
dkK
rv5
afB
wX2
kB3
euN
vQS
yS4
qR_
cG5
rNW
pu2
nBI
eF9
GO1
fO0
RUZ
CEQ
R23
cqK
fs5
wY7
tDV
LU7
jyA
oQY
FG
lA7
fI0
HW4
HW3
aBO
hGL
lQY
cs_
AD4
BE1
nzG
kDQ
hEX
bM8
aZ4
uVY
jsI
czH
dmp
CMR
eA3
ah8
CNS
chs
wDQ
mwx
xSW
fs4
uEG
fU1
mw7
JNO
CIX
nvO
eV8
qwJ
aV6
eR2
GNY
aM_
cmO
hS6
esU
KP6
fuv
hls
fAT
wJW
AG3
dBU
LPT
cqD
oyG
twD
tI6
lpz
adu
kl0
dDG
lrN
jUX
gPQ
tIW
tK0
LR3
zU4
sJR
cqN
mXZ
czG
BN5
akR
hpZ
ruV
nuA
rLX
hvz
xJR
vW8
jZ_
yTX
kuV
mT3
anQ
NS7
dC1
luH
lr1
pH0
vBU
bE7
GN5
bhZ
grZ
gJ_
Y24
jCZ
sP4
s1_
oAJ
pq2
MYZ
fm8
wGP
nA4
iH2
hY5
lr6
jV2
jrR
oI5
jU7
p7_
ck0
itP
uNR
ksT
noM
g14
nCP
dhY
JV7
S3
yG2
jE
qBK
i35
ekO
lAZ
bL4
zLV
cqW
cfk
c78
GX7
GLR
nqD
bKZ
zCK
szV
aq0
cnE
jV7
NZ_
nxz
gJ2
IU5
ceZ
BDQ
hFK
cpE
biF
gPV
kv_
deK
fqP
sT_
oQX
MV5
mIR
vOX
tzX
iB_
otZ
ntP
mpT
iX2
xIM
GR7
Y23
lrU
fsP
aVY
qR7
b17
hB8
rv7
hk8
CJ1
rE6
iKT
cgU
oH7
mOU
eO4
pFR
kX9
asv
fZ9
anI
w16
ax3
el2
oqN
fU9
yOY
kzO
gG0
oKQ
gmG
mqU
A28
jt4
aes
kK_
wP3
jxJ
wG_
pq_
D46
hiz
anP
U56
yDR
wB0
zJT
ANU
HJV
iUX
S10
dUZ
xyB
oKR
BIS
twF
bfY
g5_
bI1
hz7
jJP
pSV
cGH
lnv
mn0
lpO
jpr
zD5
V56
gm9
A69
qL5
AG4
mMY
kIX
jOT
EMP
XY4
AL8
CW8
cu6
joL
xM7
fuE
cHX
I9_
inG
mAH
iAS
pQ3
eK1
HS4
NRW
xIW
vA8
b7_
jr_
rY2
duZ
hR4
tuX
vE_
rCL
oT2
DFM
bBJ
ef8
fpx
qvE
mQU
FNT
CDQ
JU0
kpF
or5
et_
pVW
eBU
jpq
jC8
ptB
mCI
gCI
zPY
mLT
dn6
gwD
r58
AJ_
gk3
luY
n69
vTU
irU
hkC
gH4
gnE
AQX
ksR
D28
qC1
AF1
mU4
xDE
mqL
dvJ
pCI
aFP
C78
lS3
HRY
wzK
sv2
deW
agP
CDO
rOT
kpv
dB4
uS7
k14
oH5
aoJ
nIM
lwW
gMO
qJN
GV4
lrJ
QT1
htX
oGZ
j58
xI8
wB2
TUW
xIV
mCF
vQ1
bH2
p68
nLM
exQ
bzI
efB
lU9
pHY
ERW
eEM
dS3
apU
iLZ
S19
PY
jEO
ak4
aq1
qD2
TV2
NP6
npz
gs9
csD
DN4
vJ5
VX1
mty
eMN
ftS
fhX
oAK
jHT
ekq
lV7
az4
ahL
M10
hmE
iMS
bJ6
xY7
xyD
AR3
yHU
qI_
dtG
lU4
cEW
fvG
vP4
avG
SY2
qwX
uA8
cHM
sW
JKY
mwM
vDV
wQ1
eB9
EN5
jT2
W79
bLU
MUY
ER8
467
in_
djK
KMQ
hOX
zM4
lR3
sR4
dKZ
opz
hCW
z48
INS
IJ3
flS
qJZ
sB0
zUY
lvO
KX8
fnE
lqB
AU6
eqW
kr5
oCJ
fyA
nY_
nA1
JNR
B10
bXY
JM_
aos
JOX
HU9
lYZ
n6
EJ7
ixU
pE9
KS5
hzF
QY8
sG7
PTU
lpY
nJ9
zF0
DVZ
B34
e16
LR6
DE9
hL4
x20
GI4
sPZ
hk4
K56
FX1
O80
VZ8
eKO
tQZ
B0_
GMN
hlG
gJK
kDR
EP1
hqJ
jS0
kAM
lwO
rA6
eV_
U47
IJR
EI2
jH9
ipE
nFT
bGS
doA
xM_
aIX
CDY
oMO
wPS
eR6
mq4
np2
qs_
ai5
r1
O30
CDS
dCF
ijs
sBK
mx0
cu1
rVX
mpK
BD1
GN4
cuF
ksC
tG9
suB
AEP
bUZ
zDG
dz1
uKY
fWY
lsw
pzF
dqJ
PZ9
IJ0
RV6
ei8
OZ3
rX5
MTZ
aeS
hmW
ctH
W2_
DYZ
iy8
w49
zDM
dhP
lqu
qFZ
lC9
kEH
DEL
qY0
bv0
an8
AR_
afo
bO_
sD8
qEO
nT5
xG6
hQR
IK5
klr
HM_
GSX
aQ6
iPQ
378
zE9
pPV
byz
zBW
FLW
eZ2
iB7
BP0
mSU
kPV
alz
hz9
pT7
eyT
mt7
fR0
hr2
uPU
iEV
fI_
jyO
wKM
zC1
psv
bqZ
aW6
bxF
IUY
uLZ
ej3
wX3
cuT
eR8
oDY
drK
ekA
cC_
JM7
bL6
yE9
zJ9
bqx
pG3
R60
yzR
kqO
CGS
qNQ
d14
wyP
OP0
lwC
KY4
m18
HT0
cfx
V90
E24
AOX
cP_
qU9
aoA
FI1
eOX
dUW
gjw
tIP
nxR
DO3
l35
uwQ
JR5
BCN
FY6
BCW
xR8
n45
kNZ
juy
iL8
zEI
fW0
LP7
ADH
bIK
jv3
I34
lTU
EX3
xR0
izF
pV3
rGV
qr9
hpN
LWY
azV
ntR
xM3
efi
brN
biC
tyE
syS
fq2
DEO
eqx
del
hQ4
gR6
yQ9
guK
DI6
hpw
kxH
fwD
135
btJ
jMW
aD8
nN8
aS0
HWY
q56
sDL
bO3
lJV
bs5
bgX
mHR
mnZ
hyU
inM
kOR
w34
FHV
fiJ
IOX
yM1
rAQ
agv
gVX
yHP
EUZ
DUV
z23
wF9
vQ8
MNV
uT3
nIW
W1_
dsY
bu9
clK
eEF
bv7
B89
iyW
tO4
arV
myO
TVW
bP0
fTU
APY
ny_
pFJ
RY_
eTY
iRZ
lEQ
fqM
TZ1
AC1
s2_
dh2
xP5
oXY
sLY
pK7
uO7
huF
AL1
boq
GNR
zEK
kI1
kIM
gHU
nr2
lwE
pAT
B49
afp
ovE
hk_
hn1
hj_
aeh
ajz
jrG
ivK
nRS
cM7
mKT
z59
IX7
zKM
gln
JNS
FR9
rSX
bdN
cfU
qvZ
bq3
sNZ
yXY
wV_
hT1
wU8
qEX
rS6
AW2
ny8
xAV
yX7
bio
gB_
eH4
rF7
fEL
b67
ip2
hjP
fER
iEI
s46
iDQ
hw5
tA3
N37
awI
stT
mMV
bjU
lxE
pC9
UY7
jq1
oW4
kST
hiH
avB
iqY
hR_
atE
iS3
fjS
zE3
tU1
eAQ
EX1
im0
ac5
mrC
asY
opu
qCT
pDF
oLQ
aPQ
X80
nQ1
hnH
RY4
dqX
tDG
jW1
IM4
LNY
HKM
vD_
iDJ
xN4
cK0
lDU
sMZ
xYZ
hkm
av3
fnr
gns
oIJ
is_
LM_
de9
sGZ
uQX
g37
lvN
IS9
pyF
F89
hN4
cf2
hkT
hvQ
k23
uFM
uTW
gin
sH_
dfK
gjN
DG1
itH
pT9
aP3
gT0
jC2
kGS
u16
gBC
wQ_
pVX
pry
myR
huE
zM5
xD9
GZ9
a56
iA0
uD_
AOV
eKY
SUV
gF0
vK4
yW6
kT1
yM7
KNO
eRZ
ot2
fpM
ku6
bij
AF6
AKT
z70
uGV
dh9
jL2
qGT
isA
bD5
nS5
x5
bZ3
PQR
XZ_
kMP
su0
xBJ
hAK
iT3
ETV
B14
cqM
sBR
tBD
iE6
fgK
owE
pJ8
es4
pvJ
cHW
fkm
lRS
wDZ
hPR
lHV
PTW
EN0
CS4
nE6
kpO
LT4
EFG
fV5
bIR
x9_
pF6
yP3
CIK
ivw
zKL
efh
zV0
gCD
sxW
tHW
ftM
FR7
oDJ
loO
wGN
dEQ
hRU
pS3
qrN
cgD
j4_
mTV
uMW
T49
jpX
ioX
eY4
GM1
Z4_
zIK
btX
buS
APR
pvV
vHK
hr8
hq_
PQX
exI
tH1
qK2
hv5
lnr
zY_
zT6
IJ8
nzA
pE3
GO9
fOT
BIT
BQ_
gBS
bC3
wFH
wSV
EY9
eD7
lL2
fij
aF0
jsU
tAE
uGY
rIS
ado
pvL
IR3
GKQ
nC1
pu5
vyM
dC0
v14
bxD
EHI
GTZ
JPU
uDI
dx6
BJN
oV5
nBT
fn5
iOT
awX
ruE
hsK
UV3
wyM
eE8
qEH
rLQ
cd9
vKM
DG8
gy5
sOX
OV2
tGV
CFM
vyL
dkl
vV_
kBT
cnu
GUY
BJK
wQS
nq6
itR
qA6
rN_
wAF
DGX
A49
M90
bE6
ciM
nP1
oEX
a20
AHY
OV1
nW9
C7_
jI6
tHO
al7
qL_
mqR
uU6
lC4
epF
h23
f89
dqA
RS9
enX
uJ5
qBG
DPS
mwK
diF
qzF
jux
oCV
sTV
gip
ABN
wO0
aTW
stI
HZ4
TUY
EQ1
yM3
ptG
i48
wD3
FH3
iyL
HP0
jV_
X16
M50
AH4
pv7
fCW
DL5
sJY
ABI
qT6
EJZ
vEF
Z10
eV2
mzS
cyF
yER
IKY
nT_
lx0
oz0
fkF
eC3
uG3
iw_
hwV
mL9
nT6
MRX
kl8
oU2
yJL
EPU
x90
MVY
sCW
kvP
iw3
fD8
bnw
lF8
aM8
mF8
pv6
iP9
RX6
oZ7
evH
HU4
ouU
adH
iw9
lO7
lmV
bz
uvR
cr8
coJ
jtL
npu
aor
jy5
dwJ
r2_
BY6
dyJ
inu
zK_
c12
lDR
eDH
lCG
ehk
pL1
iQS
dm6
bgO
IZ2
BE3
lV0
eL8
NTU
JK9
ozU
uQ8
tNO
FL3
bl2
qvA
O10
uDS
mx3
mG1
CV2
DFJ
vy8
gyL
bcu
biZ
hrt
dN3
box
qsK
JT5
nxK
yD7
iyH
ep8
dux
ADL
iG1
det
vwZ
tN9
AER
wNW
HQ2
grE
uGX
JNQ
aiz
lpX
eCI
fY8
HU3
diJ
tLY
kPQ
BQV
ASX
rDK
huK
zDL
oA6
FHK
zBF
bnO
nGW
dj2
KZ0
wyH
ghk
bfA
uF5
jK6
KS6
lnU
fqL
tM5
akC
hY7
nz3
hA5
RW5
sTY
eH3
jq6
pQ4
pR5
aPV
kNS
nD2
AH7
nAU
kuK
pwG
agz
lmu
JY_
qry
xR1
y67
uxX
k69
nN_
AQ9
w12
iBF
sw3
MOR
fVX
qAE
LV6
qT3
GPR
dxT
dv4
mGL
BP9
ai1
bpx
eNT
kpH
a6_
zFL
sH0
rz9
mAE
hBZ
J16
goK
cv2
eqy
z56
chE
W28
d23
bfy
ceB
GJW
gCZ
bRZ
dX7
dX6
cf5
c36
qR5
x40
nxN
msK
aU9
muQ
xyX
dKX
qKS
s78
eNW
wIV
glA
479
eU3
dxX
pRS
sY1
foO
clE
jt8
bvO
nOX
nzC
a15
kxG
bj0
nWX
IQV
tuA
iT2
sQ2
BRU
U16
ayC
DZ9
xEH
sE4
jH4
dek
tN5
mv5
hX2
uW4
iN5
jl2
xT9
oW9
kAT
FN3
c60
fxA
wIL
mE8
oU8
s9_
LMV
lHM
u17
jtW
BX0
GPT
PX3
orF
dGI
bZ7
KOU
duv
qwI
vA4
jpR
IL
fj1
qrS
bt1
suz
gNQ
fk8
qW7
grQ
ox6
ow6
jK4
gV1
bBD
JK7
wxY
en9
jKY
nH5
bst
uY5
jA0
atK
bnK
n10
aN2
CNO
fuS
ht2
BIQ
gTV
JV4
GT1
FNO
dp8
pq4
fsH
x1_
kq0
rFV
pr2
EZ7
lwT
hxJ
bUX
eG0
jxA
CQ0
nt3
bH5
iA9
aiV
bgu
dsG
ckP
jq3
hOU
ivG
JMP
DE6
iIN
wJ1
a26
BN6
B45
SZ2
INO
dkW
bnQ
MZ9
hip
lnF
hyT
eGZ
sv8
pSW
yP6
RX7
fuZ
IS
u47
zG7
cCL
mCT
cE3
FHP
nq7
tJ8
bOS
FUW
ry4
IOR
fjn
Q9_
eJK
bkq
dN9
efS
NPW
xFQ
qIN
enw
oKL
AEY
quP
BM4
deO
cEI
dtC
beM
jn7
zM1
C10
bpu
AOW
htR
pJ4
hwF
qFM
IJP
bj4
gkH
aMX
gh0
kK0
hLQ
pU5
ySW
qU4
kM0
uNU
x56
kow
wLW
rT7
yHX
yAR
CGV
HQU
yA_
tQ7
xHS
brt
MP_
ex7
sxA
dr7
R15
wJP
et5
czK
dEZ
zX9
oF9
zT5
sDJ
sST
pGS
pY5
QTX
vxT
kNR
cZ2
ops
Y19
eM8
yL_
iJX
X34
bp5
vDK
kHM
bA0
dry
pCN
B70
hsP
jnt
gN3
cj_
kzH
h8_
bgV
iEQ
IT9
OTZ
gAS
qSW
axC
svI
iTW
kn4
JPY
ixV
cg_
rvA
no0
al4
dfv
tyN
hjp
eN1
zO3
fFU
wCU
wz7
beF
tFY
lFH
irF
afH
eP6
e3_
joQ
cxR
au3
BCI
nwE
qR1
rJ
bfh
bn0
lo0
sDW
lp0
jw0
CMV
fLW
dt6
iCP
MN2
pRT
kZ6
uBS
kH9
pPR
do0
tzA
gy6
KUW
pBD
flv
cez
lW8
zQ3
pQS
fju
mH1
vX9
vw2
HSW
DL_
zZ2
uMO
ers
uLN
hOV
CKM
fM_
rsv
mH9
PRY
qX1
X59
LS1
pEG
oW5
koN
uW5
ksA
zWZ
xAQ
ES_
kXY
BU4
awJ
bR6
fmP
gsW
gF_
jO8
kJS
Y50
KQT
eAW
CPQ
WX5
uxQ
lS6
dt3
qEP
oG1
hzC
biD
APS
izR
tU6
bT1
wHU
tGH
ktP
jJ4
eoX
qzV
inX
BIV
HQV
PY0
wyY
nQ_
gIS
RSY
hE8
d16
qD9
rzE
ghK
AGP
AZ9
gkm
IY5
pWY
fPZ
cCM
lmo
jET
pt1
kA3
cv4
aAG
fiy
mrM
qx2
suR
DGH
aIK
fkn
cZ_
u34
esG
fmQ
jA_
fFH
blv
fiv
ABP
sK0
j70
fsK
gsT
p25
nsT
dj3
BN9
fWX
duL
nDZ
GS_
kHR
bfP
jJY
QW5
rOW
bcD
mCO
IRX
gPS
pK3
nPY
ADE
txO
q2_
qsB
hjZ
ANS
S5_
vz4
hmo
hqI
EP3
eis
kvA
CJL
cEV
cjz
wW
BEK
nF_
iqv
jZ1
iH4
lA_
gHZ
hJY
xDF
KSX
iB0
wCM
osX
ekJ
qvM
dln
GHP
sH5
ntX
DH5
auU
akL
hxF
zEQ
rCZ
hE0
HU0
zIO
mAO
y90
nQZ
mFJ
dhi
fW1
fDY
kDE
hL2
uN8
pP7
xB_
nX5
kRT
aiq
hK1
iDY
jFW
b28
aNX
mzL
es5
sGK
LNT
tGY
bW0
eI7
nD_
R12
dj6
lMP
fK1
z89
uSX
txE
yKX
cx_
eHK
sKX
jS2
ck5
cgS
vB6
nG4
EMY
knE
fin
z38
ET6
nY2
dio
sDH
tTY
oEQ
xNY
vGS
xV_
swX
iS7
np8
ko8
epw
oAV
iHT
rEX
LSU
lKR
BZ6
eKQ
EFH
bjG
di8
gT_
hU0
oq2
vCT
dBV
dq_
evx
jnr
BDG
kOX
BQY
mnp
y5_
P24
ept
rw8
tE7
uzJ
gvZ
sMO
V57
ir_
jnU
gR4
bc4
yFZ
vA2
zCY
QX7
eQ6
aJX
CLW
fu3
cHN
oM8
nAB
df8
kL8
iFV
knY
iC1
osZ
sGP
CE8
dEI
kI0
ovF
J49
oy4
dmy
rIJ
a68
mDV
beG
hz4
CX9
fJ5
isP
hlH
gBI
asB
kr_
zC_
uv3
mU0
xNP
rQT
a78
E80
pxR
efT
LQV
dkM
ef7
cDH
glK
iQ7
BG7
elS
v9_
HVY
PT7
gBO
afS
kw1
qv0
xRW
dCS
uAY
gwT
rKQ
CMT
eL5
w0
