determined_washer
wise_puncture
magenta_moss
profitable_apostrophe
retired_history
frail_event
endless_overcoat
creepy_plots
agreeable_period
able_allegation
divine_digit
disturbing_wing
statistical_offsets
long_corner
oral_update
specified_weapons
private_processors
curved_radiators
extraordinary_milestone
certain_coil
constant_bubbles
light_routine
formidable_book
funny_kill
back_colon
brief_second
ok_zips
funny_bin
wicked_men
reluctant_plug
notable_navigations
military_increments
important_song
content_status
combined_qualifiers
reduced_battery
costly_drains
single_pupils
courageous_dip
voluntary_practice
shared_quartermasters
acceptable_capability
coherent_log
necessary_multimeter
cautious_arrivals
free_ensign
charming_squadron
numerous_mistake
desperate_strobes
exact_verbs
square_temperatures
burning_odds
elated_multisystems
moderate_concerns
urban_acre
fancy_bottoms
profound_bottoms
remarkable_displacement
fascinating_readers
chinese_buckle
formidable_escapes
efficient_associates
short_assembly
relevant_fibers
magnificent_sails
arrogant_salt
improved_visions
familiar_adjective
broken_miss
broken_alternatives
social_code
assistant_spindle
grey_universe
cooperative_railways
easy_milestone
mute_outboards
hushed_sediment
purring_diary
grumpy_preference
labour_electrolytes
managing_surveyors
frightened_value
cooperative_mud
bright_straps
christian_milligrams
relieved_parts
zany_schooling
faithful_purges
protestant_overvoltage
ill_revisions
embarrassed_sound
fortunate_experience
average_ornament
communist_probes
retired_morale
so_called_lighter
flat_chalks
recent_receptacle
monetary_forty
funny_sentences
managerial_choice
electoral_men
disturbing_default
anxious_intakes
stiff_topic
nice_establishment
greek_attributes
amused_densities
civil_promotions
gay_substitute
eerie_sips
strategic_leaper
religious_section
mushy_anthems
reluctant_cams
helpful_password
small_article
head_horns
main_grants
steady_junk
gothic_head
big_oak
fat_discard
select_advance
imperial_models
frail_annex
estimated_cliffs
eerie_rates
integral_bank
boring_linen
medical_theories
retail_communication
loud_tide
modern_bulbs
terrible_patch
swift_prisons
average_army
encouraging_sport
amused_alphabet
gleaming_dates
working_holddowns
main_threats
amused_swords
nutritious_abettor
energetic_traps
neat_contraband
many_backups
tight_refunds
legislative_firearms
historical_pink
functional_amplitudes
large_lubrication
logical_windings
fortunate_business
intellectual_sonar
monthly_latches
mighty_accord
straight_vendors
well_accidents
okay_major
gradual_leak
clear_electricity
sticky_occasion
realistic_manufacturers
upper_cavity
chubby_compliances
legal_moment
nosy_feeling
cuddly_tides
official_strobe
interim_maintainability
joint_pits
enchanting_apple
imperial_cross
real_account
thorough_shotline
tan_ladder
good_dabs
developing_beats
hot_throttle
determined_parameters
mushy_operations
able_motion
rational_lane
tight_brain
amused_facts
cautious_victim
intellectual_door
environmental_hundred
cautious_edges
specific_roars
principal_hardware
worrying_illustration
magic_shipment
old_ohm
so_called_howl
nutty_misconduct
subjective_sprays
red_boatswains
relaxed_colors
excellent_possession
average_runner
experimental_davits
right_stools
marvellous_adjective
sudden_masts
rigid_butter
sensible_ceremonies
determined_refund
rude_turnarounds
acceptable_principle
realistic_clearances
philosophical_litres
square_jurisdiction
continental_description
moaning_participations
nutritious_lantern
quiet_noises
additional_ability
wide_combination
wet_binoculars
marvellous_quarters
mute_discard
interim_cries
wet_anthems
blind_angle
gradual_restaurant
fancy_combs
dirty_furs
political_specification
visual_deed
attractive_calibers
spare_sweeps
dynamic_scale
shy_perforators
perfect_worth
keen_pulses
intimate_mathematics
printed_programs
doubtful_forecasts
thin_holddowns
historical_pits
damaged_photographs
racial_point
rare_frames
arab_formations
absent_machine
vital_remedies
brief_overcurrents
israeli_farads
pale_boxes
foolish_elapse
old_fashioned_scheduler
delicious_divider
spicy_torpedoes
interim_siren
tiny_layers
eerie_brass
occupational_streak
determined_tuesdays
nutty_nature
extreme_scale
terrible_propose
increased_models
tart_leaper
heavy_lent
estimated_loss
inherent_ohm
head_seasoning
terrible_signals
coming_billets
compatible_makeup
integrated_jeopardy
eager_freight
stupid_interpreter
realistic_stub
bright_leathers
unpleasant_americans
constitutional_questions
fundamental_worry
jewish_alloy
romantic_editors
fuzzy_echo
straightforward_runout
weary_crusts
supposed_jack
beneficial_subjects
opposite_circuitries
potential_sirens
clean_compress
worried_nylons
sticky_students
uncertain_duty
geographical_retirement
few_inlets
systematic_effects
operational_recombinations
powerful_kiss
rare_crowds
linear_drugs
civilian_thickness
unaware_glass
desperate_plants
robust_friends
numerous_children
common_overcoat
polish_nut
inevitable_readiness
fair_blueprints
unique_elections
extended_million
only_bulk
anxious_hardships
concrete_canals
exuberant_lubricant
poor_meetings
wonderful_libraries
certain_prefixes
hilarious_faces
compulsory_gulf
rapid_toolboxes
established_stair
sudden_valves
purple_label
judicial_bush
relevant_plead
registered_cheek
territorial_way
friendly_cars
smoggy_fountain
hidden_scenes
colorful_polices
efficient_cheek
academic_promotions
amazing_detents
gothic_features
cautious_squeaks
male_sheets
small_electronics
pale_bureaus
usual_petitions
stupid_joint
squealing_basement
ratty_advancements
uptight_ease
guilty_misses
peaceful_rake
rolling_noses
outstanding_love
glorious_airfield
simple_flags
willing_stub
increasing_tubes
instant_calendars
increased_picks
hissing_cab
okay_takeoff
anxious_heading
beneficial_publications
impossible_gap
misleading_wage
neutral_hug
stingy_threaders
troubled_funding
narrow_revolution
aggregate_bill
confused_log
popular_publications
frail_beds
costly_incentives
distinctive_slave
perfect_tabs
willing_feed
opposite_self
massive_industry
enthusiastic_summer
shaky_arrangement
temporary_presents
encouraging_joint
ugly_principles
melodic_selections
mechanical_barrels
ethical_drillers
balanced_polices
hard_cover
homeless_security
visiting_bauds
glamorous_flags
double_nurses
american_clumps
grubby_firmware
modern_clicks
weak_cords
magenta_echo
rational_vectors
internal_photograph
ltd_dawns
latin_alignments
guilty_text
alone_antennas
modern_limit
filthy_amperage
various_coats
swift_slices
related_bushels
tender_prisoners
naval_powder
permanent_diaphragms
magnificent_prefixes
evil_carloads
appalling_puff
high_turns
poor_teaching
magic_coders
direct_image
fiscal_centimeter
long_factories
skinny_protection
numerous_specialist
net_schedules
tender_animal
ultimate_interviewer
faithful_affiant
conservation_business
delightful_brake
tight_products
sexual_eligibility
neighbouring_organs
top_storage
sleepy_confidences
inc_whirl
quaint_discontinuances
stale_shouts
distinctive_introduction
acceptable_quarterdecks
likely_calculators
early_contraband
related_recruiters
harsh_inference
printed_capacitance
above_basement
elegant_ventilation
ruling_ways
excited_countermeasures
prickly_laps
chubby_column
french_channels
terrible_associates
medical_launcher
striking_loads
average_washtubs
funny_plot
favourite_sugar
injured_race
friendly_kits
tender_slice
eldest_want
sweet_mask
independent_barrels
tall_total
steep_list
fat_legs
clumsy_tan
amused_slinging
chosen_recruits
significant_average
uncomfortable_stators
central_capstans
poor_practices
wee_augmentations
hollow_demonstrations
ideological_stalls
envious_pacific
flying_realinements
apparent_facepiece
mathematical_flicker
victorious_patch
average_hammers
uniform_twins
complicated_investigators
gradual_tickets
smooth_ceremony
light_refuse
novel_side
white_lamp
enthusiastic_couplings
chubby_releases
preferred_height
additional_cage
pretty_wear
final_vectors
safe_cruisers
printed_shift
unpleasant_lace
clumsy_elections
successful_shovels
miserable_tones
still_shower
dead_bauds
normal_fighters
glad_cables
excessive_harmony
encouraging_drop
feminist_hoof
ltd_commanders
gay_information
surprised_commission
rubber_plates
plastic_pile
consistent_offices
popular_raps
afraid_canvases
remaining_costs
negative_grease
divine_misalignments
applicable_grain
awful_badges
foolish_minimum
blushing_boiler
ripe_beaches
residential_runways
wild_longitudes
yummy_artilleries
top_access
bad_implementations
electrical_subtotals
weird_nut
experienced_december
green_nail
causal_combs
economic_rag
overseas_hands
jolly_solution
vocational_density
difficult_try
fresh_board
due_instrumentation
indirect_sunday
silent_lists
good_devices
hard_services
academic_proof
respectable_guards
closed_restraints
witty_scab
deliberate_latches
old_fashioned_yaw
plastic_chairmen
weak_physics
faithful_transiting
surrounding_digits
big_displacements
delicious_centerlines
fat_shots
mean_provisions
dual_roadside
doubtful_spool
willing_housefall
various_condensers
uncomfortable_line
extreme_sales
overseas_driller
numerous_responsibilities
mild_cent
funny_leakages
rapid_languages
marxist_term
spatial_contamination
legitimate_size
dead_fatigues
healthy_cams
characteristic_abuser
occasional_clicks
given_transmitters
slim_stabilization
environmental_howls
quiet_duties
democratic_propellers
familiar_parachutes
guilty_verb
top_outline
comparative_tubes
brief_lever
perfect_whistle
bare_desk
spiritual_remainder
korean_folds
bad_oil
functional_spade
crazy_try
surviving_smokes
intense_cheek
natural_canister
purple_deduction
curious_conventions
bloody_arrays
tight_formation
japanese_listing
dull_winds
so_called_glove
tory_region
glorious_uncertainties
old_fashioned_apostrophes
full_time_intercom
enthusiastic_race
sad_families
calm_routes
modest_jurisdictions
uptight_diagnoses
technological_dollar
blonde_observation
jolly_mediums
shaggy_kilogram
round_produce
very_roads
rapid_breaths
secure_cost
heavy_weights
deep_items
purring_guidance
final_lift
feminist_rag
blind_thirds
tall_wafer
quick_time
domestic_planes
hollow_missiles
statutory_increments
unaware_regret
growing_parachutes
competitive_spill
acceptable_whistle
certain_hubs
dear_rating
narrow_watchstanding
wet_canvas
devoted_difference
italian_deletion
local_spot
steady_raincoats
fundamental_grasps
frightened_substance
permanent_printouts
fantastic_recapitulations
creative_petitions
democratic_evaluations
living_gage
electric_agreement
ideal_gallon
korean_evaluation
psychological_sash
prospective_show
precise_absences
average_interface
grotesque_progress
grieving_scab
intensive_commendation
prepared_supermarkets
missing_readings
silky_stalls
concrete_discoveries
bad_flash
weary_gages
conservative_fishes
clumsy_displays
busy_pile
national_whistles
depressed_poke
intimate_leather
super_generators
obvious_guns
rude_district
irish_release
tiny_trim
inappropriate_conjunctions
expected_bearings
central_bars
sudden_may
estimated_blood
heavy_valves
healthy_housefall
excessive_ability
empty_permit
environmental_vibrations
just_independence
continued_chains
odd_hatch
uncomfortable_bearing
passing_question
enthusiastic_circulation
criminal_fashions
alive_chases
alive_delight
elegant_habit
worrying_turbulence
natural_arrivals
nasty_respects
famous_communities
victorian_glues
advisory_algorithm
disgusted_fronts
immediate_tires
isolated_limps
blue_sap
delicious_tag
physical_histories
heavy_cure
secret_clamp
glad_alcohol
crude_rescues
ancient_poles
full_tears
deafening_observers
rapid_sweeper
keen_decks
odd_bow
scary_doors
middle_class_fabrications
fit_circuitry
dangerous_flashlights
gorgeous_prop
then_lip
empirical_peaks
sparkling_groups
melted_extenuations
notable_solvents
crazy_mist
operational_litre
wild_communication
similar_thermometer
democratic_candidate
uneven_amperage
individual_numerals
artistic_eighths
wide_lanterns
naughty_balloons
principal_semiconductors
clean_missiles
vague_habit
splendid_chart
uncertain_sewage
roasted_cheat
rapid_specialty
bright_limp
stiff_model
ridiculous_shows
clever_cam
uniform_swells
difficult_definitions
mobile_spiral
anxious_case
gigantic_worries
rough_clothing
petite_chapter
short_civilian
modern_mass
developing_degrees
ambitious_breeze
stupid_soaps
profitable_citizens
unaware_story
nursing_coordinators
gleaming_slits
calm_rakes
long_term_voltages
husky_blankets
scientific_inventories
eerie_hello
empirical_apple
enthusiastic_verbs
middle_pole
determined_posts
sound_hyphen
solid_hospitals
probable_advance
christian_command
parliamentary_twenties
controlled_project
rival_numeral
fat_squeak
splendid_reenlistment
current_reconfiguration
firm_way
obvious_paragraph
balanced_alley
eager_tendency
extraordinary_detentions
revolutionary_witness
new_sirs
numerous_boatswain
imaginative_boy
roman_story
desirable_aviation
civilian_ignition
famous_fireplugs
thick_laughs
cute_report
light_tails
lovely_tuition
embarrassed_counter
other_standard
required_hump
watery_spill
impossible_alerts
red_dish
puzzled_stator
gothic_fridays
bad_offenders
ratty_pace
gorgeous_concentration
delighted_furs
silky_students
german_legging
dull_passivations
wet_coder
pleasant_solders
awkward_yields
broken_absence
unchanged_cams
hostile_convulsions
tired_watches
victorious_army
nutty_blast
unpleasant_sabotage
disciplinary_swabs
rival_slashes
unfair_embosses
blank_iron
kind_webs
ok_show
tragic_arrivals
meaningful_sister
grotesque_illustrations
heavy_schoolhouses
professional_strip
different_factories
increased_custodians
fluttering_loans
neighbouring_prop
internal_odor
musical_environment
grieving_surveyors
silly_rower
furious_lake
arrogant_attesting
superb_drains
striped_circulations
sharp_grounds
charming_cords
upper_numeral
given_hydrometers
early_minutes
prickly_business
victorian_presence
ill_blindfold
voiceless_beings
ancient_ditch
miniature_dresses
tender_trusts
structural_fogs
keen_lights
level_lip
inner_losses
digital_jets
primitive_nests
defeated_collision
doubtful_displays
skinny_drug
rigid_pupils
fair_decontamination
temporary_maps
marxist_overloads
alright_caps
used_sexes
sufficient_standard
southern_wound
gleaming_friction
poised_projectiles
interested_punctures
potential_carload
cool_nerves
maximum_petitions
video_taped_ingredients
hard_argument
significant_boresight
horrible_labors
united_scope
graceful_intent
olympic_crusts
naked_nurse
positive_writer
joyous_insulation
sweet_alphabet
sunny_partner
exact_forces
resident_families
extraordinary_flush
left_signatures
quickest_adaptions
robust_tower
magic_peaks
ugliest_seamanship
absolute_clouds
likely_hatchets
new_markets
sleepy_recognitions
magnificent_coil
conventional_concern
firm_department
strong_sets
casual_falls
leading_parcel
inherent_request
angry_compilers
miserable_claws
profound_blindfold
innocent_engines
near_driver
genuine_network
low_harmony
magnificent_tank
pleased_handler
desirable_twirl
dangerous_downgrades
daily_retention
unemployed_fours
gastric_liquors
tall_folds
female_can
sleepy_roots
royal_directives
silent_teams
delicious_fasteners
normal_widths
marginal_crewmember
select_outlines
rough_bore
level_policy
controlled_whistles
zany_alcoholics
flat_interaction
important_lent
screeching_breezes
victorious_rudder
giant_skirt
linguistic_trucks
specified_majority
simple_arch
assistant_smoke
adequate_zone
alone_accommodation
disabled_reservoir
magnificent_blocks
legislative_float
spanish_thousand
ideological_voltages
itchy_walls
eager_bundles
normal_cloths
warm_cores
lively_zips
precious_authorization
invisible_feelings
exclusive_cries
fundamental_porters
hungry_gangs
implicit_ore
illegal_frequency
narrow_programmer
productive_candidate
pleasant_jack
mental_atmospheres
low_presumption
conceptual_performance
agricultural_latches
blank_squares
formal_octobers
scornful_stators
distinct_resident
objective_punch
dizzy_accruals
light_appellate
male_stub
passive_attachments
supreme_specialists
important_henrys
qualified_deed
blank_similarity
magic_mustard
occasional_cargoes
creepy_guest
partial_cane
identical_ride
grateful_bushing
external_spoon
elegant_anchors
genuine_splitters
angry_thumbs
wide_eyed_processors
magic_trusts
slimy_duration
economic_dependence
married_retailers
confident_coordinator
indirect_distributor
fierce_purchaser
ill_protection
certain_center
continued_tops
chilly_recruits
splendid_editor
clear_programs
strong_apron
marked_difficulty
motionless_weights
jealous_drugs
canadian_spacers
uninterested_shaves
well_booms
double_hardcopies
interesting_images
faithful_art
actual_cent
planned_patients
elegant_lift
hungry_pictures
scattered_controls
cool_specification
happy_couplings
intermediate_planes
naked_puddles
pleased_rainbows
orange_origin
mere_victims
green_beam
pure_seasoning
necessary_realignments
blue_liquor
armed_mugs
enthusiastic_peacetime
silly_seamen
slow_punctures
unwilling_trouble
strange_leader
experimental_mattresses
electric_operation
statutory_coins
sound_circumferences
asleep_glides
little_groan
pale_couplings
normal_moment
empty_module
grim_firearm
powerful_wish
professional_qualities
friendly_verb
managerial_rock
bright_halts
fixed_subjects
valid_electrode
busy_folds
dark_chills
female_chain
individual_mountains
splendid_requisition
acute_means
remote_locations
wonderful_list
managing_limitation
fun_slits
light_discontinuation
colourful_class
logical_ampere
nice_arms
proud_graphs
mysterious_acids
coastal_chest
roasted_ride
fascinating_fireballs
redundant_foam
partial_detentions
harsh_trunk
quiet_workmen
individual_tractor
alive_challenge
famous_stitch
similar_noon
electronic_diseases
cool_mill
informal_prices
technical_calendar
proper_pits
cautious_electrons
soviet_discharge
sunny_crops
parental_plates
implicit_superlatives
broad_dope
orthodox_vines
lovely_remainders
cautious_zip
unknown_cranks
wicked_physics
english_ratios
silent_intake
misty_transfers
handsome_experience
arrogant_listings
proud_alternations
strong_trainers
hot_collisions
variable_soils
sweet_submissions
great_misalinement
living_space
unexpected_beads
ready_sirens
mental_animal
big_certificates
experimental_region
chubby_withdrawal
eager_acronyms
frightened_steamers
remaining_trees
immense_flash
autonomous_shops
polish_runout
super_cleats
painful_cords
confused_plans
awful_arrangements
horrible_cheek
tall_custodian
ambitious_discharges
digital_recoveries
fine_trays
fiscal_ounces
misleading_symbol
blue_change
strange_kit
statistical_miss
added_signalers
hungry_valves
miserable_manufacturers
abundant_rebounds
unfair_alleys
explicit_majority
fluffy_mass
brave_dab
registered_visibilities
fascinating_animals
mechanical_strike
short_patch
additional_whistles
scary_auditors
obedient_text
worldwide_stabilization
sticky_digits
elegant_transmission
annoyed_ratios
melodic_pointer
instant_ramps
distinguished_disease
collective_peace
useless_lapses
semantic_bills
autonomous_jumpers
frail_state
excessive_airfield
mere_slashes
hurt_bases
dead_stripe
bright_spacers
amazing_mug
immense_waists
future_oscillators
russian_cave
tight_cough
irrelevant_forties
victorious_subtasks
classic_poll
nervous_body
furious_cakes
obvious_rope
social_housefall
impossible_abrasions
slow_crack
dry_stake
diplomatic_transmittal
stuck_swords
previous_wires
rich_technology
fundamental_stars
delightful_fittings
sleepy_son
clinical_waxes
open_dollars
difficult_headset
ancient_stocking
old_fashioned_transmittals
nasty_butters
mushy_ink
scrawny_decrement
ministerial_weldings
mid_puddles
binding_suppressions
dynamic_tricks
clean_heat
individual_demonstration
tired_notices
unknown_biases
rude_baud
joint_drydocks
unsightly_shower
uninterested_guilt
slippery_rights
unexpected_stoppers
complete_lesson
electoral_release
ordinary_pokes
empirical_linkages
fantastic_rap
jewish_intakes
acceptable_column
nervous_crews
holy_cramp
old_fashioned_work
advisory_blows
united_zones
smooth_precedence
tasty_capstans
hollow_offset
weak_injectors
cool_discussion
african_seals
confident_highline
vital_occurrence
minimum_speeder
helpful_bushes
yummy_shelter
slim_grasps
kind_setting
suitable_coordination
stupid_captain
professional_circumstances
husky_average
marvellous_losses
gross_advances
opposite_ordnance
surprising_closures
slow_pea
illegal_cash
registered_pace
stiff_services
deaf_rakes
profitable_legging
average_blank
vocational_aptitude
controversial_composition
back_drainer
bold_relief
courageous_sills
famous_bins
worried_births
mental_experiences
glorious_garage
related_tapers
terrible_seesaws
scottish_drawings
defensive_portions
effective_joints
spare_rebound
common_boresights
agricultural_notes
variable_tears
black_transfer
grateful_mind
separate_swallows
enthusiastic_babies
evident_mug
lexical_efficiencies
high_consoles
injured_distortions
linear_dress
terrible_piles
proper_excesses
tight_structure
ill_accomplishments
prominent_alibi
acceptable_satellites
asleep_bolts
statistical_prisoners
recent_trims
shy_bar
fun_steamer
major_takeoffs
following_misfit
eventual_jets
supporting_purchasers
important_nylon
concerned_carload
constant_remainder
advanced_graphs
absent_deserter
uncomfortable_alternate
rapid_washtubs
outstanding_concerns
specific_strip
detailed_colleges
happy_captain
frightened_adherence
physical_event
strange_modification
sweet_rolls
magnificent_cane
tall_warehouses
occasional_airships
mathematical_drunk
level_hunk
awake_header
tall_securities
sharp_basket
anxious_stores
retired_shocks
obvious_chairs
hot_passages
intimate_talkers
upset_sanitation
great_turn
conventional_powers
actual_saddles
grumpy_desks
quiet_arrangement
excited_eyes
crude_apprenticeships
gross_stamp
worthy_growths
dying_sparks
typical_soldier
selective_pascal
rich_flake
vast_exteriors
obliged_donor
causal_kit
subjective_base
mighty_lining
stable_total
comparable_difficulties
cautious_forties
extreme_pot
spare_exchanges
fresh_words
skinny_hardcopy
thin_readings
horizontal_intent
encouraging_custodians
terrible_alphabets
integrated_fathers
ratty_price
chosen_males
thorough_collection
appalling_purpose
continuous_stators
philosophical_artilleries
immense_exhibits
imperial_davits
ripe_misalignments
remarkable_missile
rubber_hair
entitled_toothpick
silly_visibilities
ugly_blur
grieving_shoes
shiny_ponds
bare_way
minimum_dynamometer
orange_uniforms
sour_income
qualified_ride
ordinary_significance
thirsty_seam
brief_employees
ideological_alcohols
friendly_contraband
inland_desks
wicked_version
confidential_overload
excited_submission
exotic_careers
damaged_dissemination
following_mornings
enthusiastic_gasoline
valuable_cradle
afraid_models
steep_sir
rainy_flaps
insufficient_installations
black_stapler
faint_kick
severe_leakages
technical_brooks
anxious_certificate
prepared_staple
blank_dish
mechanical_nights
asian_velocity
early_rowboat
printed_contempt
puzzled_drag
voluntary_personnel
high_guideline
overall_democracies
very_blurs
peaceful_nausea
direct_implantation
rigid_allies
wicked_input
passive_smoke
resonant_handle
honest_navigator
combative_certificates
theoretical_paths
anxious_prisoners
unaware_grant
mysterious_increases
alleged_stationery
rainy_number
accurate_terminologies
robust_discrepancy
glorious_amplifiers
thorough_moonlight
crooked_search
favourable_rotors
poised_correction
fortunate_armor
wealthy_shave
itchy_builders
red_worksheet
innocent_examinations
superb_projectile
homely_profession
ill_cleanser
upset_runaway
dangerous_builders
medieval_circuitry
solar_passages
long_pier
bottom_instances
lost_surplus
powerful_picks
symbolic_nods
mighty_customs
remaining_rope
boring_height
parallel_vents
colourful_bumps
disgusted_shears
constitutional_authorities
curly_visits
brief_waterlines
faithful_possibility
french_residue
combined_leaf
long_bullets
successful_comparison
sticky_society
part_time_shipment
capable_propeller
full_time_forests
unlikely_libraries
gleaming_discoveries
close_welder
faithful_oven
new_boots
exclusive_decorations
key_tests
crazy_surprises
brilliant_wear
managing_increases
daily_bottom
presidential_catches
respectable_quarter
chief_welder
ordinary_defection
striking_limps
medieval_tin
aggressive_glides
nearby_chain
precious_plates
ltd_doorknob
russian_lockers
legitimate_labors
drab_week
handsome_multimeters
obvious_gate
collective_primes
related_item
visiting_alphabet
still_stability
private_digits
related_width
crude_exits
cloudy_brush
local_drum
worldwide_confusion
fascinating_aviation
cold_difficulties
arrogant_admirals
okay_arraignment
conscious_recommendations
curious_growth
managerial_tasks
curly_wingnut
rainy_hems
quick_primes
korean_solution
eager_tabulation
blank_uncertainty
unlikely_appropriation
cruel_tree
visiting_twist
optimistic_suit
vivacious_kilogram
cooing_rockets
effective_configuration
fast_escape
marginal_claims
mighty_months
interior_zips
intimate_tables
little_devices
soft_cab
modern_pans
grey_items
aware_evaluations
cheerful_canals
sacred_porters
frantic_shells
moral_progress
dizzy_thursday
chief_loss
systematic_preventions
tough_vacuum
disgusted_stalls
senior_efficiencies
annual_knot
misleading_needs
petite_proof
fresh_evening
wicked_rating
complex_cartridges
sticky_introductions
insufficient_plead
dusty_platforms
enchanting_missions
helpless_breach
maximum_coils
competitive_buckets
elaborate_basis
semantic_beliefs
grubby_dare
uncomfortable_sweeper
nursing_hints
ltd_propeller
dying_warships
quaint_cockpits
distinct_offset
immediate_agreement
loose_dispatchers
digital_costs
intellectual_present
present_limitation
junior_snaps
light_blows
late_methods
redundant_glazes
black_salutes
varied_wishes
formal_toss
red_idea
cuddly_rocket
pretty_classification
adorable_spans
uncomfortable_velocities
mysterious_fetch
abundant_lee
fresh_rim
strong_tensions
eligible_delight
comparative_life
excess_complaint
extraordinary_score
inquisitive_interpreters
respectable_stare
sufficient_glides
practical_proportions
raspy_projectile
large_scale_departments
passing_beacons
lively_shadows
dull_destruction
continuous_balance
particular_notation
asleep_adjustments
nuclear_contract
gleaming_flake
shivering_deposition
ripe_hundred
rural_beats
ordinary_remedies
lucky_straighteners
bright_forearms
corresponding_photograph
cloudy_quarters
straightforward_frosts
strong_protests
extensive_bandage
working_mine
beautiful_safeguards
colonial_hardcopy
particular_depot
crude_worksheet
christian_group
controversial_correction
available_certification
binding_discovery
stormy_bunk
high_processor
tough_printout
striped_agreements
verbal_significance
damp_link
muddy_rails
faint_disks
balanced_applicant
retired_minutes
glorious_distortion
proud_form
smooth_methodology
loud_intervals
graceful_group
smooth_carburetors
full_discontinuations
skilled_consoles
sharp_clerks
joint_fixture
working_class_hoof
nervous_interpreters
ridiculous_spike
voiceless_inclination
helpless_mechanic
similar_silver
increasing_leakages
gentle_originators
long_stabilization
confused_moonlight
running_fashions
deep_creek
rival_energizer
general_elapses
sudden_foreheads
prepared_tubs
instant_helmets
remote_tens
ideological_turn
diverse_maneuvers
yummy_report
short_term_folder
unfortunate_disposal
early_henrys
preferred_mentions
sweet_glasses
supposed_branch
frantic_fields
silent_ornament
coming_submarining
sympathetic_provision
equivalent_mustard
lazy_policies
tremendous_futures
odd_summer
wide_concern
flat_members
mighty_bases
territorial_instruction
roasted_electricians
aggressive_tides
confidential_salute
mere_leap
valuable_screens
lucky_difference
corporate_photodiode
old_fashioned_tree
thoughtless_fan
driving_dereliction
delightful_narcotics
still_blazes
bitter_destroyer
brilliant_products
brief_plates
curved_environment
eerie_merchandise
gigantic_nouns
dull_subtotals
quiet_rifle
chinese_rushes
prominent_existence
pale_sports
able_drawers
toxic_future
unnecessary_experts
kind_members
partial_detention
suitable_diode
broken_agent
advanced_log
dead_rides
polite_executions
elated_transmittals
filthy_servos
perfect_commissions
nineteenth_century_masts
informal_rule
linear_calculator
awful_highways
supposed_class
embarrassed_flicker
old_fashioned_gear
bright_troubles
voiceless_canyons
distinguished_baseline
monthly_deputies
broken_comparison
sleepy_surge
marxist_administration
high_neglect
soft_candle
popular_setup
curved_journeys
continental_bells
vague_bays
confident_label
positive_defect
crowded_sixths
following_pints
wrong_boots
vertical_chattel
long_printouts
pretty_objectives
magic_heart
extended_headset
inevitable_planes
statistical_specialization
disabled_commission
sensible_surface
wealthy_arcs
professional_operabilities
selected_tan
short_puddle
hollow_scheduler
potential_chest
other_vacuums
mechanical_occasion
delicious_nonavailability
many_grease
geographical_freezes
incredible_alarm
lonely_points
classical_professions
beautiful_cleansers
supposed_cleat
inner_arraignment
potential_rescue
green_catches
exciting_pushdown
deep_complaint
colossal_apples
tiny_magnetos
imaginative_correlation
voiceless_accessory
creepy_policies
interior_hooks
enormous_models
naked_compliances
public_boy
right_poison
pleased_detection
silky_balloons
concerned_cap
long_term_dyes
wicked_skirt
structural_collars
loose_minimum
blonde_haul
rainy_cane
satisfactory_string
protestant_barges
shaky_nouns
underlying_allotment
slight_fits
retail_cover
wee_servant
sorry_bureaus
exact_efforts
conventional_tips
sympathetic_affairs
selected_commas
intellectual_specialization
wet_comfort
working_class_width
exciting_resistances
short_apportionments
proposed_age
elderly_sewer
federal_research
irish_canister
angry_ceremonies
funny_bear
stupid_pops
yellow_rolls
sensible_passivations
arab_totals
toxic_bunks
various_minimum
cognitive_wells
bewildered_railways
wet_raincoats
secondary_boxcars
serious_countermeasures
urban_shells
extreme_shapes
ready_shape
modern_bunks
bright_primitives
official_mornings
gay_pops
impossible_region
puny_spans
outdoor_forms
past_aims
condemned_watches
modest_choices
dual_molecules
characteristic_towels
charming_churches
alive_platter
calm_sun
clear_cars
supreme_conductors
resulting_locks
territorial_fire
huge_snow
bright_limitation
exceptional_overtime
agreed_leaders
global_counts
slim_ditch
gastric_deputy
useless_peaks
native_licenses
dying_submarine
meaningful_vacuum
very_pipe
brief_elapse
surprising_radius
big_primitives
melted_restrictions
closed_corners
inner_outline
sacred_property
electric_antenna
irrelevant_modification
sure_lifetimes
senior_inference
enchanting_launch
grand_subdivisions
representative_perfect
familiar_reconfiguration
bold_gleam
crazy_decrement
gleaming_horsepower
recent_completions
hissing_nation
developed_signaler
damp_variety
entire_multisystems
french_drafts
scary_messengers
final_composites
friendly_builder
local_belief
adequate_okays
legal_combatant
old_fashioned_strobes
ancient_seam
eager_jig
friendly_buckets
chief_tag
overwhelming_meets
appropriate_meters
interior_waterline
high_remains
rubber_oranges
excess_schools
intimate_maps
ripe_panels
judicial_stake
arbitrary_hump
organisational_missile
quick_takeoffs
doubtful_score
particular_election
crucial_zero
fair_booms
screeching_preserver
ashamed_sector
fancy_liver
wicked_paintings
deep_technology
sad_fists
sophisticated_weeds
vague_vessels
multiple_record
poor_beads
muddy_crowd
useless_tons
notable_attesting
aggregate_ingredient
beautiful_radians
tight_agreements
frail_tar
prepared_cleanliness
broad_wish
ugly_guard
gentle_dollars
surprising_validation
hostile_letters
scornful_electrodes
middle_class_requirement
orange_fathoms
slow_bearing
lucky_vehicles
shiny_wall
quaint_beaches
hurt_multitask
gradual_stare
outrageous_ingredient
fast_bag
novel_party
lonely_threads
vocational_vol.
academic_prisoner
conservation_cellars
upset_mill
lesser_leaving
only_cells
creepy_delays
puzzled_success
video_taped_defection
tremendous_clicks
small_rhythm
regular_belief
robust_fashion
middle_accommodation
zany_halts
good_stitch
deep_combs
old_injuries
upset_flickers
eager_presidents
visual_snows
marxist_overvoltage
compulsory_pencils
brown_speaker
gleaming_mixtures
careful_purchaser
divine_orifice
tory_shelters
sweet_missions
agricultural_admiral
visiting_guilt
vocational_body
developing_jigs
big_means
beneficial_directive
standard_pop
related_architecture
old_pages
static_weather
giant_audit
dual_leggings
working_crusts
zany_film
junior_bat
agreeable_personalities
odd_sail
cultural_friend
appalling_fronts
tame_hats
economic_perfect
gleaming_posts
tan_braid
shivering_game
vulnerable_diaphragms
different_sewers
strong_losses
nineteenth_century_triggers
future_attribute
crooked_drift
relieved_coils
smart_combination
tame_convention
stuck_rolls
useful_apprenticeships
federal_growth
loyal_miners
mobile_flicker
accepted_gates
worried_categories
critical_meridian
ugly_clothing
determined_restrictions
commercial_carelessness
damp_jaws
female_ovens
combined_yaw
total_opportunity
dear_technicians
natural_route
awful_workbook
large_scale_embosses
square_navy
striped_pens
yellow_acquittal
flat_laser
ideological_thousands
peaceful_mustard
shaky_profit
western_grain
current_beam
wild_aggravation
added_interests
left_number
cloudy_widths
loyal_replenishments
giant_crewmember
sticky_weights
foolish_standards
underlying_weeks
current_bulbs
stingy_additives
creepy_mules
gorgeous_patter
net_inquiries
average_titles
competent_stem
misty_attachments
concrete_groups
depressed_truth
senior_navigations
indirect_peace
big_centimeters
sacred_worry
quick_chokes
homeless_strips
extraordinary_users
homeless_superstructures
fat_entrance
american_seal
interesting_clicks
soft_summaries
commercial_hierarchies
muddy_stone
beautiful_shaves
remaining_schoolhouse
integral_representative
tart_cough
red_pan
straightforward_standards
regulatory_girls
apparent_back
faint_mechanisms
unhappy_insanity
robust_flowers
wise_whistle
chubby_gears
ashamed_enlistment
likely_pitch
cognitive_bed
faithful_roots
perfect_projects
intermediate_hood
grumpy_networks
orange_sole
fascinating_umbrellas
busy_commissions
realistic_rowboats
electrical_berry
contemporary_glances
charming_chaplains
turkish_attempt
probable_decoration
coloured_patrol
old_bomb
tender_magnetos
plastic_sunlight
corporate_rewards
prepared_fireballs
energetic_amperages
petite_tacks
nearby_tissue
autonomous_trains
tired_basement
coming_formation
organic_son
competent_index
ashamed_implantation
unusual_pedals
immediate_correlations
ripe_regulation
biological_serial
green_vice
jewish_navigations
proper_weave
working_brass
secret_blood
alternative_spiral
shivering_dials
magenta_defaults
pleased_gangway
outstanding_taxi
live_parcel
impossible_mints
miserable_reactions
increased_soils
zealous_tricks
fat_attesting
tired_confidence
crooked_soaps
immense_observers
decisive_benefits
dramatic_discrepancy
spare_lakes
old_fashioned_summary
impressive_gum
jealous_operator
uniform_reenlistment
artificial_talk
voluntary_spins
zany_tin
variable_hem
precious_generations
icy_births
old_fashioned_linkage
obedient_churn
massive_appropriation
competitive_link
huge_produce
useful_dissemination
intact_stoppered
worried_option
little_division
arrogant_cashiers
selective_acceptances
provincial_turn
weird_transactions
primitive_fellow
subjective_rags
asian_signals
ugly_offsets
little_mitts
reluctant_hisses
warm_lessons
accessible_trips
flexible_sequence
curious_eighths
famous_butter
unusual_relationship
prickly_secretaries
manual_here
obnoxious_supervisor
intact_tablets
jolly_admirals
deaf_deputies
official_blanket
friendly_inches
uncomfortable_selector
civic_accusation
straight_nylon
puny_comb
colonial_valve
allied_passenger
driving_tugs
respective_mattress
bold_straw
prepared_thermals
annual_garden
tory_dispatch
fluttering_runoffs
right_slate
negative_saturdays
israeli_result
disastrous_mechanics
sympathetic_tones
nutty_specification
deliberate_stools
entitled_tin
dark_equations
effective_signalers
gentle_reading
peculiar_pint
arab_creeks
irrelevant_machines
damp_signatures
promising_salvages
vast_motel
grand_face
sole_perforation
slow_railroad
damp_sprayers
magenta_nations
right_twig
head_abettors
obvious_footings
unlikely_glazes
premier_offset
favourable_breeze
separate_overtime
harsh_bricks
illegal_variation
thoughtless_damages
numerous_frosts
sore_standardizations
positive_meals
late_shells
healthy_paces
minimal_friends
miserable_deed
young_worries
anxious_plants
classic_clock
practical_help
delighted_deviation
grieving_fights
